INFO: [VRFC 10-2263] Analyzing Verilog file "/media/fra/DATA/uni/2019-2020/thesis/cogitantium/dtpu/pynq_vivado/pynqz2.sim/sim_1/synth/func/xsim/tb_dtpu_func_synth.v" into library xil_defaultlib
INFO: [VRFC 10-311] analyzing module address_decoder
INFO: [VRFC 10-311] analyzing module arg_mem_bank
INFO: [VRFC 10-311] analyzing module arg_mem_bank__parameterized0
INFO: [VRFC 10-311] analyzing module arg_mem_bank_v6
INFO: [VRFC 10-311] analyzing module arg_mem_bank_v6__parameterized0
INFO: [VRFC 10-311] analyzing module async_fifo_dist_inst
INFO: [VRFC 10-311] analyzing module axi_crossbar_v2_1_21_addr_arbiter_sasd
INFO: [VRFC 10-311] analyzing module axi_crossbar_v2_1_21_axi_crossbar
INFO: [VRFC 10-311] analyzing module axi_crossbar_v2_1_21_crossbar_sasd
INFO: [VRFC 10-311] analyzing module axi_crossbar_v2_1_21_decerr_slave
INFO: [VRFC 10-311] analyzing module axi_crossbar_v2_1_21_splitter
INFO: [VRFC 10-311] analyzing module axi_crossbar_v2_1_21_splitter__parameterized0
INFO: [VRFC 10-311] analyzing module axi_datamover
INFO: [VRFC 10-311] analyzing module axi_datamover__parameterized0
INFO: [VRFC 10-311] analyzing module axi_datamover__xdcDup__1
INFO: [VRFC 10-311] analyzing module axi_datamover_addr_cntl
INFO: [VRFC 10-311] analyzing module axi_datamover_addr_cntl_177
INFO: [VRFC 10-311] analyzing module axi_datamover_addr_cntl_222
INFO: [VRFC 10-311] analyzing module axi_datamover_addr_cntl__parameterized0
INFO: [VRFC 10-311] analyzing module axi_datamover_cmd_status
INFO: [VRFC 10-311] analyzing module axi_datamover_cmd_status_178
INFO: [VRFC 10-311] analyzing module axi_datamover_cmd_status_223
INFO: [VRFC 10-311] analyzing module axi_datamover_cmd_status__parameterized0
INFO: [VRFC 10-311] analyzing module axi_datamover_fifo
INFO: [VRFC 10-311] analyzing module axi_datamover_fifo_155
INFO: [VRFC 10-311] analyzing module axi_datamover_fifo_188
INFO: [VRFC 10-311] analyzing module axi_datamover_fifo_234
INFO: [VRFC 10-311] analyzing module axi_datamover_fifo__parameterized0
INFO: [VRFC 10-311] analyzing module axi_datamover_fifo__parameterized0_187
INFO: [VRFC 10-311] analyzing module axi_datamover_fifo__parameterized0_233
INFO: [VRFC 10-311] analyzing module axi_datamover_fifo__parameterized1
INFO: [VRFC 10-311] analyzing module axi_datamover_fifo__parameterized1_156
INFO: [VRFC 10-311] analyzing module axi_datamover_fifo__parameterized1_189
INFO: [VRFC 10-311] analyzing module axi_datamover_fifo__parameterized1_235
INFO: [VRFC 10-311] analyzing module axi_datamover_fifo__parameterized2
INFO: [VRFC 10-311] analyzing module axi_datamover_fifo__parameterized2_182
INFO: [VRFC 10-311] analyzing module axi_datamover_fifo__parameterized2_228
INFO: [VRFC 10-311] analyzing module axi_datamover_fifo__parameterized3
INFO: [VRFC 10-311] analyzing module axi_datamover_fifo__parameterized3_194
INFO: [VRFC 10-311] analyzing module axi_datamover_fifo__parameterized3_240
INFO: [VRFC 10-311] analyzing module axi_datamover_fifo__parameterized4
INFO: [VRFC 10-311] analyzing module axi_datamover_fifo__parameterized5
INFO: [VRFC 10-311] analyzing module axi_datamover_fifo__parameterized6
INFO: [VRFC 10-311] analyzing module axi_datamover_fifo__parameterized7
INFO: [VRFC 10-311] analyzing module axi_datamover_fifo__parameterized8
INFO: [VRFC 10-311] analyzing module axi_datamover_fifo__parameterized9
INFO: [VRFC 10-311] analyzing module axi_datamover_ibttcc
INFO: [VRFC 10-311] analyzing module axi_datamover_indet_btt
INFO: [VRFC 10-311] analyzing module axi_datamover_mm2s_dre
INFO: [VRFC 10-311] analyzing module axi_datamover_mm2s_dre_176
INFO: [VRFC 10-311] analyzing module axi_datamover_mm2s_dre_221
INFO: [VRFC 10-311] analyzing module axi_datamover_mm2s_full_wrap
INFO: [VRFC 10-311] analyzing module axi_datamover_mm2s_full_wrap__parameterized0
INFO: [VRFC 10-311] analyzing module axi_datamover_mm2s_full_wrap__xdcDup__1
INFO: [VRFC 10-311] analyzing module axi_datamover_mssai_skid_buf
INFO: [VRFC 10-311] analyzing module axi_datamover_pcc
INFO: [VRFC 10-311] analyzing module axi_datamover_pcc_224
INFO: [VRFC 10-311] analyzing module axi_datamover_pcc__parameterized0
INFO: [VRFC 10-311] analyzing module axi_datamover_rd_sf
INFO: [VRFC 10-311] analyzing module axi_datamover_rd_sf__parameterized0
INFO: [VRFC 10-311] analyzing module axi_datamover_rd_sf__xdcDup__1
INFO: [VRFC 10-311] analyzing module axi_datamover_rd_status_cntl
INFO: [VRFC 10-311] analyzing module axi_datamover_rd_status_cntl_180
INFO: [VRFC 10-311] analyzing module axi_datamover_rd_status_cntl_226
INFO: [VRFC 10-311] analyzing module axi_datamover_rddata_cntl
INFO: [VRFC 10-311] analyzing module axi_datamover_rddata_cntl_179
INFO: [VRFC 10-311] analyzing module axi_datamover_rddata_cntl_225
INFO: [VRFC 10-311] analyzing module axi_datamover_reset
INFO: [VRFC 10-311] analyzing module axi_datamover_reset_152
INFO: [VRFC 10-311] analyzing module axi_datamover_reset_181
INFO: [VRFC 10-311] analyzing module axi_datamover_reset_227
INFO: [VRFC 10-311] analyzing module axi_datamover_s2mm_dre
INFO: [VRFC 10-311] analyzing module axi_datamover_s2mm_full_wrap
INFO: [VRFC 10-311] analyzing module axi_datamover_s2mm_realign
INFO: [VRFC 10-311] analyzing module axi_datamover_s2mm_scatter
INFO: [VRFC 10-311] analyzing module axi_datamover_sfifo_autord
INFO: [VRFC 10-311] analyzing module axi_datamover_sfifo_autord__parameterized0
INFO: [VRFC 10-311] analyzing module axi_datamover_sfifo_autord__parameterized1
INFO: [VRFC 10-311] analyzing module axi_datamover_sfifo_autord__xdcDup__1
INFO: [VRFC 10-311] analyzing module axi_datamover_sfifo_autord__xdcDup__2
INFO: [VRFC 10-311] analyzing module axi_datamover_skid2mm_buf
INFO: [VRFC 10-311] analyzing module axi_datamover_skid_buf
INFO: [VRFC 10-311] analyzing module axi_datamover_skid_buf_151
INFO: [VRFC 10-311] analyzing module axi_datamover_skid_buf_175
INFO: [VRFC 10-311] analyzing module axi_datamover_skid_buf_220
INFO: [VRFC 10-311] analyzing module axi_datamover_skid_buf__parameterized0
INFO: [VRFC 10-311] analyzing module axi_datamover_slice
INFO: [VRFC 10-311] analyzing module axi_datamover_strb_gen2
INFO: [VRFC 10-311] analyzing module axi_datamover_wr_status_cntl
INFO: [VRFC 10-311] analyzing module axi_datamover_wrdata_cntl
INFO: [VRFC 10-311] analyzing module axi_dma
INFO: [VRFC 10-311] analyzing module axi_dma__parameterized1
INFO: [VRFC 10-311] analyzing module axi_dma__xdcDup__1
INFO: [VRFC 10-311] analyzing module axi_dma_lite_if
INFO: [VRFC 10-311] analyzing module axi_dma_lite_if_207
INFO: [VRFC 10-311] analyzing module axi_dma_lite_if_253
INFO: [VRFC 10-311] analyzing module axi_dma_mm2s_cmdsts_if
INFO: [VRFC 10-311] analyzing module axi_dma_mm2s_cmdsts_if_211
INFO: [VRFC 10-311] analyzing module axi_dma_mm2s_cmdsts_if_256
INFO: [VRFC 10-311] analyzing module axi_dma_mm2s_mngr
INFO: [VRFC 10-311] analyzing module axi_dma_mm2s_mngr_144
INFO: [VRFC 10-311] analyzing module axi_dma_mm2s_mngr_213
INFO: [VRFC 10-311] analyzing module axi_dma_mm2s_sts_mngr
INFO: [VRFC 10-311] analyzing module axi_dma_mm2s_sts_mngr_212
INFO: [VRFC 10-311] analyzing module axi_dma_mm2s_sts_mngr_257
INFO: [VRFC 10-311] analyzing module axi_dma_reg_module
INFO: [VRFC 10-311] analyzing module axi_dma_reg_module_215
INFO: [VRFC 10-311] analyzing module axi_dma_reg_module__parameterized0
INFO: [VRFC 10-311] analyzing module axi_dma_register
INFO: [VRFC 10-311] analyzing module axi_dma_register_208
INFO: [VRFC 10-311] analyzing module axi_dma_register_254
INFO: [VRFC 10-311] analyzing module axi_dma_register_s2mm
INFO: [VRFC 10-311] analyzing module axi_dma_reset
INFO: [VRFC 10-311] analyzing module axi_dma_reset_147
INFO: [VRFC 10-311] analyzing module axi_dma_reset_148
INFO: [VRFC 10-311] analyzing module axi_dma_reset_217
INFO: [VRFC 10-311] analyzing module axi_dma_rst_module
INFO: [VRFC 10-311] analyzing module axi_dma_rst_module_216
INFO: [VRFC 10-311] analyzing module axi_dma_rst_module__parameterized0
INFO: [VRFC 10-311] analyzing module axi_dma_s2mm_cmdsts_if
INFO: [VRFC 10-311] analyzing module axi_dma_s2mm_mngr
INFO: [VRFC 10-311] analyzing module axi_dma_s2mm_sts_mngr
INFO: [VRFC 10-311] analyzing module axi_dma_smple_sm
INFO: [VRFC 10-311] analyzing module axi_dma_smple_sm_209
INFO: [VRFC 10-311] analyzing module axi_dma_smple_sm_210
INFO: [VRFC 10-311] analyzing module axi_dma_smple_sm_255
INFO: [VRFC 10-311] analyzing module axi_dma_sofeof_gen
INFO: [VRFC 10-311] analyzing module axi_dma_sofeof_gen_145
INFO: [VRFC 10-311] analyzing module axi_dma_sofeof_gen_146
INFO: [VRFC 10-311] analyzing module axi_dma_sofeof_gen_214
INFO: [VRFC 10-311] analyzing module axi_intc
INFO: [VRFC 10-311] analyzing module axi_lite_adapter
INFO: [VRFC 10-311] analyzing module axi_lite_ipif
INFO: [VRFC 10-311] analyzing module axi_protocol_converter_v2_1_20_axi_protocol_converter
INFO: [VRFC 10-311] analyzing module axi_protocol_converter_v2_1_20_b2s
INFO: [VRFC 10-311] analyzing module axi_protocol_converter_v2_1_20_b2s_ar_channel
INFO: [VRFC 10-311] analyzing module axi_protocol_converter_v2_1_20_b2s_aw_channel
INFO: [VRFC 10-311] analyzing module axi_protocol_converter_v2_1_20_b2s_b_channel
INFO: [VRFC 10-311] analyzing module axi_protocol_converter_v2_1_20_b2s_cmd_translator
INFO: [VRFC 10-311] analyzing module axi_protocol_converter_v2_1_20_b2s_cmd_translator_136
INFO: [VRFC 10-311] analyzing module axi_protocol_converter_v2_1_20_b2s_incr_cmd
INFO: [VRFC 10-311] analyzing module axi_protocol_converter_v2_1_20_b2s_incr_cmd_137
INFO: [VRFC 10-311] analyzing module axi_protocol_converter_v2_1_20_b2s_r_channel
INFO: [VRFC 10-311] analyzing module axi_protocol_converter_v2_1_20_b2s_rd_cmd_fsm
INFO: [VRFC 10-311] analyzing module axi_protocol_converter_v2_1_20_b2s_simple_fifo
INFO: [VRFC 10-311] analyzing module axi_protocol_converter_v2_1_20_b2s_simple_fifo__parameterized0
INFO: [VRFC 10-311] analyzing module axi_protocol_converter_v2_1_20_b2s_simple_fifo__parameterized1
INFO: [VRFC 10-311] analyzing module axi_protocol_converter_v2_1_20_b2s_simple_fifo__parameterized2
INFO: [VRFC 10-311] analyzing module axi_protocol_converter_v2_1_20_b2s_wr_cmd_fsm
INFO: [VRFC 10-311] analyzing module axi_protocol_converter_v2_1_20_b2s_wrap_cmd
INFO: [VRFC 10-311] analyzing module axi_protocol_converter_v2_1_20_b2s_wrap_cmd_138
INFO: [VRFC 10-311] analyzing module axi_register_slice_v2_1_20_axi_register_slice
INFO: [VRFC 10-311] analyzing module axi_register_slice_v2_1_20_axic_register_slice
INFO: [VRFC 10-311] analyzing module axi_register_slice_v2_1_20_axic_register_slice_135
INFO: [VRFC 10-311] analyzing module axi_register_slice_v2_1_20_axic_register_slice__parameterized1
INFO: [VRFC 10-311] analyzing module axi_register_slice_v2_1_20_axic_register_slice__parameterized2
INFO: [VRFC 10-311] analyzing module axi_register_slice_v2_1_20_axic_register_slice__parameterized7
INFO: [VRFC 10-311] analyzing module axis_acc_adapter_cdc_sync
INFO: [VRFC 10-311] analyzing module axis_acc_adapter_cdc_sync_35
INFO: [VRFC 10-311] analyzing module axis_acc_adapter_cdc_sync_36
INFO: [VRFC 10-311] analyzing module axis_acc_adapter_cdc_sync_37
INFO: [VRFC 10-311] analyzing module axis_acc_adapter_cdc_sync__parameterized0
INFO: [VRFC 10-311] analyzing module axis_acc_adapter_cdc_sync__parameterized0_50
INFO: [VRFC 10-311] analyzing module axis_acc_adapter_cdc_sync__parameterized1
INFO: [VRFC 10-311] analyzing module axis_acc_adapter_cdc_sync__parameterized1_51
INFO: [VRFC 10-311] analyzing module axis_acc_adapter_cdc_sync__parameterized2
INFO: [VRFC 10-311] analyzing module axis_acc_adapter_cdc_sync__parameterized2_42
INFO: [VRFC 10-311] analyzing module axis_acc_adapter_cdc_sync__parameterized3
INFO: [VRFC 10-311] analyzing module axis_acc_adapter_cdc_sync__parameterized3_40
INFO: [VRFC 10-311] analyzing module axis_acc_adapter_cdc_sync__parameterized3_41
INFO: [VRFC 10-311] analyzing module axis_acc_adapter_cdc_sync__parameterized4
INFO: [VRFC 10-311] analyzing module axis_acc_adapter_cdc_sync__parameterized5
INFO: [VRFC 10-311] analyzing module axis_acc_adapter_cdc_sync__parameterized5_38
INFO: [VRFC 10-311] analyzing module axis_acc_adapter_cdc_sync__parameterized5_39
INFO: [VRFC 10-311] analyzing module axis_accelerator_adapter
INFO: [VRFC 10-311] analyzing module axis_accelerator_adapter_core
INFO: [VRFC 10-311] analyzing module axis_accelerator_adapter_v2_1_16_clk_x_pntrs
INFO: [VRFC 10-311] analyzing module axis_accelerator_adapter_v2_1_16_clk_x_pntrs_107
INFO: [VRFC 10-311] analyzing module axis_accelerator_adapter_v2_1_16_clk_x_pntrs_108
INFO: [VRFC 10-311] analyzing module axis_accelerator_adapter_v2_1_16_clk_x_pntrs_83
INFO: [VRFC 10-311] analyzing module axis_accelerator_adapter_v2_1_16_clk_x_pntrs__parameterized0
INFO: [VRFC 10-311] analyzing module axis_accelerator_adapter_v2_1_16_clk_x_pntrs__parameterized0_109
INFO: [VRFC 10-311] analyzing module axis_accelerator_adapter_v2_1_16_synchronizer_ff
INFO: [VRFC 10-311] analyzing module axis_accelerator_adapter_v2_1_16_synchronizer_ff_100
INFO: [VRFC 10-311] analyzing module axis_accelerator_adapter_v2_1_16_synchronizer_ff_101
INFO: [VRFC 10-311] analyzing module axis_accelerator_adapter_v2_1_16_synchronizer_ff_102
INFO: [VRFC 10-311] analyzing module axis_accelerator_adapter_v2_1_16_synchronizer_ff_103
INFO: [VRFC 10-311] analyzing module axis_accelerator_adapter_v2_1_16_synchronizer_ff_104
INFO: [VRFC 10-311] analyzing module axis_accelerator_adapter_v2_1_16_synchronizer_ff_105
INFO: [VRFC 10-311] analyzing module axis_accelerator_adapter_v2_1_16_synchronizer_ff_106
INFO: [VRFC 10-311] analyzing module axis_accelerator_adapter_v2_1_16_synchronizer_ff_118
INFO: [VRFC 10-311] analyzing module axis_accelerator_adapter_v2_1_16_synchronizer_ff_119
INFO: [VRFC 10-311] analyzing module axis_accelerator_adapter_v2_1_16_synchronizer_ff_120
INFO: [VRFC 10-311] analyzing module axis_accelerator_adapter_v2_1_16_synchronizer_ff_121
INFO: [VRFC 10-311] analyzing module axis_accelerator_adapter_v2_1_16_synchronizer_ff_122
INFO: [VRFC 10-311] analyzing module axis_accelerator_adapter_v2_1_16_synchronizer_ff_123
INFO: [VRFC 10-311] analyzing module axis_accelerator_adapter_v2_1_16_synchronizer_ff_124
INFO: [VRFC 10-311] analyzing module axis_accelerator_adapter_v2_1_16_synchronizer_ff_125
INFO: [VRFC 10-311] analyzing module axis_accelerator_adapter_v2_1_16_synchronizer_ff_126
INFO: [VRFC 10-311] analyzing module axis_accelerator_adapter_v2_1_16_synchronizer_ff_127
INFO: [VRFC 10-311] analyzing module axis_accelerator_adapter_v2_1_16_synchronizer_ff_128
INFO: [VRFC 10-311] analyzing module axis_accelerator_adapter_v2_1_16_synchronizer_ff_129
INFO: [VRFC 10-311] analyzing module axis_accelerator_adapter_v2_1_16_synchronizer_ff_130
INFO: [VRFC 10-311] analyzing module axis_accelerator_adapter_v2_1_16_synchronizer_ff_131
INFO: [VRFC 10-311] analyzing module axis_accelerator_adapter_v2_1_16_synchronizer_ff_132
INFO: [VRFC 10-311] analyzing module axis_accelerator_adapter_v2_1_16_synchronizer_ff_133
INFO: [VRFC 10-311] analyzing module axis_accelerator_adapter_v2_1_16_synchronizer_ff_92
INFO: [VRFC 10-311] analyzing module axis_accelerator_adapter_v2_1_16_synchronizer_ff_93
INFO: [VRFC 10-311] analyzing module axis_accelerator_adapter_v2_1_16_synchronizer_ff_94
INFO: [VRFC 10-311] analyzing module axis_accelerator_adapter_v2_1_16_synchronizer_ff_95
INFO: [VRFC 10-311] analyzing module axis_accelerator_adapter_v2_1_16_synchronizer_ff_96
INFO: [VRFC 10-311] analyzing module axis_accelerator_adapter_v2_1_16_synchronizer_ff_97
INFO: [VRFC 10-311] analyzing module axis_accelerator_adapter_v2_1_16_synchronizer_ff_98
INFO: [VRFC 10-311] analyzing module axis_accelerator_adapter_v2_1_16_synchronizer_ff_99
INFO: [VRFC 10-311] analyzing module axis_accelerator_adapter_v2_1_16_synchronizer_ff__parameterized0
INFO: [VRFC 10-311] analyzing module axis_accelerator_adapter_v2_1_16_synchronizer_ff__parameterized0_110
INFO: [VRFC 10-311] analyzing module axis_accelerator_adapter_v2_1_16_synchronizer_ff__parameterized0_111
INFO: [VRFC 10-311] analyzing module axis_accelerator_adapter_v2_1_16_synchronizer_ff__parameterized0_112
INFO: [VRFC 10-311] analyzing module axis_accelerator_adapter_v2_1_16_synchronizer_ff__parameterized0_113
INFO: [VRFC 10-311] analyzing module axis_accelerator_adapter_v2_1_16_synchronizer_ff__parameterized0_114
INFO: [VRFC 10-311] analyzing module axis_accelerator_adapter_v2_1_16_synchronizer_ff__parameterized0_115
INFO: [VRFC 10-311] analyzing module axis_accelerator_adapter_v2_1_16_synchronizer_ff__parameterized0_116
INFO: [VRFC 10-311] analyzing module axis_accelerator_adapter_v2_1_16_synchronizer_ff__parameterized0_117
INFO: [VRFC 10-311] analyzing module axis_accelerator_adapter_v2_1_16_synchronizer_ff__parameterized0_84
INFO: [VRFC 10-311] analyzing module axis_accelerator_adapter_v2_1_16_synchronizer_ff__parameterized0_85
INFO: [VRFC 10-311] analyzing module axis_accelerator_adapter_v2_1_16_synchronizer_ff__parameterized0_86
INFO: [VRFC 10-311] analyzing module axis_accelerator_adapter_v2_1_16_synchronizer_ff__parameterized0_87
INFO: [VRFC 10-311] analyzing module axis_accelerator_adapter_v2_1_16_synchronizer_ff__parameterized0_88
INFO: [VRFC 10-311] analyzing module axis_accelerator_adapter_v2_1_16_synchronizer_ff__parameterized0_89
INFO: [VRFC 10-311] analyzing module axis_accelerator_adapter_v2_1_16_synchronizer_ff__parameterized0_90
INFO: [VRFC 10-311] analyzing module axis_accelerator_adapter_v2_1_16_synchronizer_ff__parameterized0_91
INFO: [VRFC 10-311] analyzing module bd_7d7d
INFO: [VRFC 10-311] analyzing module bd_7d7d_arsw_0
INFO: [VRFC 10-311] analyzing module bd_7d7d_awsw_0
INFO: [VRFC 10-311] analyzing module bd_7d7d_bsw_0
INFO: [VRFC 10-311] analyzing module bd_7d7d_m00arn_0
INFO: [VRFC 10-311] analyzing module bd_7d7d_m00awn_0
INFO: [VRFC 10-311] analyzing module bd_7d7d_m00bn_0
INFO: [VRFC 10-311] analyzing module bd_7d7d_m00e_0
INFO: [VRFC 10-311] analyzing module bd_7d7d_m00rn_0
INFO: [VRFC 10-311] analyzing module bd_7d7d_m00wn_0
INFO: [VRFC 10-311] analyzing module bd_7d7d_psr_aclk_0
INFO: [VRFC 10-311] analyzing module bd_7d7d_rsw_0
INFO: [VRFC 10-311] analyzing module bd_7d7d_s00mmu_0
INFO: [VRFC 10-311] analyzing module bd_7d7d_s00sic_0
INFO: [VRFC 10-311] analyzing module bd_7d7d_s01mmu_0
INFO: [VRFC 10-311] analyzing module bd_7d7d_s01sic_0
INFO: [VRFC 10-311] analyzing module bd_7d7d_s02mmu_0
INFO: [VRFC 10-311] analyzing module bd_7d7d_s02sic_0
INFO: [VRFC 10-311] analyzing module bd_7d7d_s03mmu_0
INFO: [VRFC 10-311] analyzing module bd_7d7d_s03sic_0
INFO: [VRFC 10-311] analyzing module bd_7d7d_sarn_0
INFO: [VRFC 10-311] analyzing module bd_7d7d_sarn_1
INFO: [VRFC 10-311] analyzing module bd_7d7d_sarn_2
INFO: [VRFC 10-311] analyzing module bd_7d7d_sawn_0
INFO: [VRFC 10-311] analyzing module bd_7d7d_sbn_0
INFO: [VRFC 10-311] analyzing module bd_7d7d_srn_0
INFO: [VRFC 10-311] analyzing module bd_7d7d_srn_1
INFO: [VRFC 10-311] analyzing module bd_7d7d_srn_2
INFO: [VRFC 10-311] analyzing module bd_7d7d_swn_0
INFO: [VRFC 10-311] analyzing module bd_7d7d_wsw_0
INFO: [VRFC 10-311] analyzing module cdc_sync
INFO: [VRFC 10-311] analyzing module cdc_sync_139
INFO: [VRFC 10-311] analyzing module cdc_sync_149
INFO: [VRFC 10-311] analyzing module cdc_sync_150
INFO: [VRFC 10-311] analyzing module cdc_sync_218
INFO: [VRFC 10-311] analyzing module cdc_sync_219
INFO: [VRFC 10-311] analyzing module cdc_sync__parameterized0
INFO: [VRFC 10-311] analyzing module cdc_sync__parameterized0_134
INFO: [VRFC 10-311] analyzing module cdc_sync__parameterized0_445
INFO: [VRFC 10-311] analyzing module clk_map_imp_1MMHUQZ
INFO: [VRFC 10-311] analyzing module cntr_incr_decr_addn_f
INFO: [VRFC 10-311] analyzing module cntr_incr_decr_addn_f_140
INFO: [VRFC 10-311] analyzing module cntr_incr_decr_addn_f_143
INFO: [VRFC 10-311] analyzing module cntr_incr_decr_addn_f_154
INFO: [VRFC 10-311] analyzing module cntr_incr_decr_addn_f_159
INFO: [VRFC 10-311] analyzing module cntr_incr_decr_addn_f_161
INFO: [VRFC 10-311] analyzing module cntr_incr_decr_addn_f_185
INFO: [VRFC 10-311] analyzing module cntr_incr_decr_addn_f_192
INFO: [VRFC 10-311] analyzing module cntr_incr_decr_addn_f_205
INFO: [VRFC 10-311] analyzing module cntr_incr_decr_addn_f_231
INFO: [VRFC 10-311] analyzing module cntr_incr_decr_addn_f_238
INFO: [VRFC 10-311] analyzing module cntr_incr_decr_addn_f_251
INFO: [VRFC 10-311] analyzing module cntr_incr_decr_addn_f__parameterized0
INFO: [VRFC 10-311] analyzing module cntr_incr_decr_addn_f__parameterized0_153
INFO: [VRFC 10-311] analyzing module cntr_incr_decr_addn_f__parameterized1
INFO: [VRFC 10-311] analyzing module control_unit
INFO: [VRFC 10-311] analyzing module dp_bank_sdp_v6
INFO: [VRFC 10-311] analyzing module dtpu_core
INFO: [VRFC 10-311] analyzing module dtpu_imp_WM72SM
INFO: [VRFC 10-311] analyzing module dynshreg_f
INFO: [VRFC 10-311] analyzing module dynshreg_f_160
INFO: [VRFC 10-311] analyzing module dynshreg_f_193
INFO: [VRFC 10-311] analyzing module dynshreg_f_239
INFO: [VRFC 10-311] analyzing module dynshreg_f__parameterized0
INFO: [VRFC 10-311] analyzing module dynshreg_f__parameterized0_186
INFO: [VRFC 10-311] analyzing module dynshreg_f__parameterized0_232
INFO: [VRFC 10-311] analyzing module dynshreg_f__parameterized1
INFO: [VRFC 10-311] analyzing module dynshreg_f__parameterized1_206
INFO: [VRFC 10-311] analyzing module dynshreg_f__parameterized1_252
INFO: [VRFC 10-311] analyzing module dynshreg_f__parameterized2
INFO: [VRFC 10-311] analyzing module dynshreg_f__parameterized3
INFO: [VRFC 10-311] analyzing module dynshreg_f__parameterized4
INFO: [VRFC 10-311] analyzing module dynshreg_f__parameterized5
INFO: [VRFC 10-311] analyzing module dynshreg_f__parameterized6
INFO: [VRFC 10-311] analyzing module intc_core
INFO: [VRFC 10-311] analyzing module lpf
INFO: [VRFC 10-311] analyzing module lpf__parameterized0
INFO: [VRFC 10-311] analyzing module m00_exit_pipeline_imp_C6IG4W
INFO: [VRFC 10-311] analyzing module m00_nodes_imp_YCVTWC
INFO: [VRFC 10-311] analyzing module mult_gen_0
INFO: [VRFC 10-311] analyzing module mult_gen_0__1
INFO: [VRFC 10-311] analyzing module mult_gen_0__2
INFO: [VRFC 10-311] analyzing module mxu_core
INFO: [VRFC 10-311] analyzing module mxu_mac
INFO: [VRFC 10-311] analyzing module mxu_mac__xdcDup__1
INFO: [VRFC 10-311] analyzing module mxu_mac__xdcDup__2
INFO: [VRFC 10-311] analyzing module mxu_mac__xdcDup__3
INFO: [VRFC 10-311] analyzing module mxu_mac__xdcDup__4
INFO: [VRFC 10-311] analyzing module mxu_mac__xdcDup__5
INFO: [VRFC 10-311] analyzing module mxu_wrapper
INFO: [VRFC 10-311] analyzing module proc_sys_reset
INFO: [VRFC 10-311] analyzing module proc_sys_reset__parameterized1
INFO: [VRFC 10-311] analyzing module processing_system7_v5_5_processing_system7
INFO: [VRFC 10-311] analyzing module pynqz2
INFO: [VRFC 10-311] analyzing module pynqz2_auto_pc_0
INFO: [VRFC 10-311] analyzing module pynqz2_axi_dma_0_1
INFO: [VRFC 10-311] analyzing module pynqz2_axi_dma_0_2
INFO: [VRFC 10-311] analyzing module pynqz2_axi_dma_0_3
INFO: [VRFC 10-311] analyzing module pynqz2_axi_intc_0_0
INFO: [VRFC 10-311] analyzing module pynqz2_axis_accelerator_ada_0_0
INFO: [VRFC 10-311] analyzing module pynqz2_dtpu_core_0_0
INFO: [VRFC 10-311] analyzing module pynqz2_ps7_0
INFO: [VRFC 10-311] analyzing module pynqz2_ps7_axi_periph_5
INFO: [VRFC 10-311] analyzing module pynqz2_rst_ps7_30M_0
INFO: [VRFC 10-311] analyzing module pynqz2_smartconnect_0_0
INFO: [VRFC 10-311] analyzing module pynqz2_util_vector_logic_0_0
INFO: [VRFC 10-311] analyzing module pynqz2_util_vector_logic_1_2
INFO: [VRFC 10-311] analyzing module pynqz2_wrapper
INFO: [VRFC 10-311] analyzing module pynqz2_xbar_14
INFO: [VRFC 10-311] analyzing module pynqz2_xlconcat_0_1
INFO: [VRFC 10-311] analyzing module pynqz2_xlconstant_0_1
INFO: [VRFC 10-311] analyzing module register
INFO: [VRFC 10-311] analyzing module register_0
INFO: [VRFC 10-311] analyzing module register_1
INFO: [VRFC 10-311] analyzing module register_10
INFO: [VRFC 10-311] analyzing module register_15
INFO: [VRFC 10-311] analyzing module register_16
INFO: [VRFC 10-311] analyzing module register_2
INFO: [VRFC 10-311] analyzing module register_21
INFO: [VRFC 10-311] analyzing module register_22
INFO: [VRFC 10-311] analyzing module register_27
INFO: [VRFC 10-311] analyzing module register_28
INFO: [VRFC 10-311] analyzing module register_3
INFO: [VRFC 10-311] analyzing module register_4
INFO: [VRFC 10-311] analyzing module register_9
INFO: [VRFC 10-311] analyzing module s00_couplers_imp_1FIOEWJ
INFO: [VRFC 10-311] analyzing module s00_entry_pipeline_imp_1AU77LF
INFO: [VRFC 10-311] analyzing module s00_nodes_imp_1GKHAUH
INFO: [VRFC 10-311] analyzing module s01_entry_pipeline_imp_ECS6AV
INFO: [VRFC 10-311] analyzing module s01_nodes_imp_90E4WV
INFO: [VRFC 10-311] analyzing module s02_entry_pipeline_imp_J8PXWA
INFO: [VRFC 10-311] analyzing module s02_nodes_imp_PJXOJO
INFO: [VRFC 10-311] analyzing module s03_entry_pipeline_imp_1PN57NY
INFO: [VRFC 10-311] analyzing module s03_nodes_imp_1HKQ19U
INFO: [VRFC 10-311] analyzing module s2s_async_fifo_wt
INFO: [VRFC 10-311] analyzing module s2s_async_fifo_wt__parameterized0
INFO: [VRFC 10-311] analyzing module sequence_psr
INFO: [VRFC 10-311] analyzing module sequence_psr_443
INFO: [VRFC 10-311] analyzing module slave_attachment
INFO: [VRFC 10-311] analyzing module srl_fifo_32_wt__parameterized1
INFO: [VRFC 10-311] analyzing module srl_fifo_f
INFO: [VRFC 10-311] analyzing module srl_fifo_f_157
INFO: [VRFC 10-311] analyzing module srl_fifo_f_190
INFO: [VRFC 10-311] analyzing module srl_fifo_f_236
INFO: [VRFC 10-311] analyzing module srl_fifo_f__parameterized0
INFO: [VRFC 10-311] analyzing module srl_fifo_f__parameterized0_183
INFO: [VRFC 10-311] analyzing module srl_fifo_f__parameterized0_229
INFO: [VRFC 10-311] analyzing module srl_fifo_f__parameterized1
INFO: [VRFC 10-311] analyzing module srl_fifo_f__parameterized1_203
INFO: [VRFC 10-311] analyzing module srl_fifo_f__parameterized1_249
INFO: [VRFC 10-311] analyzing module srl_fifo_f__parameterized2
INFO: [VRFC 10-311] analyzing module srl_fifo_f__parameterized3
INFO: [VRFC 10-311] analyzing module srl_fifo_f__parameterized4
INFO: [VRFC 10-311] analyzing module srl_fifo_f__parameterized5
INFO: [VRFC 10-311] analyzing module srl_fifo_f__parameterized6
INFO: [VRFC 10-311] analyzing module srl_fifo_rbu_f
INFO: [VRFC 10-311] analyzing module srl_fifo_rbu_f_158
INFO: [VRFC 10-311] analyzing module srl_fifo_rbu_f_191
INFO: [VRFC 10-311] analyzing module srl_fifo_rbu_f_237
INFO: [VRFC 10-311] analyzing module srl_fifo_rbu_f__parameterized0
INFO: [VRFC 10-311] analyzing module srl_fifo_rbu_f__parameterized0_184
INFO: [VRFC 10-311] analyzing module srl_fifo_rbu_f__parameterized0_230
INFO: [VRFC 10-311] analyzing module srl_fifo_rbu_f__parameterized1
INFO: [VRFC 10-311] analyzing module srl_fifo_rbu_f__parameterized1_204
INFO: [VRFC 10-311] analyzing module srl_fifo_rbu_f__parameterized1_250
INFO: [VRFC 10-311] analyzing module srl_fifo_rbu_f__parameterized2
INFO: [VRFC 10-311] analyzing module srl_fifo_rbu_f__parameterized3
INFO: [VRFC 10-311] analyzing module srl_fifo_rbu_f__parameterized4
INFO: [VRFC 10-311] analyzing module srl_fifo_rbu_f__parameterized5
INFO: [VRFC 10-311] analyzing module srl_fifo_rbu_f__parameterized6
INFO: [VRFC 10-311] analyzing module switchboards_imp_1NINBJX
INFO: [VRFC 10-311] analyzing module symmetric_dp_bank_v6
INFO: [VRFC 10-311] analyzing module sync_ap_status
INFO: [VRFC 10-311] analyzing module sync_ap_status_43
INFO: [VRFC 10-311] analyzing module sync_ap_status_44
INFO: [VRFC 10-311] analyzing module sync_ap_status_45
INFO: [VRFC 10-311] analyzing module sync_ap_status_46
INFO: [VRFC 10-311] analyzing module sync_fifo_fg
INFO: [VRFC 10-311] analyzing module sync_fifo_fg__parameterized0
INFO: [VRFC 10-311] analyzing module sync_fifo_fg__parameterized1
INFO: [VRFC 10-311] analyzing module sync_fifo_fg__xdcDup__1
INFO: [VRFC 10-311] analyzing module sync_fifo_fg__xdcDup__2
INFO: [VRFC 10-311] analyzing module upcnt_n
INFO: [VRFC 10-311] analyzing module upcnt_n_444
INFO: [VRFC 10-311] analyzing module vivado_mac
INFO: [VRFC 10-311] analyzing module vivado_mac__10
INFO: [VRFC 10-311] analyzing module vivado_mac__6
INFO: [VRFC 10-311] analyzing module vivado_mac__7
INFO: [VRFC 10-311] analyzing module vivado_mac__8
INFO: [VRFC 10-311] analyzing module vivado_mac__9
INFO: [VRFC 10-311] analyzing module xd_iarg_s2s_adapter
INFO: [VRFC 10-311] analyzing module xd_input_args_module
INFO: [VRFC 10-311] analyzing module xd_oarg_s2s_adapter
INFO: [VRFC 10-311] analyzing module xd_output_args_module
INFO: [VRFC 10-311] analyzing module xd_s2m_adapter
INFO: [VRFC 10-311] analyzing module xd_s2m_adapter__parameterized0
INFO: [VRFC 10-311] analyzing module xd_s2m_converter
INFO: [VRFC 10-311] analyzing module xd_s2m_converter__parameterized0
INFO: [VRFC 10-311] analyzing module xd_s2m_memory_dc
INFO: [VRFC 10-311] analyzing module xd_s2m_memory_dc__parameterized0
INFO: [VRFC 10-311] analyzing module xd_sync_module
INFO: [VRFC 10-311] analyzing module xpm_counter_updn__parameterized0
INFO: [VRFC 10-311] analyzing module xpm_counter_updn__parameterized0_173
INFO: [VRFC 10-311] analyzing module xpm_counter_updn__parameterized0_201
INFO: [VRFC 10-311] analyzing module xpm_counter_updn__parameterized0_247
INFO: [VRFC 10-311] analyzing module xpm_counter_updn__parameterized1
INFO: [VRFC 10-311] analyzing module xpm_counter_updn__parameterized1_162
INFO: [VRFC 10-311] analyzing module xpm_counter_updn__parameterized1_167
INFO: [VRFC 10-311] analyzing module xpm_counter_updn__parameterized1_195
INFO: [VRFC 10-311] analyzing module xpm_counter_updn__parameterized1_241
INFO: [VRFC 10-311] analyzing module xpm_counter_updn__parameterized2
INFO: [VRFC 10-311] analyzing module xpm_counter_updn__parameterized2_141
INFO: [VRFC 10-311] analyzing module xpm_counter_updn__parameterized2_168
INFO: [VRFC 10-311] analyzing module xpm_counter_updn__parameterized2_171
INFO: [VRFC 10-311] analyzing module xpm_counter_updn__parameterized2_196
INFO: [VRFC 10-311] analyzing module xpm_counter_updn__parameterized2_199
INFO: [VRFC 10-311] analyzing module xpm_counter_updn__parameterized2_242
INFO: [VRFC 10-311] analyzing module xpm_counter_updn__parameterized2_245
INFO: [VRFC 10-311] analyzing module xpm_counter_updn__parameterized3
INFO: [VRFC 10-311] analyzing module xpm_counter_updn__parameterized3_142
INFO: [VRFC 10-311] analyzing module xpm_counter_updn__parameterized3_169
INFO: [VRFC 10-311] analyzing module xpm_counter_updn__parameterized3_172
INFO: [VRFC 10-311] analyzing module xpm_counter_updn__parameterized3_197
INFO: [VRFC 10-311] analyzing module xpm_counter_updn__parameterized3_200
INFO: [VRFC 10-311] analyzing module xpm_counter_updn__parameterized3_243
INFO: [VRFC 10-311] analyzing module xpm_counter_updn__parameterized3_246
INFO: [VRFC 10-311] analyzing module xpm_counter_updn__parameterized5
INFO: [VRFC 10-311] analyzing module xpm_counter_updn__parameterized6
INFO: [VRFC 10-311] analyzing module xpm_counter_updn__parameterized6_164
INFO: [VRFC 10-311] analyzing module xpm_counter_updn__parameterized7
INFO: [VRFC 10-311] analyzing module xpm_counter_updn__parameterized7_165
INFO: [VRFC 10-311] analyzing module xpm_fifo_base
INFO: [VRFC 10-311] analyzing module xpm_fifo_base__3
INFO: [VRFC 10-311] analyzing module xpm_fifo_base__4
INFO: [VRFC 10-311] analyzing module xpm_fifo_base__parameterized0
INFO: [VRFC 10-311] analyzing module xpm_fifo_base__parameterized1
INFO: [VRFC 10-311] analyzing module xpm_fifo_reg_bit
INFO: [VRFC 10-311] analyzing module xpm_fifo_reg_bit_163
INFO: [VRFC 10-311] analyzing module xpm_fifo_reg_bit_170
INFO: [VRFC 10-311] analyzing module xpm_fifo_reg_bit_198
INFO: [VRFC 10-311] analyzing module xpm_fifo_reg_bit_244
INFO: [VRFC 10-311] analyzing module xpm_fifo_rst
INFO: [VRFC 10-311] analyzing module xpm_fifo_rst_166
INFO: [VRFC 10-311] analyzing module xpm_fifo_rst_174
INFO: [VRFC 10-311] analyzing module xpm_fifo_rst_202
INFO: [VRFC 10-311] analyzing module xpm_fifo_rst_248
INFO: [VRFC 10-311] analyzing module xpm_fifo_sync
INFO: [VRFC 10-311] analyzing module xpm_fifo_sync__3
INFO: [VRFC 10-311] analyzing module xpm_fifo_sync__4
INFO: [VRFC 10-311] analyzing module xpm_fifo_sync__parameterized1
INFO: [VRFC 10-311] analyzing module xpm_fifo_sync__parameterized3
INFO: [VRFC 10-311] analyzing module xpm_memory_base
INFO: [VRFC 10-311] analyzing module xpm_memory_base__3
INFO: [VRFC 10-311] analyzing module xpm_memory_base__4
INFO: [VRFC 10-311] analyzing module xpm_memory_base__parameterized0
INFO: [VRFC 10-311] analyzing module xpm_memory_base__parameterized1
INFO: [VRFC 10-311] analyzing module xpm_memory_base__parameterized10
INFO: [VRFC 10-311] analyzing module xpm_memory_base__parameterized10__4
INFO: [VRFC 10-311] analyzing module xpm_memory_base__parameterized10__5
INFO: [VRFC 10-311] analyzing module xpm_memory_base__parameterized10__6
INFO: [VRFC 10-311] analyzing module xpm_memory_base__parameterized11
INFO: [VRFC 10-311] analyzing module xpm_memory_base__parameterized11__3
INFO: [VRFC 10-311] analyzing module xpm_memory_base__parameterized11__4
INFO: [VRFC 10-311] analyzing module xpm_memory_base__parameterized12
INFO: [VRFC 10-311] analyzing module xpm_memory_base__parameterized13
INFO: [VRFC 10-311] analyzing module xpm_memory_base__parameterized2
INFO: [VRFC 10-311] analyzing module xpm_memory_base__parameterized2__10
INFO: [VRFC 10-311] analyzing module xpm_memory_base__parameterized2__11
INFO: [VRFC 10-311] analyzing module xpm_memory_base__parameterized2__12
INFO: [VRFC 10-311] analyzing module xpm_memory_base__parameterized2__7
INFO: [VRFC 10-311] analyzing module xpm_memory_base__parameterized2__8
INFO: [VRFC 10-311] analyzing module xpm_memory_base__parameterized2__9
INFO: [VRFC 10-311] analyzing module xpm_memory_base__parameterized3
INFO: [VRFC 10-311] analyzing module xpm_memory_base__parameterized3__2
INFO: [VRFC 10-311] analyzing module xpm_memory_base__parameterized4
INFO: [VRFC 10-311] analyzing module xpm_memory_base__parameterized4__2
INFO: [VRFC 10-311] analyzing module xpm_memory_base__parameterized5
INFO: [VRFC 10-311] analyzing module xpm_memory_base__parameterized6
INFO: [VRFC 10-311] analyzing module xpm_memory_base__parameterized7
INFO: [VRFC 10-311] analyzing module xpm_memory_base__parameterized7__4
INFO: [VRFC 10-311] analyzing module xpm_memory_base__parameterized7__5
INFO: [VRFC 10-311] analyzing module xpm_memory_base__parameterized7__6
INFO: [VRFC 10-311] analyzing module xpm_memory_base__parameterized8
INFO: [VRFC 10-311] analyzing module xpm_memory_base__parameterized9
INFO: [VRFC 10-311] analyzing module xpm_memory_base__parameterized9__5
INFO: [VRFC 10-311] analyzing module xpm_memory_base__parameterized9__6
INFO: [VRFC 10-311] analyzing module xpm_memory_base__parameterized9__7
INFO: [VRFC 10-311] analyzing module xpm_memory_base__parameterized9__8
INFO: [VRFC 10-311] analyzing module xpm_memory_sdpram
INFO: [VRFC 10-311] analyzing module xpm_memory_sdpram__10
INFO: [VRFC 10-311] analyzing module xpm_memory_sdpram__11
INFO: [VRFC 10-311] analyzing module xpm_memory_sdpram__12
INFO: [VRFC 10-311] analyzing module xpm_memory_sdpram__7
INFO: [VRFC 10-311] analyzing module xpm_memory_sdpram__8
INFO: [VRFC 10-311] analyzing module xpm_memory_sdpram__9
INFO: [VRFC 10-311] analyzing module xpm_memory_sdpram__parameterized0
INFO: [VRFC 10-311] analyzing module xpm_memory_sdpram__parameterized0__2
INFO: [VRFC 10-311] analyzing module xpm_memory_sdpram__parameterized1
INFO: [VRFC 10-311] analyzing module xpm_memory_sdpram__parameterized10
INFO: [VRFC 10-311] analyzing module xpm_memory_sdpram__parameterized1__2
INFO: [VRFC 10-311] analyzing module xpm_memory_sdpram__parameterized2
INFO: [VRFC 10-311] analyzing module xpm_memory_sdpram__parameterized3
INFO: [VRFC 10-311] analyzing module xpm_memory_sdpram__parameterized4
INFO: [VRFC 10-311] analyzing module xpm_memory_sdpram__parameterized4__4
INFO: [VRFC 10-311] analyzing module xpm_memory_sdpram__parameterized4__5
INFO: [VRFC 10-311] analyzing module xpm_memory_sdpram__parameterized4__6
INFO: [VRFC 10-311] analyzing module xpm_memory_sdpram__parameterized5
INFO: [VRFC 10-311] analyzing module xpm_memory_sdpram__parameterized6
INFO: [VRFC 10-311] analyzing module xpm_memory_sdpram__parameterized6__5
INFO: [VRFC 10-311] analyzing module xpm_memory_sdpram__parameterized6__6
INFO: [VRFC 10-311] analyzing module xpm_memory_sdpram__parameterized6__7
INFO: [VRFC 10-311] analyzing module xpm_memory_sdpram__parameterized6__8
INFO: [VRFC 10-311] analyzing module xpm_memory_sdpram__parameterized7
INFO: [VRFC 10-311] analyzing module xpm_memory_sdpram__parameterized7__4
INFO: [VRFC 10-311] analyzing module xpm_memory_sdpram__parameterized7__5
INFO: [VRFC 10-311] analyzing module xpm_memory_sdpram__parameterized7__6
INFO: [VRFC 10-311] analyzing module xpm_memory_sdpram__parameterized8
INFO: [VRFC 10-311] analyzing module xpm_memory_sdpram__parameterized8__3
INFO: [VRFC 10-311] analyzing module xpm_memory_sdpram__parameterized8__4
INFO: [VRFC 10-311] analyzing module xpm_memory_sdpram__parameterized9
INFO: [VRFC 10-311] analyzing module blk_mem_gen_v8_3_6
INFO: [VRFC 10-311] analyzing module blk_mem_gen_v8_3_6__parameterized1
INFO: [VRFC 10-311] analyzing module blk_mem_gen_v8_3_6_blk_mem_gen_generic_cstr
INFO: [VRFC 10-311] analyzing module blk_mem_gen_v8_3_6_blk_mem_gen_generic_cstr__parameterized0
INFO: [VRFC 10-311] analyzing module blk_mem_gen_v8_3_6_blk_mem_gen_prim_width
INFO: [VRFC 10-311] analyzing module blk_mem_gen_v8_3_6_blk_mem_gen_prim_width__parameterized0
INFO: [VRFC 10-311] analyzing module blk_mem_gen_v8_3_6_blk_mem_gen_prim_width__parameterized1
INFO: [VRFC 10-311] analyzing module blk_mem_gen_v8_3_6_blk_mem_gen_prim_width__parameterized2
INFO: [VRFC 10-311] analyzing module blk_mem_gen_v8_3_6_blk_mem_gen_prim_width__parameterized3
INFO: [VRFC 10-311] analyzing module blk_mem_gen_v8_3_6_blk_mem_gen_prim_width__parameterized4
INFO: [VRFC 10-311] analyzing module blk_mem_gen_v8_3_6_blk_mem_gen_prim_width__parameterized5
INFO: [VRFC 10-311] analyzing module blk_mem_gen_v8_3_6_blk_mem_gen_prim_width__parameterized6
INFO: [VRFC 10-311] analyzing module blk_mem_gen_v8_3_6_blk_mem_gen_prim_wrapper
INFO: [VRFC 10-311] analyzing module blk_mem_gen_v8_3_6_blk_mem_gen_prim_wrapper__parameterized0
INFO: [VRFC 10-311] analyzing module blk_mem_gen_v8_3_6_blk_mem_gen_prim_wrapper__parameterized1
INFO: [VRFC 10-311] analyzing module blk_mem_gen_v8_3_6_blk_mem_gen_prim_wrapper__parameterized2
INFO: [VRFC 10-311] analyzing module blk_mem_gen_v8_3_6_blk_mem_gen_prim_wrapper__parameterized3
INFO: [VRFC 10-311] analyzing module blk_mem_gen_v8_3_6_blk_mem_gen_prim_wrapper__parameterized4
INFO: [VRFC 10-311] analyzing module blk_mem_gen_v8_3_6_blk_mem_gen_prim_wrapper__parameterized5
INFO: [VRFC 10-311] analyzing module blk_mem_gen_v8_3_6_blk_mem_gen_prim_wrapper__parameterized6
INFO: [VRFC 10-311] analyzing module blk_mem_gen_v8_3_6_blk_mem_gen_top
INFO: [VRFC 10-311] analyzing module blk_mem_gen_v8_3_6_blk_mem_gen_top__parameterized0
INFO: [VRFC 10-311] analyzing module blk_mem_gen_v8_3_6_synth
INFO: [VRFC 10-311] analyzing module blk_mem_gen_v8_3_6_synth__parameterized0
INFO: [VRFC 10-311] analyzing module fifo_generator_v13_1_4
INFO: [VRFC 10-311] analyzing module fifo_generator_v13_1_4__parameterized0
INFO: [VRFC 10-311] analyzing module fifo_generator_v13_1_4__parameterized1
INFO: [VRFC 10-311] analyzing module fifo_generator_v13_1_4_clk_x_pntrs
INFO: [VRFC 10-311] analyzing module fifo_generator_v13_1_4_clk_x_pntrs_63
INFO: [VRFC 10-311] analyzing module fifo_generator_v13_1_4_clk_x_pntrs__parameterized0
INFO: [VRFC 10-311] analyzing module fifo_generator_v13_1_4_compare
INFO: [VRFC 10-311] analyzing module fifo_generator_v13_1_4_compare_52
INFO: [VRFC 10-311] analyzing module fifo_generator_v13_1_4_compare_54
INFO: [VRFC 10-311] analyzing module fifo_generator_v13_1_4_compare_55
INFO: [VRFC 10-311] analyzing module fifo_generator_v13_1_4_compare_68
INFO: [VRFC 10-311] analyzing module fifo_generator_v13_1_4_compare_69
INFO: [VRFC 10-311] analyzing module fifo_generator_v13_1_4_compare_73
INFO: [VRFC 10-311] analyzing module fifo_generator_v13_1_4_compare_74
INFO: [VRFC 10-311] analyzing module fifo_generator_v13_1_4_dmem
INFO: [VRFC 10-311] analyzing module fifo_generator_v13_1_4_fifo_generator_ramfifo
INFO: [VRFC 10-311] analyzing module fifo_generator_v13_1_4_fifo_generator_ramfifo__parameterized0
INFO: [VRFC 10-311] analyzing module fifo_generator_v13_1_4_fifo_generator_ramfifo__parameterized1
INFO: [VRFC 10-311] analyzing module fifo_generator_v13_1_4_fifo_generator_top
INFO: [VRFC 10-311] analyzing module fifo_generator_v13_1_4_fifo_generator_top__parameterized0
INFO: [VRFC 10-311] analyzing module fifo_generator_v13_1_4_fifo_generator_top__parameterized1
INFO: [VRFC 10-311] analyzing module fifo_generator_v13_1_4_memory
INFO: [VRFC 10-311] analyzing module fifo_generator_v13_1_4_memory__parameterized0
INFO: [VRFC 10-311] analyzing module fifo_generator_v13_1_4_memory__parameterized1
INFO: [VRFC 10-311] analyzing module fifo_generator_v13_1_4_rd_bin_cntr
INFO: [VRFC 10-311] analyzing module fifo_generator_v13_1_4_rd_bin_cntr_72
INFO: [VRFC 10-311] analyzing module fifo_generator_v13_1_4_rd_bin_cntr__parameterized0
INFO: [VRFC 10-311] analyzing module fifo_generator_v13_1_4_rd_fwft
INFO: [VRFC 10-311] analyzing module fifo_generator_v13_1_4_rd_fwft_53
INFO: [VRFC 10-311] analyzing module fifo_generator_v13_1_4_rd_fwft_70
INFO: [VRFC 10-311] analyzing module fifo_generator_v13_1_4_rd_logic
INFO: [VRFC 10-311] analyzing module fifo_generator_v13_1_4_rd_logic_64
INFO: [VRFC 10-311] analyzing module fifo_generator_v13_1_4_rd_logic__parameterized0
INFO: [VRFC 10-311] analyzing module fifo_generator_v13_1_4_rd_status_flags_as
INFO: [VRFC 10-311] analyzing module fifo_generator_v13_1_4_rd_status_flags_as_71
INFO: [VRFC 10-311] analyzing module fifo_generator_v13_1_4_rd_status_flags_as__parameterized0
INFO: [VRFC 10-311] analyzing module fifo_generator_v13_1_4_synchronizer_ff
INFO: [VRFC 10-311] analyzing module fifo_generator_v13_1_4_synchronizer_ff_56
INFO: [VRFC 10-311] analyzing module fifo_generator_v13_1_4_synchronizer_ff_57
INFO: [VRFC 10-311] analyzing module fifo_generator_v13_1_4_synchronizer_ff_58
INFO: [VRFC 10-311] analyzing module fifo_generator_v13_1_4_synchronizer_ff_59
INFO: [VRFC 10-311] analyzing module fifo_generator_v13_1_4_synchronizer_ff_60
INFO: [VRFC 10-311] analyzing module fifo_generator_v13_1_4_synchronizer_ff_61
INFO: [VRFC 10-311] analyzing module fifo_generator_v13_1_4_synchronizer_ff_62
INFO: [VRFC 10-311] analyzing module fifo_generator_v13_1_4_synchronizer_ff_75
INFO: [VRFC 10-311] analyzing module fifo_generator_v13_1_4_synchronizer_ff_76
INFO: [VRFC 10-311] analyzing module fifo_generator_v13_1_4_synchronizer_ff_77
INFO: [VRFC 10-311] analyzing module fifo_generator_v13_1_4_synchronizer_ff_78
INFO: [VRFC 10-311] analyzing module fifo_generator_v13_1_4_synchronizer_ff_79
INFO: [VRFC 10-311] analyzing module fifo_generator_v13_1_4_synchronizer_ff_80
INFO: [VRFC 10-311] analyzing module fifo_generator_v13_1_4_synchronizer_ff_81
INFO: [VRFC 10-311] analyzing module fifo_generator_v13_1_4_synchronizer_ff_82
INFO: [VRFC 10-311] analyzing module fifo_generator_v13_1_4_synchronizer_ff__parameterized0
INFO: [VRFC 10-311] analyzing module fifo_generator_v13_1_4_synchronizer_ff__parameterized0_47
INFO: [VRFC 10-311] analyzing module fifo_generator_v13_1_4_synchronizer_ff__parameterized0_48
INFO: [VRFC 10-311] analyzing module fifo_generator_v13_1_4_synchronizer_ff__parameterized0_49
INFO: [VRFC 10-311] analyzing module fifo_generator_v13_1_4_synth
INFO: [VRFC 10-311] analyzing module fifo_generator_v13_1_4_synth__parameterized0
INFO: [VRFC 10-311] analyzing module fifo_generator_v13_1_4_synth__parameterized1
INFO: [VRFC 10-311] analyzing module fifo_generator_v13_1_4_wr_bin_cntr
INFO: [VRFC 10-311] analyzing module fifo_generator_v13_1_4_wr_bin_cntr_67
INFO: [VRFC 10-311] analyzing module fifo_generator_v13_1_4_wr_bin_cntr__parameterized0
INFO: [VRFC 10-311] analyzing module fifo_generator_v13_1_4_wr_logic
INFO: [VRFC 10-311] analyzing module fifo_generator_v13_1_4_wr_logic_65
INFO: [VRFC 10-311] analyzing module fifo_generator_v13_1_4_wr_logic__parameterized0
INFO: [VRFC 10-311] analyzing module fifo_generator_v13_1_4_wr_status_flags_as
INFO: [VRFC 10-311] analyzing module fifo_generator_v13_1_4_wr_status_flags_as_66
INFO: [VRFC 10-311] analyzing module fifo_generator_v13_1_4_wr_status_flags_as__parameterized0
INFO: [VRFC 10-311] analyzing module mult_gen_v12_0_16
INFO: [VRFC 10-311] analyzing module mult_gen_v12_0_16__1
INFO: [VRFC 10-311] analyzing module mult_gen_v12_0_16__2
INFO: [VRFC 10-311] analyzing module sc_exit_v1_0_9_axi3_conv
INFO: [VRFC 10-311] analyzing module sc_exit_v1_0_9_exit
INFO: [VRFC 10-311] analyzing module sc_exit_v1_0_9_splitter
INFO: [VRFC 10-311] analyzing module sc_exit_v1_0_9_top
INFO: [VRFC 10-311] analyzing module sc_mmu_v1_0_8_decerr_slave
INFO: [VRFC 10-311] analyzing module sc_mmu_v1_0_8_decerr_slave_315
INFO: [VRFC 10-311] analyzing module sc_mmu_v1_0_8_decerr_slave_338
INFO: [VRFC 10-311] analyzing module sc_mmu_v1_0_8_decerr_slave_361
INFO: [VRFC 10-311] analyzing module sc_mmu_v1_0_8_top
INFO: [VRFC 10-311] analyzing module sc_mmu_v1_0_8_top__parameterized0
INFO: [VRFC 10-311] analyzing module sc_mmu_v1_0_8_top__parameterized0__1
INFO: [VRFC 10-311] analyzing module sc_mmu_v1_0_8_top__parameterized1
INFO: [VRFC 10-311] analyzing module sc_node_v1_0_10_arb_alg_rr
INFO: [VRFC 10-311] analyzing module sc_node_v1_0_10_arb_alg_rr_398
INFO: [VRFC 10-311] analyzing module sc_node_v1_0_10_fifo
INFO: [VRFC 10-311] analyzing module sc_node_v1_0_10_fifo__parameterized0
INFO: [VRFC 10-311] analyzing module sc_node_v1_0_10_fifo__parameterized0__xdcDup__1
INFO: [VRFC 10-311] analyzing module sc_node_v1_0_10_fifo__parameterized1
INFO: [VRFC 10-311] analyzing module sc_node_v1_0_10_fifo__parameterized10
INFO: [VRFC 10-311] analyzing module sc_node_v1_0_10_fifo__parameterized1__xdcDup__1
INFO: [VRFC 10-311] analyzing module sc_node_v1_0_10_fifo__parameterized2
INFO: [VRFC 10-311] analyzing module sc_node_v1_0_10_fifo__parameterized3
INFO: [VRFC 10-311] analyzing module sc_node_v1_0_10_fifo__parameterized4
INFO: [VRFC 10-311] analyzing module sc_node_v1_0_10_fifo__parameterized4__xdcDup__1
INFO: [VRFC 10-311] analyzing module sc_node_v1_0_10_fifo__parameterized4__xdcDup__2
INFO: [VRFC 10-311] analyzing module sc_node_v1_0_10_fifo__parameterized4__xdcDup__3
INFO: [VRFC 10-311] analyzing module sc_node_v1_0_10_fifo__parameterized5
INFO: [VRFC 10-311] analyzing module sc_node_v1_0_10_fifo__parameterized6
INFO: [VRFC 10-311] analyzing module sc_node_v1_0_10_fifo__parameterized6__xdcDup__1
INFO: [VRFC 10-311] analyzing module sc_node_v1_0_10_fifo__parameterized6__xdcDup__2
INFO: [VRFC 10-311] analyzing module sc_node_v1_0_10_fifo__parameterized6__xdcDup__3
INFO: [VRFC 10-311] analyzing module sc_node_v1_0_10_fifo__parameterized6__xdcDup__4
INFO: [VRFC 10-311] analyzing module sc_node_v1_0_10_fifo__parameterized7
INFO: [VRFC 10-311] analyzing module sc_node_v1_0_10_fifo__parameterized7__xdcDup__1
INFO: [VRFC 10-311] analyzing module sc_node_v1_0_10_fifo__parameterized7__xdcDup__2
INFO: [VRFC 10-311] analyzing module sc_node_v1_0_10_fifo__parameterized7__xdcDup__3
INFO: [VRFC 10-311] analyzing module sc_node_v1_0_10_fifo__parameterized8
INFO: [VRFC 10-311] analyzing module sc_node_v1_0_10_fifo__parameterized8__xdcDup__1
INFO: [VRFC 10-311] analyzing module sc_node_v1_0_10_fifo__parameterized8__xdcDup__2
INFO: [VRFC 10-311] analyzing module sc_node_v1_0_10_fifo__parameterized9
INFO: [VRFC 10-311] analyzing module sc_node_v1_0_10_fifo__xdcDup__1
INFO: [VRFC 10-311] analyzing module sc_node_v1_0_10_fifo__xdcDup__2
INFO: [VRFC 10-311] analyzing module sc_node_v1_0_10_fifo__xdcDup__3
INFO: [VRFC 10-311] analyzing module sc_node_v1_0_10_fifo__xdcDup__4
INFO: [VRFC 10-311] analyzing module sc_node_v1_0_10_fifo__xdcDup__5
INFO: [VRFC 10-311] analyzing module sc_node_v1_0_10_fifo__xdcDup__6
INFO: [VRFC 10-311] analyzing module sc_node_v1_0_10_ingress
INFO: [VRFC 10-311] analyzing module sc_node_v1_0_10_ingress__parameterized0
INFO: [VRFC 10-311] analyzing module sc_node_v1_0_10_ingress__parameterized3
INFO: [VRFC 10-311] analyzing module sc_node_v1_0_10_ingress__parameterized5
INFO: [VRFC 10-311] analyzing module sc_node_v1_0_10_ingress__parameterized5_319
INFO: [VRFC 10-311] analyzing module sc_node_v1_0_10_ingress__parameterized5_342
INFO: [VRFC 10-311] analyzing module sc_node_v1_0_10_ingress__parameterized7
INFO: [VRFC 10-311] analyzing module sc_node_v1_0_10_mi_handler
INFO: [VRFC 10-311] analyzing module sc_node_v1_0_10_mi_handler__parameterized0
INFO: [VRFC 10-311] analyzing module sc_node_v1_0_10_mi_handler__parameterized1
INFO: [VRFC 10-311] analyzing module sc_node_v1_0_10_mi_handler__parameterized2
INFO: [VRFC 10-311] analyzing module sc_node_v1_0_10_mi_handler__parameterized3
INFO: [VRFC 10-311] analyzing module sc_node_v1_0_10_mi_handler__parameterized4
INFO: [VRFC 10-311] analyzing module sc_node_v1_0_10_mi_handler__parameterized4__xdcDup__1
INFO: [VRFC 10-311] analyzing module sc_node_v1_0_10_mi_handler__parameterized4__xdcDup__2
INFO: [VRFC 10-311] analyzing module sc_node_v1_0_10_mi_handler__parameterized5
INFO: [VRFC 10-311] analyzing module sc_node_v1_0_10_mi_handler__parameterized5__xdcDup__1
INFO: [VRFC 10-311] analyzing module sc_node_v1_0_10_mi_handler__parameterized5__xdcDup__2
INFO: [VRFC 10-311] analyzing module sc_node_v1_0_10_mi_handler__parameterized6
INFO: [VRFC 10-311] analyzing module sc_node_v1_0_10_mi_handler__parameterized7
INFO: [VRFC 10-311] analyzing module sc_node_v1_0_10_mi_handler__parameterized8
INFO: [VRFC 10-311] analyzing module sc_node_v1_0_10_reg_slice3__parameterized0
INFO: [VRFC 10-311] analyzing module sc_node_v1_0_10_reg_slice3__parameterized0_382
INFO: [VRFC 10-311] analyzing module sc_node_v1_0_10_reg_slice3__parameterized1
INFO: [VRFC 10-311] analyzing module sc_node_v1_0_10_reg_slice3__parameterized1_276
INFO: [VRFC 10-311] analyzing module sc_node_v1_0_10_reg_slice3__parameterized1_292
INFO: [VRFC 10-311] analyzing module sc_node_v1_0_10_reg_slice3__parameterized1_329
INFO: [VRFC 10-311] analyzing module sc_node_v1_0_10_reg_slice3__parameterized1_352
INFO: [VRFC 10-311] analyzing module sc_node_v1_0_10_si_handler
INFO: [VRFC 10-311] analyzing module sc_node_v1_0_10_si_handler__parameterized0
INFO: [VRFC 10-311] analyzing module sc_node_v1_0_10_si_handler__parameterized1
INFO: [VRFC 10-311] analyzing module sc_node_v1_0_10_si_handler__parameterized1_380
INFO: [VRFC 10-311] analyzing module sc_node_v1_0_10_si_handler__parameterized2
INFO: [VRFC 10-311] analyzing module sc_node_v1_0_10_si_handler__parameterized2_317
INFO: [VRFC 10-311] analyzing module sc_node_v1_0_10_si_handler__parameterized2_340
INFO: [VRFC 10-311] analyzing module sc_node_v1_0_10_si_handler__parameterized2_372
INFO: [VRFC 10-311] analyzing module sc_node_v1_0_10_si_handler__parameterized3
INFO: [VRFC 10-311] analyzing module sc_node_v1_0_10_si_handler__parameterized4
INFO: [VRFC 10-311] analyzing module sc_node_v1_0_10_si_handler__parameterized4_327
INFO: [VRFC 10-311] analyzing module sc_node_v1_0_10_si_handler__parameterized4_350
INFO: [VRFC 10-311] analyzing module sc_node_v1_0_10_si_handler__parameterized5
INFO: [VRFC 10-311] analyzing module sc_node_v1_0_10_si_handler__parameterized6
INFO: [VRFC 10-311] analyzing module sc_node_v1_0_10_top
INFO: [VRFC 10-311] analyzing module sc_node_v1_0_10_top__parameterized0
INFO: [VRFC 10-311] analyzing module sc_node_v1_0_10_top__parameterized1
INFO: [VRFC 10-311] analyzing module sc_node_v1_0_10_top__parameterized2
INFO: [VRFC 10-311] analyzing module sc_node_v1_0_10_top__parameterized3
INFO: [VRFC 10-311] analyzing module sc_node_v1_0_10_top__parameterized4
INFO: [VRFC 10-311] analyzing module sc_node_v1_0_10_top__parameterized4__xdcDup__1
INFO: [VRFC 10-311] analyzing module sc_node_v1_0_10_top__parameterized4__xdcDup__2
INFO: [VRFC 10-311] analyzing module sc_node_v1_0_10_top__parameterized5
INFO: [VRFC 10-311] analyzing module sc_node_v1_0_10_top__parameterized5__xdcDup__1
INFO: [VRFC 10-311] analyzing module sc_node_v1_0_10_top__parameterized5__xdcDup__2
INFO: [VRFC 10-311] analyzing module sc_node_v1_0_10_top__parameterized6
INFO: [VRFC 10-311] analyzing module sc_node_v1_0_10_top__parameterized7
INFO: [VRFC 10-311] analyzing module sc_node_v1_0_10_top__parameterized8
INFO: [VRFC 10-311] analyzing module sc_si_converter_v1_0_9_splitter
INFO: [VRFC 10-311] analyzing module sc_si_converter_v1_0_9_top
INFO: [VRFC 10-311] analyzing module sc_si_converter_v1_0_9_top__parameterized0
INFO: [VRFC 10-311] analyzing module sc_si_converter_v1_0_9_top__parameterized0__1
INFO: [VRFC 10-311] analyzing module sc_si_converter_v1_0_9_top__parameterized1
INFO: [VRFC 10-311] analyzing module sc_switchboard_v1_0_6_top
INFO: [VRFC 10-311] analyzing module sc_switchboard_v1_0_6_top__1
INFO: [VRFC 10-311] analyzing module sc_switchboard_v1_0_6_top__parameterized0
INFO: [VRFC 10-311] analyzing module sc_switchboard_v1_0_6_top__parameterized1
INFO: [VRFC 10-311] analyzing module sc_switchboard_v1_0_6_top__parameterized2
INFO: [VRFC 10-311] analyzing module sc_util_v1_0_4_axi_reg_stall
INFO: [VRFC 10-311] analyzing module sc_util_v1_0_4_axi_reg_stall_273
INFO: [VRFC 10-311] analyzing module sc_util_v1_0_4_axi_reg_stall_274
INFO: [VRFC 10-311] analyzing module sc_util_v1_0_4_axi_reg_stall_312
INFO: [VRFC 10-311] analyzing module sc_util_v1_0_4_axi_reg_stall_313
INFO: [VRFC 10-311] analyzing module sc_util_v1_0_4_axi_reg_stall_314
INFO: [VRFC 10-311] analyzing module sc_util_v1_0_4_axi_reg_stall_316
INFO: [VRFC 10-311] analyzing module sc_util_v1_0_4_axi_reg_stall_336
INFO: [VRFC 10-311] analyzing module sc_util_v1_0_4_axi_reg_stall_337
INFO: [VRFC 10-311] analyzing module sc_util_v1_0_4_axi_reg_stall_339
INFO: [VRFC 10-311] analyzing module sc_util_v1_0_4_axi_reg_stall_359
INFO: [VRFC 10-311] analyzing module sc_util_v1_0_4_axi_reg_stall_360
INFO: [VRFC 10-311] analyzing module sc_util_v1_0_4_axi_reg_stall_362
INFO: [VRFC 10-311] analyzing module sc_util_v1_0_4_axi_reg_stall_410
INFO: [VRFC 10-311] analyzing module sc_util_v1_0_4_axi_reg_stall_411
INFO: [VRFC 10-311] analyzing module sc_util_v1_0_4_axi_reg_stall_412
INFO: [VRFC 10-311] analyzing module sc_util_v1_0_4_axi_reg_stall_413
INFO: [VRFC 10-311] analyzing module sc_util_v1_0_4_axi_reg_stall_414
INFO: [VRFC 10-311] analyzing module sc_util_v1_0_4_axi_reg_stall_415
INFO: [VRFC 10-311] analyzing module sc_util_v1_0_4_axi_reg_stall_416
INFO: [VRFC 10-311] analyzing module sc_util_v1_0_4_axic_reg_srl_fifo
INFO: [VRFC 10-311] analyzing module sc_util_v1_0_4_axic_reg_srl_fifo_417
INFO: [VRFC 10-311] analyzing module sc_util_v1_0_4_axic_reg_srl_fifo__parameterized0
INFO: [VRFC 10-311] analyzing module sc_util_v1_0_4_axic_reg_srl_fifo__parameterized2
INFO: [VRFC 10-311] analyzing module sc_util_v1_0_4_axic_reg_srl_fifo__parameterized3
INFO: [VRFC 10-311] analyzing module sc_util_v1_0_4_axic_reg_srl_fifo__parameterized4
INFO: [VRFC 10-311] analyzing module sc_util_v1_0_4_axic_reg_srl_fifo__parameterized5
INFO: [VRFC 10-311] analyzing module sc_util_v1_0_4_counter
INFO: [VRFC 10-311] analyzing module sc_util_v1_0_4_counter_399
INFO: [VRFC 10-311] analyzing module sc_util_v1_0_4_counter_400
INFO: [VRFC 10-311] analyzing module sc_util_v1_0_4_counter_401
INFO: [VRFC 10-311] analyzing module sc_util_v1_0_4_counter__parameterized0
INFO: [VRFC 10-311] analyzing module sc_util_v1_0_4_counter__parameterized0_262
INFO: [VRFC 10-311] analyzing module sc_util_v1_0_4_counter__parameterized0_263
INFO: [VRFC 10-311] analyzing module sc_util_v1_0_4_counter__parameterized0_264
INFO: [VRFC 10-311] analyzing module sc_util_v1_0_4_counter__parameterized0_267
INFO: [VRFC 10-311] analyzing module sc_util_v1_0_4_counter__parameterized0_268
INFO: [VRFC 10-311] analyzing module sc_util_v1_0_4_counter__parameterized0_270
INFO: [VRFC 10-311] analyzing module sc_util_v1_0_4_counter__parameterized0_271
INFO: [VRFC 10-311] analyzing module sc_util_v1_0_4_counter__parameterized0_277
INFO: [VRFC 10-311] analyzing module sc_util_v1_0_4_counter__parameterized0_278
INFO: [VRFC 10-311] analyzing module sc_util_v1_0_4_counter__parameterized0_280
INFO: [VRFC 10-311] analyzing module sc_util_v1_0_4_counter__parameterized0_281
INFO: [VRFC 10-311] analyzing module sc_util_v1_0_4_counter__parameterized0_285
INFO: [VRFC 10-311] analyzing module sc_util_v1_0_4_counter__parameterized0_286
INFO: [VRFC 10-311] analyzing module sc_util_v1_0_4_counter__parameterized0_288
INFO: [VRFC 10-311] analyzing module sc_util_v1_0_4_counter__parameterized0_289
INFO: [VRFC 10-311] analyzing module sc_util_v1_0_4_counter__parameterized0_293
INFO: [VRFC 10-311] analyzing module sc_util_v1_0_4_counter__parameterized0_294
INFO: [VRFC 10-311] analyzing module sc_util_v1_0_4_counter__parameterized0_296
INFO: [VRFC 10-311] analyzing module sc_util_v1_0_4_counter__parameterized0_297
INFO: [VRFC 10-311] analyzing module sc_util_v1_0_4_counter__parameterized0_321
INFO: [VRFC 10-311] analyzing module sc_util_v1_0_4_counter__parameterized0_322
INFO: [VRFC 10-311] analyzing module sc_util_v1_0_4_counter__parameterized0_324
INFO: [VRFC 10-311] analyzing module sc_util_v1_0_4_counter__parameterized0_325
INFO: [VRFC 10-311] analyzing module sc_util_v1_0_4_counter__parameterized0_330
INFO: [VRFC 10-311] analyzing module sc_util_v1_0_4_counter__parameterized0_331
INFO: [VRFC 10-311] analyzing module sc_util_v1_0_4_counter__parameterized0_333
INFO: [VRFC 10-311] analyzing module sc_util_v1_0_4_counter__parameterized0_334
INFO: [VRFC 10-311] analyzing module sc_util_v1_0_4_counter__parameterized0_344
INFO: [VRFC 10-311] analyzing module sc_util_v1_0_4_counter__parameterized0_345
INFO: [VRFC 10-311] analyzing module sc_util_v1_0_4_counter__parameterized0_347
INFO: [VRFC 10-311] analyzing module sc_util_v1_0_4_counter__parameterized0_348
INFO: [VRFC 10-311] analyzing module sc_util_v1_0_4_counter__parameterized0_353
INFO: [VRFC 10-311] analyzing module sc_util_v1_0_4_counter__parameterized0_354
INFO: [VRFC 10-311] analyzing module sc_util_v1_0_4_counter__parameterized0_356
INFO: [VRFC 10-311] analyzing module sc_util_v1_0_4_counter__parameterized0_357
INFO: [VRFC 10-311] analyzing module sc_util_v1_0_4_counter__parameterized0_366
INFO: [VRFC 10-311] analyzing module sc_util_v1_0_4_counter__parameterized0_367
INFO: [VRFC 10-311] analyzing module sc_util_v1_0_4_counter__parameterized0_369
INFO: [VRFC 10-311] analyzing module sc_util_v1_0_4_counter__parameterized0_370
INFO: [VRFC 10-311] analyzing module sc_util_v1_0_4_counter__parameterized0_374
INFO: [VRFC 10-311] analyzing module sc_util_v1_0_4_counter__parameterized0_375
INFO: [VRFC 10-311] analyzing module sc_util_v1_0_4_counter__parameterized0_377
INFO: [VRFC 10-311] analyzing module sc_util_v1_0_4_counter__parameterized0_378
INFO: [VRFC 10-311] analyzing module sc_util_v1_0_4_counter__parameterized0_383
INFO: [VRFC 10-311] analyzing module sc_util_v1_0_4_counter__parameterized0_384
INFO: [VRFC 10-311] analyzing module sc_util_v1_0_4_counter__parameterized0_386
INFO: [VRFC 10-311] analyzing module sc_util_v1_0_4_counter__parameterized0_387
INFO: [VRFC 10-311] analyzing module sc_util_v1_0_4_counter__parameterized0_392
INFO: [VRFC 10-311] analyzing module sc_util_v1_0_4_counter__parameterized0_393
INFO: [VRFC 10-311] analyzing module sc_util_v1_0_4_counter__parameterized0_395
INFO: [VRFC 10-311] analyzing module sc_util_v1_0_4_counter__parameterized0_396
INFO: [VRFC 10-311] analyzing module sc_util_v1_0_4_counter__parameterized0_404
INFO: [VRFC 10-311] analyzing module sc_util_v1_0_4_counter__parameterized0_405
INFO: [VRFC 10-311] analyzing module sc_util_v1_0_4_counter__parameterized0_407
INFO: [VRFC 10-311] analyzing module sc_util_v1_0_4_counter__parameterized0_408
INFO: [VRFC 10-311] analyzing module sc_util_v1_0_4_counter__parameterized1
INFO: [VRFC 10-311] analyzing module sc_util_v1_0_4_counter__parameterized1_265
INFO: [VRFC 10-311] analyzing module sc_util_v1_0_4_counter__parameterized1_269
INFO: [VRFC 10-311] analyzing module sc_util_v1_0_4_counter__parameterized1_272
INFO: [VRFC 10-311] analyzing module sc_util_v1_0_4_counter__parameterized1_279
INFO: [VRFC 10-311] analyzing module sc_util_v1_0_4_counter__parameterized1_282
INFO: [VRFC 10-311] analyzing module sc_util_v1_0_4_counter__parameterized1_287
INFO: [VRFC 10-311] analyzing module sc_util_v1_0_4_counter__parameterized1_290
INFO: [VRFC 10-311] analyzing module sc_util_v1_0_4_counter__parameterized1_295
INFO: [VRFC 10-311] analyzing module sc_util_v1_0_4_counter__parameterized1_298
INFO: [VRFC 10-311] analyzing module sc_util_v1_0_4_counter__parameterized1_323
INFO: [VRFC 10-311] analyzing module sc_util_v1_0_4_counter__parameterized1_326
INFO: [VRFC 10-311] analyzing module sc_util_v1_0_4_counter__parameterized1_332
INFO: [VRFC 10-311] analyzing module sc_util_v1_0_4_counter__parameterized1_335
INFO: [VRFC 10-311] analyzing module sc_util_v1_0_4_counter__parameterized1_346
INFO: [VRFC 10-311] analyzing module sc_util_v1_0_4_counter__parameterized1_349
INFO: [VRFC 10-311] analyzing module sc_util_v1_0_4_counter__parameterized1_355
INFO: [VRFC 10-311] analyzing module sc_util_v1_0_4_counter__parameterized1_358
INFO: [VRFC 10-311] analyzing module sc_util_v1_0_4_counter__parameterized1_368
INFO: [VRFC 10-311] analyzing module sc_util_v1_0_4_counter__parameterized1_371
INFO: [VRFC 10-311] analyzing module sc_util_v1_0_4_counter__parameterized1_376
INFO: [VRFC 10-311] analyzing module sc_util_v1_0_4_counter__parameterized1_379
INFO: [VRFC 10-311] analyzing module sc_util_v1_0_4_counter__parameterized1_385
INFO: [VRFC 10-311] analyzing module sc_util_v1_0_4_counter__parameterized1_388
INFO: [VRFC 10-311] analyzing module sc_util_v1_0_4_counter__parameterized1_394
INFO: [VRFC 10-311] analyzing module sc_util_v1_0_4_counter__parameterized1_397
INFO: [VRFC 10-311] analyzing module sc_util_v1_0_4_counter__parameterized1_406
INFO: [VRFC 10-311] analyzing module sc_util_v1_0_4_counter__parameterized1_409
INFO: [VRFC 10-311] analyzing module sc_util_v1_0_4_counter__parameterized3
INFO: [VRFC 10-311] analyzing module sc_util_v1_0_4_counter__parameterized3_364
INFO: [VRFC 10-311] analyzing module sc_util_v1_0_4_counter__parameterized4
INFO: [VRFC 10-311] analyzing module sc_util_v1_0_4_pipeline
INFO: [VRFC 10-311] analyzing module sc_util_v1_0_4_pipeline_261
INFO: [VRFC 10-311] analyzing module sc_util_v1_0_4_pipeline_266
INFO: [VRFC 10-311] analyzing module sc_util_v1_0_4_pipeline_275
INFO: [VRFC 10-311] analyzing module sc_util_v1_0_4_pipeline_283
INFO: [VRFC 10-311] analyzing module sc_util_v1_0_4_pipeline_284
INFO: [VRFC 10-311] analyzing module sc_util_v1_0_4_pipeline_291
INFO: [VRFC 10-311] analyzing module sc_util_v1_0_4_pipeline_318
INFO: [VRFC 10-311] analyzing module sc_util_v1_0_4_pipeline_320
INFO: [VRFC 10-311] analyzing module sc_util_v1_0_4_pipeline_328
INFO: [VRFC 10-311] analyzing module sc_util_v1_0_4_pipeline_341
INFO: [VRFC 10-311] analyzing module sc_util_v1_0_4_pipeline_343
INFO: [VRFC 10-311] analyzing module sc_util_v1_0_4_pipeline_351
INFO: [VRFC 10-311] analyzing module sc_util_v1_0_4_pipeline_363
INFO: [VRFC 10-311] analyzing module sc_util_v1_0_4_pipeline_365
INFO: [VRFC 10-311] analyzing module sc_util_v1_0_4_pipeline_373
INFO: [VRFC 10-311] analyzing module sc_util_v1_0_4_pipeline_381
INFO: [VRFC 10-311] analyzing module sc_util_v1_0_4_pipeline_391
INFO: [VRFC 10-311] analyzing module sc_util_v1_0_4_pipeline_403
INFO: [VRFC 10-311] analyzing module sc_util_v1_0_4_pipeline__parameterized12
INFO: [VRFC 10-311] analyzing module sc_util_v1_0_4_pipeline__parameterized14
INFO: [VRFC 10-311] analyzing module sc_util_v1_0_4_pipeline__parameterized14_258
INFO: [VRFC 10-311] analyzing module sc_util_v1_0_4_pipeline__parameterized14_259
INFO: [VRFC 10-311] analyzing module sc_util_v1_0_4_pipeline__parameterized16
INFO: [VRFC 10-311] analyzing module sc_util_v1_0_4_pipeline__parameterized3
INFO: [VRFC 10-311] analyzing module sc_util_v1_0_4_pipeline__parameterized3_390
INFO: [VRFC 10-311] analyzing module sc_util_v1_0_4_pipeline__parameterized3_402
INFO: [VRFC 10-311] analyzing module sc_util_v1_0_4_pipeline__parameterized9
INFO: [VRFC 10-311] analyzing module sc_util_v1_0_4_pipeline__parameterized9_260
INFO: [VRFC 10-311] analyzing module sc_util_v1_0_4_srl_rtl
INFO: [VRFC 10-311] analyzing module sc_util_v1_0_4_srl_rtl_299
INFO: [VRFC 10-311] analyzing module sc_util_v1_0_4_srl_rtl_300
INFO: [VRFC 10-311] analyzing module sc_util_v1_0_4_srl_rtl_301
INFO: [VRFC 10-311] analyzing module sc_util_v1_0_4_srl_rtl_302
INFO: [VRFC 10-311] analyzing module sc_util_v1_0_4_srl_rtl_303
INFO: [VRFC 10-311] analyzing module sc_util_v1_0_4_srl_rtl_304
INFO: [VRFC 10-311] analyzing module sc_util_v1_0_4_srl_rtl_305
INFO: [VRFC 10-311] analyzing module sc_util_v1_0_4_srl_rtl_306
INFO: [VRFC 10-311] analyzing module sc_util_v1_0_4_srl_rtl_307
INFO: [VRFC 10-311] analyzing module sc_util_v1_0_4_srl_rtl_308
INFO: [VRFC 10-311] analyzing module sc_util_v1_0_4_srl_rtl_309
INFO: [VRFC 10-311] analyzing module sc_util_v1_0_4_srl_rtl_310
INFO: [VRFC 10-311] analyzing module sc_util_v1_0_4_srl_rtl_311
INFO: [VRFC 10-311] analyzing module sc_util_v1_0_4_srl_rtl_389
INFO: [VRFC 10-311] analyzing module sc_util_v1_0_4_srl_rtl_418
INFO: [VRFC 10-311] analyzing module sc_util_v1_0_4_srl_rtl_419
INFO: [VRFC 10-311] analyzing module sc_util_v1_0_4_srl_rtl_420
INFO: [VRFC 10-311] analyzing module sc_util_v1_0_4_srl_rtl_421
INFO: [VRFC 10-311] analyzing module sc_util_v1_0_4_srl_rtl_422
INFO: [VRFC 10-311] analyzing module sc_util_v1_0_4_srl_rtl_423
INFO: [VRFC 10-311] analyzing module sc_util_v1_0_4_srl_rtl_424
INFO: [VRFC 10-311] analyzing module sc_util_v1_0_4_srl_rtl_425
INFO: [VRFC 10-311] analyzing module sc_util_v1_0_4_srl_rtl_426
INFO: [VRFC 10-311] analyzing module sc_util_v1_0_4_srl_rtl_427
INFO: [VRFC 10-311] analyzing module sc_util_v1_0_4_srl_rtl_428
INFO: [VRFC 10-311] analyzing module sc_util_v1_0_4_srl_rtl_429
INFO: [VRFC 10-311] analyzing module sc_util_v1_0_4_srl_rtl_430
INFO: [VRFC 10-311] analyzing module sc_util_v1_0_4_srl_rtl_431
INFO: [VRFC 10-311] analyzing module sc_util_v1_0_4_srl_rtl_432
INFO: [VRFC 10-311] analyzing module sc_util_v1_0_4_srl_rtl_433
INFO: [VRFC 10-311] analyzing module sc_util_v1_0_4_srl_rtl_434
INFO: [VRFC 10-311] analyzing module sc_util_v1_0_4_srl_rtl_435
INFO: [VRFC 10-311] analyzing module sc_util_v1_0_4_srl_rtl_436
INFO: [VRFC 10-311] analyzing module sc_util_v1_0_4_srl_rtl_437
INFO: [VRFC 10-311] analyzing module sc_util_v1_0_4_srl_rtl_438
INFO: [VRFC 10-311] analyzing module sc_util_v1_0_4_srl_rtl_439
INFO: [VRFC 10-311] analyzing module sc_util_v1_0_4_srl_rtl_440
INFO: [VRFC 10-311] analyzing module sc_util_v1_0_4_srl_rtl_441
INFO: [VRFC 10-311] analyzing module sc_util_v1_0_4_srl_rtl_442
INFO: [VRFC 10-311] analyzing module sc_util_v1_0_4_xpm_memory_fifo
INFO: [VRFC 10-311] analyzing module sc_util_v1_0_4_xpm_memory_fifo__parameterized0
INFO: [VRFC 10-311] analyzing module sc_util_v1_0_4_xpm_memory_fifo__parameterized0__xdcDup__1
INFO: [VRFC 10-311] analyzing module sc_util_v1_0_4_xpm_memory_fifo__parameterized1
INFO: [VRFC 10-311] analyzing module sc_util_v1_0_4_xpm_memory_fifo__parameterized10
INFO: [VRFC 10-311] analyzing module sc_util_v1_0_4_xpm_memory_fifo__parameterized1__xdcDup__1
INFO: [VRFC 10-311] analyzing module sc_util_v1_0_4_xpm_memory_fifo__parameterized2
INFO: [VRFC 10-311] analyzing module sc_util_v1_0_4_xpm_memory_fifo__parameterized3
INFO: [VRFC 10-311] analyzing module sc_util_v1_0_4_xpm_memory_fifo__parameterized4
INFO: [VRFC 10-311] analyzing module sc_util_v1_0_4_xpm_memory_fifo__parameterized4__xdcDup__1
INFO: [VRFC 10-311] analyzing module sc_util_v1_0_4_xpm_memory_fifo__parameterized4__xdcDup__2
INFO: [VRFC 10-311] analyzing module sc_util_v1_0_4_xpm_memory_fifo__parameterized4__xdcDup__3
INFO: [VRFC 10-311] analyzing module sc_util_v1_0_4_xpm_memory_fifo__parameterized5
INFO: [VRFC 10-311] analyzing module sc_util_v1_0_4_xpm_memory_fifo__parameterized6
INFO: [VRFC 10-311] analyzing module sc_util_v1_0_4_xpm_memory_fifo__parameterized6__xdcDup__1
INFO: [VRFC 10-311] analyzing module sc_util_v1_0_4_xpm_memory_fifo__parameterized6__xdcDup__2
INFO: [VRFC 10-311] analyzing module sc_util_v1_0_4_xpm_memory_fifo__parameterized6__xdcDup__3
INFO: [VRFC 10-311] analyzing module sc_util_v1_0_4_xpm_memory_fifo__parameterized6__xdcDup__4
INFO: [VRFC 10-311] analyzing module sc_util_v1_0_4_xpm_memory_fifo__parameterized7
INFO: [VRFC 10-311] analyzing module sc_util_v1_0_4_xpm_memory_fifo__parameterized7__xdcDup__1
INFO: [VRFC 10-311] analyzing module sc_util_v1_0_4_xpm_memory_fifo__parameterized7__xdcDup__2
INFO: [VRFC 10-311] analyzing module sc_util_v1_0_4_xpm_memory_fifo__parameterized7__xdcDup__3
INFO: [VRFC 10-311] analyzing module sc_util_v1_0_4_xpm_memory_fifo__parameterized8
INFO: [VRFC 10-311] analyzing module sc_util_v1_0_4_xpm_memory_fifo__parameterized8__xdcDup__1
INFO: [VRFC 10-311] analyzing module sc_util_v1_0_4_xpm_memory_fifo__parameterized8__xdcDup__2
INFO: [VRFC 10-311] analyzing module sc_util_v1_0_4_xpm_memory_fifo__parameterized9
INFO: [VRFC 10-311] analyzing module sc_util_v1_0_4_xpm_memory_fifo__xdcDup__1
INFO: [VRFC 10-311] analyzing module sc_util_v1_0_4_xpm_memory_fifo__xdcDup__2
INFO: [VRFC 10-311] analyzing module sc_util_v1_0_4_xpm_memory_fifo__xdcDup__3
INFO: [VRFC 10-311] analyzing module sc_util_v1_0_4_xpm_memory_fifo__xdcDup__4
INFO: [VRFC 10-311] analyzing module sc_util_v1_0_4_xpm_memory_fifo__xdcDup__5
INFO: [VRFC 10-311] analyzing module sc_util_v1_0_4_xpm_memory_fifo__xdcDup__6
INFO: [VRFC 10-311] analyzing module xbip_multadd_v3_0_15
INFO: [VRFC 10-311] analyzing module xbip_multadd_v3_0_15__10
INFO: [VRFC 10-311] analyzing module xbip_multadd_v3_0_15__6
INFO: [VRFC 10-311] analyzing module xbip_multadd_v3_0_15__7
INFO: [VRFC 10-311] analyzing module xbip_multadd_v3_0_15__8
INFO: [VRFC 10-311] analyzing module xbip_multadd_v3_0_15__9
INFO: [VRFC 10-311] analyzing module luts
INFO: [VRFC 10-311] analyzing module luts_33
INFO: [VRFC 10-311] analyzing module luts_34
INFO: [VRFC 10-311] analyzing module mult_gen_v12_0_16_viv
INFO: [VRFC 10-311] analyzing module mult_gen_v12_0_16_viv__1
INFO: [VRFC 10-311] analyzing module mult_gen_v12_0_16_viv__2
INFO: [VRFC 10-311] analyzing module multadd_dsp
INFO: [VRFC 10-311] analyzing module multadd_dsp_11
INFO: [VRFC 10-311] analyzing module multadd_dsp_17
INFO: [VRFC 10-311] analyzing module multadd_dsp_23
INFO: [VRFC 10-311] analyzing module multadd_dsp_29
INFO: [VRFC 10-311] analyzing module multadd_dsp_5
INFO: [VRFC 10-311] analyzing module xbip_dsp48_multadd_synth
INFO: [VRFC 10-311] analyzing module xbip_dsp48_multadd_synth_13
INFO: [VRFC 10-311] analyzing module xbip_dsp48_multadd_synth_19
INFO: [VRFC 10-311] analyzing module xbip_dsp48_multadd_synth_25
INFO: [VRFC 10-311] analyzing module xbip_dsp48_multadd_synth_31
INFO: [VRFC 10-311] analyzing module xbip_dsp48_multadd_synth_7
INFO: [VRFC 10-311] analyzing module xbip_dsp48_multadd_v3_0_6_viv
INFO: [VRFC 10-311] analyzing module xbip_dsp48_multadd_v3_0_6_viv_12
INFO: [VRFC 10-311] analyzing module xbip_dsp48_multadd_v3_0_6_viv_18
INFO: [VRFC 10-311] analyzing module xbip_dsp48_multadd_v3_0_6_viv_24
INFO: [VRFC 10-311] analyzing module xbip_dsp48_multadd_v3_0_6_viv_30
INFO: [VRFC 10-311] analyzing module xbip_dsp48_multadd_v3_0_6_viv_6
INFO: [VRFC 10-311] analyzing module xbip_dsp48e1_wrapper_v3_0
INFO: [VRFC 10-311] analyzing module xbip_dsp48e1_wrapper_v3_0_14
INFO: [VRFC 10-311] analyzing module xbip_dsp48e1_wrapper_v3_0_20
INFO: [VRFC 10-311] analyzing module xbip_dsp48e1_wrapper_v3_0_26
INFO: [VRFC 10-311] analyzing module xbip_dsp48e1_wrapper_v3_0_32
INFO: [VRFC 10-311] analyzing module xbip_dsp48e1_wrapper_v3_0_8
INFO: [VRFC 10-311] analyzing module xbip_multadd_v3_0_15_viv
INFO: [VRFC 10-311] analyzing module xbip_multadd_v3_0_15_viv__10
INFO: [VRFC 10-311] analyzing module xbip_multadd_v3_0_15_viv__6
INFO: [VRFC 10-311] analyzing module xbip_multadd_v3_0_15_viv__7
INFO: [VRFC 10-311] analyzing module xbip_multadd_v3_0_15_viv__8
INFO: [VRFC 10-311] analyzing module xbip_multadd_v3_0_15_viv__9
INFO: [VRFC 10-311] analyzing module glbl
INFO: [VRFC 10-2263] Analyzing Verilog file "/media/fra/DATA/uni/2019-2020/thesis/cogitantium/dtpu/files/control_unit.v" into library xil_defaultlib
INFO: [VRFC 10-311] analyzing module control_unit
WARNING: [VRFC 10-3609] overwriting previous definition of module 'control_unit' [/media/fra/DATA/uni/2019-2020/thesis/cogitantium/dtpu/files/control_unit.v:4]
INFO: [VRFC 10-2263] Analyzing Verilog file "/media/fra/DATA/uni/2019-2020/thesis/cogitantium/dtpu/files/dtpu_core.v" into library xil_defaultlib
INFO: [VRFC 10-311] analyzing module dtpu_core
WARNING: [VRFC 10-3609] overwriting previous definition of module 'dtpu_core' [/media/fra/DATA/uni/2019-2020/thesis/cogitantium/dtpu/files/dtpu_core.v:25]
INFO: [VRFC 10-2263] Analyzing Verilog file "/media/fra/DATA/uni/2019-2020/thesis/cogitantium/dtpu/files/mxu_core.v" into library xil_defaultlib
INFO: [VRFC 10-311] analyzing module mxu_core
WARNING: [VRFC 10-3609] overwriting previous definition of module 'mxu_core' [/media/fra/DATA/uni/2019-2020/thesis/cogitantium/dtpu/files/mxu_core.v:23]
INFO: [VRFC 10-2263] Analyzing Verilog file "/media/fra/DATA/uni/2019-2020/thesis/cogitantium/dtpu/files/mxu_mac.v" into library xil_defaultlib
INFO: [VRFC 10-311] analyzing module mxu_mac
INFO: [VRFC 10-2458] undeclared symbol SUBTRACT, assumed default net type wire [/media/fra/DATA/uni/2019-2020/thesis/cogitantium/dtpu/files/mxu_mac.v:48]
INFO: [VRFC 10-2458] undeclared symbol test_mode, assumed default net type wire [/media/fra/DATA/uni/2019-2020/thesis/cogitantium/dtpu/files/mxu_mac.v:71]
WARNING: [VRFC 10-3609] overwriting previous definition of module 'mxu_mac' [/media/fra/DATA/uni/2019-2020/thesis/cogitantium/dtpu/files/mxu_mac.v:22]
INFO: [VRFC 10-2263] Analyzing Verilog file "/media/fra/DATA/uni/2019-2020/thesis/cogitantium/dtpu/files/mxu_wrapper.v" into library xil_defaultlib
INFO: [VRFC 10-311] analyzing module mxu_wrapper
WARNING: [VRFC 10-3609] overwriting previous definition of module 'mxu_wrapper' [/media/fra/DATA/uni/2019-2020/thesis/cogitantium/dtpu/files/mxu_wrapper.v:25]
INFO: [VRFC 10-2263] Analyzing Verilog file "/media/fra/DATA/uni/2019-2020/thesis/cogitantium/dtpu/files/register.v" into library xil_defaultlib
INFO: [VRFC 10-311] analyzing module register
WARNING: [VRFC 10-3609] overwriting previous definition of module 'register' [/media/fra/DATA/uni/2019-2020/thesis/cogitantium/dtpu/files/register.v:23]
INFO: [VRFC 10-2263] Analyzing Verilog file "/media/fra/DATA/uni/2019-2020/thesis/cogitantium/dtpu/files/tb/tb_dtpu.v" into library xil_defaultlib
INFO: [VRFC 10-311] analyzing module tb_dtpu
WARNING: [VRFC 10-3507] macro 'VIVADO_MAC' redefined [/media/fra/DATA/uni/2019-2020/thesis/cogitantium/dtpu/files/tb/tb_dtpu.v:79]
