Copyright 1986-2019 Xilinx, Inc. All Rights Reserved.
------------------------------------------------------------------------------------------------
| Tool Version : Vivado v.2019.2 (lin64) Build 2708876 Wed Nov  6 21:39:14 MST 2019
| Date         : Thu May 21 19:20:57 2020
| Host         : fra running 64-bit Ubuntu 18.04.4 LTS
| Command      : report_incremental_reuse -file pynqz2_wrapper_incremental_reuse_pre_placed.rpt
| Design       : pynqz2_wrapper
| Device       : xc7z020
| Design State : Fully Routed
------------------------------------------------------------------------------------------------

Incremental Implementation Information

Table of Contents
-----------------
1. Reuse Summary
2. Reference Checkpoint Information
3. Comparison with Reference Run
4. Non Reuse Information

1. Reuse Summary
----------------

+-------+----------------------+--------------------+--------------------+--------+
|  Type | Matched % (of Total) | Reuse % (of Total) | Fixed % (of Total) |  Total |
+-------+----------------------+--------------------+--------------------+--------+
| Cells |                99.99 |              99.98 |               0.39 |  35527 |
| Nets  |               100.00 |              99.94 |               0.00 |  25481 |
| Pins  |                    - |              99.97 |                  - | 149645 |
| Ports |               100.00 |             100.00 |             100.00 |     81 |
+-------+----------------------+--------------------+--------------------+--------+


2. Reference Checkpoint Information
-----------------------------------

+----------------+-----------------------------------------------------------------------------------------+
| DCP Location:  | /home/fra/pynq_vivado/pynq_vivado.srcs/utils_1/imports/impl_1/pynqz2_wrapper_routed.dcp |
+----------------+-----------------------------------------------------------------------------------------+


+--------------------------------+----------------------------+
|         DCP Information        |            Value           |
+--------------------------------+----------------------------+
| Vivado Version                 |                     2019.2 |
| DCP State                      |                 POST_ROUTE |
| Recorded WNS                   |                     17.237 |
| Recorded WHS                   |                      0.023 |
| Reference Speed File Version   | PRODUCTION 1.11 2014-09-11 |
| Incremental Speed File Version | PRODUCTION 1.11 2014-09-11 |
+--------------------------------+----------------------------+
* Recorded WNS/WHS timing numbers are estimated timing numbers. They may vary slightly from sign-off timing numbers.


3. Comparison with Reference Run
--------------------------------

+-----------------+---------------------------+---------------------------+---------------------------+
|                 |          WNS(ns)          |  Runtime(elapsed)(hh:mm)  |    Runtime(cpu)(hh:mm)    |
+-----------------+-------------+-------------+-------------+-------------+-------------+-------------+
|      Stage      |  Reference  | Incremental |  Reference  | Incremental |  Reference  | Incremental |
+-----------------+-------------+-------------+-------------+-------------+-------------+-------------+
| synth_design    |             |             |       00:06 |       00:06 |       00:06 |       00:06 |
| opt_design      |             |             |     < 1 min |     < 1 min |       00:01 |       00:01 |
| read_checkpoint |             |             |     < 1 min |     < 1 min |     < 1 min |     < 1 min |
+-----------------+-------------+-------------+-------------+-------------+-------------+-------------+


4. Non Reuse Information
------------------------

+------------------------------------------------------+------+
|                         Type                         |   %  |
+------------------------------------------------------+------+
| Non-Reused Cells                                     | 0.01 |
|   New                                                | 0.01 |
|   Discarded illegal placement due to netlist changes | 0.01 |
|   Discarded to improve timing                        | 0.01 |
| Partially reused nets                                | 0.03 |
| Non-Reused nets                                      | 0.02 |
| Non-Reused Ports                                     | 0.00 |
+------------------------------------------------------+------+


