Vivado Simulator 2019.2
Copyright 1986-1999, 2001-2019 Xilinx, Inc. All Rights Reserved.
Running: /home/fra/Desktop/Vivado/2019.2/bin/unwrapped/lnx64.o/xelab -wto 7dcef6e93976439f944b9c25831eb96b --incr --debug all --rangecheck --relax --mt 8 --maxdelay -L xil_defaultlib -L xilinx_vip -L simprims_ver -L secureip --snapshot tb_dtpu_time_synth -transport_int_delays -pulse_r 0 -pulse_int_r 0 -pulse_e 0 -pulse_int_e 0 xil_defaultlib.tb_dtpu xil_defaultlib.glbl -log elaborate.log 
Using 8 slave threads.
Starting static elaboration
Pass Through NonSizing Optimizer
Completed static elaboration
ERROR: [XSIM 43-3224] (SdfError)While parsing sdf file tb_dtpu_time_synth.sdf Line 14: Unexpected token ,.
ERROR: [XSIM 43-3224] (SdfError)While parsing sdf file tb_dtpu_time_synth.sdf Line 24: Unexpected token ,.
ERROR: [XSIM 43-3224] (SdfError)While parsing sdf file tb_dtpu_time_synth.sdf Line 34: Unexpected token ,.
ERROR: [XSIM 43-3224] (SdfError)While parsing sdf file tb_dtpu_time_synth.sdf Line 44: Unexpected token ,.
ERROR: [XSIM 43-3224] (SdfError)While parsing sdf file tb_dtpu_time_synth.sdf Line 54: Unexpected token ,.
ERROR: [XSIM 43-3224] (SdfError)While parsing sdf file tb_dtpu_time_synth.sdf Line 64: Unexpected token ,.
ERROR: [XSIM 43-3224] (SdfError)While parsing sdf file tb_dtpu_time_synth.sdf Line 74: Unexpected token ,.
ERROR: [XSIM 43-3224] (SdfError)While parsing sdf file tb_dtpu_time_synth.sdf Line 84: Unexpected token ,.
ERROR: [XSIM 43-3224] (SdfError)While parsing sdf file tb_dtpu_time_synth.sdf Line 94: Unexpected token ,.
ERROR: [XSIM 43-3224] (SdfError)While parsing sdf file tb_dtpu_time_synth.sdf Line 104: Unexpected token ,.
ERROR: [XSIM 43-3224] (SdfError)While parsing sdf file tb_dtpu_time_synth.sdf Line 114: Unexpected token ,.
ERROR: [XSIM 43-3224] (SdfError)While parsing sdf file tb_dtpu_time_synth.sdf Line 124: Unexpected token ,.
ERROR: [XSIM 43-3224] (SdfError)While parsing sdf file tb_dtpu_time_synth.sdf Line 134: Unexpected token ,.
ERROR: [XSIM 43-3224] (SdfError)While parsing sdf file tb_dtpu_time_synth.sdf Line 144: Unexpected token ,.
ERROR: [XSIM 43-3224] (SdfError)While parsing sdf file tb_dtpu_time_synth.sdf Line 154: Unexpected token ,.
ERROR: [XSIM 43-3224] (SdfError)While parsing sdf file tb_dtpu_time_synth.sdf Line 164: Unexpected token ,.
ERROR: [XSIM 43-3224] (SdfError)While parsing sdf file tb_dtpu_time_synth.sdf Line 174: Unexpected token ,.
ERROR: [XSIM 43-3224] (SdfError)While parsing sdf file tb_dtpu_time_synth.sdf Line 184: Unexpected token ,.
ERROR: [XSIM 43-3224] (SdfError)While parsing sdf file tb_dtpu_time_synth.sdf Line 194: Unexpected token ,.
ERROR: [XSIM 43-3224] (SdfError)While parsing sdf file tb_dtpu_time_synth.sdf Line 204: Unexpected token ,.
ERROR: [XSIM 43-3224] (SdfError)While parsing sdf file tb_dtpu_time_synth.sdf Line 214: Unexpected token ,.
ERROR: [XSIM 43-3224] (SdfError)While parsing sdf file tb_dtpu_time_synth.sdf Line 224: Unexpected token ,.
ERROR: [XSIM 43-3224] (SdfError)While parsing sdf file tb_dtpu_time_synth.sdf Line 234: Unexpected token ,.
ERROR: [XSIM 43-3224] (SdfError)While parsing sdf file tb_dtpu_time_synth.sdf Line 244: Unexpected token ,.
ERROR: [XSIM 43-3224] (SdfError)While parsing sdf file tb_dtpu_time_synth.sdf Line 254: Unexpected token ,.
ERROR: [XSIM 43-3224] (SdfError)While parsing sdf file tb_dtpu_time_synth.sdf Line 264: Unexpected token ,.
ERROR: [XSIM 43-3224] (SdfError)While parsing sdf file tb_dtpu_time_synth.sdf Line 274: Unexpected token ,.
ERROR: [XSIM 43-3224] (SdfError)While parsing sdf file tb_dtpu_time_synth.sdf Line 284: Unexpected token ,.
ERROR: [XSIM 43-3224] (SdfError)While parsing sdf file tb_dtpu_time_synth.sdf Line 294: Unexpected token ,.
ERROR: [XSIM 43-3224] (SdfError)While parsing sdf file tb_dtpu_time_synth.sdf Line 304: Unexpected token ,.
ERROR: [XSIM 43-3224] (SdfError)While parsing sdf file tb_dtpu_time_synth.sdf Line 314: Unexpected token ,.
ERROR: [XSIM 43-3224] (SdfError)While parsing sdf file tb_dtpu_time_synth.sdf Line 324: Unexpected token ,.
ERROR: [XSIM 43-3224] (SdfError)While parsing sdf file tb_dtpu_time_synth.sdf Line 334: Unexpected token ,.
ERROR: [XSIM 43-3224] (SdfError)While parsing sdf file tb_dtpu_time_synth.sdf Line 344: Unexpected token ,.
ERROR: [XSIM 43-3224] (SdfError)While parsing sdf file tb_dtpu_time_synth.sdf Line 354: Unexpected token ,.
ERROR: [XSIM 43-3224] (SdfError)While parsing sdf file tb_dtpu_time_synth.sdf Line 364: Unexpected token ,.
ERROR: [XSIM 43-3224] (SdfError)While parsing sdf file tb_dtpu_time_synth.sdf Line 374: Unexpected token ,.
ERROR: [XSIM 43-3224] (SdfError)While parsing sdf file tb_dtpu_time_synth.sdf Line 384: Unexpected token ,.
ERROR: [XSIM 43-3224] (SdfError)While parsing sdf file tb_dtpu_time_synth.sdf Line 394: Unexpected token ,.
ERROR: [XSIM 43-3224] (SdfError)While parsing sdf file tb_dtpu_time_synth.sdf Line 404: Unexpected token ,.
ERROR: [XSIM 43-3224] (SdfError)While parsing sdf file tb_dtpu_time_synth.sdf Line 414: Unexpected token ,.
ERROR: [XSIM 43-3224] (SdfError)While parsing sdf file tb_dtpu_time_synth.sdf Line 425: Unexpected token ,.
ERROR: [XSIM 43-3224] (SdfError)While parsing sdf file tb_dtpu_time_synth.sdf Line 436: Unexpected token ,.
ERROR: [XSIM 43-3224] (SdfError)While parsing sdf file tb_dtpu_time_synth.sdf Line 447: Unexpected token ,.
ERROR: [XSIM 43-3224] (SdfError)While parsing sdf file tb_dtpu_time_synth.sdf Line 458: Unexpected token ,.
ERROR: [XSIM 43-3224] (SdfError)While parsing sdf file tb_dtpu_time_synth.sdf Line 469: Unexpected token ,.
ERROR: [XSIM 43-3224] (SdfError)While parsing sdf file tb_dtpu_time_synth.sdf Line 480: Unexpected token ,.
ERROR: [XSIM 43-3224] (SdfError)While parsing sdf file tb_dtpu_time_synth.sdf Line 491: Unexpected token ,.
ERROR: [XSIM 43-3224] (SdfError)While parsing sdf file tb_dtpu_time_synth.sdf Line 502: Unexpected token ,.
ERROR: [XSIM 43-3224] (SdfError)While parsing sdf file tb_dtpu_time_synth.sdf Line 512: Unexpected token ,.
ERROR: [XSIM 43-3224] (SdfError)While parsing sdf file tb_dtpu_time_synth.sdf Line 522: Unexpected token ,.
ERROR: [XSIM 43-3224] (SdfError)While parsing sdf file tb_dtpu_time_synth.sdf Line 536: Unexpected token ,.
ERROR: [XSIM 43-3224] (SdfError)While parsing sdf file tb_dtpu_time_synth.sdf Line 548: Unexpected token ,.
ERROR: [XSIM 43-3224] (SdfError)While parsing sdf file tb_dtpu_time_synth.sdf Line 560: Unexpected token ,.
ERROR: [XSIM 43-3224] (SdfError)While parsing sdf file tb_dtpu_time_synth.sdf Line 571: Unexpected token ,.
ERROR: [XSIM 43-3224] (SdfError)While parsing sdf file tb_dtpu_time_synth.sdf Line 582: Unexpected token ,.
ERROR: [XSIM 43-3224] (SdfError)While parsing sdf file tb_dtpu_time_synth.sdf Line 593: Unexpected token ,.
ERROR: [XSIM 43-3224] (SdfError)While parsing sdf file tb_dtpu_time_synth.sdf Line 608: Unexpected token ,.
ERROR: [XSIM 43-3224] (SdfError)While parsing sdf file tb_dtpu_time_synth.sdf Line 621: Unexpected token ,.
ERROR: [XSIM 43-3224] (SdfError)While parsing sdf file tb_dtpu_time_synth.sdf Line 635: Unexpected token ,.
ERROR: [XSIM 43-3224] (SdfError)While parsing sdf file tb_dtpu_time_synth.sdf Line 649: Unexpected token ,.
ERROR: [XSIM 43-3224] (SdfError)While parsing sdf file tb_dtpu_time_synth.sdf Line 662: Unexpected token ,.
ERROR: [XSIM 43-3224] (SdfError)While parsing sdf file tb_dtpu_time_synth.sdf Line 847: Unexpected token ,.
ERROR: [XSIM 43-3224] (SdfError)While parsing sdf file tb_dtpu_time_synth.sdf Line 858: Unexpected token ,.
ERROR: [XSIM 43-3224] (SdfError)While parsing sdf file tb_dtpu_time_synth.sdf Line 870: Unexpected token ,.
ERROR: [XSIM 43-3224] (SdfError)While parsing sdf file tb_dtpu_time_synth.sdf Line 883: Unexpected token ,.
ERROR: [XSIM 43-3224] (SdfError)While parsing sdf file tb_dtpu_time_synth.sdf Line 965: Unexpected token ,.
ERROR: [XSIM 43-3224] (SdfError)While parsing sdf file tb_dtpu_time_synth.sdf Line 976: Unexpected token ,.
ERROR: [XSIM 43-3224] (SdfError)While parsing sdf file tb_dtpu_time_synth.sdf Line 1090: Unexpected token ,.
ERROR: [XSIM 43-3224] (SdfError)While parsing sdf file tb_dtpu_time_synth.sdf Line 1120: Unexpected token ,.
ERROR: [XSIM 43-3224] (SdfError)While parsing sdf file tb_dtpu_time_synth.sdf Line 1131: Unexpected token ,.
ERROR: [XSIM 43-3224] (SdfError)While parsing sdf file tb_dtpu_time_synth.sdf Line 1142: Unexpected token ,.
ERROR: [XSIM 43-3224] (SdfError)While parsing sdf file tb_dtpu_time_synth.sdf Line 1153: Unexpected token ,.
ERROR: [XSIM 43-3224] (SdfError)While parsing sdf file tb_dtpu_time_synth.sdf Line 1164: Unexpected token ,.
ERROR: [XSIM 43-3224] (SdfError)While parsing sdf file tb_dtpu_time_synth.sdf Line 1175: Unexpected token ,.
ERROR: [XSIM 43-3224] (SdfError)While parsing sdf file tb_dtpu_time_synth.sdf Line 1186: Unexpected token ,.
ERROR: [XSIM 43-3224] (SdfError)While parsing sdf file tb_dtpu_time_synth.sdf Line 1197: Unexpected token ,.
ERROR: [XSIM 43-3224] (SdfError)While parsing sdf file tb_dtpu_time_synth.sdf Line 1208: Unexpected token ,.
ERROR: [XSIM 43-3224] (SdfError)While parsing sdf file tb_dtpu_time_synth.sdf Line 1219: Unexpected token ,.
ERROR: [XSIM 43-3224] (SdfError)While parsing sdf file tb_dtpu_time_synth.sdf Line 1230: Unexpected token ,.
ERROR: [XSIM 43-3224] (SdfError)While parsing sdf file tb_dtpu_time_synth.sdf Line 1241: Unexpected token ,.
ERROR: [XSIM 43-3224] (SdfError)While parsing sdf file tb_dtpu_time_synth.sdf Line 1252: Unexpected token ,.
ERROR: [XSIM 43-3224] (SdfError)While parsing sdf file tb_dtpu_time_synth.sdf Line 1281: Unexpected token ,.
ERROR: [XSIM 43-3224] (SdfError)While parsing sdf file tb_dtpu_time_synth.sdf Line 1311: Unexpected token ,.
ERROR: [XSIM 43-3224] (SdfError)While parsing sdf file tb_dtpu_time_synth.sdf Line 1321: Unexpected token ,.
ERROR: [XSIM 43-3224] (SdfError)While parsing sdf file tb_dtpu_time_synth.sdf Line 1332: Unexpected token ,.
ERROR: [XSIM 43-3224] (SdfError)While parsing sdf file tb_dtpu_time_synth.sdf Line 1383: Unexpected token ,.
ERROR: [XSIM 43-3224] (SdfError)While parsing sdf file tb_dtpu_time_synth.sdf Line 1394: Unexpected token ,.
ERROR: [XSIM 43-3224] (SdfError)While parsing sdf file tb_dtpu_time_synth.sdf Line 1405: Unexpected token ,.
ERROR: [XSIM 43-3224] (SdfError)While parsing sdf file tb_dtpu_time_synth.sdf Line 1418: Unexpected token ,.
ERROR: [XSIM 43-3224] (SdfError)While parsing sdf file tb_dtpu_time_synth.sdf Line 1429: Unexpected token ,.
ERROR: [XSIM 43-3224] (SdfError)While parsing sdf file tb_dtpu_time_synth.sdf Line 1442: Unexpected token ,.
ERROR: [XSIM 43-3224] (SdfError)While parsing sdf file tb_dtpu_time_synth.sdf Line 1455: Unexpected token ,.
ERROR: [XSIM 43-3224] (SdfError)While parsing sdf file tb_dtpu_time_synth.sdf Line 1476: Unexpected token ,.
ERROR: [XSIM 43-3224] (SdfError)While parsing sdf file tb_dtpu_time_synth.sdf Line 1487: Unexpected token ,.
ERROR: [XSIM 43-3224] (SdfError)While parsing sdf file tb_dtpu_time_synth.sdf Line 1498: Unexpected token ,.
ERROR: [XSIM 43-3224] (SdfError)While parsing sdf file tb_dtpu_time_synth.sdf Line 1511: Unexpected token ,.
ERROR: [XSIM 43-3224] (SdfError)While parsing sdf file tb_dtpu_time_synth.sdf Line 1522: Unexpected token ,.
ERROR: [XSIM 43-3224] (SdfError)While parsing sdf file tb_dtpu_time_synth.sdf Line 1601: Unexpected token ,.
ERROR: [XSIM 43-3224] (SdfError)While parsing sdf file tb_dtpu_time_synth.sdf Line 2034: Unexpected token ,.
ERROR: [XSIM 43-3224] (SdfError)While parsing sdf file tb_dtpu_time_synth.sdf Line 2045: Unexpected token ,.
ERROR: [XSIM 43-3224] (SdfError)While parsing sdf file tb_dtpu_time_synth.sdf Line 2096: Unexpected token ,.
ERROR: [XSIM 43-3224] (SdfError)While parsing sdf file tb_dtpu_time_synth.sdf Line 2107: Unexpected token ,.
ERROR: [XSIM 43-3224] (SdfError)While parsing sdf file tb_dtpu_time_synth.sdf Line 2118: Unexpected token ,.
ERROR: [XSIM 43-3224] (SdfError)While parsing sdf file tb_dtpu_time_synth.sdf Line 2131: Unexpected token ,.
ERROR: [XSIM 43-3224] (SdfError)While parsing sdf file tb_dtpu_time_synth.sdf Line 2142: Unexpected token ,.
ERROR: [XSIM 43-3224] (SdfError)While parsing sdf file tb_dtpu_time_synth.sdf Line 2155: Unexpected token ,.
ERROR: [XSIM 43-3224] (SdfError)While parsing sdf file tb_dtpu_time_synth.sdf Line 2168: Unexpected token ,.
ERROR: [XSIM 43-3224] (SdfError)While parsing sdf file tb_dtpu_time_synth.sdf Line 2189: Unexpected token ,.
ERROR: [XSIM 43-3224] (SdfError)While parsing sdf file tb_dtpu_time_synth.sdf Line 2200: Unexpected token ,.
ERROR: [XSIM 43-3224] (SdfError)While parsing sdf file tb_dtpu_time_synth.sdf Line 2211: Unexpected token ,.
ERROR: [XSIM 43-3224] (SdfError)While parsing sdf file tb_dtpu_time_synth.sdf Line 2224: Unexpected token ,.
ERROR: [XSIM 43-3224] (SdfError)While parsing sdf file tb_dtpu_time_synth.sdf Line 2235: Unexpected token ,.
ERROR: [XSIM 43-3224] (SdfError)While parsing sdf file tb_dtpu_time_synth.sdf Line 2314: Unexpected token ,.
ERROR: [XSIM 43-3224] (SdfError)While parsing sdf file tb_dtpu_time_synth.sdf Line 2677: Unexpected token ,.
ERROR: [XSIM 43-3224] (SdfError)While parsing sdf file tb_dtpu_time_synth.sdf Line 2757: Unexpected token ,.
ERROR: [XSIM 43-3224] (SdfError)While parsing sdf file tb_dtpu_time_synth.sdf Line 2768: Unexpected token ,.
ERROR: [XSIM 43-3224] (SdfError)While parsing sdf file tb_dtpu_time_synth.sdf Line 2819: Unexpected token ,.
ERROR: [XSIM 43-3224] (SdfError)While parsing sdf file tb_dtpu_time_synth.sdf Line 2830: Unexpected token ,.
ERROR: [XSIM 43-3224] (SdfError)While parsing sdf file tb_dtpu_time_synth.sdf Line 2841: Unexpected token ,.
ERROR: [XSIM 43-3224] (SdfError)While parsing sdf file tb_dtpu_time_synth.sdf Line 2854: Unexpected token ,.
ERROR: [XSIM 43-3224] (SdfError)While parsing sdf file tb_dtpu_time_synth.sdf Line 2865: Unexpected token ,.
ERROR: [XSIM 43-3224] (SdfError)While parsing sdf file tb_dtpu_time_synth.sdf Line 2878: Unexpected token ,.
ERROR: [XSIM 43-3224] (SdfError)While parsing sdf file tb_dtpu_time_synth.sdf Line 2891: Unexpected token ,.
ERROR: [XSIM 43-3224] (SdfError)While parsing sdf file tb_dtpu_time_synth.sdf Line 2912: Unexpected token ,.
ERROR: [XSIM 43-3224] (SdfError)While parsing sdf file tb_dtpu_time_synth.sdf Line 2923: Unexpected token ,.
ERROR: [XSIM 43-3224] (SdfError)While parsing sdf file tb_dtpu_time_synth.sdf Line 2934: Unexpected token ,.
ERROR: [XSIM 43-3224] (SdfError)While parsing sdf file tb_dtpu_time_synth.sdf Line 2947: Unexpected token ,.
ERROR: [XSIM 43-3224] (SdfError)While parsing sdf file tb_dtpu_time_synth.sdf Line 2958: Unexpected token ,.
ERROR: [XSIM 43-3224] (SdfError)While parsing sdf file tb_dtpu_time_synth.sdf Line 3037: Unexpected token ,.
ERROR: [XSIM 43-3224] (SdfError)While parsing sdf file tb_dtpu_time_synth.sdf Line 3606: Unexpected token ,.
ERROR: [XSIM 43-3224] (SdfError)While parsing sdf file tb_dtpu_time_synth.sdf Line 3616: Unexpected token ,.
ERROR: [XSIM 43-3224] (SdfError)While parsing sdf file tb_dtpu_time_synth.sdf Line 3626: Unexpected token ,.
ERROR: [XSIM 43-3224] (SdfError)While parsing sdf file tb_dtpu_time_synth.sdf Line 3636: Unexpected token ,.
ERROR: [XSIM 43-3224] (SdfError)While parsing sdf file tb_dtpu_time_synth.sdf Line 3646: Unexpected token ,.
ERROR: [XSIM 43-3224] (SdfError)While parsing sdf file tb_dtpu_time_synth.sdf Line 3656: Unexpected token ,.
ERROR: [XSIM 43-3224] (SdfError)While parsing sdf file tb_dtpu_time_synth.sdf Line 3666: Unexpected token ,.
ERROR: [XSIM 43-3224] (SdfError)While parsing sdf file tb_dtpu_time_synth.sdf Line 3676: Unexpected token ,.
ERROR: [XSIM 43-3224] (SdfError)While parsing sdf file tb_dtpu_time_synth.sdf Line 3686: Unexpected token ,.
ERROR: [XSIM 43-3224] (SdfError)While parsing sdf file tb_dtpu_time_synth.sdf Line 3696: Unexpected token ,.
ERROR: [XSIM 43-3224] (SdfError)While parsing sdf file tb_dtpu_time_synth.sdf Line 3706: Unexpected token ,.
ERROR: [XSIM 43-3224] (SdfError)While parsing sdf file tb_dtpu_time_synth.sdf Line 3716: Unexpected token ,.
ERROR: [XSIM 43-3224] (SdfError)While parsing sdf file tb_dtpu_time_synth.sdf Line 3726: Unexpected token ,.
ERROR: [XSIM 43-3224] (SdfError)While parsing sdf file tb_dtpu_time_synth.sdf Line 3940: Unexpected token ,.
ERROR: [XSIM 43-3224] (SdfError)While parsing sdf file tb_dtpu_time_synth.sdf Line 3950: Unexpected token ,.
ERROR: [XSIM 43-3224] (SdfError)While parsing sdf file tb_dtpu_time_synth.sdf Line 3960: Unexpected token ,.
ERROR: [XSIM 43-3224] (SdfError)While parsing sdf file tb_dtpu_time_synth.sdf Line 3970: Unexpected token ,.
ERROR: [XSIM 43-3224] (SdfError)While parsing sdf file tb_dtpu_time_synth.sdf Line 3980: Unexpected token ,.
ERROR: [XSIM 43-3224] (SdfError)While parsing sdf file tb_dtpu_time_synth.sdf Line 3990: Unexpected token ,.
ERROR: [XSIM 43-3224] (SdfError)While parsing sdf file tb_dtpu_time_synth.sdf Line 4000: Unexpected token ,.
ERROR: [XSIM 43-3224] (SdfError)While parsing sdf file tb_dtpu_time_synth.sdf Line 4010: Unexpected token ,.
ERROR: [XSIM 43-3224] (SdfError)While parsing sdf file tb_dtpu_time_synth.sdf Line 4020: Unexpected token ,.
ERROR: [XSIM 43-3224] (SdfError)While parsing sdf file tb_dtpu_time_synth.sdf Line 4030: Unexpected token ,.
ERROR: [XSIM 43-3224] (SdfError)While parsing sdf file tb_dtpu_time_synth.sdf Line 4040: Unexpected token ,.
ERROR: [XSIM 43-3224] (SdfError)While parsing sdf file tb_dtpu_time_synth.sdf Line 4050: Unexpected token ,.
ERROR: [XSIM 43-3224] (SdfError)While parsing sdf file tb_dtpu_time_synth.sdf Line 4060: Unexpected token ,.
ERROR: [XSIM 43-3224] (SdfError)While parsing sdf file tb_dtpu_time_synth.sdf Line 4070: Unexpected token ,.
ERROR: [XSIM 43-3224] (SdfError)While parsing sdf file tb_dtpu_time_synth.sdf Line 4080: Unexpected token ,.
ERROR: [XSIM 43-3224] (SdfError)While parsing sdf file tb_dtpu_time_synth.sdf Line 4090: Unexpected token ,.
ERROR: [XSIM 43-3224] (SdfError)While parsing sdf file tb_dtpu_time_synth.sdf Line 4100: Unexpected token ,.
ERROR: [XSIM 43-3224] (SdfError)While parsing sdf file tb_dtpu_time_synth.sdf Line 4110: Unexpected token ,.
ERROR: [XSIM 43-3224] (SdfError)While parsing sdf file tb_dtpu_time_synth.sdf Line 4120: Unexpected token ,.
ERROR: [XSIM 43-3224] (SdfError)While parsing sdf file tb_dtpu_time_synth.sdf Line 4130: Unexpected token ,.
ERROR: [XSIM 43-3224] (SdfError)While parsing sdf file tb_dtpu_time_synth.sdf Line 4140: Unexpected token ,.
ERROR: [XSIM 43-3224] (SdfError)While parsing sdf file tb_dtpu_time_synth.sdf Line 4150: Unexpected token ,.
ERROR: [XSIM 43-3224] (SdfError)While parsing sdf file tb_dtpu_time_synth.sdf Line 4160: Unexpected token ,.
ERROR: [XSIM 43-3224] (SdfError)While parsing sdf file tb_dtpu_time_synth.sdf Line 4170: Unexpected token ,.
ERROR: [XSIM 43-3224] (SdfError)While parsing sdf file tb_dtpu_time_synth.sdf Line 4180: Unexpected token ,.
ERROR: [XSIM 43-3224] (SdfError)While parsing sdf file tb_dtpu_time_synth.sdf Line 4190: Unexpected token ,.
ERROR: [XSIM 43-3224] (SdfError)While parsing sdf file tb_dtpu_time_synth.sdf Line 4200: Unexpected token ,.
ERROR: [XSIM 43-3224] (SdfError)While parsing sdf file tb_dtpu_time_synth.sdf Line 4210: Unexpected token ,.
ERROR: [XSIM 43-3224] (SdfError)While parsing sdf file tb_dtpu_time_synth.sdf Line 4220: Unexpected token ,.
ERROR: [XSIM 43-3224] (SdfError)While parsing sdf file tb_dtpu_time_synth.sdf Line 4230: Unexpected token ,.
ERROR: [XSIM 43-3224] (SdfError)While parsing sdf file tb_dtpu_time_synth.sdf Line 4240: Unexpected token ,.
ERROR: [XSIM 43-3224] (SdfError)While parsing sdf file tb_dtpu_time_synth.sdf Line 4250: Unexpected token ,.
ERROR: [XSIM 43-3224] (SdfError)While parsing sdf file tb_dtpu_time_synth.sdf Line 4260: Unexpected token ,.
ERROR: [XSIM 43-3224] (SdfError)While parsing sdf file tb_dtpu_time_synth.sdf Line 4270: Unexpected token ,.
ERROR: [XSIM 43-3224] (SdfError)While parsing sdf file tb_dtpu_time_synth.sdf Line 4280: Unexpected token ,.
ERROR: [XSIM 43-3224] (SdfError)While parsing sdf file tb_dtpu_time_synth.sdf Line 4290: Unexpected token ,.
ERROR: [XSIM 43-3224] (SdfError)While parsing sdf file tb_dtpu_time_synth.sdf Line 4300: Unexpected token ,.
ERROR: [XSIM 43-3224] (SdfError)While parsing sdf file tb_dtpu_time_synth.sdf Line 4310: Unexpected token ,.
ERROR: [XSIM 43-3224] (SdfError)While parsing sdf file tb_dtpu_time_synth.sdf Line 4320: Unexpected token ,.
ERROR: [XSIM 43-3224] (SdfError)While parsing sdf file tb_dtpu_time_synth.sdf Line 4330: Unexpected token ,.
ERROR: [XSIM 43-3224] (SdfError)While parsing sdf file tb_dtpu_time_synth.sdf Line 4340: Unexpected token ,.
ERROR: [XSIM 43-3224] (SdfError)While parsing sdf file tb_dtpu_time_synth.sdf Line 4350: Unexpected token ,.
ERROR: [XSIM 43-3224] (SdfError)While parsing sdf file tb_dtpu_time_synth.sdf Line 4360: Unexpected token ,.
ERROR: [XSIM 43-3224] (SdfError)While parsing sdf file tb_dtpu_time_synth.sdf Line 4370: Unexpected token ,.
ERROR: [XSIM 43-3224] (SdfError)While parsing sdf file tb_dtpu_time_synth.sdf Line 4380: Unexpected token ,.
ERROR: [XSIM 43-3224] (SdfError)While parsing sdf file tb_dtpu_time_synth.sdf Line 4390: Unexpected token ,.
ERROR: [XSIM 43-3224] (SdfError)While parsing sdf file tb_dtpu_time_synth.sdf Line 4400: Unexpected token ,.
ERROR: [XSIM 43-3224] (SdfError)While parsing sdf file tb_dtpu_time_synth.sdf Line 4410: Unexpected token ,.
ERROR: [XSIM 43-3224] (SdfError)While parsing sdf file tb_dtpu_time_synth.sdf Line 4420: Unexpected token ,.
ERROR: [XSIM 43-3224] (SdfError)While parsing sdf file tb_dtpu_time_synth.sdf Line 4430: Unexpected token ,.
ERROR: [XSIM 43-3224] (SdfError)While parsing sdf file tb_dtpu_time_synth.sdf Line 4440: Unexpected token ,.
ERROR: [XSIM 43-3224] (SdfError)While parsing sdf file tb_dtpu_time_synth.sdf Line 4450: Unexpected token ,.
ERROR: [XSIM 43-3224] (SdfError)While parsing sdf file tb_dtpu_time_synth.sdf Line 4460: Unexpected token ,.
ERROR: [XSIM 43-3224] (SdfError)While parsing sdf file tb_dtpu_time_synth.sdf Line 4470: Unexpected token ,.
ERROR: [XSIM 43-3224] (SdfError)While parsing sdf file tb_dtpu_time_synth.sdf Line 4480: Unexpected token ,.
ERROR: [XSIM 43-3224] (SdfError)While parsing sdf file tb_dtpu_time_synth.sdf Line 4490: Unexpected token ,.
ERROR: [XSIM 43-3224] (SdfError)While parsing sdf file tb_dtpu_time_synth.sdf Line 4500: Unexpected token ,.
ERROR: [XSIM 43-3224] (SdfError)While parsing sdf file tb_dtpu_time_synth.sdf Line 4510: Unexpected token ,.
ERROR: [XSIM 43-3224] (SdfError)While parsing sdf file tb_dtpu_time_synth.sdf Line 4520: Unexpected token ,.
ERROR: [XSIM 43-3224] (SdfError)While parsing sdf file tb_dtpu_time_synth.sdf Line 4530: Unexpected token ,.
ERROR: [XSIM 43-3224] (SdfError)While parsing sdf file tb_dtpu_time_synth.sdf Line 4540: Unexpected token ,.
ERROR: [XSIM 43-3224] (SdfError)While parsing sdf file tb_dtpu_time_synth.sdf Line 4550: Unexpected token ,.
ERROR: [XSIM 43-3224] (SdfError)While parsing sdf file tb_dtpu_time_synth.sdf Line 4560: Unexpected token ,.
ERROR: [XSIM 43-3224] (SdfError)While parsing sdf file tb_dtpu_time_synth.sdf Line 4570: Unexpected token ,.
ERROR: [XSIM 43-3224] (SdfError)While parsing sdf file tb_dtpu_time_synth.sdf Line 4580: Unexpected token ,.
ERROR: [XSIM 43-3224] (SdfError)While parsing sdf file tb_dtpu_time_synth.sdf Line 4590: Unexpected token ,.
ERROR: [XSIM 43-3224] (SdfError)While parsing sdf file tb_dtpu_time_synth.sdf Line 4600: Unexpected token ,.
ERROR: [XSIM 43-3224] (SdfError)While parsing sdf file tb_dtpu_time_synth.sdf Line 4610: Unexpected token ,.
ERROR: [XSIM 43-3224] (SdfError)While parsing sdf file tb_dtpu_time_synth.sdf Line 4620: Unexpected token ,.
ERROR: [XSIM 43-3224] (SdfError)While parsing sdf file tb_dtpu_time_synth.sdf Line 4902: Unexpected token ,.
ERROR: [XSIM 43-3224] (SdfError)While parsing sdf file tb_dtpu_time_synth.sdf Line 4912: Unexpected token ,.
ERROR: [XSIM 43-3224] (SdfError)While parsing sdf file tb_dtpu_time_synth.sdf Line 4922: Unexpected token ,.
ERROR: [XSIM 43-3224] (SdfError)While parsing sdf file tb_dtpu_time_synth.sdf Line 4932: Unexpected token ,.
ERROR: [XSIM 43-3224] (SdfError)While parsing sdf file tb_dtpu_time_synth.sdf Line 4942: Unexpected token ,.
ERROR: [XSIM 43-3224] (SdfError)While parsing sdf file tb_dtpu_time_synth.sdf Line 4952: Unexpected token ,.
ERROR: [XSIM 43-3224] (SdfError)While parsing sdf file tb_dtpu_time_synth.sdf Line 4962: Unexpected token ,.
ERROR: [XSIM 43-3224] (SdfError)While parsing sdf file tb_dtpu_time_synth.sdf Line 4972: Unexpected token ,.
ERROR: [XSIM 43-3224] (SdfError)While parsing sdf file tb_dtpu_time_synth.sdf Line 4982: Unexpected token ,.
ERROR: [XSIM 43-3224] (SdfError)While parsing sdf file tb_dtpu_time_synth.sdf Line 4992: Unexpected token ,.
ERROR: [XSIM 43-3224] (SdfError)While parsing sdf file tb_dtpu_time_synth.sdf Line 5002: Unexpected token ,.
ERROR: [XSIM 43-3224] (SdfError)While parsing sdf file tb_dtpu_time_synth.sdf Line 5012: Unexpected token ,.
ERROR: [XSIM 43-3224] (SdfError)While parsing sdf file tb_dtpu_time_synth.sdf Line 5022: Unexpected token ,.
ERROR: [XSIM 43-3224] (SdfError)While parsing sdf file tb_dtpu_time_synth.sdf Line 5032: Unexpected token ,.
ERROR: [XSIM 43-3224] (SdfError)While parsing sdf file tb_dtpu_time_synth.sdf Line 5042: Unexpected token ,.
ERROR: [XSIM 43-3224] (SdfError)While parsing sdf file tb_dtpu_time_synth.sdf Line 5052: Unexpected token ,.
ERROR: [XSIM 43-3224] (SdfError)While parsing sdf file tb_dtpu_time_synth.sdf Line 5062: Unexpected token ,.
ERROR: [XSIM 43-3224] (SdfError)While parsing sdf file tb_dtpu_time_synth.sdf Line 5072: Unexpected token ,.
ERROR: [XSIM 43-3224] (SdfError)While parsing sdf file tb_dtpu_time_synth.sdf Line 5082: Unexpected token ,.
ERROR: [XSIM 43-3224] (SdfError)While parsing sdf file tb_dtpu_time_synth.sdf Line 5092: Unexpected token ,.
ERROR: [XSIM 43-3224] (SdfError)While parsing sdf file tb_dtpu_time_synth.sdf Line 5102: Unexpected token ,.
ERROR: [XSIM 43-3224] (SdfError)While parsing sdf file tb_dtpu_time_synth.sdf Line 5112: Unexpected token ,.
ERROR: [XSIM 43-3224] (SdfError)While parsing sdf file tb_dtpu_time_synth.sdf Line 5122: Unexpected token ,.
ERROR: [XSIM 43-3224] (SdfError)While parsing sdf file tb_dtpu_time_synth.sdf Line 5132: Unexpected token ,.
ERROR: [XSIM 43-3224] (SdfError)While parsing sdf file tb_dtpu_time_synth.sdf Line 5142: Unexpected token ,.
ERROR: [XSIM 43-3224] (SdfError)While parsing sdf file tb_dtpu_time_synth.sdf Line 5152: Unexpected token ,.
ERROR: [XSIM 43-3224] (SdfError)While parsing sdf file tb_dtpu_time_synth.sdf Line 5162: Unexpected token ,.
ERROR: [XSIM 43-3224] (SdfError)While parsing sdf file tb_dtpu_time_synth.sdf Line 5172: Unexpected token ,.
ERROR: [XSIM 43-3224] (SdfError)While parsing sdf file tb_dtpu_time_synth.sdf Line 5182: Unexpected token ,.
ERROR: [XSIM 43-3224] (SdfError)While parsing sdf file tb_dtpu_time_synth.sdf Line 5192: Unexpected token ,.
ERROR: [XSIM 43-3224] (SdfError)While parsing sdf file tb_dtpu_time_synth.sdf Line 5202: Unexpected token ,.
ERROR: [XSIM 43-3224] (SdfError)While parsing sdf file tb_dtpu_time_synth.sdf Line 5212: Unexpected token ,.
ERROR: [XSIM 43-3224] (SdfError)While parsing sdf file tb_dtpu_time_synth.sdf Line 5222: Unexpected token ,.
ERROR: [XSIM 43-3224] (SdfError)While parsing sdf file tb_dtpu_time_synth.sdf Line 5232: Unexpected token ,.
ERROR: [XSIM 43-3224] (SdfError)While parsing sdf file tb_dtpu_time_synth.sdf Line 5242: Unexpected token ,.
ERROR: [XSIM 43-3224] (SdfError)While parsing sdf file tb_dtpu_time_synth.sdf Line 5252: Unexpected token ,.
ERROR: [XSIM 43-3224] (SdfError)While parsing sdf file tb_dtpu_time_synth.sdf Line 5263: Unexpected token ,.
ERROR: [XSIM 43-3224] (SdfError)While parsing sdf file tb_dtpu_time_synth.sdf Line 5274: Unexpected token ,.
ERROR: [XSIM 43-3224] (SdfError)While parsing sdf file tb_dtpu_time_synth.sdf Line 5285: Unexpected token ,.
ERROR: [XSIM 43-3224] (SdfError)While parsing sdf file tb_dtpu_time_synth.sdf Line 5296: Unexpected token ,.
ERROR: [XSIM 43-3224] (SdfError)While parsing sdf file tb_dtpu_time_synth.sdf Line 5307: Unexpected token ,.
ERROR: [XSIM 43-3224] (SdfError)While parsing sdf file tb_dtpu_time_synth.sdf Line 5318: Unexpected token ,.
ERROR: [XSIM 43-3224] (SdfError)While parsing sdf file tb_dtpu_time_synth.sdf Line 5329: Unexpected token ,.
ERROR: [XSIM 43-3224] (SdfError)While parsing sdf file tb_dtpu_time_synth.sdf Line 5340: Unexpected token ,.
ERROR: [XSIM 43-3224] (SdfError)While parsing sdf file tb_dtpu_time_synth.sdf Line 5351: Unexpected token ,.
ERROR: [XSIM 43-3224] (SdfError)While parsing sdf file tb_dtpu_time_synth.sdf Line 5362: Unexpected token ,.
ERROR: [XSIM 43-3224] (SdfError)While parsing sdf file tb_dtpu_time_synth.sdf Line 5373: Unexpected token ,.
ERROR: [XSIM 43-3224] (SdfError)While parsing sdf file tb_dtpu_time_synth.sdf Line 5384: Unexpected token ,.
ERROR: [XSIM 43-3224] (SdfError)While parsing sdf file tb_dtpu_time_synth.sdf Line 5395: Unexpected token ,.
ERROR: [XSIM 43-3224] (SdfError)While parsing sdf file tb_dtpu_time_synth.sdf Line 5406: Unexpected token ,.
ERROR: [XSIM 43-3224] (SdfError)While parsing sdf file tb_dtpu_time_synth.sdf Line 5417: Unexpected token ,.
ERROR: [XSIM 43-3224] (SdfError)While parsing sdf file tb_dtpu_time_synth.sdf Line 5428: Unexpected token ,.
ERROR: [XSIM 43-3224] (SdfError)While parsing sdf file tb_dtpu_time_synth.sdf Line 5439: Unexpected token ,.
ERROR: [XSIM 43-3224] (SdfError)While parsing sdf file tb_dtpu_time_synth.sdf Line 5450: Unexpected token ,.
ERROR: [XSIM 43-3224] (SdfError)While parsing sdf file tb_dtpu_time_synth.sdf Line 5461: Unexpected token ,.
ERROR: [XSIM 43-3224] (SdfError)While parsing sdf file tb_dtpu_time_synth.sdf Line 5472: Unexpected token ,.
ERROR: [XSIM 43-3224] (SdfError)While parsing sdf file tb_dtpu_time_synth.sdf Line 5483: Unexpected token ,.
ERROR: [XSIM 43-3224] (SdfError)While parsing sdf file tb_dtpu_time_synth.sdf Line 5494: Unexpected token ,.
ERROR: [XSIM 43-3224] (SdfError)While parsing sdf file tb_dtpu_time_synth.sdf Line 5505: Unexpected token ,.
ERROR: [XSIM 43-3224] (SdfError)While parsing sdf file tb_dtpu_time_synth.sdf Line 5516: Unexpected token ,.
ERROR: [XSIM 43-3224] (SdfError)While parsing sdf file tb_dtpu_time_synth.sdf Line 5527: Unexpected token ,.
ERROR: [XSIM 43-3224] (SdfError)While parsing sdf file tb_dtpu_time_synth.sdf Line 5538: Unexpected token ,.
ERROR: [XSIM 43-3224] (SdfError)While parsing sdf file tb_dtpu_time_synth.sdf Line 5549: Unexpected token ,.
ERROR: [XSIM 43-3224] (SdfError)While parsing sdf file tb_dtpu_time_synth.sdf Line 5560: Unexpected token ,.
ERROR: [XSIM 43-3224] (SdfError)While parsing sdf file tb_dtpu_time_synth.sdf Line 5571: Unexpected token ,.
ERROR: [XSIM 43-3224] (SdfError)While parsing sdf file tb_dtpu_time_synth.sdf Line 5582: Unexpected token ,.
ERROR: [XSIM 43-3224] (SdfError)While parsing sdf file tb_dtpu_time_synth.sdf Line 5593: Unexpected token ,.
ERROR: [XSIM 43-3224] (SdfError)While parsing sdf file tb_dtpu_time_synth.sdf Line 5604: Unexpected token ,.
ERROR: [XSIM 43-3224] (SdfError)While parsing sdf file tb_dtpu_time_synth.sdf Line 5615: Unexpected token ,.
ERROR: [XSIM 43-3224] (SdfError)While parsing sdf file tb_dtpu_time_synth.sdf Line 5626: Unexpected token ,.
ERROR: [XSIM 43-3224] (SdfError)While parsing sdf file tb_dtpu_time_synth.sdf Line 5637: Unexpected token ,.
ERROR: [XSIM 43-3224] (SdfError)While parsing sdf file tb_dtpu_time_synth.sdf Line 5648: Unexpected token ,.
ERROR: [XSIM 43-3224] (SdfError)While parsing sdf file tb_dtpu_time_synth.sdf Line 5659: Unexpected token ,.
ERROR: [XSIM 43-3224] (SdfError)While parsing sdf file tb_dtpu_time_synth.sdf Line 5670: Unexpected token ,.
ERROR: [XSIM 43-3224] (SdfError)While parsing sdf file tb_dtpu_time_synth.sdf Line 5681: Unexpected token ,.
ERROR: [XSIM 43-3224] (SdfError)While parsing sdf file tb_dtpu_time_synth.sdf Line 5692: Unexpected token ,.
ERROR: [XSIM 43-3224] (SdfError)While parsing sdf file tb_dtpu_time_synth.sdf Line 5703: Unexpected token ,.
ERROR: [XSIM 43-3224] (SdfError)While parsing sdf file tb_dtpu_time_synth.sdf Line 5714: Unexpected token ,.
ERROR: [XSIM 43-3224] (SdfError)While parsing sdf file tb_dtpu_time_synth.sdf Line 5725: Unexpected token ,.
ERROR: [XSIM 43-3224] (SdfError)While parsing sdf file tb_dtpu_time_synth.sdf Line 5736: Unexpected token ,.
ERROR: [XSIM 43-3224] (SdfError)While parsing sdf file tb_dtpu_time_synth.sdf Line 5747: Unexpected token ,.
ERROR: [XSIM 43-3224] (SdfError)While parsing sdf file tb_dtpu_time_synth.sdf Line 5758: Unexpected token ,.
ERROR: [XSIM 43-3224] (SdfError)While parsing sdf file tb_dtpu_time_synth.sdf Line 5769: Unexpected token ,.
ERROR: [XSIM 43-3224] (SdfError)While parsing sdf file tb_dtpu_time_synth.sdf Line 5780: Unexpected token ,.
ERROR: [XSIM 43-3224] (SdfError)While parsing sdf file tb_dtpu_time_synth.sdf Line 5791: Unexpected token ,.
ERROR: [XSIM 43-3224] (SdfError)While parsing sdf file tb_dtpu_time_synth.sdf Line 5802: Unexpected token ,.
ERROR: [XSIM 43-3224] (SdfError)While parsing sdf file tb_dtpu_time_synth.sdf Line 5813: Unexpected token ,.
ERROR: [XSIM 43-3224] (SdfError)While parsing sdf file tb_dtpu_time_synth.sdf Line 5824: Unexpected token ,.
ERROR: [XSIM 43-3224] (SdfError)While parsing sdf file tb_dtpu_time_synth.sdf Line 5835: Unexpected token ,.
ERROR: [XSIM 43-3224] (SdfError)While parsing sdf file tb_dtpu_time_synth.sdf Line 5846: Unexpected token ,.
ERROR: [XSIM 43-3224] (SdfError)While parsing sdf file tb_dtpu_time_synth.sdf Line 5857: Unexpected token ,.
ERROR: [XSIM 43-3224] (SdfError)While parsing sdf file tb_dtpu_time_synth.sdf Line 5868: Unexpected token ,.
ERROR: [XSIM 43-3224] (SdfError)While parsing sdf file tb_dtpu_time_synth.sdf Line 5879: Unexpected token ,.
ERROR: [XSIM 43-3224] (SdfError)While parsing sdf file tb_dtpu_time_synth.sdf Line 5890: Unexpected token ,.
ERROR: [XSIM 43-3224] (SdfError)While parsing sdf file tb_dtpu_time_synth.sdf Line 5901: Unexpected token ,.
ERROR: [XSIM 43-3224] (SdfError)While parsing sdf file tb_dtpu_time_synth.sdf Line 5912: Unexpected token ,.
ERROR: [XSIM 43-3224] (SdfError)While parsing sdf file tb_dtpu_time_synth.sdf Line 5923: Unexpected token ,.
ERROR: [XSIM 43-3224] (SdfError)While parsing sdf file tb_dtpu_time_synth.sdf Line 5934: Unexpected token ,.
ERROR: [XSIM 43-3224] (SdfError)While parsing sdf file tb_dtpu_time_synth.sdf Line 5945: Unexpected token ,.
ERROR: [XSIM 43-3224] (SdfError)While parsing sdf file tb_dtpu_time_synth.sdf Line 5956: Unexpected token ,.
ERROR: [XSIM 43-3224] (SdfError)While parsing sdf file tb_dtpu_time_synth.sdf Line 5966: Unexpected token ,.
ERROR: [XSIM 43-3224] (SdfError)While parsing sdf file tb_dtpu_time_synth.sdf Line 5976: Unexpected token ,.
ERROR: [XSIM 43-3224] (SdfError)While parsing sdf file tb_dtpu_time_synth.sdf Line 5986: Unexpected token ,.
ERROR: [XSIM 43-3224] (SdfError)While parsing sdf file tb_dtpu_time_synth.sdf Line 5996: Unexpected token ,.
ERROR: [XSIM 43-3224] (SdfError)While parsing sdf file tb_dtpu_time_synth.sdf Line 6006: Unexpected token ,.
ERROR: [XSIM 43-3224] (SdfError)While parsing sdf file tb_dtpu_time_synth.sdf Line 6016: Unexpected token ,.
ERROR: [XSIM 43-3224] (SdfError)While parsing sdf file tb_dtpu_time_synth.sdf Line 6026: Unexpected token ,.
ERROR: [XSIM 43-3224] (SdfError)While parsing sdf file tb_dtpu_time_synth.sdf Line 6036: Unexpected token ,.
ERROR: [XSIM 43-3224] (SdfError)While parsing sdf file tb_dtpu_time_synth.sdf Line 6046: Unexpected token ,.
ERROR: [XSIM 43-3224] (SdfError)While parsing sdf file tb_dtpu_time_synth.sdf Line 6056: Unexpected token ,.
ERROR: [XSIM 43-3224] (SdfError)While parsing sdf file tb_dtpu_time_synth.sdf Line 6066: Unexpected token ,.
ERROR: [XSIM 43-3224] (SdfError)While parsing sdf file tb_dtpu_time_synth.sdf Line 6076: Unexpected token ,.
ERROR: [XSIM 43-3224] (SdfError)While parsing sdf file tb_dtpu_time_synth.sdf Line 6086: Unexpected token ,.
Starting simulation data flow analysis
Completed simulation data flow analysis
INFO: [XSIM 43-3451] SDF backannotation process started with SDF file "tb_dtpu_time_synth.sdf", for root module "tb_dtpu/uut".
INFO: [XSIM 43-3452] SDF backannotation was successful for SDF file "tb_dtpu_time_synth.sdf", for root module "tb_dtpu/uut".
Time Resolution for simulation is 1ps
Compiling module simprims_ver.IBUF
Compiling module simprims_ver.OBUF
Compiling module simprims_ver.OBUFT
Compiling module simprims_ver.LUT5
Compiling module simprims_ver.x_lut3_mux8
Compiling module simprims_ver.LUT3
Compiling module simprims_ver.x_lut2_mux4
Compiling module simprims_ver.LUT2
Compiling module simprims_ver.LUT6
Compiling module simprims_ver.LUT4
Compiling module simprims_ver.FDSE_default
Compiling module simprims_ver.FDRE_default
Compiling module xil_defaultlib.control_unit
Compiling module simprims_ver.GND
Compiling module simprims_ver.CARRY4
Compiling module xil_defaultlib.mult_gen_v12_0_16__1
Compiling module xil_defaultlib.mult_gen_0__1
Compiling module xil_defaultlib.register_27
Compiling module xil_defaultlib.register_28
Compiling module simprims_ver.DSP48E1(ADREG=0,CARRYINSELREG=0,...
Compiling module xil_defaultlib.xbip_multadd_v3_0_15__6
Compiling module xil_defaultlib.vivado_mac__6
Compiling module xil_defaultlib.mxu_mac__xdcDup__1
Compiling module xil_defaultlib.register_21
Compiling module xil_defaultlib.register_22
Compiling module xil_defaultlib.xbip_multadd_v3_0_15__7
Compiling module xil_defaultlib.vivado_mac__7
Compiling module xil_defaultlib.mxu_mac__xdcDup__2
Compiling module xil_defaultlib.mult_gen_v12_0_16__2
Compiling module xil_defaultlib.mult_gen_0__2
Compiling module xil_defaultlib.register_15
Compiling module xil_defaultlib.register_16
Compiling module xil_defaultlib.xbip_multadd_v3_0_15__8
Compiling module xil_defaultlib.vivado_mac__8
Compiling module xil_defaultlib.mxu_mac__xdcDup__3
Compiling module xil_defaultlib.register_9
Compiling module simprims_ver.x_lut1_mux2
Compiling module simprims_ver.LUT1
Compiling module xil_defaultlib.register_10
Compiling module xil_defaultlib.xbip_multadd_v3_0_15__9
Compiling module xil_defaultlib.vivado_mac__9
Compiling module xil_defaultlib.mxu_mac__xdcDup__4
Compiling module xil_defaultlib.mult_gen_v12_0_16
Compiling module xil_defaultlib.mult_gen_0
Compiling module xil_defaultlib.xbip_multadd_v3_0_15__10
Compiling module xil_defaultlib.vivado_mac__10
Compiling module xil_defaultlib.mxu_mac__xdcDup__5
Compiling module xil_defaultlib.xbip_multadd_v3_0_15
Compiling module xil_defaultlib.vivado_mac
Compiling module xil_defaultlib.mxu_mac
Compiling module xil_defaultlib.mxu_core
Compiling module xil_defaultlib.register
Compiling module xil_defaultlib.register_0
Compiling module xil_defaultlib.register_1
Compiling module xil_defaultlib.register_2
Compiling module xil_defaultlib.register_3
Compiling module xil_defaultlib.register_4
Compiling module xil_defaultlib.mxu_wrapper
Compiling module simprims_ver.BUFG
Compiling module xil_defaultlib.dtpu_core
Compiling module xil_defaultlib.tb_dtpu
Compiling module xil_defaultlib.glbl
Built simulation snapshot tb_dtpu_time_synth
