INST NV_NVDLA_partition_o__GB1 PIN 1: GENOME NV_NVDLA_partition_o__GB1 PIN 1
INST NV_NVDLA_partition_o__GB1 PIN 2: GENOME NV_NVDLA_partition_o__GB1 PIN 2
INST NV_NVDLA_partition_o__GB1 PIN 3: GENOME NV_NVDLA_partition_o__GB1 PIN 3
INST NV_NVDLA_partition_o__GB1 PIN 4: GENOME NV_NVDLA_partition_o__GB1 PIN 4
INST NV_NVDLA_partition_o__GB1 PIN 5: GENOME NV_NVDLA_partition_o__GB1 PIN 5
INST NV_NVDLA_partition_o__GB1 PIN 6: GENOME NV_NVDLA_partition_o__GB1 PIN 6
INST NV_NVDLA_partition_o__GB1 PIN 7: GENOME NV_NVDLA_partition_o__GB1 PIN 7
INST NV_NVDLA_partition_o__GB1 PIN 8: GENOME NV_NVDLA_partition_o__GB1 PIN 8
INST NV_NVDLA_partition_o__GB1 PIN 9: GENOME NV_NVDLA_partition_o__GB1 PIN 9
INST NV_NVDLA_partition_o__GB1 PIN 10: GENOME NV_NVDLA_partition_o__GB1 PIN 10
INST NV_NVDLA_partition_o__GB1 PIN 11: GENOME NV_NVDLA_partition_o__GB1 PIN 11
INST NV_NVDLA_partition_o__GB1 PIN 12: GENOME NV_NVDLA_partition_o__GB1 PIN 12
INST NV_NVDLA_partition_o__GB1 PIN 13: GENOME NV_NVDLA_partition_o__GB1 PIN 13
INST NV_NVDLA_partition_o__GB1 PIN 14: GENOME NV_NVDLA_partition_o__GB1 PIN 14
INST NV_NVDLA_partition_o__GB1 PIN 15: GENOME NV_NVDLA_partition_o__GB1 PIN 15
INST NV_NVDLA_partition_o__GB1 PIN 16: GENOME NV_NVDLA_partition_o__GB1 PIN 16
INST NV_NVDLA_partition_o__GB1 PIN 17: GENOME NV_NVDLA_partition_o__GB1 PIN 17
INST NV_NVDLA_partition_o__GB1 PIN 18: GENOME NV_NVDLA_partition_o__GB1 PIN 18
INST NV_NVDLA_partition_o__GB1 PIN 19: GENOME NV_NVDLA_partition_o__GB1 PIN 19
INST NV_NVDLA_partition_o__GB1 PIN 20: GENOME NV_NVDLA_partition_o__GB1 PIN 20
INST NV_NVDLA_partition_o__GB1 PIN 21: GENOME NV_NVDLA_partition_o__GB1 PIN 21
INST NV_NVDLA_partition_o__GB1 PIN 22: GENOME NV_NVDLA_partition_o__GB1 PIN 22
INST NV_NVDLA_partition_o__GB1 PIN 23: GENOME NV_NVDLA_partition_o__GB1 PIN 23
INST NV_NVDLA_partition_o__GB1 PIN 24: GENOME NV_NVDLA_partition_o__GB1 PIN 24
INST NV_NVDLA_partition_o__GB1 PIN 25: GENOME NV_NVDLA_partition_o__GB1 PIN 25
INST NV_NVDLA_partition_o__GB1 PIN 26: GENOME NV_NVDLA_partition_o__GB1 PIN 26
INST NV_NVDLA_partition_o__GB1 PIN 27: GENOME NV_NVDLA_partition_o__GB1 PIN 27
INST NV_NVDLA_partition_o__GB1 PIN 28: GENOME NV_NVDLA_partition_o__GB1 PIN 28
INST NV_NVDLA_partition_o__GB1 PIN 29: GENOME NV_NVDLA_partition_o__GB1 PIN 29
INST NV_NVDLA_partition_o__GB1 PIN 30: GENOME NV_NVDLA_partition_o__GB1 PIN 30
INST NV_NVDLA_partition_o__GB1 PIN 31: GENOME NV_NVDLA_partition_o__GB1 PIN 31
INST NV_NVDLA_partition_o__GB1 PIN 32: GENOME NV_NVDLA_partition_o__GB1 PIN 32
INST NV_NVDLA_partition_o__GB1 PIN 33: GENOME NV_NVDLA_partition_o__GB1 PIN 33
INST NV_NVDLA_partition_o__GB1 PIN 34: GENOME NV_NVDLA_partition_o__GB1 PIN 34
INST NV_NVDLA_partition_o__GB1 PIN 35: GENOME NV_NVDLA_partition_o__GB1 PIN 35
INST NV_NVDLA_partition_o__GB1 PIN 548: GENOME NV_NVDLA_partition_o__GB1 PIN 548
INST NV_NVDLA_partition_o__GB1 PIN 638: INST NV_NVDLA_mcif PIN 510 TYPE 5
INST NV_NVDLA_partition_o__GB1 PIN 639: INST NV_NVDLA_mcif PIN 476 TYPE 5
INST NV_NVDLA_partition_o__GB1 PIN 640: INST NV_NVDLA_mcif PIN 477 TYPE 5
INST NV_NVDLA_partition_o__GB1 PIN 641: INST NV_NVDLA_mcif PIN 478 TYPE 5
INST NV_NVDLA_partition_o__GB1 PIN 642: INST NV_NVDLA_mcif PIN 479 TYPE 5
INST NV_NVDLA_partition_o__GB1 PIN 643: INST NV_NVDLA_mcif PIN 480 TYPE 5
INST NV_NVDLA_partition_o__GB1 PIN 644: INST NV_NVDLA_mcif PIN 481 TYPE 5
INST NV_NVDLA_partition_o__GB1 PIN 645: INST NV_NVDLA_mcif PIN 482 TYPE 5
INST NV_NVDLA_partition_o__GB1 PIN 646: INST NV_NVDLA_mcif PIN 483 TYPE 5
INST NV_NVDLA_partition_o__GB1 PIN 647: INST NV_NVDLA_mcif PIN 484 TYPE 5
INST NV_NVDLA_partition_o__GB1 PIN 648: INST NV_NVDLA_mcif PIN 485 TYPE 5
INST NV_NVDLA_partition_o__GB1 PIN 649: INST NV_NVDLA_mcif PIN 486 TYPE 5
INST NV_NVDLA_partition_o__GB1 PIN 650: INST NV_NVDLA_mcif PIN 487 TYPE 5
INST NV_NVDLA_partition_o__GB1 PIN 651: INST NV_NVDLA_mcif PIN 488 TYPE 5
INST NV_NVDLA_partition_o__GB1 PIN 652: INST NV_NVDLA_mcif PIN 489 TYPE 5
INST NV_NVDLA_partition_o__GB1 PIN 653: INST NV_NVDLA_mcif PIN 490 TYPE 5
INST NV_NVDLA_partition_o__GB1 PIN 654: INST NV_NVDLA_mcif PIN 491 TYPE 5
INST NV_NVDLA_partition_o__GB1 PIN 655: INST NV_NVDLA_mcif PIN 492 TYPE 5
INST NV_NVDLA_partition_o__GB1 PIN 656: INST NV_NVDLA_mcif PIN 493 TYPE 5
INST NV_NVDLA_partition_o__GB1 PIN 657: INST NV_NVDLA_mcif PIN 494 TYPE 5
INST NV_NVDLA_partition_o__GB1 PIN 658: INST NV_NVDLA_mcif PIN 495 TYPE 5
INST NV_NVDLA_partition_o__GB1 PIN 659: INST NV_NVDLA_mcif PIN 496 TYPE 5
INST NV_NVDLA_partition_o__GB1 PIN 660: INST NV_NVDLA_mcif PIN 497 TYPE 5
INST NV_NVDLA_partition_o__GB1 PIN 661: INST NV_NVDLA_mcif PIN 498 TYPE 5
INST NV_NVDLA_partition_o__GB1 PIN 662: INST NV_NVDLA_mcif PIN 499 TYPE 5
INST NV_NVDLA_partition_o__GB1 PIN 663: INST NV_NVDLA_mcif PIN 500 TYPE 5
INST NV_NVDLA_partition_o__GB1 PIN 664: INST NV_NVDLA_mcif PIN 501 TYPE 5
INST NV_NVDLA_partition_o__GB1 PIN 665: INST NV_NVDLA_mcif PIN 502 TYPE 5
INST NV_NVDLA_partition_o__GB1 PIN 666: INST NV_NVDLA_mcif PIN 503 TYPE 5
INST NV_NVDLA_partition_o__GB1 PIN 667: INST NV_NVDLA_mcif PIN 504 TYPE 5
INST NV_NVDLA_partition_o__GB1 PIN 668: INST NV_NVDLA_mcif PIN 505 TYPE 5
INST NV_NVDLA_partition_o__GB1 PIN 669: INST NV_NVDLA_mcif PIN 506 TYPE 5
INST NV_NVDLA_partition_o__GB1 PIN 670: INST NV_NVDLA_mcif PIN 507 TYPE 5
INST NV_NVDLA_partition_o__GB1 PIN 671: INST NV_NVDLA_mcif PIN 508 TYPE 5
INST NV_NVDLA_partition_o__GB1 PIN 672: INST NV_NVDLA_mcif PIN 509 TYPE 5
INST NV_NVDLA_partition_o__GB1 PIN 674: INST NV_NVDLA_cdma__GB0 PIN 34 TYPE 5
INST NV_NVDLA_partition_o__GB1 PIN 675: INST NV_NVDLA_cdma__GB0 PIN 0 TYPE 5
INST NV_NVDLA_partition_o__GB1 PIN 676: INST NV_NVDLA_cdma__GB0 PIN 1 TYPE 5
INST NV_NVDLA_partition_o__GB1 PIN 677: INST NV_NVDLA_cdma__GB0 PIN 2 TYPE 5
INST NV_NVDLA_partition_o__GB1 PIN 678: INST NV_NVDLA_cdma__GB0 PIN 3 TYPE 5
INST NV_NVDLA_partition_o__GB1 PIN 679: INST NV_NVDLA_cdma__GB0 PIN 4 TYPE 5
INST NV_NVDLA_partition_o__GB1 PIN 680: INST NV_NVDLA_cdma__GB0 PIN 5 TYPE 5
INST NV_NVDLA_partition_o__GB1 PIN 681: INST NV_NVDLA_cdma__GB0 PIN 6 TYPE 5
INST NV_NVDLA_partition_o__GB1 PIN 682: INST NV_NVDLA_cdma__GB0 PIN 7 TYPE 5
INST NV_NVDLA_partition_o__GB1 PIN 683: INST NV_NVDLA_cdma__GB0 PIN 8 TYPE 5
INST NV_NVDLA_partition_o__GB1 PIN 684: INST NV_NVDLA_cdma__GB0 PIN 9 TYPE 5
INST NV_NVDLA_partition_o__GB1 PIN 685: INST NV_NVDLA_cdma__GB0 PIN 10 TYPE 5
INST NV_NVDLA_partition_o__GB1 PIN 686: INST NV_NVDLA_cdma__GB0 PIN 11 TYPE 5
INST NV_NVDLA_partition_o__GB1 PIN 687: INST NV_NVDLA_cdma__GB0 PIN 12 TYPE 5
INST NV_NVDLA_partition_o__GB1 PIN 688: INST NV_NVDLA_cdma__GB0 PIN 13 TYPE 5
INST NV_NVDLA_partition_o__GB1 PIN 689: INST NV_NVDLA_cdma__GB0 PIN 14 TYPE 5
INST NV_NVDLA_partition_o__GB1 PIN 690: INST NV_NVDLA_cdma__GB0 PIN 15 TYPE 5
INST NV_NVDLA_partition_o__GB1 PIN 691: INST NV_NVDLA_cdma__GB0 PIN 16 TYPE 5
INST NV_NVDLA_partition_o__GB1 PIN 692: INST NV_NVDLA_cdma__GB0 PIN 17 TYPE 5
INST NV_NVDLA_partition_o__GB1 PIN 693: INST NV_NVDLA_cdma__GB0 PIN 18 TYPE 5
INST NV_NVDLA_partition_o__GB1 PIN 694: INST NV_NVDLA_cdma__GB0 PIN 19 TYPE 5
INST NV_NVDLA_partition_o__GB1 PIN 695: INST NV_NVDLA_cdma__GB0 PIN 20 TYPE 5
INST NV_NVDLA_partition_o__GB1 PIN 696: INST NV_NVDLA_cdma__GB0 PIN 21 TYPE 5
INST NV_NVDLA_partition_o__GB1 PIN 697: INST NV_NVDLA_cdma__GB0 PIN 22 TYPE 5
INST NV_NVDLA_partition_o__GB1 PIN 698: INST NV_NVDLA_cdma__GB0 PIN 23 TYPE 5
INST NV_NVDLA_partition_o__GB1 PIN 699: INST NV_NVDLA_cdma__GB0 PIN 24 TYPE 5
INST NV_NVDLA_partition_o__GB1 PIN 700: INST NV_NVDLA_cdma__GB0 PIN 25 TYPE 5
INST NV_NVDLA_partition_o__GB1 PIN 701: INST NV_NVDLA_cdma__GB0 PIN 26 TYPE 5
INST NV_NVDLA_partition_o__GB1 PIN 702: INST NV_NVDLA_cdma__GB0 PIN 27 TYPE 5
INST NV_NVDLA_partition_o__GB1 PIN 703: INST NV_NVDLA_cdma__GB0 PIN 28 TYPE 5
INST NV_NVDLA_partition_o__GB1 PIN 704: INST NV_NVDLA_cdma__GB0 PIN 29 TYPE 5
INST NV_NVDLA_partition_o__GB1 PIN 705: INST NV_NVDLA_cdma__GB0 PIN 30 TYPE 5
INST NV_NVDLA_partition_o__GB1 PIN 706: INST NV_NVDLA_cdma__GB0 PIN 31 TYPE 5
INST NV_NVDLA_partition_o__GB1 PIN 707: INST NV_NVDLA_cdma__GB0 PIN 32 TYPE 5
INST NV_NVDLA_partition_o__GB1 PIN 708: INST NV_NVDLA_cdma__GB0 PIN 33 TYPE 5
INST NV_NVDLA_partition_o__GB1 PIN 710: INST NV_NVDLA_partition_c__GC0 PIN 60 TYPE 5
INST NV_NVDLA_partition_o__GB1 PIN 711: INST NV_NVDLA_partition_c__GC0 PIN 26 TYPE 5
INST NV_NVDLA_partition_o__GB1 PIN 712: INST NV_NVDLA_partition_c__GC0 PIN 27 TYPE 5
INST NV_NVDLA_partition_o__GB1 PIN 713: INST NV_NVDLA_partition_c__GC0 PIN 28 TYPE 5
INST NV_NVDLA_partition_o__GB1 PIN 714: INST NV_NVDLA_partition_c__GC0 PIN 29 TYPE 5
INST NV_NVDLA_partition_o__GB1 PIN 715: INST NV_NVDLA_partition_c__GC0 PIN 30 TYPE 5
INST NV_NVDLA_partition_o__GB1 PIN 716: INST NV_NVDLA_partition_c__GC0 PIN 31 TYPE 5
INST NV_NVDLA_partition_o__GB1 PIN 717: INST NV_NVDLA_partition_c__GC0 PIN 32 TYPE 5
INST NV_NVDLA_partition_o__GB1 PIN 718: INST NV_NVDLA_partition_c__GC0 PIN 33 TYPE 5
INST NV_NVDLA_partition_o__GB1 PIN 719: INST NV_NVDLA_partition_c__GC0 PIN 34 TYPE 5
INST NV_NVDLA_partition_o__GB1 PIN 720: INST NV_NVDLA_partition_c__GC0 PIN 35 TYPE 5
INST NV_NVDLA_partition_o__GB1 PIN 721: INST NV_NVDLA_partition_c__GC0 PIN 36 TYPE 5
INST NV_NVDLA_partition_o__GB1 PIN 722: INST NV_NVDLA_partition_c__GC0 PIN 37 TYPE 5
INST NV_NVDLA_partition_o__GB1 PIN 723: INST NV_NVDLA_partition_c__GC0 PIN 38 TYPE 5
INST NV_NVDLA_partition_o__GB1 PIN 724: INST NV_NVDLA_partition_c__GC0 PIN 39 TYPE 5
INST NV_NVDLA_partition_o__GB1 PIN 725: INST NV_NVDLA_partition_c__GC0 PIN 40 TYPE 5
INST NV_NVDLA_partition_o__GB1 PIN 726: INST NV_NVDLA_partition_c__GC0 PIN 41 TYPE 5
INST NV_NVDLA_partition_o__GB1 PIN 727: INST NV_NVDLA_partition_c__GC0 PIN 42 TYPE 5
INST NV_NVDLA_partition_o__GB1 PIN 728: INST NV_NVDLA_partition_c__GC0 PIN 43 TYPE 5
INST NV_NVDLA_partition_o__GB1 PIN 729: INST NV_NVDLA_partition_c__GC0 PIN 44 TYPE 5
INST NV_NVDLA_partition_o__GB1 PIN 730: INST NV_NVDLA_partition_c__GC0 PIN 45 TYPE 5
INST NV_NVDLA_partition_o__GB1 PIN 731: INST NV_NVDLA_partition_c__GC0 PIN 46 TYPE 5
INST NV_NVDLA_partition_o__GB1 PIN 732: INST NV_NVDLA_partition_c__GC0 PIN 47 TYPE 5
INST NV_NVDLA_partition_o__GB1 PIN 733: INST NV_NVDLA_partition_c__GC0 PIN 48 TYPE 5
INST NV_NVDLA_partition_o__GB1 PIN 734: INST NV_NVDLA_partition_c__GC0 PIN 49 TYPE 5
INST NV_NVDLA_partition_o__GB1 PIN 735: INST NV_NVDLA_partition_c__GC0 PIN 50 TYPE 5
INST NV_NVDLA_partition_o__GB1 PIN 736: INST NV_NVDLA_partition_c__GC0 PIN 51 TYPE 5
INST NV_NVDLA_partition_o__GB1 PIN 737: INST NV_NVDLA_partition_c__GC0 PIN 52 TYPE 5
INST NV_NVDLA_partition_o__GB1 PIN 738: INST NV_NVDLA_partition_c__GC0 PIN 53 TYPE 5
INST NV_NVDLA_partition_o__GB1 PIN 739: INST NV_NVDLA_partition_c__GC0 PIN 54 TYPE 5
INST NV_NVDLA_partition_o__GB1 PIN 740: INST NV_NVDLA_partition_c__GC0 PIN 55 TYPE 5
INST NV_NVDLA_partition_o__GB1 PIN 741: INST NV_NVDLA_partition_c__GC0 PIN 56 TYPE 5
INST NV_NVDLA_partition_o__GB1 PIN 742: INST NV_NVDLA_partition_c__GC0 PIN 57 TYPE 5
INST NV_NVDLA_partition_o__GB1 PIN 743: INST NV_NVDLA_partition_c__GC0 PIN 58 TYPE 5
INST NV_NVDLA_partition_o__GB1 PIN 744: INST NV_NVDLA_partition_c__GC0 PIN 59 TYPE 5
INST NV_NVDLA_partition_o__GB1 PIN 746: INST NV_nvdla__GC0 PIN 34 TYPE 5
INST NV_NVDLA_partition_o__GB1 PIN 747: INST NV_nvdla__GC0 PIN 0 TYPE 5
INST NV_NVDLA_partition_o__GB1 PIN 748: INST NV_nvdla__GC0 PIN 1 TYPE 5
INST NV_NVDLA_partition_o__GB1 PIN 749: INST NV_nvdla__GC0 PIN 2 TYPE 5
INST NV_NVDLA_partition_o__GB1 PIN 750: INST NV_nvdla__GC0 PIN 3 TYPE 5
INST NV_NVDLA_partition_o__GB1 PIN 751: INST NV_nvdla__GC0 PIN 4 TYPE 5
INST NV_NVDLA_partition_o__GB1 PIN 752: INST NV_nvdla__GC0 PIN 5 TYPE 5
INST NV_NVDLA_partition_o__GB1 PIN 753: INST NV_nvdla__GC0 PIN 6 TYPE 5
INST NV_NVDLA_partition_o__GB1 PIN 754: INST NV_nvdla__GC0 PIN 7 TYPE 5
INST NV_NVDLA_partition_o__GB1 PIN 755: INST NV_nvdla__GC0 PIN 8 TYPE 5
INST NV_NVDLA_partition_o__GB1 PIN 756: INST NV_nvdla__GC0 PIN 9 TYPE 5
INST NV_NVDLA_partition_o__GB1 PIN 757: INST NV_nvdla__GC0 PIN 10 TYPE 5
INST NV_NVDLA_partition_o__GB1 PIN 758: INST NV_nvdla__GC0 PIN 11 TYPE 5
INST NV_NVDLA_partition_o__GB1 PIN 759: INST NV_nvdla__GC0 PIN 12 TYPE 5
INST NV_NVDLA_partition_o__GB1 PIN 760: INST NV_nvdla__GC0 PIN 13 TYPE 5
INST NV_NVDLA_partition_o__GB1 PIN 761: INST NV_nvdla__GC0 PIN 14 TYPE 5
INST NV_NVDLA_partition_o__GB1 PIN 762: INST NV_nvdla__GC0 PIN 15 TYPE 5
INST NV_NVDLA_partition_o__GB1 PIN 763: INST NV_nvdla__GC0 PIN 16 TYPE 5
INST NV_NVDLA_partition_o__GB1 PIN 764: INST NV_nvdla__GC0 PIN 17 TYPE 5
INST NV_NVDLA_partition_o__GB1 PIN 765: INST NV_nvdla__GC0 PIN 18 TYPE 5
INST NV_NVDLA_partition_o__GB1 PIN 766: INST NV_nvdla__GC0 PIN 19 TYPE 5
INST NV_NVDLA_partition_o__GB1 PIN 767: INST NV_nvdla__GC0 PIN 20 TYPE 5
INST NV_NVDLA_partition_o__GB1 PIN 768: INST NV_nvdla__GC0 PIN 21 TYPE 5
INST NV_NVDLA_partition_o__GB1 PIN 769: INST NV_nvdla__GC0 PIN 22 TYPE 5
INST NV_NVDLA_partition_o__GB1 PIN 770: INST NV_nvdla__GC0 PIN 23 TYPE 5
INST NV_NVDLA_partition_o__GB1 PIN 771: INST NV_nvdla__GC0 PIN 24 TYPE 5
INST NV_NVDLA_partition_o__GB1 PIN 772: INST NV_nvdla__GC0 PIN 25 TYPE 5
INST NV_NVDLA_partition_o__GB1 PIN 773: INST NV_nvdla__GC0 PIN 26 TYPE 5
INST NV_NVDLA_partition_o__GB1 PIN 774: INST NV_nvdla__GC0 PIN 27 TYPE 5
INST NV_NVDLA_partition_o__GB1 PIN 775: INST NV_nvdla__GC0 PIN 28 TYPE 5
INST NV_NVDLA_partition_o__GB1 PIN 776: INST NV_nvdla__GC0 PIN 29 TYPE 5
INST NV_NVDLA_partition_o__GB1 PIN 777: INST NV_nvdla__GC0 PIN 30 TYPE 5
INST NV_NVDLA_partition_o__GB1 PIN 778: INST NV_nvdla__GC0 PIN 31 TYPE 5
INST NV_NVDLA_partition_o__GB1 PIN 779: INST NV_nvdla__GC0 PIN 32 TYPE 5
INST NV_NVDLA_partition_o__GB1 PIN 780: INST NV_nvdla__GC0 PIN 33 TYPE 5
INST NV_NVDLA_partition_o__GB1 PIN 782: INST NV_nvdla__GC0 PIN 70 TYPE 5
INST NV_NVDLA_partition_o__GB1 PIN 783: INST NV_nvdla__GC0 PIN 36 TYPE 5
INST NV_NVDLA_partition_o__GB1 PIN 784: INST NV_nvdla__GC0 PIN 37 TYPE 5
INST NV_NVDLA_partition_o__GB1 PIN 785: INST NV_nvdla__GC0 PIN 38 TYPE 5
INST NV_NVDLA_partition_o__GB1 PIN 786: INST NV_nvdla__GC0 PIN 39 TYPE 5
INST NV_NVDLA_partition_o__GB1 PIN 787: INST NV_nvdla__GC0 PIN 40 TYPE 5
INST NV_NVDLA_partition_o__GB1 PIN 788: INST NV_nvdla__GC0 PIN 41 TYPE 5
INST NV_NVDLA_partition_o__GB1 PIN 789: INST NV_nvdla__GC0 PIN 42 TYPE 5
INST NV_NVDLA_partition_o__GB1 PIN 790: INST NV_nvdla__GC0 PIN 43 TYPE 5
INST NV_NVDLA_partition_o__GB1 PIN 791: INST NV_nvdla__GC0 PIN 44 TYPE 5
INST NV_NVDLA_partition_o__GB1 PIN 792: INST NV_nvdla__GC0 PIN 45 TYPE 5
INST NV_NVDLA_partition_o__GB1 PIN 793: INST NV_nvdla__GC0 PIN 46 TYPE 5
INST NV_NVDLA_partition_o__GB1 PIN 794: INST NV_nvdla__GC0 PIN 47 TYPE 5
INST NV_NVDLA_partition_o__GB1 PIN 795: INST NV_nvdla__GC0 PIN 48 TYPE 5
INST NV_NVDLA_partition_o__GB1 PIN 796: INST NV_nvdla__GC0 PIN 49 TYPE 5
INST NV_NVDLA_partition_o__GB1 PIN 797: INST NV_nvdla__GC0 PIN 50 TYPE 5
INST NV_NVDLA_partition_o__GB1 PIN 798: INST NV_nvdla__GC0 PIN 51 TYPE 5
INST NV_NVDLA_partition_o__GB1 PIN 799: INST NV_nvdla__GC0 PIN 52 TYPE 5
INST NV_NVDLA_partition_o__GB1 PIN 800: INST NV_nvdla__GC0 PIN 53 TYPE 5
INST NV_NVDLA_partition_o__GB1 PIN 801: INST NV_nvdla__GC0 PIN 54 TYPE 5
INST NV_NVDLA_partition_o__GB1 PIN 802: INST NV_nvdla__GC0 PIN 55 TYPE 5
INST NV_NVDLA_partition_o__GB1 PIN 803: INST NV_nvdla__GC0 PIN 56 TYPE 5
INST NV_NVDLA_partition_o__GB1 PIN 804: INST NV_nvdla__GC0 PIN 57 TYPE 5
INST NV_NVDLA_partition_o__GB1 PIN 805: INST NV_nvdla__GC0 PIN 58 TYPE 5
INST NV_NVDLA_partition_o__GB1 PIN 806: INST NV_nvdla__GC0 PIN 59 TYPE 5
INST NV_NVDLA_partition_o__GB1 PIN 807: INST NV_nvdla__GC0 PIN 60 TYPE 5
INST NV_NVDLA_partition_o__GB1 PIN 808: INST NV_nvdla__GC0 PIN 61 TYPE 5
INST NV_NVDLA_partition_o__GB1 PIN 809: INST NV_nvdla__GC0 PIN 62 TYPE 5
INST NV_NVDLA_partition_o__GB1 PIN 810: INST NV_nvdla__GC0 PIN 63 TYPE 5
INST NV_NVDLA_partition_o__GB1 PIN 811: INST NV_nvdla__GC0 PIN 64 TYPE 5
INST NV_NVDLA_partition_o__GB1 PIN 812: INST NV_nvdla__GC0 PIN 65 TYPE 5
INST NV_NVDLA_partition_o__GB1 PIN 813: INST NV_nvdla__GC0 PIN 66 TYPE 5
INST NV_NVDLA_partition_o__GB1 PIN 814: INST NV_nvdla__GC0 PIN 67 TYPE 5
INST NV_NVDLA_partition_o__GB1 PIN 815: INST NV_nvdla__GC0 PIN 68 TYPE 5
INST NV_NVDLA_partition_o__GB1 PIN 816: INST NV_nvdla__GC0 PIN 69 TYPE 5
INST NV_NVDLA_partition_o__GB1 PIN 818: INST NV_nvdla__GC0 PIN 107 TYPE 5
INST NV_NVDLA_partition_o__GB1 PIN 819: INST NV_nvdla__GC0 PIN 73 TYPE 5
INST NV_NVDLA_partition_o__GB1 PIN 820: INST NV_nvdla__GC0 PIN 74 TYPE 5
INST NV_NVDLA_partition_o__GB1 PIN 821: INST NV_nvdla__GC0 PIN 75 TYPE 5
INST NV_NVDLA_partition_o__GB1 PIN 822: INST NV_nvdla__GC0 PIN 76 TYPE 5
INST NV_NVDLA_partition_o__GB1 PIN 823: INST NV_nvdla__GC0 PIN 77 TYPE 5
INST NV_NVDLA_partition_o__GB1 PIN 824: INST NV_nvdla__GC0 PIN 78 TYPE 5
INST NV_NVDLA_partition_o__GB1 PIN 825: INST NV_nvdla__GC0 PIN 79 TYPE 5
INST NV_NVDLA_partition_o__GB1 PIN 826: INST NV_nvdla__GC0 PIN 80 TYPE 5
INST NV_NVDLA_partition_o__GB1 PIN 827: INST NV_nvdla__GC0 PIN 81 TYPE 5
INST NV_NVDLA_partition_o__GB1 PIN 828: INST NV_nvdla__GC0 PIN 82 TYPE 5
INST NV_NVDLA_partition_o__GB1 PIN 829: INST NV_nvdla__GC0 PIN 83 TYPE 5
INST NV_NVDLA_partition_o__GB1 PIN 830: INST NV_nvdla__GC0 PIN 84 TYPE 5
INST NV_NVDLA_partition_o__GB1 PIN 831: INST NV_nvdla__GC0 PIN 85 TYPE 5
INST NV_NVDLA_partition_o__GB1 PIN 832: INST NV_nvdla__GC0 PIN 86 TYPE 5
INST NV_NVDLA_partition_o__GB1 PIN 833: INST NV_nvdla__GC0 PIN 87 TYPE 5
INST NV_NVDLA_partition_o__GB1 PIN 834: INST NV_nvdla__GC0 PIN 88 TYPE 5
INST NV_NVDLA_partition_o__GB1 PIN 835: INST NV_nvdla__GC0 PIN 89 TYPE 5
INST NV_NVDLA_partition_o__GB1 PIN 836: INST NV_nvdla__GC0 PIN 90 TYPE 5
INST NV_NVDLA_partition_o__GB1 PIN 837: INST NV_nvdla__GC0 PIN 91 TYPE 5
INST NV_NVDLA_partition_o__GB1 PIN 838: INST NV_nvdla__GC0 PIN 92 TYPE 5
INST NV_NVDLA_partition_o__GB1 PIN 839: INST NV_nvdla__GC0 PIN 93 TYPE 5
INST NV_NVDLA_partition_o__GB1 PIN 840: INST NV_nvdla__GC0 PIN 94 TYPE 5
INST NV_NVDLA_partition_o__GB1 PIN 841: INST NV_nvdla__GC0 PIN 95 TYPE 5
INST NV_NVDLA_partition_o__GB1 PIN 842: INST NV_nvdla__GC0 PIN 96 TYPE 5
INST NV_NVDLA_partition_o__GB1 PIN 843: INST NV_nvdla__GC0 PIN 97 TYPE 5
INST NV_NVDLA_partition_o__GB1 PIN 844: INST NV_nvdla__GC0 PIN 98 TYPE 5
INST NV_NVDLA_partition_o__GB1 PIN 845: INST NV_nvdla__GC0 PIN 99 TYPE 5
INST NV_NVDLA_partition_o__GB1 PIN 846: INST NV_nvdla__GC0 PIN 100 TYPE 5
INST NV_NVDLA_partition_o__GB1 PIN 847: INST NV_nvdla__GC0 PIN 101 TYPE 5
INST NV_NVDLA_partition_o__GB1 PIN 848: INST NV_nvdla__GC0 PIN 102 TYPE 5
INST NV_NVDLA_partition_o__GB1 PIN 849: INST NV_nvdla__GC0 PIN 103 TYPE 5
INST NV_NVDLA_partition_o__GB1 PIN 850: INST NV_nvdla__GC0 PIN 104 TYPE 5
INST NV_NVDLA_partition_o__GB1 PIN 851: INST NV_nvdla__GC0 PIN 105 TYPE 5
INST NV_NVDLA_partition_o__GB1 PIN 852: INST NV_nvdla__GC0 PIN 106 TYPE 5
INST NV_NVDLA_partition_o__GB1 PIN 854: INST NV_NVDLA_SDP_rdma PIN 964 TYPE 5
INST NV_NVDLA_partition_o__GB1 PIN 855: INST NV_NVDLA_SDP_rdma PIN 930 TYPE 5
INST NV_NVDLA_partition_o__GB1 PIN 856: INST NV_NVDLA_SDP_rdma PIN 931 TYPE 5
INST NV_NVDLA_partition_o__GB1 PIN 857: INST NV_NVDLA_SDP_rdma PIN 932 TYPE 5
INST NV_NVDLA_partition_o__GB1 PIN 858: INST NV_NVDLA_SDP_rdma PIN 933 TYPE 5
INST NV_NVDLA_partition_o__GB1 PIN 859: INST NV_NVDLA_SDP_rdma PIN 934 TYPE 5
INST NV_NVDLA_partition_o__GB1 PIN 860: INST NV_NVDLA_SDP_rdma PIN 935 TYPE 5
INST NV_NVDLA_partition_o__GB1 PIN 861: INST NV_NVDLA_SDP_rdma PIN 936 TYPE 5
INST NV_NVDLA_partition_o__GB1 PIN 862: INST NV_NVDLA_SDP_rdma PIN 937 TYPE 5
INST NV_NVDLA_partition_o__GB1 PIN 863: INST NV_NVDLA_SDP_rdma PIN 938 TYPE 5
INST NV_NVDLA_partition_o__GB1 PIN 864: INST NV_NVDLA_SDP_rdma PIN 939 TYPE 5
INST NV_NVDLA_partition_o__GB1 PIN 865: INST NV_NVDLA_SDP_rdma PIN 940 TYPE 5
INST NV_NVDLA_partition_o__GB1 PIN 866: INST NV_NVDLA_SDP_rdma PIN 941 TYPE 5
INST NV_NVDLA_partition_o__GB1 PIN 867: INST NV_NVDLA_SDP_rdma PIN 942 TYPE 5
INST NV_NVDLA_partition_o__GB1 PIN 868: INST NV_NVDLA_SDP_rdma PIN 943 TYPE 5
INST NV_NVDLA_partition_o__GB1 PIN 869: INST NV_NVDLA_SDP_rdma PIN 944 TYPE 5
INST NV_NVDLA_partition_o__GB1 PIN 870: INST NV_NVDLA_SDP_rdma PIN 945 TYPE 5
INST NV_NVDLA_partition_o__GB1 PIN 871: INST NV_NVDLA_SDP_rdma PIN 946 TYPE 5
INST NV_NVDLA_partition_o__GB1 PIN 872: INST NV_NVDLA_SDP_rdma PIN 947 TYPE 5
INST NV_NVDLA_partition_o__GB1 PIN 873: INST NV_NVDLA_SDP_rdma PIN 948 TYPE 5
INST NV_NVDLA_partition_o__GB1 PIN 874: INST NV_NVDLA_SDP_rdma PIN 949 TYPE 5
INST NV_NVDLA_partition_o__GB1 PIN 875: INST NV_NVDLA_SDP_rdma PIN 950 TYPE 5
INST NV_NVDLA_partition_o__GB1 PIN 876: INST NV_NVDLA_SDP_rdma PIN 951 TYPE 5
INST NV_NVDLA_partition_o__GB1 PIN 877: INST NV_NVDLA_SDP_rdma PIN 952 TYPE 5
INST NV_NVDLA_partition_o__GB1 PIN 878: INST NV_NVDLA_SDP_rdma PIN 953 TYPE 5
INST NV_NVDLA_partition_o__GB1 PIN 879: INST NV_NVDLA_SDP_rdma PIN 954 TYPE 5
INST NV_NVDLA_partition_o__GB1 PIN 880: INST NV_NVDLA_SDP_rdma PIN 955 TYPE 5
INST NV_NVDLA_partition_o__GB1 PIN 881: INST NV_NVDLA_SDP_rdma PIN 956 TYPE 5
INST NV_NVDLA_partition_o__GB1 PIN 882: INST NV_NVDLA_SDP_rdma PIN 957 TYPE 5
INST NV_NVDLA_partition_o__GB1 PIN 883: INST NV_NVDLA_SDP_rdma PIN 958 TYPE 5
INST NV_NVDLA_partition_o__GB1 PIN 884: INST NV_NVDLA_SDP_rdma PIN 959 TYPE 5
INST NV_NVDLA_partition_o__GB1 PIN 885: INST NV_NVDLA_SDP_rdma PIN 960 TYPE 5
INST NV_NVDLA_partition_o__GB1 PIN 886: INST NV_NVDLA_SDP_rdma PIN 961 TYPE 5
INST NV_NVDLA_partition_o__GB1 PIN 887: INST NV_NVDLA_SDP_rdma PIN 962 TYPE 5
INST NV_NVDLA_partition_o__GB1 PIN 888: INST NV_NVDLA_SDP_rdma PIN 963 TYPE 5
INST NV_NVDLA_partition_o__GB1 PIN 890: INST NV_NVDLA_sdp__GB2 PIN 283 TYPE 5
INST NV_NVDLA_partition_o__GB1 PIN 891: INST NV_NVDLA_sdp__GB2 PIN 249 TYPE 5
INST NV_NVDLA_partition_o__GB1 PIN 892: INST NV_NVDLA_sdp__GB2 PIN 250 TYPE 5
INST NV_NVDLA_partition_o__GB1 PIN 893: INST NV_NVDLA_sdp__GB2 PIN 251 TYPE 5
INST NV_NVDLA_partition_o__GB1 PIN 894: INST NV_NVDLA_sdp__GB2 PIN 252 TYPE 5
INST NV_NVDLA_partition_o__GB1 PIN 895: INST NV_NVDLA_sdp__GB2 PIN 253 TYPE 5
INST NV_NVDLA_partition_o__GB1 PIN 896: INST NV_NVDLA_sdp__GB2 PIN 254 TYPE 5
INST NV_NVDLA_partition_o__GB1 PIN 897: INST NV_NVDLA_sdp__GB2 PIN 255 TYPE 5
INST NV_NVDLA_partition_o__GB1 PIN 898: INST NV_NVDLA_sdp__GB2 PIN 256 TYPE 5
INST NV_NVDLA_partition_o__GB1 PIN 899: INST NV_NVDLA_sdp__GB2 PIN 257 TYPE 5
INST NV_NVDLA_partition_o__GB1 PIN 900: INST NV_NVDLA_sdp__GB2 PIN 258 TYPE 5
INST NV_NVDLA_partition_o__GB1 PIN 901: INST NV_NVDLA_sdp__GB2 PIN 259 TYPE 5
INST NV_NVDLA_partition_o__GB1 PIN 902: INST NV_NVDLA_sdp__GB2 PIN 260 TYPE 5
INST NV_NVDLA_partition_o__GB1 PIN 903: INST NV_NVDLA_sdp__GB2 PIN 261 TYPE 5
INST NV_NVDLA_partition_o__GB1 PIN 904: INST NV_NVDLA_sdp__GB2 PIN 262 TYPE 5
INST NV_NVDLA_partition_o__GB1 PIN 905: INST NV_NVDLA_sdp__GB2 PIN 263 TYPE 5
INST NV_NVDLA_partition_o__GB1 PIN 906: INST NV_NVDLA_sdp__GB2 PIN 264 TYPE 5
INST NV_NVDLA_partition_o__GB1 PIN 907: INST NV_NVDLA_sdp__GB2 PIN 265 TYPE 5
INST NV_NVDLA_partition_o__GB1 PIN 908: INST NV_NVDLA_sdp__GB2 PIN 266 TYPE 5
INST NV_NVDLA_partition_o__GB1 PIN 909: INST NV_NVDLA_sdp__GB2 PIN 267 TYPE 5
INST NV_NVDLA_partition_o__GB1 PIN 910: INST NV_NVDLA_sdp__GB2 PIN 268 TYPE 5
INST NV_NVDLA_partition_o__GB1 PIN 911: INST NV_NVDLA_sdp__GB2 PIN 269 TYPE 5
INST NV_NVDLA_partition_o__GB1 PIN 912: INST NV_NVDLA_sdp__GB2 PIN 270 TYPE 5
INST NV_NVDLA_partition_o__GB1 PIN 913: INST NV_NVDLA_sdp__GB2 PIN 271 TYPE 5
INST NV_NVDLA_partition_o__GB1 PIN 914: INST NV_NVDLA_sdp__GB2 PIN 272 TYPE 5
INST NV_NVDLA_partition_o__GB1 PIN 915: INST NV_NVDLA_sdp__GB2 PIN 273 TYPE 5
INST NV_NVDLA_partition_o__GB1 PIN 916: INST NV_NVDLA_sdp__GB2 PIN 274 TYPE 5
INST NV_NVDLA_partition_o__GB1 PIN 917: INST NV_NVDLA_sdp__GB2 PIN 275 TYPE 5
INST NV_NVDLA_partition_o__GB1 PIN 918: INST NV_NVDLA_sdp__GB2 PIN 276 TYPE 5
INST NV_NVDLA_partition_o__GB1 PIN 919: INST NV_NVDLA_sdp__GB2 PIN 277 TYPE 5
INST NV_NVDLA_partition_o__GB1 PIN 920: INST NV_NVDLA_sdp__GB2 PIN 278 TYPE 5
INST NV_NVDLA_partition_o__GB1 PIN 921: INST NV_NVDLA_sdp__GB2 PIN 279 TYPE 5
INST NV_NVDLA_partition_o__GB1 PIN 922: INST NV_NVDLA_sdp__GB2 PIN 280 TYPE 5
INST NV_NVDLA_partition_o__GB1 PIN 923: INST NV_NVDLA_sdp__GB2 PIN 281 TYPE 5
INST NV_NVDLA_partition_o__GB1 PIN 924: INST NV_NVDLA_sdp__GB2 PIN 282 TYPE 5
INST NV_NVDLA_partition_o__GB1 PIN 926: INST NV_nvdla__GC0 PIN 108 TYPE 5
INST NV_NVDLA_partition_o__GB1 PIN 927: INST NV_nvdla__GC0 PIN 109 TYPE 5
INST NV_NVDLA_partition_o__GB1 PIN 928: INST NV_NVDLA_cdma__GB2 PIN 352 TYPE 5
INST NV_NVDLA_partition_o__GB1 PIN 929: INST NV_NVDLA_cdma__GB2 PIN 353 TYPE 5
INST NV_NVDLA_partition_o__GB1 PIN 930: INST NV_NVDLA_cdma__GB2 PIN 354 TYPE 5
INST NV_NVDLA_partition_o__GB1 PIN 931: INST NV_NVDLA_cdma__GB2 PIN 355 TYPE 5
INST NV_NVDLA_partition_o__GB1 PIN 932: INST NV_NVDLA_sdp__GB2 PIN 69 TYPE 5
INST NV_NVDLA_partition_o__GB1 PIN 933: INST NV_NVDLA_sdp__GB2 PIN 70 TYPE 5
INST NV_NVDLA_partition_p__GC0 PIN 7: GENOME NV_NVDLA_partition_p__GC0 PIN 7
