# do {tb_mac_compile.do}
# Model Technology ModelSim PE vmap 10.4a Lib Mapping Utility 2015.03 Apr  7 2015
# vmap -modelsim_quiet xbip_utils_v3_0_10 modelsim_lib/msim/xbip_utils_v3_0_10 
# Copying d:/programmi/modelsim/win32pe_edu/../modelsim.ini to modelsim.ini
# Modifying modelsim.ini
# ** Warning: Copied d:/programmi/modelsim/win32pe_edu/../modelsim.ini to modelsim.ini.
#          Updated modelsim.ini.
# Model Technology ModelSim PE vmap 10.4a Lib Mapping Utility 2015.03 Apr  7 2015
# vmap -modelsim_quiet xbip_pipe_v3_0_6 modelsim_lib/msim/xbip_pipe_v3_0_6 
# Modifying modelsim.ini
# Model Technology ModelSim PE vmap 10.4a Lib Mapping Utility 2015.03 Apr  7 2015
# vmap -modelsim_quiet xbip_bram18k_v3_0_6 modelsim_lib/msim/xbip_bram18k_v3_0_6 
# Modifying modelsim.ini
# Model Technology ModelSim PE vmap 10.4a Lib Mapping Utility 2015.03 Apr  7 2015
# vmap -modelsim_quiet mult_gen_v12_0_16 modelsim_lib/msim/mult_gen_v12_0_16 
# Modifying modelsim.ini
# Model Technology ModelSim PE vmap 10.4a Lib Mapping Utility 2015.03 Apr  7 2015
# vmap -modelsim_quiet xbip_dsp48_wrapper_v3_0_4 modelsim_lib/msim/xbip_dsp48_wrapper_v3_0_4 
# Modifying modelsim.ini
# Model Technology ModelSim PE vmap 10.4a Lib Mapping Utility 2015.03 Apr  7 2015
# vmap -modelsim_quiet xbip_dsp48_addsub_v3_0_6 modelsim_lib/msim/xbip_dsp48_addsub_v3_0_6 
# Modifying modelsim.ini
# Model Technology ModelSim PE vmap 10.4a Lib Mapping Utility 2015.03 Apr  7 2015
# vmap -modelsim_quiet xbip_dsp48_multadd_v3_0_6 modelsim_lib/msim/xbip_dsp48_multadd_v3_0_6 
# Modifying modelsim.ini
# Model Technology ModelSim PE vmap 10.4a Lib Mapping Utility 2015.03 Apr  7 2015
# vmap -modelsim_quiet xbip_multadd_v3_0_15 modelsim_lib/msim/xbip_multadd_v3_0_15 
# Modifying modelsim.ini
# Model Technology ModelSim PE vmap 10.4a Lib Mapping Utility 2015.03 Apr  7 2015
# vmap -modelsim_quiet xil_defaultlib modelsim_lib/msim/xil_defaultlib 
# Modifying modelsim.ini
# ** Warning: (vcom-159) Mode option -64 is not supported in this context and will be ignored.
# 
# Model Technology ModelSim PE Student Edition vcom 10.4a Compiler 2015.03 Apr  7 2015
# Start time: 12:36:08 on Mar 04,2020
# vcom -64 -93 -work xbip_utils_v3_0_10 ../../../../mxu_core.ip_user_files/ipstatic/hdl/xbip_utils_v3_0_vh_rfs.vhd 
# -- Loading package STANDARD
# ** Error: ../../../../mxu_core.ip_user_files/ipstatic/hdl/xbip_utils_v3_0_vh_rfs.vhd(70): near "AES128-CBC": Unknown session key in protected region
# ** Error: ../../../../mxu_core.ip_user_files/ipstatic/hdl/xbip_utils_v3_0_vh_rfs.vhd(71): VHDL Compiler exiting
# End time: 12:36:08 on Mar 04,2020, Elapsed time: 0:00:00
# Errors: 2, Warnings: 1
# ** Error: d:/programmi/modelsim/win32pe_edu/vcom failed.
# Error in macro ./tb_mac_compile.do line 34
# d:/programmi/modelsim/win32pe_edu/vcom failed.
#     while executing
# "vcom -64 -93 -work xbip_utils_v3_0_10  \
# "../../../../mxu_core.ip_user_files/ipstatic/hdl/xbip_utils_v3_0_vh_rfs.vhd" \
# "
