Copyright 1986-2019 Xilinx, Inc. All Rights Reserved.
--------------------------------------------------------------------------------------------------------------------------------------------------------------------------------
| Tool Version : Vivado v.2019.2 (lin64) Build 2708876 Wed Nov  6 21:39:14 MST 2019
| Date         : Wed Mar 11 21:16:23 2020
| Host         : fra running 64-bit Ubuntu 18.04.4 LTS
| Command      : report_methodology -file pynqz2_wrapper_methodology_drc_routed.rpt -pb pynqz2_wrapper_methodology_drc_routed.pb -rpx pynqz2_wrapper_methodology_drc_routed.rpx
| Design       : pynqz2_wrapper
| Device       : xc7z020clg400-1
| Speed File   : -1
| Design State : Fully Routed
--------------------------------------------------------------------------------------------------------------------------------------------------------------------------------

Report Methodology

Table of Contents
-----------------
1. REPORT SUMMARY
2. REPORT DETAILS

1. REPORT SUMMARY
-----------------
            Netlist: netlist
          Floorplan: design_1
      Design limits: <entire design considered>
             Max violations: <unlimited>
             Violations found: 127
+-----------+------------------+-------------------------------------------------+------------+
| Rule      | Severity         | Description                                     | Violations |
+-----------+------------------+-------------------------------------------------+------------+
| TIMING-6  | Critical Warning | No common primary clock between related clocks  | 2          |
| TIMING-7  | Critical Warning | No common node between related clocks           | 2          |
| TIMING-14 | Critical Warning | LUT on the clock tree                           | 1          |
| LUTAR-1   | Warning          | LUT drives async reset alert                    | 5          |
| PDRC-190  | Warning          | Suboptimally placed synchronized register chain | 1          |
| TIMING-9  | Warning          | Unknown CDC Logic                               | 1          |
| TIMING-15 | Warning          | Large hold violation on inter-clock path        | 1          |
| TIMING-16 | Warning          | Large setup violation                           | 112        |
| TIMING-18 | Warning          | Missing input or output delay                   | 2          |
+-----------+------------------+-------------------------------------------------+------------+

2. REPORT DETAILS
-----------------
TIMING-6#1 Critical Warning
No common primary clock between related clocks  
The clocks clk_fpga_0 and clk_fpga_1 are related (timed together) but they have no common primary clock. The design could fail in hardware. To find a timing path between these clocks, run the following command: report_timing -from [get_clocks clk_fpga_0] -to [get_clocks clk_fpga_1]
Related violations: <none>

TIMING-6#2 Critical Warning
No common primary clock between related clocks  
The clocks clk_fpga_1 and clk_fpga_0 are related (timed together) but they have no common primary clock. The design could fail in hardware. To find a timing path between these clocks, run the following command: report_timing -from [get_clocks clk_fpga_1] -to [get_clocks clk_fpga_0]
Related violations: <none>

TIMING-7#1 Critical Warning
No common node between related clocks  
The clocks clk_fpga_0 and clk_fpga_1 are related (timed together) but they have no common node. The design could fail in hardware. To find a timing path between these clocks, run the following command: report_timing -from [get_clocks clk_fpga_0] -to [get_clocks clk_fpga_1]
Related violations: <none>

TIMING-7#2 Critical Warning
No common node between related clocks  
The clocks clk_fpga_1 and clk_fpga_0 are related (timed together) but they have no common node. The design could fail in hardware. To find a timing path between these clocks, run the following command: report_timing -from [get_clocks clk_fpga_1] -to [get_clocks clk_fpga_0]
Related violations: <none>

TIMING-14#1 Critical Warning
LUT on the clock tree  
The LUT pynqz2_i/dtpu/dtpu_core/inst/engine/pipeline_reg_delayer_input_columns[2].incremental_step[1].del_input_register_j/q_i[0]_i_2 has been found on the clock tree. Run opt_design to optimize the clock trees, then re-run report_methodology. If LUT(s) are still present in the clock trees, modify the RTL or the synthesis options accordingly to move the clock gating logic to dedicated clock enable resources. Keep in mind that post-opt_design database cannot be used for pin-planning tasks
Related violations: <none>

LUTAR-1#1 Warning
LUT drives async reset alert  
LUT cell pynqz2_i/axi_mem_intercon/m00_couplers/auto_pc/inst/gen_axi4_axi3.axi3_conv_inst/USE_READ.USE_SPLIT_R.read_addr_inst/USE_R_CHANNEL.cmd_queue/inst/fifo_gen_inst/inst_fifo_gen/gconvfifo.rf/grf.rf/rstblk/gc0.count_d1[4]_i_2, with 2 or more inputs, drives asynchronous preset/clear pin(s) pynqz2_i/axi_mem_intercon/m00_couplers/auto_pc/inst/gen_axi4_axi3.axi3_conv_inst/USE_READ.USE_SPLIT_R.read_addr_inst/USE_R_CHANNEL.cmd_queue/inst/fifo_gen_inst/inst_fifo_gen/gconvfifo.rf/grf.rf/gntv_or_sync_fifo.gl0.rd/rpntr/gc0.count_d1_reg[0]/CLR, pynqz2_i/axi_mem_intercon/m00_couplers/auto_pc/inst/gen_axi4_axi3.axi3_conv_inst/USE_READ.USE_SPLIT_R.read_addr_inst/USE_R_CHANNEL.cmd_queue/inst/fifo_gen_inst/inst_fifo_gen/gconvfifo.rf/grf.rf/gntv_or_sync_fifo.gl0.rd/rpntr/gc0.count_d1_reg[1]/CLR, pynqz2_i/axi_mem_intercon/m00_couplers/auto_pc/inst/gen_axi4_axi3.axi3_conv_inst/USE_READ.USE_SPLIT_R.read_addr_inst/USE_R_CHANNEL.cmd_queue/inst/fifo_gen_inst/inst_fifo_gen/gconvfifo.rf/grf.rf/gntv_or_sync_fifo.gl0.rd/rpntr/gc0.count_d1_reg[2]/CLR, pynqz2_i/axi_mem_intercon/m00_couplers/auto_pc/inst/gen_axi4_axi3.axi3_conv_inst/USE_READ.USE_SPLIT_R.read_addr_inst/USE_R_CHANNEL.cmd_queue/inst/fifo_gen_inst/inst_fifo_gen/gconvfifo.rf/grf.rf/gntv_or_sync_fifo.gl0.rd/rpntr/gc0.count_d1_reg[3]/CLR, pynqz2_i/axi_mem_intercon/m00_couplers/auto_pc/inst/gen_axi4_axi3.axi3_conv_inst/USE_READ.USE_SPLIT_R.read_addr_inst/USE_R_CHANNEL.cmd_queue/inst/fifo_gen_inst/inst_fifo_gen/gconvfifo.rf/grf.rf/gntv_or_sync_fifo.gl0.rd/rpntr/gc0.count_d1_reg[4]/CLR, pynqz2_i/axi_mem_intercon/m00_couplers/auto_pc/inst/gen_axi4_axi3.axi3_conv_inst/USE_READ.USE_SPLIT_R.read_addr_inst/USE_R_CHANNEL.cmd_queue/inst/fifo_gen_inst/inst_fifo_gen/gconvfifo.rf/grf.rf/gntv_or_sync_fifo.gl0.rd/rpntr/gc0.count_reg[1]/CLR, pynqz2_i/axi_mem_intercon/m00_couplers/auto_pc/inst/gen_axi4_axi3.axi3_conv_inst/USE_READ.USE_SPLIT_R.read_addr_inst/USE_R_CHANNEL.cmd_queue/inst/fifo_gen_inst/inst_fifo_gen/gconvfifo.rf/grf.rf/gntv_or_sync_fifo.gl0.rd/rpntr/gc0.count_reg[2]/CLR, pynqz2_i/axi_mem_intercon/m00_couplers/auto_pc/inst/gen_axi4_axi3.axi3_conv_inst/USE_READ.USE_SPLIT_R.read_addr_inst/USE_R_CHANNEL.cmd_queue/inst/fifo_gen_inst/inst_fifo_gen/gconvfifo.rf/grf.rf/gntv_or_sync_fifo.gl0.rd/rpntr/gc0.count_reg[3]/CLR, pynqz2_i/axi_mem_intercon/m00_couplers/auto_pc/inst/gen_axi4_axi3.axi3_conv_inst/USE_READ.USE_SPLIT_R.read_addr_inst/USE_R_CHANNEL.cmd_queue/inst/fifo_gen_inst/inst_fifo_gen/gconvfifo.rf/grf.rf/gntv_or_sync_fifo.gl0.rd/rpntr/gc0.count_reg[4]/CLR, pynqz2_i/axi_mem_intercon/m00_couplers/auto_pc/inst/gen_axi4_axi3.axi3_conv_inst/USE_READ.USE_SPLIT_R.read_addr_inst/USE_R_CHANNEL.cmd_queue/inst/fifo_gen_inst/inst_fifo_gen/gconvfifo.rf/grf.rf/gntv_or_sync_fifo.gl0.rd/rpntr/gc0.count_reg[0]/PRE, pynqz2_i/axi_mem_intercon/m00_couplers/auto_pc/inst/gen_axi4_axi3.axi3_conv_inst/USE_READ.USE_SPLIT_R.read_addr_inst/USE_R_CHANNEL.cmd_queue/inst/fifo_gen_inst/inst_fifo_gen/gconvfifo.rf/grf.rf/gntv_or_sync_fifo.gl0.rd/gr1.gr1_int.rfwft/gpregsm1.curr_fwft_state_reg[0]/CLR, pynqz2_i/axi_mem_intercon/m00_couplers/auto_pc/inst/gen_axi4_axi3.axi3_conv_inst/USE_READ.USE_SPLIT_R.read_addr_inst/USE_R_CHANNEL.cmd_queue/inst/fifo_gen_inst/inst_fifo_gen/gconvfifo.rf/grf.rf/gntv_or_sync_fifo.gl0.rd/gr1.gr1_int.rfwft/gpregsm1.curr_fwft_state_reg[1]/CLR, pynqz2_i/axi_mem_intercon/m00_couplers/auto_pc/inst/gen_axi4_axi3.axi3_conv_inst/USE_READ.USE_SPLIT_R.read_addr_inst/USE_R_CHANNEL.cmd_queue/inst/fifo_gen_inst/inst_fifo_gen/gconvfifo.rf/grf.rf/gntv_or_sync_fifo.gl0.rd/gr1.gr1_int.rfwft/gpregsm1.user_valid_reg/CLR, pynqz2_i/axi_mem_intercon/m00_couplers/auto_pc/inst/gen_axi4_axi3.axi3_conv_inst/USE_READ.USE_SPLIT_R.read_addr_inst/USE_R_CHANNEL.cmd_queue/inst/fifo_gen_inst/inst_fifo_gen/gconvfifo.rf/grf.rf/gntv_or_sync_fifo.gl0.rd/gr1.gr1_int.rfwft/aempty_fwft_fb_i_reg/PRE, pynqz2_i/axi_mem_intercon/m00_couplers/auto_pc/inst/gen_axi4_axi3.axi3_conv_inst/USE_READ.USE_SPLIT_R.read_addr_inst/USE_R_CHANNEL.cmd_queue/inst/fifo_gen_inst/inst_fifo_gen/gconvfifo.rf/grf.rf/gntv_or_sync_fifo.gl0.rd/gr1.gr1_int.rfwft/aempty_fwft_i_reg/PRE (the first 15 of 32 listed). The LUT may glitch and trigger an unexpected reset, even if it is a properly timed path.
Related violations: <none>

LUTAR-1#2 Warning
LUT drives async reset alert  
LUT cell pynqz2_i/axi_mem_intercon/m00_couplers/auto_pc/inst/gen_axi4_axi3.axi3_conv_inst/USE_WRITE.write_addr_inst/USE_BURSTS.cmd_queue/inst/fifo_gen_inst/inst_fifo_gen/gconvfifo.rf/grf.rf/rstblk/gc0.count_d1[4]_i_2, with 2 or more inputs, drives asynchronous preset/clear pin(s) pynqz2_i/axi_mem_intercon/m00_couplers/auto_pc/inst/gen_axi4_axi3.axi3_conv_inst/USE_WRITE.write_addr_inst/USE_BURSTS.cmd_queue/inst/fifo_gen_inst/inst_fifo_gen/gconvfifo.rf/grf.rf/gntv_or_sync_fifo.gl0.wr/gwss.wsts/ram_full_fb_i_reg/CLR, pynqz2_i/axi_mem_intercon/m00_couplers/auto_pc/inst/gen_axi4_axi3.axi3_conv_inst/USE_WRITE.write_addr_inst/USE_BURSTS.cmd_queue/inst/fifo_gen_inst/inst_fifo_gen/gconvfifo.rf/grf.rf/gntv_or_sync_fifo.gl0.wr/gwss.wsts/ram_full_i_reg/CLR, pynqz2_i/axi_mem_intercon/m00_couplers/auto_pc/inst/gen_axi4_axi3.axi3_conv_inst/USE_WRITE.write_addr_inst/USE_BURSTS.cmd_queue/inst/fifo_gen_inst/inst_fifo_gen/gconvfifo.rf/grf.rf/gntv_or_sync_fifo.gl0.wr/wpntr/gcc0.gc0.count_d1_reg[0]/CLR, pynqz2_i/axi_mem_intercon/m00_couplers/auto_pc/inst/gen_axi4_axi3.axi3_conv_inst/USE_WRITE.write_addr_inst/USE_BURSTS.cmd_queue/inst/fifo_gen_inst/inst_fifo_gen/gconvfifo.rf/grf.rf/gntv_or_sync_fifo.gl0.wr/wpntr/gcc0.gc0.count_d1_reg[1]/CLR, pynqz2_i/axi_mem_intercon/m00_couplers/auto_pc/inst/gen_axi4_axi3.axi3_conv_inst/USE_WRITE.write_addr_inst/USE_BURSTS.cmd_queue/inst/fifo_gen_inst/inst_fifo_gen/gconvfifo.rf/grf.rf/gntv_or_sync_fifo.gl0.wr/wpntr/gcc0.gc0.count_d1_reg[2]/CLR, pynqz2_i/axi_mem_intercon/m00_couplers/auto_pc/inst/gen_axi4_axi3.axi3_conv_inst/USE_WRITE.write_addr_inst/USE_BURSTS.cmd_queue/inst/fifo_gen_inst/inst_fifo_gen/gconvfifo.rf/grf.rf/gntv_or_sync_fifo.gl0.wr/wpntr/gcc0.gc0.count_d1_reg[3]/CLR, pynqz2_i/axi_mem_intercon/m00_couplers/auto_pc/inst/gen_axi4_axi3.axi3_conv_inst/USE_WRITE.write_addr_inst/USE_BURSTS.cmd_queue/inst/fifo_gen_inst/inst_fifo_gen/gconvfifo.rf/grf.rf/gntv_or_sync_fifo.gl0.wr/wpntr/gcc0.gc0.count_d1_reg[4]/CLR, pynqz2_i/axi_mem_intercon/m00_couplers/auto_pc/inst/gen_axi4_axi3.axi3_conv_inst/USE_WRITE.write_addr_inst/USE_BURSTS.cmd_queue/inst/fifo_gen_inst/inst_fifo_gen/gconvfifo.rf/grf.rf/gntv_or_sync_fifo.gl0.wr/wpntr/gcc0.gc0.count_reg[1]/CLR, pynqz2_i/axi_mem_intercon/m00_couplers/auto_pc/inst/gen_axi4_axi3.axi3_conv_inst/USE_WRITE.write_addr_inst/USE_BURSTS.cmd_queue/inst/fifo_gen_inst/inst_fifo_gen/gconvfifo.rf/grf.rf/gntv_or_sync_fifo.gl0.wr/wpntr/gcc0.gc0.count_reg[2]/CLR, pynqz2_i/axi_mem_intercon/m00_couplers/auto_pc/inst/gen_axi4_axi3.axi3_conv_inst/USE_WRITE.write_addr_inst/USE_BURSTS.cmd_queue/inst/fifo_gen_inst/inst_fifo_gen/gconvfifo.rf/grf.rf/gntv_or_sync_fifo.gl0.wr/wpntr/gcc0.gc0.count_reg[3]/CLR, pynqz2_i/axi_mem_intercon/m00_couplers/auto_pc/inst/gen_axi4_axi3.axi3_conv_inst/USE_WRITE.write_addr_inst/USE_BURSTS.cmd_queue/inst/fifo_gen_inst/inst_fifo_gen/gconvfifo.rf/grf.rf/gntv_or_sync_fifo.gl0.wr/wpntr/gcc0.gc0.count_reg[4]/CLR, pynqz2_i/axi_mem_intercon/m00_couplers/auto_pc/inst/gen_axi4_axi3.axi3_conv_inst/USE_WRITE.write_addr_inst/USE_BURSTS.cmd_queue/inst/fifo_gen_inst/inst_fifo_gen/gconvfifo.rf/grf.rf/gntv_or_sync_fifo.gl0.wr/wpntr/gcc0.gc0.count_reg[0]/PRE, pynqz2_i/axi_mem_intercon/m00_couplers/auto_pc/inst/gen_axi4_axi3.axi3_conv_inst/USE_WRITE.write_addr_inst/USE_BURSTS.cmd_queue/inst/fifo_gen_inst/inst_fifo_gen/gconvfifo.rf/grf.rf/gntv_or_sync_fifo.gl0.rd/rpntr/gc0.count_d1_reg[0]/CLR, pynqz2_i/axi_mem_intercon/m00_couplers/auto_pc/inst/gen_axi4_axi3.axi3_conv_inst/USE_WRITE.write_addr_inst/USE_BURSTS.cmd_queue/inst/fifo_gen_inst/inst_fifo_gen/gconvfifo.rf/grf.rf/gntv_or_sync_fifo.gl0.rd/rpntr/gc0.count_d1_reg[1]/CLR, pynqz2_i/axi_mem_intercon/m00_couplers/auto_pc/inst/gen_axi4_axi3.axi3_conv_inst/USE_WRITE.write_addr_inst/USE_BURSTS.cmd_queue/inst/fifo_gen_inst/inst_fifo_gen/gconvfifo.rf/grf.rf/gntv_or_sync_fifo.gl0.rd/rpntr/gc0.count_d1_reg[2]/CLR (the first 15 of 32 listed). The LUT may glitch and trigger an unexpected reset, even if it is a properly timed path.
Related violations: <none>

LUTAR-1#3 Warning
LUT drives async reset alert  
LUT cell pynqz2_i/axi_mem_intercon/m00_couplers/auto_pc/inst/gen_axi4_axi3.axi3_conv_inst/USE_WRITE.write_addr_inst/USE_B_CHANNEL.cmd_b_queue/inst/fifo_gen_inst/inst_fifo_gen/gconvfifo.rf/grf.rf/rstblk/gc0.count_d1[4]_i_2, with 2 or more inputs, drives asynchronous preset/clear pin(s) pynqz2_i/axi_mem_intercon/m00_couplers/auto_pc/inst/gen_axi4_axi3.axi3_conv_inst/USE_WRITE.write_addr_inst/USE_B_CHANNEL.cmd_b_queue/inst/fifo_gen_inst/inst_fifo_gen/gconvfifo.rf/grf.rf/gntv_or_sync_fifo.gl0.wr/gwss.wsts/ram_full_fb_i_reg/CLR, pynqz2_i/axi_mem_intercon/m00_couplers/auto_pc/inst/gen_axi4_axi3.axi3_conv_inst/USE_WRITE.write_addr_inst/USE_B_CHANNEL.cmd_b_queue/inst/fifo_gen_inst/inst_fifo_gen/gconvfifo.rf/grf.rf/gntv_or_sync_fifo.gl0.wr/gwss.wsts/ram_full_i_reg/CLR, pynqz2_i/axi_mem_intercon/m00_couplers/auto_pc/inst/gen_axi4_axi3.axi3_conv_inst/USE_WRITE.write_addr_inst/USE_B_CHANNEL.cmd_b_queue/inst/fifo_gen_inst/inst_fifo_gen/gconvfifo.rf/grf.rf/gntv_or_sync_fifo.gl0.wr/wpntr/gcc0.gc0.count_d1_reg[0]/CLR, pynqz2_i/axi_mem_intercon/m00_couplers/auto_pc/inst/gen_axi4_axi3.axi3_conv_inst/USE_WRITE.write_addr_inst/USE_B_CHANNEL.cmd_b_queue/inst/fifo_gen_inst/inst_fifo_gen/gconvfifo.rf/grf.rf/gntv_or_sync_fifo.gl0.wr/wpntr/gcc0.gc0.count_d1_reg[1]/CLR, pynqz2_i/axi_mem_intercon/m00_couplers/auto_pc/inst/gen_axi4_axi3.axi3_conv_inst/USE_WRITE.write_addr_inst/USE_B_CHANNEL.cmd_b_queue/inst/fifo_gen_inst/inst_fifo_gen/gconvfifo.rf/grf.rf/gntv_or_sync_fifo.gl0.wr/wpntr/gcc0.gc0.count_d1_reg[2]/CLR, pynqz2_i/axi_mem_intercon/m00_couplers/auto_pc/inst/gen_axi4_axi3.axi3_conv_inst/USE_WRITE.write_addr_inst/USE_B_CHANNEL.cmd_b_queue/inst/fifo_gen_inst/inst_fifo_gen/gconvfifo.rf/grf.rf/gntv_or_sync_fifo.gl0.wr/wpntr/gcc0.gc0.count_d1_reg[3]/CLR, pynqz2_i/axi_mem_intercon/m00_couplers/auto_pc/inst/gen_axi4_axi3.axi3_conv_inst/USE_WRITE.write_addr_inst/USE_B_CHANNEL.cmd_b_queue/inst/fifo_gen_inst/inst_fifo_gen/gconvfifo.rf/grf.rf/gntv_or_sync_fifo.gl0.wr/wpntr/gcc0.gc0.count_d1_reg[4]/CLR, pynqz2_i/axi_mem_intercon/m00_couplers/auto_pc/inst/gen_axi4_axi3.axi3_conv_inst/USE_WRITE.write_addr_inst/USE_B_CHANNEL.cmd_b_queue/inst/fifo_gen_inst/inst_fifo_gen/gconvfifo.rf/grf.rf/gntv_or_sync_fifo.gl0.wr/wpntr/gcc0.gc0.count_reg[1]/CLR, pynqz2_i/axi_mem_intercon/m00_couplers/auto_pc/inst/gen_axi4_axi3.axi3_conv_inst/USE_WRITE.write_addr_inst/USE_B_CHANNEL.cmd_b_queue/inst/fifo_gen_inst/inst_fifo_gen/gconvfifo.rf/grf.rf/gntv_or_sync_fifo.gl0.wr/wpntr/gcc0.gc0.count_reg[2]/CLR, pynqz2_i/axi_mem_intercon/m00_couplers/auto_pc/inst/gen_axi4_axi3.axi3_conv_inst/USE_WRITE.write_addr_inst/USE_B_CHANNEL.cmd_b_queue/inst/fifo_gen_inst/inst_fifo_gen/gconvfifo.rf/grf.rf/gntv_or_sync_fifo.gl0.wr/wpntr/gcc0.gc0.count_reg[3]/CLR, pynqz2_i/axi_mem_intercon/m00_couplers/auto_pc/inst/gen_axi4_axi3.axi3_conv_inst/USE_WRITE.write_addr_inst/USE_B_CHANNEL.cmd_b_queue/inst/fifo_gen_inst/inst_fifo_gen/gconvfifo.rf/grf.rf/gntv_or_sync_fifo.gl0.wr/wpntr/gcc0.gc0.count_reg[4]/CLR, pynqz2_i/axi_mem_intercon/m00_couplers/auto_pc/inst/gen_axi4_axi3.axi3_conv_inst/USE_WRITE.write_addr_inst/USE_B_CHANNEL.cmd_b_queue/inst/fifo_gen_inst/inst_fifo_gen/gconvfifo.rf/grf.rf/gntv_or_sync_fifo.gl0.wr/wpntr/gcc0.gc0.count_reg[0]/PRE, pynqz2_i/axi_mem_intercon/m00_couplers/auto_pc/inst/gen_axi4_axi3.axi3_conv_inst/USE_WRITE.write_addr_inst/USE_B_CHANNEL.cmd_b_queue/inst/fifo_gen_inst/inst_fifo_gen/gconvfifo.rf/grf.rf/gntv_or_sync_fifo.gl0.rd/rpntr/gc0.count_d1_reg[0]/CLR, pynqz2_i/axi_mem_intercon/m00_couplers/auto_pc/inst/gen_axi4_axi3.axi3_conv_inst/USE_WRITE.write_addr_inst/USE_B_CHANNEL.cmd_b_queue/inst/fifo_gen_inst/inst_fifo_gen/gconvfifo.rf/grf.rf/gntv_or_sync_fifo.gl0.rd/rpntr/gc0.count_d1_reg[1]/CLR, pynqz2_i/axi_mem_intercon/m00_couplers/auto_pc/inst/gen_axi4_axi3.axi3_conv_inst/USE_WRITE.write_addr_inst/USE_B_CHANNEL.cmd_b_queue/inst/fifo_gen_inst/inst_fifo_gen/gconvfifo.rf/grf.rf/gntv_or_sync_fifo.gl0.rd/rpntr/gc0.count_d1_reg[2]/CLR (the first 15 of 32 listed). The LUT may glitch and trigger an unexpected reset, even if it is a properly timed path.
Related violations: <none>

LUTAR-1#4 Warning
LUT drives async reset alert  
LUT cell pynqz2_i/dtpu/axis_accelerator_ada/U0/XD_ADAPTER_CORE_I/XD_OUTPUT_ARGS_I/OARGS_GEN.OUTPUT_ARGS_GEN[0].S2S_GEN.OARG_S2S_I/ap_rst_axi1_i_1, with 2 or more inputs, drives asynchronous preset/clear pin(s) pynqz2_i/dtpu/axis_accelerator_ada/U0/XD_ADAPTER_CORE_I/XD_OUTPUT_ARGS_I/OARGS_GEN.OUTPUT_ARGS_GEN[0].S2S_GEN.OARG_S2S_I/ap_rst_axi1_reg/PRE, pynqz2_i/dtpu/axis_accelerator_ada/U0/XD_ADAPTER_CORE_I/XD_OUTPUT_ARGS_I/OARGS_GEN.OUTPUT_ARGS_GEN[0].S2S_GEN.OARG_S2S_I/ap_rst_axi_reg/PRE. The LUT may glitch and trigger an unexpected reset, even if it is a properly timed path.
Related violations: <none>

LUTAR-1#5 Warning
LUT drives async reset alert  
LUT cell pynqz2_i/dtpu/axis_accelerator_ada/U0/XD_ADAPTER_CORE_I/XD_RESET_SYNC_saclk/axi_rst1_i_1__0, with 2 or more inputs, drives asynchronous preset/clear pin(s) pynqz2_i/dtpu/axis_accelerator_ada/U0/XD_ADAPTER_CORE_I/XD_INPUT_ARGS_I/IARGS_GEN.INPUT_ARGS_GEN[0].S2M_GEN.IARG_AP_S2M_I/axi_rst1_reg/PRE, pynqz2_i/dtpu/axis_accelerator_ada/U0/XD_ADAPTER_CORE_I/XD_INPUT_ARGS_I/IARGS_GEN.INPUT_ARGS_GEN[0].S2M_GEN.IARG_AP_S2M_I/axi_rst_reg/PRE, pynqz2_i/dtpu/axis_accelerator_ada/U0/XD_ADAPTER_CORE_I/XD_INPUT_ARGS_I/IARGS_GEN.INPUT_ARGS_GEN[1].S2M_GEN.IARG_AP_S2M_I/axi_rst1_reg/PRE, pynqz2_i/dtpu/axis_accelerator_ada/U0/XD_ADAPTER_CORE_I/XD_INPUT_ARGS_I/IARGS_GEN.INPUT_ARGS_GEN[1].S2M_GEN.IARG_AP_S2M_I/axi_rst_reg/PRE. The LUT may glitch and trigger an unexpected reset, even if it is a properly timed path.
Related violations: <none>

PDRC-190#1 Warning
Suboptimally placed synchronized register chain  
The FDRE cell pynqz2_i/dtpu/axis_accelerator_ada/U0/XD_ADAPTER_CORE_I/XD_OUTPUT_ARGS_I/XD_SW_LENGTH_WE_SYNC/GENERATE_LEVEL_P_S_CDC.MULTI_BIT.s_level_out_bus_d4_reg[0] in site SLICE_X41Y22 is part of a synchronized register chain that is suboptimally placed as the load FDCE cell pynqz2_i/dtpu/axis_accelerator_ada/U0/XD_ADAPTER_CORE_I/XD_OUTPUT_ARGS_I/OARGS_GEN.OUTPUT_ARGS_GEN[0].S2S_GEN.OARG_S2S_I/wr_stg_inst/Q_reg_reg[0] is not placed in the same (SLICE) site.
Related violations: <none>

TIMING-9#1 Warning
Unknown CDC Logic  
One or more asynchronous Clock Domain Crossing has been detected between 2 clock domains through a set_false_path or a set_clock_groups or set_max_delay -datapath_only constraint but no double-registers logic synchronizer has been found on the side of the capture clock. It is recommended to run report_cdc for a complete and detailed CDC coverage. Please consider using XPM_CDC to avoid Critical severities
Related violations: <none>

TIMING-15#1 Warning
Large hold violation on inter-clock path  
There is a large inter-clock skew of 6.597 ns between pynqz2_i/ps7/inst/PS7_i/FCLKCLK[1] (clocked by clk_fpga_1) and pynqz2_i/dtpu/dtpu_core/inst/engine/pipeline_reg_delayer_input_columns[2].incremental_step[0].del_input_register_j/q_i_reg[0]/D (clocked by clk_fpga_1) that results in large hold timing violation(s) of -4.311 ns. Fixing large hold violations during routing might impact setup slack and result in more difficult timing closure
Related violations: <none>

TIMING-16#1 Warning
Large setup violation  
There is a large setup violation of -2.105 ns between pynqz2_i/dtpu/dtpu_core/inst/cu/infifo_read_reg/C (clocked by clk_fpga_1) and pynqz2_i/dtpu/axis_accelerator_ada/U0/XD_ADAPTER_CORE_I/XD_INPUT_ARGS_I/IARGS_GEN.INPUT_ARGS_GEN[2].S2S_GEN.IARG_AP_S2S_I/SAME_WIDTH_GEN.FIFO_I/NEW_INTRO.BRAM_MEM_GEN.FIF_BMG_INST/inst_fifo_gen/gconvfifo.rf/grf.rf/gntv_or_sync_fifo.gl0.rd/gr1.gr1_int.rfwft/empty_fwft_fb_o_i_reg/D (clocked by clk_fpga_0). Large setup violations at the end of those stages might be difficult to fix during the post-placement implementation flow and could be the result of non-optimal XDC constraints or non-optimal design architecture
Related violations: <none>

TIMING-16#2 Warning
Large setup violation  
There is a large setup violation of -2.190 ns between pynqz2_i/dtpu/dtpu_core/inst/cu/infifo_read_reg/C (clocked by clk_fpga_1) and pynqz2_i/dtpu/axis_accelerator_ada/U0/XD_ADAPTER_CORE_I/XD_INPUT_ARGS_I/IARGS_GEN.INPUT_ARGS_GEN[2].S2S_GEN.IARG_AP_S2S_I/SAME_WIDTH_GEN.FIFO_I/NEW_INTRO.BRAM_MEM_GEN.FIF_BMG_INST/inst_fifo_gen/gconvfifo.rf/grf.rf/gntv_or_sync_fifo.gl0.rd/gr1.gr1_int.rfwft/empty_fwft_fb_i_reg/D (clocked by clk_fpga_0). Large setup violations at the end of those stages might be difficult to fix during the post-placement implementation flow and could be the result of non-optimal XDC constraints or non-optimal design architecture
Related violations: <none>

TIMING-16#3 Warning
Large setup violation  
There is a large setup violation of -2.272 ns between pynqz2_i/dtpu/dtpu_core/inst/cu/infifo_read_reg/C (clocked by clk_fpga_1) and pynqz2_i/dtpu/axis_accelerator_ada/U0/XD_ADAPTER_CORE_I/XD_INPUT_ARGS_I/IARGS_GEN.INPUT_ARGS_GEN[2].S2S_GEN.IARG_AP_S2S_I/SAME_WIDTH_GEN.FIFO_I/NEW_INTRO.BRAM_MEM_GEN.FIF_BMG_INST/inst_fifo_gen/gconvfifo.rf/grf.rf/gntv_or_sync_fifo.gl0.rd/gr1.gr1_int.rfwft/gpregsm1.curr_fwft_state_reg[1]/D (clocked by clk_fpga_0). Large setup violations at the end of those stages might be difficult to fix during the post-placement implementation flow and could be the result of non-optimal XDC constraints or non-optimal design architecture
Related violations: <none>

TIMING-16#4 Warning
Large setup violation  
There is a large setup violation of -2.318 ns between pynqz2_i/dtpu/dtpu_core/inst/cu/cs_done_reg_replica/C (clocked by clk_fpga_1) and pynqz2_i/dtpu/axis_accelerator_ada/U0/XD_ADAPTER_CORE_I/XD_OUTPUT_ARGS_I/OARGS_GEN.OUTPUT_ARGS_GEN[0].S2S_GEN.OARG_S2S_I/FSM_sequential_SAME_WIDTH_GEN.state_reg[0]/D (clocked by clk_fpga_0). Large setup violations at the end of those stages might be difficult to fix during the post-placement implementation flow and could be the result of non-optimal XDC constraints or non-optimal design architecture
Related violations: <none>

TIMING-16#5 Warning
Large setup violation  
There is a large setup violation of -2.338 ns between pynqz2_i/dtpu/dtpu_core/inst/cu/infifo_read_reg/C (clocked by clk_fpga_1) and pynqz2_i/dtpu/axis_accelerator_ada/U0/XD_ADAPTER_CORE_I/XD_INPUT_ARGS_I/IARGS_GEN.INPUT_ARGS_GEN[2].S2S_GEN.IARG_AP_S2S_I/SAME_WIDTH_GEN.FIFO_I/NEW_INTRO.BRAM_MEM_GEN.FIF_BMG_INST/inst_fifo_gen/gconvfifo.rf/grf.rf/gntv_or_sync_fifo.gl0.rd/gr1.gr1_int.rfwft/gpregsm1.user_valid_reg/D (clocked by clk_fpga_0). Large setup violations at the end of those stages might be difficult to fix during the post-placement implementation flow and could be the result of non-optimal XDC constraints or non-optimal design architecture
Related violations: <none>

TIMING-16#6 Warning
Large setup violation  
There is a large setup violation of -2.345 ns between pynqz2_i/dtpu/dtpu_core/inst/cu/infifo_read_reg/C (clocked by clk_fpga_1) and pynqz2_i/dtpu/axis_accelerator_ada/U0/XD_ADAPTER_CORE_I/XD_INPUT_ARGS_I/IARGS_GEN.INPUT_ARGS_GEN[2].S2S_GEN.IARG_AP_S2S_I/SAME_WIDTH_GEN.FIFO_I/NEW_INTRO.BRAM_MEM_GEN.FIF_BMG_INST/inst_fifo_gen/gconvfifo.rf/grf.rf/gntv_or_sync_fifo.gl0.rd/gr1.gr1_int.rfwft/aempty_fwft_i_reg/D (clocked by clk_fpga_0). Large setup violations at the end of those stages might be difficult to fix during the post-placement implementation flow and could be the result of non-optimal XDC constraints or non-optimal design architecture
Related violations: <none>

TIMING-16#7 Warning
Large setup violation  
There is a large setup violation of -2.351 ns between pynqz2_i/dtpu/dtpu_core/inst/cu/infifo_read_reg/C (clocked by clk_fpga_1) and pynqz2_i/dtpu/axis_accelerator_ada/U0/XD_ADAPTER_CORE_I/XD_INPUT_ARGS_I/IARGS_GEN.INPUT_ARGS_GEN[2].S2S_GEN.IARG_AP_S2S_I/SAME_WIDTH_GEN.FIFO_I/NEW_INTRO.BRAM_MEM_GEN.FIF_BMG_INST/inst_fifo_gen/gconvfifo.rf/grf.rf/gntv_or_sync_fifo.gl0.rd/gr1.gr1_int.rfwft/gpregsm1.curr_fwft_state_reg[0]/D (clocked by clk_fpga_0). Large setup violations at the end of those stages might be difficult to fix during the post-placement implementation flow and could be the result of non-optimal XDC constraints or non-optimal design architecture
Related violations: <none>

TIMING-16#8 Warning
Large setup violation  
There is a large setup violation of -2.353 ns between pynqz2_i/dtpu/dtpu_core/inst/cu/cs_done_reg_replica/C (clocked by clk_fpga_1) and pynqz2_i/dtpu/axis_accelerator_ada/U0/XD_ADAPTER_CORE_I/XD_SYNC_I/EN_APCLK_LITE_SYNC_GEN.AP_DONE_SYNC_I/GENERATE_PULSE_P_S_CDC_OPEN_ENDED.p_in_d1_cdc_from_reg/D (clocked by clk_fpga_0). Large setup violations at the end of those stages might be difficult to fix during the post-placement implementation flow and could be the result of non-optimal XDC constraints or non-optimal design architecture
Related violations: <none>

TIMING-16#9 Warning
Large setup violation  
There is a large setup violation of -2.358 ns between pynqz2_i/dtpu/dtpu_core/inst/cu/infifo_read_reg/C (clocked by clk_fpga_1) and pynqz2_i/dtpu/axis_accelerator_ada/U0/XD_ADAPTER_CORE_I/XD_INPUT_ARGS_I/IARGS_GEN.INPUT_ARGS_GEN[2].S2S_GEN.IARG_AP_S2S_I/SAME_WIDTH_GEN.FIFO_I/NEW_INTRO.BRAM_MEM_GEN.FIF_BMG_INST/inst_fifo_gen/gconvfifo.rf/grf.rf/gntv_or_sync_fifo.gl0.rd/gr1.gr1_int.rfwft/aempty_fwft_fb_i_reg/D (clocked by clk_fpga_0). Large setup violations at the end of those stages might be difficult to fix during the post-placement implementation flow and could be the result of non-optimal XDC constraints or non-optimal design architecture
Related violations: <none>

TIMING-16#10 Warning
Large setup violation  
There is a large setup violation of -2.475 ns between pynqz2_i/dtpu/dtpu_core/inst/cu/infifo_read_reg/C (clocked by clk_fpga_1) and pynqz2_i/dtpu/axis_accelerator_ada/U0/XD_ADAPTER_CORE_I/XD_INPUT_ARGS_I/IARGS_GEN.INPUT_ARGS_GEN[2].S2S_GEN.IARG_AP_S2S_I/SAME_WIDTH_GEN.FIFO_I/NEW_INTRO.BRAM_MEM_GEN.FIF_BMG_INST/inst_fifo_gen/gconvfifo.rf/grf.rf/gntv_or_sync_fifo.gl0.rd/gras.rsts/ram_empty_fb_i_reg/D (clocked by clk_fpga_0). Large setup violations at the end of those stages might be difficult to fix during the post-placement implementation flow and could be the result of non-optimal XDC constraints or non-optimal design architecture
Related violations: <none>

TIMING-16#11 Warning
Large setup violation  
There is a large setup violation of -2.483 ns between pynqz2_i/dtpu/dtpu_core/inst/cu/outfifo_write_reg/C (clocked by clk_fpga_1) and pynqz2_i/dtpu/axis_accelerator_ada/U0/XD_ADAPTER_CORE_I/XD_OUTPUT_ARGS_I/OARGS_GEN.OUTPUT_ARGS_GEN[0].S2S_GEN.OARG_S2S_I/SAME_WIDTH_GEN.tap_0_vld_reg/D (clocked by clk_fpga_0). Large setup violations at the end of those stages might be difficult to fix during the post-placement implementation flow and could be the result of non-optimal XDC constraints or non-optimal design architecture
Related violations: <none>

TIMING-16#12 Warning
Large setup violation  
There is a large setup violation of -2.495 ns between pynqz2_i/dtpu/dtpu_core/inst/cu/infifo_read_reg/C (clocked by clk_fpga_1) and pynqz2_i/dtpu/axis_accelerator_ada/U0/XD_ADAPTER_CORE_I/XD_INPUT_ARGS_I/IARGS_GEN.INPUT_ARGS_GEN[2].S2S_GEN.IARG_AP_S2S_I/SAME_WIDTH_GEN.FIFO_I/NEW_INTRO.BRAM_MEM_GEN.FIF_BMG_INST/inst_fifo_gen/gconvfifo.rf/grf.rf/gntv_or_sync_fifo.gl0.rd/gras.rsts/ram_empty_i_reg/D (clocked by clk_fpga_0). Large setup violations at the end of those stages might be difficult to fix during the post-placement implementation flow and could be the result of non-optimal XDC constraints or non-optimal design architecture
Related violations: <none>

TIMING-16#13 Warning
Large setup violation  
There is a large setup violation of -2.548 ns between pynqz2_i/dtpu/axis_accelerator_ada/U0/XD_ADAPTER_CORE_I/XD_SYNC_I/core_ap_start_reg/C (clocked by clk_fpga_0) and pynqz2_i/dtpu/dtpu_core/inst/cu/FSM_onehot_state_reg[1]/D (clocked by clk_fpga_1). Large setup violations at the end of those stages might be difficult to fix during the post-placement implementation flow and could be the result of non-optimal XDC constraints or non-optimal design architecture
Related violations: <none>

TIMING-16#14 Warning
Large setup violation  
There is a large setup violation of -2.551 ns between pynqz2_i/dtpu/axis_accelerator_ada/U0/XD_ADAPTER_CORE_I/XD_SYNC_I/core_ap_start_reg/C (clocked by clk_fpga_0) and pynqz2_i/dtpu/dtpu_core/inst/cu/FSM_onehot_state_reg[4]/D (clocked by clk_fpga_1). Large setup violations at the end of those stages might be difficult to fix during the post-placement implementation flow and could be the result of non-optimal XDC constraints or non-optimal design architecture
Related violations: <none>

TIMING-16#15 Warning
Large setup violation  
There is a large setup violation of -2.552 ns between pynqz2_i/dtpu/axis_accelerator_ada/U0/XD_ADAPTER_CORE_I/XD_SYNC_I/core_ap_start_reg/C (clocked by clk_fpga_0) and pynqz2_i/dtpu/dtpu_core/inst/cu/FSM_onehot_state_reg[3]/D (clocked by clk_fpga_1). Large setup violations at the end of those stages might be difficult to fix during the post-placement implementation flow and could be the result of non-optimal XDC constraints or non-optimal design architecture
Related violations: <none>

TIMING-16#16 Warning
Large setup violation  
There is a large setup violation of -2.558 ns between pynqz2_i/dtpu/axis_accelerator_ada/U0/XD_ADAPTER_CORE_I/XD_SYNC_I/core_ap_start_reg/C (clocked by clk_fpga_0) and pynqz2_i/dtpu/dtpu_core/inst/cu/FSM_onehot_state_reg[2]/D (clocked by clk_fpga_1). Large setup violations at the end of those stages might be difficult to fix during the post-placement implementation flow and could be the result of non-optimal XDC constraints or non-optimal design architecture
Related violations: <none>

TIMING-16#17 Warning
Large setup violation  
There is a large setup violation of -2.623 ns between pynqz2_i/dtpu/dtpu_core/inst/cu/infifo_read_reg/C (clocked by clk_fpga_1) and pynqz2_i/dtpu/axis_accelerator_ada/U0/XD_ADAPTER_CORE_I/XD_INPUT_ARGS_I/IARGS_GEN.INPUT_ARGS_GEN[2].S2S_GEN.IARG_AP_S2S_I/SAME_WIDTH_GEN.FIFO_I/NEW_INTRO.BRAM_MEM_GEN.FIF_BMG_INST/inst_fifo_gen/gconvfifo.rf/grf.rf/gntv_or_sync_fifo.gl0.rd/gr1.gr1_int.rfwft/empty_fwft_i_reg/D (clocked by clk_fpga_0). Large setup violations at the end of those stages might be difficult to fix during the post-placement implementation flow and could be the result of non-optimal XDC constraints or non-optimal design architecture
Related violations: <none>

TIMING-16#18 Warning
Large setup violation  
There is a large setup violation of -2.661 ns between pynqz2_i/dtpu/dtpu_core/inst/cu/cs_done_reg/C (clocked by clk_fpga_1) and pynqz2_i/dtpu/axis_accelerator_ada/U0/XD_ADAPTER_CORE_I/XD_SYNC_I/FSM_sequential_state_reg[1]/D (clocked by clk_fpga_0). Large setup violations at the end of those stages might be difficult to fix during the post-placement implementation flow and could be the result of non-optimal XDC constraints or non-optimal design architecture
Related violations: <none>

TIMING-16#19 Warning
Large setup violation  
There is a large setup violation of -2.665 ns between pynqz2_i/dtpu/dtpu_core/inst/cu/cs_done_reg/C (clocked by clk_fpga_1) and pynqz2_i/dtpu/axis_accelerator_ada/U0/XD_ADAPTER_CORE_I/XD_SYNC_I/FSM_sequential_state_reg[2]/D (clocked by clk_fpga_0). Large setup violations at the end of those stages might be difficult to fix during the post-placement implementation flow and could be the result of non-optimal XDC constraints or non-optimal design architecture
Related violations: <none>

TIMING-16#20 Warning
Large setup violation  
There is a large setup violation of -2.706 ns between pynqz2_i/dtpu/dtpu_core/inst/cu/cs_done_reg_replica/C (clocked by clk_fpga_1) and pynqz2_i/dtpu/axis_accelerator_ada/U0/XD_ADAPTER_CORE_I/XD_OUTPUT_ARGS_I/OARGS_GEN.OUTPUT_ARGS_GEN[0].S2S_GEN.OARG_S2S_I/SAME_WIDTH_GEN.FIFO_I/NEW_INTRO.BRAM_MEM_GEN.FIF_BMG_INST/inst_fifo_gen/gconvfifo.rf/grf.rf/gntv_or_sync_fifo.gl0.wr/wpntr/gic0.gc0.count_d1_reg[2]/CE (clocked by clk_fpga_0). Large setup violations at the end of those stages might be difficult to fix during the post-placement implementation flow and could be the result of non-optimal XDC constraints or non-optimal design architecture
Related violations: <none>

TIMING-16#21 Warning
Large setup violation  
There is a large setup violation of -2.706 ns between pynqz2_i/dtpu/dtpu_core/inst/cu/cs_done_reg_replica/C (clocked by clk_fpga_1) and pynqz2_i/dtpu/axis_accelerator_ada/U0/XD_ADAPTER_CORE_I/XD_OUTPUT_ARGS_I/OARGS_GEN.OUTPUT_ARGS_GEN[0].S2S_GEN.OARG_S2S_I/SAME_WIDTH_GEN.FIFO_I/NEW_INTRO.BRAM_MEM_GEN.FIF_BMG_INST/inst_fifo_gen/gconvfifo.rf/grf.rf/gntv_or_sync_fifo.gl0.wr/wpntr/gic0.gc0.count_d1_reg[8]/CE (clocked by clk_fpga_0). Large setup violations at the end of those stages might be difficult to fix during the post-placement implementation flow and could be the result of non-optimal XDC constraints or non-optimal design architecture
Related violations: <none>

TIMING-16#22 Warning
Large setup violation  
There is a large setup violation of -2.706 ns between pynqz2_i/dtpu/dtpu_core/inst/cu/cs_done_reg_replica/C (clocked by clk_fpga_1) and pynqz2_i/dtpu/axis_accelerator_ada/U0/XD_ADAPTER_CORE_I/XD_OUTPUT_ARGS_I/OARGS_GEN.OUTPUT_ARGS_GEN[0].S2S_GEN.OARG_S2S_I/SAME_WIDTH_GEN.FIFO_I/NEW_INTRO.BRAM_MEM_GEN.FIF_BMG_INST/inst_fifo_gen/gconvfifo.rf/grf.rf/gntv_or_sync_fifo.gl0.wr/wpntr/gic0.gc0.count_d2_reg[8]/CE (clocked by clk_fpga_0). Large setup violations at the end of those stages might be difficult to fix during the post-placement implementation flow and could be the result of non-optimal XDC constraints or non-optimal design architecture
Related violations: <none>

TIMING-16#23 Warning
Large setup violation  
There is a large setup violation of -2.706 ns between pynqz2_i/dtpu/dtpu_core/inst/cu/cs_done_reg_replica/C (clocked by clk_fpga_1) and pynqz2_i/dtpu/axis_accelerator_ada/U0/XD_ADAPTER_CORE_I/XD_OUTPUT_ARGS_I/OARGS_GEN.OUTPUT_ARGS_GEN[0].S2S_GEN.OARG_S2S_I/SAME_WIDTH_GEN.FIFO_I/NEW_INTRO.BRAM_MEM_GEN.FIF_BMG_INST/inst_fifo_gen/gconvfifo.rf/grf.rf/gntv_or_sync_fifo.gl0.wr/wpntr/gic0.gc0.count_reg[0]/CE (clocked by clk_fpga_0). Large setup violations at the end of those stages might be difficult to fix during the post-placement implementation flow and could be the result of non-optimal XDC constraints or non-optimal design architecture
Related violations: <none>

TIMING-16#24 Warning
Large setup violation  
There is a large setup violation of -2.706 ns between pynqz2_i/dtpu/dtpu_core/inst/cu/cs_done_reg_replica/C (clocked by clk_fpga_1) and pynqz2_i/dtpu/axis_accelerator_ada/U0/XD_ADAPTER_CORE_I/XD_OUTPUT_ARGS_I/OARGS_GEN.OUTPUT_ARGS_GEN[0].S2S_GEN.OARG_S2S_I/SAME_WIDTH_GEN.FIFO_I/NEW_INTRO.BRAM_MEM_GEN.FIF_BMG_INST/inst_fifo_gen/gconvfifo.rf/grf.rf/gntv_or_sync_fifo.gl0.wr/wpntr/gic0.gc0.count_reg[2]/CE (clocked by clk_fpga_0). Large setup violations at the end of those stages might be difficult to fix during the post-placement implementation flow and could be the result of non-optimal XDC constraints or non-optimal design architecture
Related violations: <none>

TIMING-16#25 Warning
Large setup violation  
There is a large setup violation of -2.718 ns between pynqz2_i/dtpu/dtpu_core/inst/cu/wm_ce_reg/C (clocked by clk_fpga_1) and pynqz2_i/dtpu/axis_accelerator_ada/U0/XD_ADAPTER_CORE_I/XD_INPUT_ARGS_I/IARGS_GEN.INPUT_ARGS_GEN[1].S2M_GEN.IARG_AP_S2M_I/MEM_CTRL_I/LINEAR_BANK_GEN.MEM_I/ARG_MEM_I/SAME_WIDTH_GEN.BANK_I/ONE_COL_GEN.MEM_BANK_GEN[0].BRAM_7_SERIES.bram.BRAM_I/ENARDEN (clocked by clk_fpga_0). Large setup violations at the end of those stages might be difficult to fix during the post-placement implementation flow and could be the result of non-optimal XDC constraints or non-optimal design architecture
Related violations: <none>

TIMING-16#26 Warning
Large setup violation  
There is a large setup violation of -2.731 ns between pynqz2_i/dtpu/dtpu_core/inst/cu/cs_ready_reg/C (clocked by clk_fpga_1) and pynqz2_i/dtpu/axis_accelerator_ada/U0/XD_ADAPTER_CORE_I/XD_SYNC_I/core_ap_start_reg/D (clocked by clk_fpga_0). Large setup violations at the end of those stages might be difficult to fix during the post-placement implementation flow and could be the result of non-optimal XDC constraints or non-optimal design architecture
Related violations: <none>

TIMING-16#27 Warning
Large setup violation  
There is a large setup violation of -2.736 ns between pynqz2_i/dtpu/dtpu_core/inst/cu/cs_done_reg_replica/C (clocked by clk_fpga_1) and pynqz2_i/dtpu/axis_accelerator_ada/U0/XD_ADAPTER_CORE_I/XD_OUTPUT_ARGS_I/OARGS_GEN.OUTPUT_ARGS_GEN[0].S2S_GEN.OARG_S2S_I/SAME_WIDTH_GEN.FIFO_I/NEW_INTRO.BRAM_MEM_GEN.FIF_BMG_INST/inst_fifo_gen/gconvfifo.rf/grf.rf/gntv_or_sync_fifo.gl0.wr/wpntr/gic0.gc0.count_d1_reg[10]/CE (clocked by clk_fpga_0). Large setup violations at the end of those stages might be difficult to fix during the post-placement implementation flow and could be the result of non-optimal XDC constraints or non-optimal design architecture
Related violations: <none>

TIMING-16#28 Warning
Large setup violation  
There is a large setup violation of -2.736 ns between pynqz2_i/dtpu/dtpu_core/inst/cu/cs_done_reg_replica/C (clocked by clk_fpga_1) and pynqz2_i/dtpu/axis_accelerator_ada/U0/XD_ADAPTER_CORE_I/XD_OUTPUT_ARGS_I/OARGS_GEN.OUTPUT_ARGS_GEN[0].S2S_GEN.OARG_S2S_I/SAME_WIDTH_GEN.FIFO_I/NEW_INTRO.BRAM_MEM_GEN.FIF_BMG_INST/inst_fifo_gen/gconvfifo.rf/grf.rf/gntv_or_sync_fifo.gl0.wr/wpntr/gic0.gc0.count_d1_reg[1]/CE (clocked by clk_fpga_0). Large setup violations at the end of those stages might be difficult to fix during the post-placement implementation flow and could be the result of non-optimal XDC constraints or non-optimal design architecture
Related violations: <none>

TIMING-16#29 Warning
Large setup violation  
There is a large setup violation of -2.736 ns between pynqz2_i/dtpu/dtpu_core/inst/cu/cs_done_reg_replica/C (clocked by clk_fpga_1) and pynqz2_i/dtpu/axis_accelerator_ada/U0/XD_ADAPTER_CORE_I/XD_OUTPUT_ARGS_I/OARGS_GEN.OUTPUT_ARGS_GEN[0].S2S_GEN.OARG_S2S_I/SAME_WIDTH_GEN.FIFO_I/NEW_INTRO.BRAM_MEM_GEN.FIF_BMG_INST/inst_fifo_gen/gconvfifo.rf/grf.rf/gntv_or_sync_fifo.gl0.wr/wpntr/gic0.gc0.count_d1_reg[7]/CE (clocked by clk_fpga_0). Large setup violations at the end of those stages might be difficult to fix during the post-placement implementation flow and could be the result of non-optimal XDC constraints or non-optimal design architecture
Related violations: <none>

TIMING-16#30 Warning
Large setup violation  
There is a large setup violation of -2.736 ns between pynqz2_i/dtpu/dtpu_core/inst/cu/cs_done_reg_replica/C (clocked by clk_fpga_1) and pynqz2_i/dtpu/axis_accelerator_ada/U0/XD_ADAPTER_CORE_I/XD_OUTPUT_ARGS_I/OARGS_GEN.OUTPUT_ARGS_GEN[0].S2S_GEN.OARG_S2S_I/SAME_WIDTH_GEN.FIFO_I/NEW_INTRO.BRAM_MEM_GEN.FIF_BMG_INST/inst_fifo_gen/gconvfifo.rf/grf.rf/gntv_or_sync_fifo.gl0.wr/wpntr/gic0.gc0.count_d1_reg[9]/CE (clocked by clk_fpga_0). Large setup violations at the end of those stages might be difficult to fix during the post-placement implementation flow and could be the result of non-optimal XDC constraints or non-optimal design architecture
Related violations: <none>

TIMING-16#31 Warning
Large setup violation  
There is a large setup violation of -2.736 ns between pynqz2_i/dtpu/dtpu_core/inst/cu/cs_done_reg_replica/C (clocked by clk_fpga_1) and pynqz2_i/dtpu/axis_accelerator_ada/U0/XD_ADAPTER_CORE_I/XD_OUTPUT_ARGS_I/OARGS_GEN.OUTPUT_ARGS_GEN[0].S2S_GEN.OARG_S2S_I/SAME_WIDTH_GEN.FIFO_I/NEW_INTRO.BRAM_MEM_GEN.FIF_BMG_INST/inst_fifo_gen/gconvfifo.rf/grf.rf/gntv_or_sync_fifo.gl0.wr/wpntr/gic0.gc0.count_d2_reg[5]/CE (clocked by clk_fpga_0). Large setup violations at the end of those stages might be difficult to fix during the post-placement implementation flow and could be the result of non-optimal XDC constraints or non-optimal design architecture
Related violations: <none>

TIMING-16#32 Warning
Large setup violation  
There is a large setup violation of -2.736 ns between pynqz2_i/dtpu/dtpu_core/inst/cu/cs_done_reg_replica/C (clocked by clk_fpga_1) and pynqz2_i/dtpu/axis_accelerator_ada/U0/XD_ADAPTER_CORE_I/XD_OUTPUT_ARGS_I/OARGS_GEN.OUTPUT_ARGS_GEN[0].S2S_GEN.OARG_S2S_I/SAME_WIDTH_GEN.FIFO_I/NEW_INTRO.BRAM_MEM_GEN.FIF_BMG_INST/inst_fifo_gen/gconvfifo.rf/grf.rf/gntv_or_sync_fifo.gl0.wr/wpntr/gic0.gc0.count_reg[10]/CE (clocked by clk_fpga_0). Large setup violations at the end of those stages might be difficult to fix during the post-placement implementation flow and could be the result of non-optimal XDC constraints or non-optimal design architecture
Related violations: <none>

TIMING-16#33 Warning
Large setup violation  
There is a large setup violation of -2.738 ns between pynqz2_i/dtpu/dtpu_core/inst/cu/infifo_read_reg/C (clocked by clk_fpga_1) and pynqz2_i/dtpu/axis_accelerator_ada/U0/XD_ADAPTER_CORE_I/XD_INPUT_ARGS_I/IARGS_GEN.INPUT_ARGS_GEN[2].S2S_GEN.IARG_AP_S2S_I/SAME_WIDTH_GEN.FIFO_I/NEW_INTRO.BRAM_MEM_GEN.FIF_BMG_INST/inst_fifo_gen/gconvfifo.rf/grf.rf/gntv_or_sync_fifo.mem/goreg_bm.dout_i_reg[0]/CE (clocked by clk_fpga_0). Large setup violations at the end of those stages might be difficult to fix during the post-placement implementation flow and could be the result of non-optimal XDC constraints or non-optimal design architecture
Related violations: <none>

TIMING-16#34 Warning
Large setup violation  
There is a large setup violation of -2.743 ns between pynqz2_i/dtpu/dtpu_core/inst/cu/cs_done_reg/C (clocked by clk_fpga_1) and pynqz2_i/dtpu/axis_accelerator_ada/U0/XD_ADAPTER_CORE_I/XD_SYNC_I/FSM_sequential_state_reg[0]/D (clocked by clk_fpga_0). Large setup violations at the end of those stages might be difficult to fix during the post-placement implementation flow and could be the result of non-optimal XDC constraints or non-optimal design architecture
Related violations: <none>

TIMING-16#35 Warning
Large setup violation  
There is a large setup violation of -2.753 ns between pynqz2_i/dtpu/dtpu_core/inst/cu/infifo_read_reg/C (clocked by clk_fpga_1) and pynqz2_i/dtpu/axis_accelerator_ada/U0/XD_ADAPTER_CORE_I/XD_INPUT_ARGS_I/IARGS_GEN.INPUT_ARGS_GEN[2].S2S_GEN.IARG_AP_S2S_I/SAME_WIDTH_GEN.FIFO_I/NEW_INTRO.BRAM_MEM_GEN.FIF_BMG_INST/inst_fifo_gen/gconvfifo.rf/grf.rf/gntv_or_sync_fifo.gl0.rd/rpntr/gc0.count_d1_reg[10]/CE (clocked by clk_fpga_0). Large setup violations at the end of those stages might be difficult to fix during the post-placement implementation flow and could be the result of non-optimal XDC constraints or non-optimal design architecture
Related violations: <none>

TIMING-16#36 Warning
Large setup violation  
There is a large setup violation of -2.753 ns between pynqz2_i/dtpu/dtpu_core/inst/cu/infifo_read_reg/C (clocked by clk_fpga_1) and pynqz2_i/dtpu/axis_accelerator_ada/U0/XD_ADAPTER_CORE_I/XD_INPUT_ARGS_I/IARGS_GEN.INPUT_ARGS_GEN[2].S2S_GEN.IARG_AP_S2S_I/SAME_WIDTH_GEN.FIFO_I/NEW_INTRO.BRAM_MEM_GEN.FIF_BMG_INST/inst_fifo_gen/gconvfifo.rf/grf.rf/gntv_or_sync_fifo.gl0.rd/rpntr/gc0.count_d1_reg[6]/CE (clocked by clk_fpga_0). Large setup violations at the end of those stages might be difficult to fix during the post-placement implementation flow and could be the result of non-optimal XDC constraints or non-optimal design architecture
Related violations: <none>

TIMING-16#37 Warning
Large setup violation  
There is a large setup violation of -2.753 ns between pynqz2_i/dtpu/dtpu_core/inst/cu/infifo_read_reg/C (clocked by clk_fpga_1) and pynqz2_i/dtpu/axis_accelerator_ada/U0/XD_ADAPTER_CORE_I/XD_INPUT_ARGS_I/IARGS_GEN.INPUT_ARGS_GEN[2].S2S_GEN.IARG_AP_S2S_I/SAME_WIDTH_GEN.FIFO_I/NEW_INTRO.BRAM_MEM_GEN.FIF_BMG_INST/inst_fifo_gen/gconvfifo.rf/grf.rf/gntv_or_sync_fifo.gl0.rd/rpntr/gc0.count_d1_reg[7]/CE (clocked by clk_fpga_0). Large setup violations at the end of those stages might be difficult to fix during the post-placement implementation flow and could be the result of non-optimal XDC constraints or non-optimal design architecture
Related violations: <none>

TIMING-16#38 Warning
Large setup violation  
There is a large setup violation of -2.753 ns between pynqz2_i/dtpu/dtpu_core/inst/cu/infifo_read_reg/C (clocked by clk_fpga_1) and pynqz2_i/dtpu/axis_accelerator_ada/U0/XD_ADAPTER_CORE_I/XD_INPUT_ARGS_I/IARGS_GEN.INPUT_ARGS_GEN[2].S2S_GEN.IARG_AP_S2S_I/SAME_WIDTH_GEN.FIFO_I/NEW_INTRO.BRAM_MEM_GEN.FIF_BMG_INST/inst_fifo_gen/gconvfifo.rf/grf.rf/gntv_or_sync_fifo.gl0.rd/rpntr/gc0.count_d1_reg[8]/CE (clocked by clk_fpga_0). Large setup violations at the end of those stages might be difficult to fix during the post-placement implementation flow and could be the result of non-optimal XDC constraints or non-optimal design architecture
Related violations: <none>

TIMING-16#39 Warning
Large setup violation  
There is a large setup violation of -2.753 ns between pynqz2_i/dtpu/dtpu_core/inst/cu/infifo_read_reg/C (clocked by clk_fpga_1) and pynqz2_i/dtpu/axis_accelerator_ada/U0/XD_ADAPTER_CORE_I/XD_INPUT_ARGS_I/IARGS_GEN.INPUT_ARGS_GEN[2].S2S_GEN.IARG_AP_S2S_I/SAME_WIDTH_GEN.FIFO_I/NEW_INTRO.BRAM_MEM_GEN.FIF_BMG_INST/inst_fifo_gen/gconvfifo.rf/grf.rf/gntv_or_sync_fifo.gl0.rd/rpntr/gc0.count_reg[1]/CE (clocked by clk_fpga_0). Large setup violations at the end of those stages might be difficult to fix during the post-placement implementation flow and could be the result of non-optimal XDC constraints or non-optimal design architecture
Related violations: <none>

TIMING-16#40 Warning
Large setup violation  
There is a large setup violation of -2.753 ns between pynqz2_i/dtpu/dtpu_core/inst/cu/infifo_read_reg/C (clocked by clk_fpga_1) and pynqz2_i/dtpu/axis_accelerator_ada/U0/XD_ADAPTER_CORE_I/XD_INPUT_ARGS_I/IARGS_GEN.INPUT_ARGS_GEN[2].S2S_GEN.IARG_AP_S2S_I/SAME_WIDTH_GEN.FIFO_I/NEW_INTRO.BRAM_MEM_GEN.FIF_BMG_INST/inst_fifo_gen/gconvfifo.rf/grf.rf/gntv_or_sync_fifo.gl0.rd/rpntr/gc0.count_reg[2]/CE (clocked by clk_fpga_0). Large setup violations at the end of those stages might be difficult to fix during the post-placement implementation flow and could be the result of non-optimal XDC constraints or non-optimal design architecture
Related violations: <none>

TIMING-16#41 Warning
Large setup violation  
There is a large setup violation of -2.765 ns between pynqz2_i/dtpu/dtpu_core/inst/cu/cs_done_reg_replica/C (clocked by clk_fpga_1) and pynqz2_i/dtpu/axis_accelerator_ada/U0/XD_ADAPTER_CORE_I/XD_OUTPUT_ARGS_I/OARGS_GEN.OUTPUT_ARGS_GEN[0].S2S_GEN.OARG_S2S_I/SAME_WIDTH_GEN.FIFO_I/NEW_INTRO.BRAM_MEM_GEN.FIF_BMG_INST/inst_fifo_gen/gconvfifo.rf/grf.rf/gntv_or_sync_fifo.gl0.wr/wpntr/gic0.gc0.count_d1_reg[3]/CE (clocked by clk_fpga_0). Large setup violations at the end of those stages might be difficult to fix during the post-placement implementation flow and could be the result of non-optimal XDC constraints or non-optimal design architecture
Related violations: <none>

TIMING-16#42 Warning
Large setup violation  
There is a large setup violation of -2.765 ns between pynqz2_i/dtpu/dtpu_core/inst/cu/cs_done_reg_replica/C (clocked by clk_fpga_1) and pynqz2_i/dtpu/axis_accelerator_ada/U0/XD_ADAPTER_CORE_I/XD_OUTPUT_ARGS_I/OARGS_GEN.OUTPUT_ARGS_GEN[0].S2S_GEN.OARG_S2S_I/SAME_WIDTH_GEN.FIFO_I/NEW_INTRO.BRAM_MEM_GEN.FIF_BMG_INST/inst_fifo_gen/gconvfifo.rf/grf.rf/gntv_or_sync_fifo.gl0.wr/wpntr/gic0.gc0.count_d1_reg[4]/CE (clocked by clk_fpga_0). Large setup violations at the end of those stages might be difficult to fix during the post-placement implementation flow and could be the result of non-optimal XDC constraints or non-optimal design architecture
Related violations: <none>

TIMING-16#43 Warning
Large setup violation  
There is a large setup violation of -2.765 ns between pynqz2_i/dtpu/dtpu_core/inst/cu/cs_done_reg_replica/C (clocked by clk_fpga_1) and pynqz2_i/dtpu/axis_accelerator_ada/U0/XD_ADAPTER_CORE_I/XD_OUTPUT_ARGS_I/OARGS_GEN.OUTPUT_ARGS_GEN[0].S2S_GEN.OARG_S2S_I/SAME_WIDTH_GEN.FIFO_I/NEW_INTRO.BRAM_MEM_GEN.FIF_BMG_INST/inst_fifo_gen/gconvfifo.rf/grf.rf/gntv_or_sync_fifo.gl0.wr/wpntr/gic0.gc0.count_d1_reg[5]/CE (clocked by clk_fpga_0). Large setup violations at the end of those stages might be difficult to fix during the post-placement implementation flow and could be the result of non-optimal XDC constraints or non-optimal design architecture
Related violations: <none>

TIMING-16#44 Warning
Large setup violation  
There is a large setup violation of -2.765 ns between pynqz2_i/dtpu/dtpu_core/inst/cu/cs_done_reg_replica/C (clocked by clk_fpga_1) and pynqz2_i/dtpu/axis_accelerator_ada/U0/XD_ADAPTER_CORE_I/XD_OUTPUT_ARGS_I/OARGS_GEN.OUTPUT_ARGS_GEN[0].S2S_GEN.OARG_S2S_I/SAME_WIDTH_GEN.FIFO_I/NEW_INTRO.BRAM_MEM_GEN.FIF_BMG_INST/inst_fifo_gen/gconvfifo.rf/grf.rf/gntv_or_sync_fifo.gl0.wr/wpntr/gic0.gc0.count_d1_reg[6]/CE (clocked by clk_fpga_0). Large setup violations at the end of those stages might be difficult to fix during the post-placement implementation flow and could be the result of non-optimal XDC constraints or non-optimal design architecture
Related violations: <none>

TIMING-16#45 Warning
Large setup violation  
There is a large setup violation of -2.765 ns between pynqz2_i/dtpu/dtpu_core/inst/cu/cs_done_reg_replica/C (clocked by clk_fpga_1) and pynqz2_i/dtpu/axis_accelerator_ada/U0/XD_ADAPTER_CORE_I/XD_OUTPUT_ARGS_I/OARGS_GEN.OUTPUT_ARGS_GEN[0].S2S_GEN.OARG_S2S_I/SAME_WIDTH_GEN.FIFO_I/NEW_INTRO.BRAM_MEM_GEN.FIF_BMG_INST/inst_fifo_gen/gconvfifo.rf/grf.rf/gntv_or_sync_fifo.gl0.wr/wpntr/gic0.gc0.count_d2_reg[0]/CE (clocked by clk_fpga_0). Large setup violations at the end of those stages might be difficult to fix during the post-placement implementation flow and could be the result of non-optimal XDC constraints or non-optimal design architecture
Related violations: <none>

TIMING-16#46 Warning
Large setup violation  
There is a large setup violation of -2.765 ns between pynqz2_i/dtpu/dtpu_core/inst/cu/cs_done_reg_replica/C (clocked by clk_fpga_1) and pynqz2_i/dtpu/axis_accelerator_ada/U0/XD_ADAPTER_CORE_I/XD_OUTPUT_ARGS_I/OARGS_GEN.OUTPUT_ARGS_GEN[0].S2S_GEN.OARG_S2S_I/SAME_WIDTH_GEN.FIFO_I/NEW_INTRO.BRAM_MEM_GEN.FIF_BMG_INST/inst_fifo_gen/gconvfifo.rf/grf.rf/gntv_or_sync_fifo.gl0.wr/wpntr/gic0.gc0.count_d2_reg[10]/CE (clocked by clk_fpga_0). Large setup violations at the end of those stages might be difficult to fix during the post-placement implementation flow and could be the result of non-optimal XDC constraints or non-optimal design architecture
Related violations: <none>

TIMING-16#47 Warning
Large setup violation  
There is a large setup violation of -2.765 ns between pynqz2_i/dtpu/dtpu_core/inst/cu/cs_done_reg_replica/C (clocked by clk_fpga_1) and pynqz2_i/dtpu/axis_accelerator_ada/U0/XD_ADAPTER_CORE_I/XD_OUTPUT_ARGS_I/OARGS_GEN.OUTPUT_ARGS_GEN[0].S2S_GEN.OARG_S2S_I/SAME_WIDTH_GEN.FIFO_I/NEW_INTRO.BRAM_MEM_GEN.FIF_BMG_INST/inst_fifo_gen/gconvfifo.rf/grf.rf/gntv_or_sync_fifo.gl0.wr/wpntr/gic0.gc0.count_d2_reg[3]/CE (clocked by clk_fpga_0). Large setup violations at the end of those stages might be difficult to fix during the post-placement implementation flow and could be the result of non-optimal XDC constraints or non-optimal design architecture
Related violations: <none>

TIMING-16#48 Warning
Large setup violation  
There is a large setup violation of -2.765 ns between pynqz2_i/dtpu/dtpu_core/inst/cu/cs_done_reg_replica/C (clocked by clk_fpga_1) and pynqz2_i/dtpu/axis_accelerator_ada/U0/XD_ADAPTER_CORE_I/XD_OUTPUT_ARGS_I/OARGS_GEN.OUTPUT_ARGS_GEN[0].S2S_GEN.OARG_S2S_I/SAME_WIDTH_GEN.FIFO_I/NEW_INTRO.BRAM_MEM_GEN.FIF_BMG_INST/inst_fifo_gen/gconvfifo.rf/grf.rf/gntv_or_sync_fifo.gl0.wr/wpntr/gic0.gc0.count_reg[5]/CE (clocked by clk_fpga_0). Large setup violations at the end of those stages might be difficult to fix during the post-placement implementation flow and could be the result of non-optimal XDC constraints or non-optimal design architecture
Related violations: <none>

TIMING-16#49 Warning
Large setup violation  
There is a large setup violation of -2.767 ns between pynqz2_i/dtpu/dtpu_core/inst/cu/cs_done_reg_replica/C (clocked by clk_fpga_1) and pynqz2_i/dtpu/axis_accelerator_ada/U0/XD_ADAPTER_CORE_I/XD_OUTPUT_ARGS_I/OARGS_GEN.OUTPUT_ARGS_GEN[0].S2S_GEN.OARG_S2S_I/SAME_WIDTH_GEN.FIFO_I/NEW_INTRO.BRAM_MEM_GEN.FIF_BMG_INST/inst_fifo_gen/gconvfifo.rf/grf.rf/gntv_or_sync_fifo.gl0.wr/wpntr/gic0.gc0.count_d1_reg[0]/CE (clocked by clk_fpga_0). Large setup violations at the end of those stages might be difficult to fix during the post-placement implementation flow and could be the result of non-optimal XDC constraints or non-optimal design architecture
Related violations: <none>

TIMING-16#50 Warning
Large setup violation  
There is a large setup violation of -2.767 ns between pynqz2_i/dtpu/dtpu_core/inst/cu/cs_done_reg_replica/C (clocked by clk_fpga_1) and pynqz2_i/dtpu/axis_accelerator_ada/U0/XD_ADAPTER_CORE_I/XD_OUTPUT_ARGS_I/OARGS_GEN.OUTPUT_ARGS_GEN[0].S2S_GEN.OARG_S2S_I/SAME_WIDTH_GEN.FIFO_I/NEW_INTRO.BRAM_MEM_GEN.FIF_BMG_INST/inst_fifo_gen/gconvfifo.rf/grf.rf/gntv_or_sync_fifo.gl0.wr/wpntr/gic0.gc0.count_d2_reg[1]/CE (clocked by clk_fpga_0). Large setup violations at the end of those stages might be difficult to fix during the post-placement implementation flow and could be the result of non-optimal XDC constraints or non-optimal design architecture
Related violations: <none>

TIMING-16#51 Warning
Large setup violation  
There is a large setup violation of -2.767 ns between pynqz2_i/dtpu/dtpu_core/inst/cu/cs_done_reg_replica/C (clocked by clk_fpga_1) and pynqz2_i/dtpu/axis_accelerator_ada/U0/XD_ADAPTER_CORE_I/XD_OUTPUT_ARGS_I/OARGS_GEN.OUTPUT_ARGS_GEN[0].S2S_GEN.OARG_S2S_I/SAME_WIDTH_GEN.FIFO_I/NEW_INTRO.BRAM_MEM_GEN.FIF_BMG_INST/inst_fifo_gen/gconvfifo.rf/grf.rf/gntv_or_sync_fifo.gl0.wr/wpntr/gic0.gc0.count_d2_reg[4]/CE (clocked by clk_fpga_0). Large setup violations at the end of those stages might be difficult to fix during the post-placement implementation flow and could be the result of non-optimal XDC constraints or non-optimal design architecture
Related violations: <none>

TIMING-16#52 Warning
Large setup violation  
There is a large setup violation of -2.767 ns between pynqz2_i/dtpu/dtpu_core/inst/cu/cs_done_reg_replica/C (clocked by clk_fpga_1) and pynqz2_i/dtpu/axis_accelerator_ada/U0/XD_ADAPTER_CORE_I/XD_OUTPUT_ARGS_I/OARGS_GEN.OUTPUT_ARGS_GEN[0].S2S_GEN.OARG_S2S_I/SAME_WIDTH_GEN.FIFO_I/NEW_INTRO.BRAM_MEM_GEN.FIF_BMG_INST/inst_fifo_gen/gconvfifo.rf/grf.rf/gntv_or_sync_fifo.gl0.wr/wpntr/gic0.gc0.count_d2_reg[7]/CE (clocked by clk_fpga_0). Large setup violations at the end of those stages might be difficult to fix during the post-placement implementation flow and could be the result of non-optimal XDC constraints or non-optimal design architecture
Related violations: <none>

TIMING-16#53 Warning
Large setup violation  
There is a large setup violation of -2.767 ns between pynqz2_i/dtpu/dtpu_core/inst/cu/cs_done_reg_replica/C (clocked by clk_fpga_1) and pynqz2_i/dtpu/axis_accelerator_ada/U0/XD_ADAPTER_CORE_I/XD_OUTPUT_ARGS_I/OARGS_GEN.OUTPUT_ARGS_GEN[0].S2S_GEN.OARG_S2S_I/SAME_WIDTH_GEN.FIFO_I/NEW_INTRO.BRAM_MEM_GEN.FIF_BMG_INST/inst_fifo_gen/gconvfifo.rf/grf.rf/gntv_or_sync_fifo.gl0.wr/wpntr/gic0.gc0.count_d2_reg[9]/CE (clocked by clk_fpga_0). Large setup violations at the end of those stages might be difficult to fix during the post-placement implementation flow and could be the result of non-optimal XDC constraints or non-optimal design architecture
Related violations: <none>

TIMING-16#54 Warning
Large setup violation  
There is a large setup violation of -2.767 ns between pynqz2_i/dtpu/dtpu_core/inst/cu/cs_done_reg_replica/C (clocked by clk_fpga_1) and pynqz2_i/dtpu/axis_accelerator_ada/U0/XD_ADAPTER_CORE_I/XD_OUTPUT_ARGS_I/OARGS_GEN.OUTPUT_ARGS_GEN[0].S2S_GEN.OARG_S2S_I/SAME_WIDTH_GEN.FIFO_I/NEW_INTRO.BRAM_MEM_GEN.FIF_BMG_INST/inst_fifo_gen/gconvfifo.rf/grf.rf/gntv_or_sync_fifo.gl0.wr/wpntr/gic0.gc0.count_reg[1]/CE (clocked by clk_fpga_0). Large setup violations at the end of those stages might be difficult to fix during the post-placement implementation flow and could be the result of non-optimal XDC constraints or non-optimal design architecture
Related violations: <none>

TIMING-16#55 Warning
Large setup violation  
There is a large setup violation of -2.767 ns between pynqz2_i/dtpu/dtpu_core/inst/cu/cs_done_reg_replica/C (clocked by clk_fpga_1) and pynqz2_i/dtpu/axis_accelerator_ada/U0/XD_ADAPTER_CORE_I/XD_OUTPUT_ARGS_I/OARGS_GEN.OUTPUT_ARGS_GEN[0].S2S_GEN.OARG_S2S_I/SAME_WIDTH_GEN.FIFO_I/NEW_INTRO.BRAM_MEM_GEN.FIF_BMG_INST/inst_fifo_gen/gconvfifo.rf/grf.rf/gntv_or_sync_fifo.gl0.wr/wpntr/gic0.gc0.count_reg[8]/CE (clocked by clk_fpga_0). Large setup violations at the end of those stages might be difficult to fix during the post-placement implementation flow and could be the result of non-optimal XDC constraints or non-optimal design architecture
Related violations: <none>

TIMING-16#56 Warning
Large setup violation  
There is a large setup violation of -2.767 ns between pynqz2_i/dtpu/dtpu_core/inst/cu/cs_done_reg_replica/C (clocked by clk_fpga_1) and pynqz2_i/dtpu/axis_accelerator_ada/U0/XD_ADAPTER_CORE_I/XD_OUTPUT_ARGS_I/OARGS_GEN.OUTPUT_ARGS_GEN[0].S2S_GEN.OARG_S2S_I/SAME_WIDTH_GEN.FIFO_I/NEW_INTRO.BRAM_MEM_GEN.FIF_BMG_INST/inst_fifo_gen/gconvfifo.rf/grf.rf/gntv_or_sync_fifo.gl0.wr/wpntr/gic0.gc0.count_reg[9]/CE (clocked by clk_fpga_0). Large setup violations at the end of those stages might be difficult to fix during the post-placement implementation flow and could be the result of non-optimal XDC constraints or non-optimal design architecture
Related violations: <none>

TIMING-16#57 Warning
Large setup violation  
There is a large setup violation of -2.777 ns between pynqz2_i/dtpu/dtpu_core/inst/cu/infifo_read_reg/C (clocked by clk_fpga_1) and pynqz2_i/dtpu/axis_accelerator_ada/U0/XD_ADAPTER_CORE_I/XD_INPUT_ARGS_I/IARGS_GEN.INPUT_ARGS_GEN[2].S2S_GEN.IARG_AP_S2S_I/SAME_WIDTH_GEN.FIFO_I/NEW_INTRO.BRAM_MEM_GEN.FIF_BMG_INST/inst_fifo_gen/gconvfifo.rf/grf.rf/gntv_or_sync_fifo.gl0.rd/rpntr/gc0.count_d1_reg[2]/CE (clocked by clk_fpga_0). Large setup violations at the end of those stages might be difficult to fix during the post-placement implementation flow and could be the result of non-optimal XDC constraints or non-optimal design architecture
Related violations: <none>

TIMING-16#58 Warning
Large setup violation  
There is a large setup violation of -2.777 ns between pynqz2_i/dtpu/dtpu_core/inst/cu/infifo_read_reg/C (clocked by clk_fpga_1) and pynqz2_i/dtpu/axis_accelerator_ada/U0/XD_ADAPTER_CORE_I/XD_INPUT_ARGS_I/IARGS_GEN.INPUT_ARGS_GEN[2].S2S_GEN.IARG_AP_S2S_I/SAME_WIDTH_GEN.FIFO_I/NEW_INTRO.BRAM_MEM_GEN.FIF_BMG_INST/inst_fifo_gen/gconvfifo.rf/grf.rf/gntv_or_sync_fifo.gl0.rd/rpntr/gc0.count_d1_reg[3]/CE (clocked by clk_fpga_0). Large setup violations at the end of those stages might be difficult to fix during the post-placement implementation flow and could be the result of non-optimal XDC constraints or non-optimal design architecture
Related violations: <none>

TIMING-16#59 Warning
Large setup violation  
There is a large setup violation of -2.777 ns between pynqz2_i/dtpu/dtpu_core/inst/cu/infifo_read_reg/C (clocked by clk_fpga_1) and pynqz2_i/dtpu/axis_accelerator_ada/U0/XD_ADAPTER_CORE_I/XD_INPUT_ARGS_I/IARGS_GEN.INPUT_ARGS_GEN[2].S2S_GEN.IARG_AP_S2S_I/SAME_WIDTH_GEN.FIFO_I/NEW_INTRO.BRAM_MEM_GEN.FIF_BMG_INST/inst_fifo_gen/gconvfifo.rf/grf.rf/gntv_or_sync_fifo.gl0.rd/rpntr/gc0.count_reg[3]/CE (clocked by clk_fpga_0). Large setup violations at the end of those stages might be difficult to fix during the post-placement implementation flow and could be the result of non-optimal XDC constraints or non-optimal design architecture
Related violations: <none>

TIMING-16#60 Warning
Large setup violation  
There is a large setup violation of -2.777 ns between pynqz2_i/dtpu/dtpu_core/inst/cu/infifo_read_reg/C (clocked by clk_fpga_1) and pynqz2_i/dtpu/axis_accelerator_ada/U0/XD_ADAPTER_CORE_I/XD_INPUT_ARGS_I/IARGS_GEN.INPUT_ARGS_GEN[2].S2S_GEN.IARG_AP_S2S_I/SAME_WIDTH_GEN.FIFO_I/NEW_INTRO.BRAM_MEM_GEN.FIF_BMG_INST/inst_fifo_gen/gconvfifo.rf/grf.rf/gntv_or_sync_fifo.gl0.rd/rpntr/gc0.count_reg[4]/CE (clocked by clk_fpga_0). Large setup violations at the end of those stages might be difficult to fix during the post-placement implementation flow and could be the result of non-optimal XDC constraints or non-optimal design architecture
Related violations: <none>

TIMING-16#61 Warning
Large setup violation  
There is a large setup violation of -2.777 ns between pynqz2_i/dtpu/dtpu_core/inst/cu/infifo_read_reg/C (clocked by clk_fpga_1) and pynqz2_i/dtpu/axis_accelerator_ada/U0/XD_ADAPTER_CORE_I/XD_INPUT_ARGS_I/IARGS_GEN.INPUT_ARGS_GEN[2].S2S_GEN.IARG_AP_S2S_I/SAME_WIDTH_GEN.FIFO_I/NEW_INTRO.BRAM_MEM_GEN.FIF_BMG_INST/inst_fifo_gen/gconvfifo.rf/grf.rf/gntv_or_sync_fifo.gl0.rd/rpntr/gc0.count_reg[6]/CE (clocked by clk_fpga_0). Large setup violations at the end of those stages might be difficult to fix during the post-placement implementation flow and could be the result of non-optimal XDC constraints or non-optimal design architecture
Related violations: <none>

TIMING-16#62 Warning
Large setup violation  
There is a large setup violation of -2.777 ns between pynqz2_i/dtpu/dtpu_core/inst/cu/infifo_read_reg/C (clocked by clk_fpga_1) and pynqz2_i/dtpu/axis_accelerator_ada/U0/XD_ADAPTER_CORE_I/XD_INPUT_ARGS_I/IARGS_GEN.INPUT_ARGS_GEN[2].S2S_GEN.IARG_AP_S2S_I/SAME_WIDTH_GEN.FIFO_I/NEW_INTRO.BRAM_MEM_GEN.FIF_BMG_INST/inst_fifo_gen/gconvfifo.rf/grf.rf/gntv_or_sync_fifo.gl0.rd/rpntr/gc0.count_reg[7]/CE (clocked by clk_fpga_0). Large setup violations at the end of those stages might be difficult to fix during the post-placement implementation flow and could be the result of non-optimal XDC constraints or non-optimal design architecture
Related violations: <none>

TIMING-16#63 Warning
Large setup violation  
There is a large setup violation of -2.777 ns between pynqz2_i/dtpu/dtpu_core/inst/cu/infifo_read_reg/C (clocked by clk_fpga_1) and pynqz2_i/dtpu/axis_accelerator_ada/U0/XD_ADAPTER_CORE_I/XD_INPUT_ARGS_I/IARGS_GEN.INPUT_ARGS_GEN[2].S2S_GEN.IARG_AP_S2S_I/SAME_WIDTH_GEN.FIFO_I/NEW_INTRO.BRAM_MEM_GEN.FIF_BMG_INST/inst_fifo_gen/gconvfifo.rf/grf.rf/gntv_or_sync_fifo.gl0.rd/rpntr/gc0.count_reg[8]/CE (clocked by clk_fpga_0). Large setup violations at the end of those stages might be difficult to fix during the post-placement implementation flow and could be the result of non-optimal XDC constraints or non-optimal design architecture
Related violations: <none>

TIMING-16#64 Warning
Large setup violation  
There is a large setup violation of -2.777 ns between pynqz2_i/dtpu/dtpu_core/inst/cu/infifo_read_reg/C (clocked by clk_fpga_1) and pynqz2_i/dtpu/axis_accelerator_ada/U0/XD_ADAPTER_CORE_I/XD_INPUT_ARGS_I/IARGS_GEN.INPUT_ARGS_GEN[2].S2S_GEN.IARG_AP_S2S_I/SAME_WIDTH_GEN.FIFO_I/NEW_INTRO.BRAM_MEM_GEN.FIF_BMG_INST/inst_fifo_gen/gconvfifo.rf/grf.rf/gntv_or_sync_fifo.gl0.rd/rpntr/gc0.count_reg[9]/CE (clocked by clk_fpga_0). Large setup violations at the end of those stages might be difficult to fix during the post-placement implementation flow and could be the result of non-optimal XDC constraints or non-optimal design architecture
Related violations: <none>

TIMING-16#65 Warning
Large setup violation  
There is a large setup violation of -2.787 ns between pynqz2_i/dtpu/dtpu_core/inst/cu/infifo_read_reg/C (clocked by clk_fpga_1) and pynqz2_i/dtpu/axis_accelerator_ada/U0/XD_ADAPTER_CORE_I/XD_INPUT_ARGS_I/IARGS_GEN.INPUT_ARGS_GEN[2].S2S_GEN.IARG_AP_S2S_I/SAME_WIDTH_GEN.FIFO_I/NEW_INTRO.BRAM_MEM_GEN.FIF_BMG_INST/inst_fifo_gen/gconvfifo.rf/grf.rf/gntv_or_sync_fifo.gl0.rd/rpntr/gc0.count_d1_reg[0]/CE (clocked by clk_fpga_0). Large setup violations at the end of those stages might be difficult to fix during the post-placement implementation flow and could be the result of non-optimal XDC constraints or non-optimal design architecture
Related violations: <none>

TIMING-16#66 Warning
Large setup violation  
There is a large setup violation of -2.787 ns between pynqz2_i/dtpu/dtpu_core/inst/cu/infifo_read_reg/C (clocked by clk_fpga_1) and pynqz2_i/dtpu/axis_accelerator_ada/U0/XD_ADAPTER_CORE_I/XD_INPUT_ARGS_I/IARGS_GEN.INPUT_ARGS_GEN[2].S2S_GEN.IARG_AP_S2S_I/SAME_WIDTH_GEN.FIFO_I/NEW_INTRO.BRAM_MEM_GEN.FIF_BMG_INST/inst_fifo_gen/gconvfifo.rf/grf.rf/gntv_or_sync_fifo.gl0.rd/rpntr/gc0.count_d1_reg[1]/CE (clocked by clk_fpga_0). Large setup violations at the end of those stages might be difficult to fix during the post-placement implementation flow and could be the result of non-optimal XDC constraints or non-optimal design architecture
Related violations: <none>

TIMING-16#67 Warning
Large setup violation  
There is a large setup violation of -2.787 ns between pynqz2_i/dtpu/dtpu_core/inst/cu/infifo_read_reg/C (clocked by clk_fpga_1) and pynqz2_i/dtpu/axis_accelerator_ada/U0/XD_ADAPTER_CORE_I/XD_INPUT_ARGS_I/IARGS_GEN.INPUT_ARGS_GEN[2].S2S_GEN.IARG_AP_S2S_I/SAME_WIDTH_GEN.FIFO_I/NEW_INTRO.BRAM_MEM_GEN.FIF_BMG_INST/inst_fifo_gen/gconvfifo.rf/grf.rf/gntv_or_sync_fifo.gl0.rd/rpntr/gc0.count_d1_reg[4]/CE (clocked by clk_fpga_0). Large setup violations at the end of those stages might be difficult to fix during the post-placement implementation flow and could be the result of non-optimal XDC constraints or non-optimal design architecture
Related violations: <none>

TIMING-16#68 Warning
Large setup violation  
There is a large setup violation of -2.787 ns between pynqz2_i/dtpu/dtpu_core/inst/cu/infifo_read_reg/C (clocked by clk_fpga_1) and pynqz2_i/dtpu/axis_accelerator_ada/U0/XD_ADAPTER_CORE_I/XD_INPUT_ARGS_I/IARGS_GEN.INPUT_ARGS_GEN[2].S2S_GEN.IARG_AP_S2S_I/SAME_WIDTH_GEN.FIFO_I/NEW_INTRO.BRAM_MEM_GEN.FIF_BMG_INST/inst_fifo_gen/gconvfifo.rf/grf.rf/gntv_or_sync_fifo.gl0.rd/rpntr/gc0.count_d1_reg[5]/CE (clocked by clk_fpga_0). Large setup violations at the end of those stages might be difficult to fix during the post-placement implementation flow and could be the result of non-optimal XDC constraints or non-optimal design architecture
Related violations: <none>

TIMING-16#69 Warning
Large setup violation  
There is a large setup violation of -2.787 ns between pynqz2_i/dtpu/dtpu_core/inst/cu/infifo_read_reg/C (clocked by clk_fpga_1) and pynqz2_i/dtpu/axis_accelerator_ada/U0/XD_ADAPTER_CORE_I/XD_INPUT_ARGS_I/IARGS_GEN.INPUT_ARGS_GEN[2].S2S_GEN.IARG_AP_S2S_I/SAME_WIDTH_GEN.FIFO_I/NEW_INTRO.BRAM_MEM_GEN.FIF_BMG_INST/inst_fifo_gen/gconvfifo.rf/grf.rf/gntv_or_sync_fifo.gl0.rd/rpntr/gc0.count_d1_reg[9]/CE (clocked by clk_fpga_0). Large setup violations at the end of those stages might be difficult to fix during the post-placement implementation flow and could be the result of non-optimal XDC constraints or non-optimal design architecture
Related violations: <none>

TIMING-16#70 Warning
Large setup violation  
There is a large setup violation of -2.787 ns between pynqz2_i/dtpu/dtpu_core/inst/cu/infifo_read_reg/C (clocked by clk_fpga_1) and pynqz2_i/dtpu/axis_accelerator_ada/U0/XD_ADAPTER_CORE_I/XD_INPUT_ARGS_I/IARGS_GEN.INPUT_ARGS_GEN[2].S2S_GEN.IARG_AP_S2S_I/SAME_WIDTH_GEN.FIFO_I/NEW_INTRO.BRAM_MEM_GEN.FIF_BMG_INST/inst_fifo_gen/gconvfifo.rf/grf.rf/gntv_or_sync_fifo.gl0.rd/rpntr/gc0.count_reg[0]/CE (clocked by clk_fpga_0). Large setup violations at the end of those stages might be difficult to fix during the post-placement implementation flow and could be the result of non-optimal XDC constraints or non-optimal design architecture
Related violations: <none>

TIMING-16#71 Warning
Large setup violation  
There is a large setup violation of -2.787 ns between pynqz2_i/dtpu/dtpu_core/inst/cu/infifo_read_reg/C (clocked by clk_fpga_1) and pynqz2_i/dtpu/axis_accelerator_ada/U0/XD_ADAPTER_CORE_I/XD_INPUT_ARGS_I/IARGS_GEN.INPUT_ARGS_GEN[2].S2S_GEN.IARG_AP_S2S_I/SAME_WIDTH_GEN.FIFO_I/NEW_INTRO.BRAM_MEM_GEN.FIF_BMG_INST/inst_fifo_gen/gconvfifo.rf/grf.rf/gntv_or_sync_fifo.gl0.rd/rpntr/gc0.count_reg[10]/CE (clocked by clk_fpga_0). Large setup violations at the end of those stages might be difficult to fix during the post-placement implementation flow and could be the result of non-optimal XDC constraints or non-optimal design architecture
Related violations: <none>

TIMING-16#72 Warning
Large setup violation  
There is a large setup violation of -2.787 ns between pynqz2_i/dtpu/dtpu_core/inst/cu/infifo_read_reg/C (clocked by clk_fpga_1) and pynqz2_i/dtpu/axis_accelerator_ada/U0/XD_ADAPTER_CORE_I/XD_INPUT_ARGS_I/IARGS_GEN.INPUT_ARGS_GEN[2].S2S_GEN.IARG_AP_S2S_I/SAME_WIDTH_GEN.FIFO_I/NEW_INTRO.BRAM_MEM_GEN.FIF_BMG_INST/inst_fifo_gen/gconvfifo.rf/grf.rf/gntv_or_sync_fifo.gl0.rd/rpntr/gc0.count_reg[5]/CE (clocked by clk_fpga_0). Large setup violations at the end of those stages might be difficult to fix during the post-placement implementation flow and could be the result of non-optimal XDC constraints or non-optimal design architecture
Related violations: <none>

TIMING-16#73 Warning
Large setup violation  
There is a large setup violation of -2.801 ns between pynqz2_i/dtpu/dtpu_core/inst/cu/cs_ready_reg/C (clocked by clk_fpga_1) and pynqz2_i/dtpu/axis_accelerator_ada/U0/XD_ADAPTER_CORE_I/XD_SYNC_I/EN_APCLK_LITE_SYNC_GEN.AP_READY_SYNC_I/GENERATE_PULSE_P_S_CDC_OPEN_ENDED.p_in_d1_cdc_from_reg/D (clocked by clk_fpga_0). Large setup violations at the end of those stages might be difficult to fix during the post-placement implementation flow and could be the result of non-optimal XDC constraints or non-optimal design architecture
Related violations: <none>

TIMING-16#74 Warning
Large setup violation  
There is a large setup violation of -2.825 ns between pynqz2_i/dtpu/axis_accelerator_ada_i_12_psdsp/C (clocked by clk_fpga_1) and pynqz2_i/dtpu/axis_accelerator_ada/U0/XD_ADAPTER_CORE_I/XD_OUTPUT_ARGS_I/OARGS_GEN.OUTPUT_ARGS_GEN[0].S2S_GEN.OARG_S2S_I/SAME_WIDTH_GEN.tap_0_reg[0]/D (clocked by clk_fpga_0). Large setup violations at the end of those stages might be difficult to fix during the post-placement implementation flow and could be the result of non-optimal XDC constraints or non-optimal design architecture
Related violations: <none>

TIMING-16#75 Warning
Large setup violation  
There is a large setup violation of -2.826 ns between pynqz2_i/dtpu/dtpu_core/inst/cu/outfifo_write_reg/C (clocked by clk_fpga_1) and pynqz2_i/dtpu/axis_accelerator_ada/U0/XD_ADAPTER_CORE_I/XD_OUTPUT_ARGS_I/OARGS_GEN.OUTPUT_ARGS_GEN[0].S2S_GEN.OARG_S2S_I/SAME_WIDTH_GEN.ap_arg_rqt_reg/D (clocked by clk_fpga_0). Large setup violations at the end of those stages might be difficult to fix during the post-placement implementation flow and could be the result of non-optimal XDC constraints or non-optimal design architecture
Related violations: <none>

TIMING-16#76 Warning
Large setup violation  
There is a large setup violation of -2.838 ns between pynqz2_i/dtpu/axis_accelerator_ada/U0/XD_ADAPTER_CORE_I/XD_INPUT_ARGS_I/IARGS_GEN.INPUT_ARGS_GEN[2].S2S_GEN.IARG_AP_S2S_I/SAME_WIDTH_GEN.FIFO_I/NEW_INTRO.BRAM_MEM_GEN.FIF_BMG_INST/inst_fifo_gen/gconvfifo.rf/grf.rf/gntv_or_sync_fifo.gl0.rd/gr1.gr1_int.rfwft/empty_fwft_i_reg/C (clocked by clk_fpga_0) and pynqz2_i/dtpu/dtpu_core/inst/cu/FSM_onehot_state_reg[9]/D (clocked by clk_fpga_1). Large setup violations at the end of those stages might be difficult to fix during the post-placement implementation flow and could be the result of non-optimal XDC constraints or non-optimal design architecture
Related violations: <none>

TIMING-16#77 Warning
Large setup violation  
There is a large setup violation of -2.849 ns between pynqz2_i/dtpu/dtpu_core/inst/cu/cs_done_reg_replica/C (clocked by clk_fpga_1) and pynqz2_i/dtpu/axis_accelerator_ada/U0/XD_ADAPTER_CORE_I/XD_OUTPUT_ARGS_I/OARGS_GEN.OUTPUT_ARGS_GEN[0].S2S_GEN.OARG_S2S_I/SAME_WIDTH_GEN.FIFO_I/NEW_INTRO.BRAM_MEM_GEN.FIF_BMG_INST/inst_fifo_gen/gconvfifo.rf/grf.rf/gntv_or_sync_fifo.gl0.wr/wpntr/gic0.gc0.count_d2_reg[2]/CE (clocked by clk_fpga_0). Large setup violations at the end of those stages might be difficult to fix during the post-placement implementation flow and could be the result of non-optimal XDC constraints or non-optimal design architecture
Related violations: <none>

TIMING-16#78 Warning
Large setup violation  
There is a large setup violation of -2.849 ns between pynqz2_i/dtpu/dtpu_core/inst/cu/cs_done_reg_replica/C (clocked by clk_fpga_1) and pynqz2_i/dtpu/axis_accelerator_ada/U0/XD_ADAPTER_CORE_I/XD_OUTPUT_ARGS_I/OARGS_GEN.OUTPUT_ARGS_GEN[0].S2S_GEN.OARG_S2S_I/SAME_WIDTH_GEN.FIFO_I/NEW_INTRO.BRAM_MEM_GEN.FIF_BMG_INST/inst_fifo_gen/gconvfifo.rf/grf.rf/gntv_or_sync_fifo.gl0.wr/wpntr/gic0.gc0.count_d2_reg[6]/CE (clocked by clk_fpga_0). Large setup violations at the end of those stages might be difficult to fix during the post-placement implementation flow and could be the result of non-optimal XDC constraints or non-optimal design architecture
Related violations: <none>

TIMING-16#79 Warning
Large setup violation  
There is a large setup violation of -2.849 ns between pynqz2_i/dtpu/dtpu_core/inst/cu/cs_done_reg_replica/C (clocked by clk_fpga_1) and pynqz2_i/dtpu/axis_accelerator_ada/U0/XD_ADAPTER_CORE_I/XD_OUTPUT_ARGS_I/OARGS_GEN.OUTPUT_ARGS_GEN[0].S2S_GEN.OARG_S2S_I/SAME_WIDTH_GEN.FIFO_I/NEW_INTRO.BRAM_MEM_GEN.FIF_BMG_INST/inst_fifo_gen/gconvfifo.rf/grf.rf/gntv_or_sync_fifo.gl0.wr/wpntr/gic0.gc0.count_reg[3]/CE (clocked by clk_fpga_0). Large setup violations at the end of those stages might be difficult to fix during the post-placement implementation flow and could be the result of non-optimal XDC constraints or non-optimal design architecture
Related violations: <none>

TIMING-16#80 Warning
Large setup violation  
There is a large setup violation of -2.849 ns between pynqz2_i/dtpu/dtpu_core/inst/cu/cs_done_reg_replica/C (clocked by clk_fpga_1) and pynqz2_i/dtpu/axis_accelerator_ada/U0/XD_ADAPTER_CORE_I/XD_OUTPUT_ARGS_I/OARGS_GEN.OUTPUT_ARGS_GEN[0].S2S_GEN.OARG_S2S_I/SAME_WIDTH_GEN.FIFO_I/NEW_INTRO.BRAM_MEM_GEN.FIF_BMG_INST/inst_fifo_gen/gconvfifo.rf/grf.rf/gntv_or_sync_fifo.gl0.wr/wpntr/gic0.gc0.count_reg[4]/CE (clocked by clk_fpga_0). Large setup violations at the end of those stages might be difficult to fix during the post-placement implementation flow and could be the result of non-optimal XDC constraints or non-optimal design architecture
Related violations: <none>

TIMING-16#81 Warning
Large setup violation  
There is a large setup violation of -2.849 ns between pynqz2_i/dtpu/dtpu_core/inst/cu/cs_done_reg_replica/C (clocked by clk_fpga_1) and pynqz2_i/dtpu/axis_accelerator_ada/U0/XD_ADAPTER_CORE_I/XD_OUTPUT_ARGS_I/OARGS_GEN.OUTPUT_ARGS_GEN[0].S2S_GEN.OARG_S2S_I/SAME_WIDTH_GEN.FIFO_I/NEW_INTRO.BRAM_MEM_GEN.FIF_BMG_INST/inst_fifo_gen/gconvfifo.rf/grf.rf/gntv_or_sync_fifo.gl0.wr/wpntr/gic0.gc0.count_reg[6]/CE (clocked by clk_fpga_0). Large setup violations at the end of those stages might be difficult to fix during the post-placement implementation flow and could be the result of non-optimal XDC constraints or non-optimal design architecture
Related violations: <none>

TIMING-16#82 Warning
Large setup violation  
There is a large setup violation of -2.849 ns between pynqz2_i/dtpu/dtpu_core/inst/cu/cs_done_reg_replica/C (clocked by clk_fpga_1) and pynqz2_i/dtpu/axis_accelerator_ada/U0/XD_ADAPTER_CORE_I/XD_OUTPUT_ARGS_I/OARGS_GEN.OUTPUT_ARGS_GEN[0].S2S_GEN.OARG_S2S_I/SAME_WIDTH_GEN.FIFO_I/NEW_INTRO.BRAM_MEM_GEN.FIF_BMG_INST/inst_fifo_gen/gconvfifo.rf/grf.rf/gntv_or_sync_fifo.gl0.wr/wpntr/gic0.gc0.count_reg[7]/CE (clocked by clk_fpga_0). Large setup violations at the end of those stages might be difficult to fix during the post-placement implementation flow and could be the result of non-optimal XDC constraints or non-optimal design architecture
Related violations: <none>

TIMING-16#83 Warning
Large setup violation  
There is a large setup violation of -2.899 ns between pynqz2_i/dtpu/dtpu_core/inst/cu/cs_done_reg/C (clocked by clk_fpga_1) and pynqz2_i/dtpu/axis_accelerator_ada/U0/XD_ADAPTER_CORE_I/XD_OUTPUT_ARGS_I/OARGS_GEN.OUTPUT_ARGS_GEN[0].S2S_GEN.OARG_S2S_I/SAME_WIDTH_GEN.tap_0_start_reg/D (clocked by clk_fpga_0). Large setup violations at the end of those stages might be difficult to fix during the post-placement implementation flow and could be the result of non-optimal XDC constraints or non-optimal design architecture
Related violations: <none>

TIMING-16#84 Warning
Large setup violation  
There is a large setup violation of -2.925 ns between pynqz2_i/dtpu/dtpu_core/inst/cu/cs_done_reg/C (clocked by clk_fpga_1) and pynqz2_i/dtpu/axis_accelerator_ada/U0/XD_ADAPTER_CORE_I/XD_SYNC_I/iarg_mask_reg[0]/D (clocked by clk_fpga_0). Large setup violations at the end of those stages might be difficult to fix during the post-placement implementation flow and could be the result of non-optimal XDC constraints or non-optimal design architecture
Related violations: <none>

TIMING-16#85 Warning
Large setup violation  
There is a large setup violation of -2.930 ns between pynqz2_i/dtpu/dtpu_core/inst/cu/cs_done_reg/C (clocked by clk_fpga_1) and pynqz2_i/dtpu/axis_accelerator_ada/U0/XD_ADAPTER_CORE_I/XD_SYNC_I/iarg_mask_reg[1]/D (clocked by clk_fpga_0). Large setup violations at the end of those stages might be difficult to fix during the post-placement implementation flow and could be the result of non-optimal XDC constraints or non-optimal design architecture
Related violations: <none>

TIMING-16#86 Warning
Large setup violation  
There is a large setup violation of -2.960 ns between pynqz2_i/dtpu/dtpu_core/inst/cu/outfifo_write_reg/C (clocked by clk_fpga_1) and pynqz2_i/dtpu/axis_accelerator_ada/U0/XD_ADAPTER_CORE_I/XD_OUTPUT_ARGS_I/OARGS_GEN.OUTPUT_ARGS_GEN[0].S2S_GEN.OARG_S2S_I/SAME_WIDTH_GEN.tap_0_reg[0]/CE (clocked by clk_fpga_0). Large setup violations at the end of those stages might be difficult to fix during the post-placement implementation flow and could be the result of non-optimal XDC constraints or non-optimal design architecture
Related violations: <none>

TIMING-16#87 Warning
Large setup violation  
There is a large setup violation of -2.961 ns between pynqz2_i/dtpu/dtpu_core/inst/cu/cs_done_reg/C (clocked by clk_fpga_1) and pynqz2_i/dtpu/axis_accelerator_ada/U0/XD_ADAPTER_CORE_I/XD_OUTPUT_ARGS_I/OARGS_GEN.OUTPUT_ARGS_GEN[0].S2S_GEN.OARG_S2S_I/FSM_sequential_SAME_WIDTH_GEN.state_reg[1]/D (clocked by clk_fpga_0). Large setup violations at the end of those stages might be difficult to fix during the post-placement implementation flow and could be the result of non-optimal XDC constraints or non-optimal design architecture
Related violations: <none>

TIMING-16#88 Warning
Large setup violation  
There is a large setup violation of -3.099 ns between pynqz2_i/dtpu/dtpu_core/inst/cu/cs_done_reg_replica/C (clocked by clk_fpga_1) and pynqz2_i/dtpu/axis_accelerator_ada/U0/XD_ADAPTER_CORE_I/XD_OUTPUT_ARGS_I/OARGS_GEN.OUTPUT_ARGS_GEN[0].S2S_GEN.OARG_S2S_I/SAME_WIDTH_GEN.FIFO_I/NEW_INTRO.BRAM_MEM_GEN.FIF_BMG_INST/inst_fifo_gen/gconvfifo.rf/grf.rf/gntv_or_sync_fifo.gl0.wr/gwas.wsts/ram_full_fb_i_reg/D (clocked by clk_fpga_0). Large setup violations at the end of those stages might be difficult to fix during the post-placement implementation flow and could be the result of non-optimal XDC constraints or non-optimal design architecture
Related violations: <none>

TIMING-16#89 Warning
Large setup violation  
There is a large setup violation of -3.104 ns between pynqz2_i/dtpu/dtpu_core/inst/cu/cs_done_reg_replica/C (clocked by clk_fpga_1) and pynqz2_i/dtpu/axis_accelerator_ada/U0/XD_ADAPTER_CORE_I/XD_OUTPUT_ARGS_I/OARGS_GEN.OUTPUT_ARGS_GEN[0].S2S_GEN.OARG_S2S_I/SAME_WIDTH_GEN.FIFO_I/NEW_INTRO.BRAM_MEM_GEN.FIF_BMG_INST/inst_fifo_gen/gconvfifo.rf/grf.rf/gntv_or_sync_fifo.gl0.wr/gwas.wsts/ram_full_i_reg/D (clocked by clk_fpga_0). Large setup violations at the end of those stages might be difficult to fix during the post-placement implementation flow and could be the result of non-optimal XDC constraints or non-optimal design architecture
Related violations: <none>

TIMING-16#90 Warning
Large setup violation  
There is a large setup violation of -3.106 ns between pynqz2_i/dtpu/dtpu_core/inst/cu/infifo_read_reg/C (clocked by clk_fpga_1) and pynqz2_i/dtpu/axis_accelerator_ada/U0/XD_ADAPTER_CORE_I/XD_INPUT_ARGS_I/IARGS_GEN.INPUT_ARGS_GEN[2].S2S_GEN.IARG_AP_S2S_I/SAME_WIDTH_GEN.FIFO_I/NEW_INTRO.BRAM_MEM_GEN.FIF_BMG_INST/inst_fifo_gen/gconvfifo.rf/grf.rf/gntv_or_sync_fifo.mem/gbm.gbmg.gbmga.ngecc.bmg/inst_blk_mem_gen/gnbram.gnativebmg.native_blk_mem_gen/valid.cstr/ramloop[0].ram.r/prim_noinit.ram/DEVICE_7SERIES.NO_BMM_INFO.SDP.SIMPLE_PRIM36.ram/ENBWREN (clocked by clk_fpga_0). Large setup violations at the end of those stages might be difficult to fix during the post-placement implementation flow and could be the result of non-optimal XDC constraints or non-optimal design architecture
Related violations: <none>

TIMING-16#91 Warning
Large setup violation  
There is a large setup violation of -3.230 ns between pynqz2_i/dtpu/axis_accelerator_ada/U0/XD_ADAPTER_CORE_I/XD_INPUT_ARGS_I/IARGS_GEN.INPUT_ARGS_GEN[2].S2S_GEN.IARG_AP_S2S_I/SAME_WIDTH_GEN.FIFO_I/NEW_INTRO.BRAM_MEM_GEN.FIF_BMG_INST/inst_fifo_gen/gconvfifo.rf/grf.rf/gntv_or_sync_fifo.mem/goreg_bm.dout_i_reg[0]/C (clocked by clk_fpga_0) and pynqz2_i/dtpu/dtpu_core/inst/engine/pipeline_reg_delayer_input_columns[2].incremental_step[0].del_input_register_j/q_i_reg[0]/D (clocked by clk_fpga_1). Large setup violations at the end of those stages might be difficult to fix during the post-placement implementation flow and could be the result of non-optimal XDC constraints or non-optimal design architecture
Related violations: <none>

TIMING-16#92 Warning
Large setup violation  
There is a large setup violation of -3.270 ns between pynqz2_i/dtpu/dtpu_core/inst/cu/cs_done_reg_replica/C (clocked by clk_fpga_1) and pynqz2_i/dtpu/axis_accelerator_ada/U0/XD_ADAPTER_CORE_I/XD_OUTPUT_ARGS_I/OARGS_GEN.OUTPUT_ARGS_GEN[0].S2S_GEN.OARG_S2S_I/SAME_WIDTH_GEN.FIFO_I/NEW_INTRO.BRAM_MEM_GEN.FIF_BMG_INST/inst_fifo_gen/gconvfifo.rf/grf.rf/gntv_or_sync_fifo.mem/gbm.gbmg.gbmga.ngecc.bmg/inst_blk_mem_gen/gnbram.gnativebmg.native_blk_mem_gen/valid.cstr/ramloop[0].ram.r/prim_noinit.ram/DEVICE_7SERIES.NO_BMM_INFO.SDP.SIMPLE_PRIM36.ram/ENARDEN (clocked by clk_fpga_0). Large setup violations at the end of those stages might be difficult to fix during the post-placement implementation flow and could be the result of non-optimal XDC constraints or non-optimal design architecture
Related violations: <none>

TIMING-16#93 Warning
Large setup violation  
There is a large setup violation of -3.298 ns between pynqz2_i/dtpu/dtpu_core/inst/cu/cs_done_reg_replica/C (clocked by clk_fpga_1) and pynqz2_i/dtpu/axis_accelerator_ada/U0/XD_ADAPTER_CORE_I/XD_OUTPUT_ARGS_I/OARGS_GEN.OUTPUT_ARGS_GEN[0].S2S_GEN.OARG_S2S_I/SAME_WIDTH_GEN.FIFO_I/NEW_INTRO.BRAM_MEM_GEN.FIF_BMG_INST/inst_fifo_gen/gconvfifo.rf/grf.rf/gntv_or_sync_fifo.mem/gbm.gbmg.gbmga.ngecc.bmg/inst_blk_mem_gen/gnbram.gnativebmg.native_blk_mem_gen/valid.cstr/ramloop[2].ram.r/prim_noinit.ram/DEVICE_7SERIES.NO_BMM_INFO.SDP.SIMPLE_PRIM36.ram/ENARDEN (clocked by clk_fpga_0). Large setup violations at the end of those stages might be difficult to fix during the post-placement implementation flow and could be the result of non-optimal XDC constraints or non-optimal design architecture
Related violations: <none>

TIMING-16#94 Warning
Large setup violation  
There is a large setup violation of -3.329 ns between pynqz2_i/dtpu/dtpu_core/inst/cu/cs_done_reg_replica/C (clocked by clk_fpga_1) and pynqz2_i/dtpu/axis_accelerator_ada/U0/XD_ADAPTER_CORE_I/XD_OUTPUT_ARGS_I/OARGS_GEN.OUTPUT_ARGS_GEN[0].S2S_GEN.OARG_S2S_I/SAME_WIDTH_GEN.FIFO_I/NEW_INTRO.BRAM_MEM_GEN.FIF_BMG_INST/inst_fifo_gen/gconvfifo.rf/grf.rf/gntv_or_sync_fifo.mem/gbm.gbmg.gbmga.ngecc.bmg/inst_blk_mem_gen/gnbram.gnativebmg.native_blk_mem_gen/valid.cstr/ramloop[3].ram.r/prim_noinit.ram/DEVICE_7SERIES.NO_BMM_INFO.SDP.SIMPLE_PRIM36.ram/ENARDEN (clocked by clk_fpga_0). Large setup violations at the end of those stages might be difficult to fix during the post-placement implementation flow and could be the result of non-optimal XDC constraints or non-optimal design architecture
Related violations: <none>

TIMING-16#95 Warning
Large setup violation  
There is a large setup violation of -3.360 ns between pynqz2_i/dtpu/dtpu_core/inst/cu/cs_done_reg_replica/C (clocked by clk_fpga_1) and pynqz2_i/dtpu/axis_accelerator_ada/U0/XD_ADAPTER_CORE_I/XD_OUTPUT_ARGS_I/OARGS_GEN.OUTPUT_ARGS_GEN[0].S2S_GEN.OARG_S2S_I/SAME_WIDTH_GEN.FIFO_I/NEW_INTRO.BRAM_MEM_GEN.FIF_BMG_INST/inst_fifo_gen/gconvfifo.rf/grf.rf/gntv_or_sync_fifo.mem/gbm.gbmg.gbmga.ngecc.bmg/inst_blk_mem_gen/gnbram.gnativebmg.native_blk_mem_gen/valid.cstr/ramloop[1].ram.r/prim_noinit.ram/DEVICE_7SERIES.NO_BMM_INFO.SDP.SIMPLE_PRIM36.ram/ENARDEN (clocked by clk_fpga_0). Large setup violations at the end of those stages might be difficult to fix during the post-placement implementation flow and could be the result of non-optimal XDC constraints or non-optimal design architecture
Related violations: <none>

TIMING-16#96 Warning
Large setup violation  
There is a large setup violation of -3.384 ns between pynqz2_i/dtpu/dtpu_core/inst/cu/cs_done_reg_replica/C (clocked by clk_fpga_1) and pynqz2_i/dtpu/axis_accelerator_ada/U0/XD_ADAPTER_CORE_I/XD_OUTPUT_ARGS_I/OARGS_GEN.OUTPUT_ARGS_GEN[0].S2S_GEN.OARG_S2S_I/SAME_WIDTH_GEN.FIFO_I/NEW_INTRO.BRAM_MEM_GEN.FIF_BMG_INST/inst_fifo_gen/gconvfifo.rf/grf.rf/gntv_or_sync_fifo.mem/gbm.gbmg.gbmga.ngecc.bmg/inst_blk_mem_gen/gnbram.gnativebmg.native_blk_mem_gen/valid.cstr/ramloop[2].ram.r/prim_noinit.ram/DEVICE_7SERIES.NO_BMM_INFO.SDP.SIMPLE_PRIM36.ram/WEA[1] (clocked by clk_fpga_0). Large setup violations at the end of those stages might be difficult to fix during the post-placement implementation flow and could be the result of non-optimal XDC constraints or non-optimal design architecture
Related violations: <none>

TIMING-16#97 Warning
Large setup violation  
There is a large setup violation of -3.385 ns between pynqz2_i/dtpu/axis_accelerator_ada/U0/XD_ADAPTER_CORE_I/XD_OUTPUT_ARGS_I/OARGS_GEN.OUTPUT_ARGS_GEN[0].S2S_GEN.OARG_S2S_I/SAME_WIDTH_GEN.tap_0_vld_reg/C (clocked by clk_fpga_0) and pynqz2_i/dtpu/dtpu_core/inst/cu/FSM_onehot_state_reg[5]/D (clocked by clk_fpga_1). Large setup violations at the end of those stages might be difficult to fix during the post-placement implementation flow and could be the result of non-optimal XDC constraints or non-optimal design architecture
Related violations: <none>

TIMING-16#98 Warning
Large setup violation  
There is a large setup violation of -3.385 ns between pynqz2_i/dtpu/axis_accelerator_ada/U0/XD_ADAPTER_CORE_I/XD_OUTPUT_ARGS_I/OARGS_GEN.OUTPUT_ARGS_GEN[0].S2S_GEN.OARG_S2S_I/SAME_WIDTH_GEN.tap_0_vld_reg/C (clocked by clk_fpga_0) and pynqz2_i/dtpu/dtpu_core/inst/cu/FSM_onehot_state_reg[8]/D (clocked by clk_fpga_1). Large setup violations at the end of those stages might be difficult to fix during the post-placement implementation flow and could be the result of non-optimal XDC constraints or non-optimal design architecture
Related violations: <none>

TIMING-16#99 Warning
Large setup violation  
There is a large setup violation of -3.387 ns between pynqz2_i/dtpu/axis_accelerator_ada/U0/XD_ADAPTER_CORE_I/XD_OUTPUT_ARGS_I/OARGS_GEN.OUTPUT_ARGS_GEN[0].S2S_GEN.OARG_S2S_I/SAME_WIDTH_GEN.tap_0_vld_reg/C (clocked by clk_fpga_0) and pynqz2_i/dtpu/dtpu_core/inst/cu/FSM_onehot_state_reg[6]/D (clocked by clk_fpga_1). Large setup violations at the end of those stages might be difficult to fix during the post-placement implementation flow and could be the result of non-optimal XDC constraints or non-optimal design architecture
Related violations: <none>

TIMING-16#100 Warning
Large setup violation  
There is a large setup violation of -3.391 ns between pynqz2_i/dtpu/axis_accelerator_ada/U0/XD_ADAPTER_CORE_I/XD_INPUT_ARGS_I/IARGS_GEN.INPUT_ARGS_GEN[1].S2M_GEN.IARG_AP_S2M_I/MEM_CTRL_I/LINEAR_BANK_GEN.MEM_I/ARG_MEM_I/SAME_WIDTH_GEN.BANK_I/ONE_COL_GEN.MEM_BANK_GEN[0].BRAM_7_SERIES.bram.BRAM_I/CLKARDCLK (clocked by clk_fpga_0) and pynqz2_i/dtpu/dtpu_core/inst/cu/rows[0].columns[0].mult_i_i_1_replica_psdsp/D (clocked by clk_fpga_1). Large setup violations at the end of those stages might be difficult to fix during the post-placement implementation flow and could be the result of non-optimal XDC constraints or non-optimal design architecture
Related violations: <none>

TIMING-16#101 Warning
Large setup violation  
There is a large setup violation of -3.392 ns between pynqz2_i/dtpu/dtpu_core/inst/cu/cs_done_reg_replica/C (clocked by clk_fpga_1) and pynqz2_i/dtpu/axis_accelerator_ada/U0/XD_ADAPTER_CORE_I/XD_OUTPUT_ARGS_I/OARGS_GEN.OUTPUT_ARGS_GEN[0].S2S_GEN.OARG_S2S_I/SAME_WIDTH_GEN.FIFO_I/NEW_INTRO.BRAM_MEM_GEN.FIF_BMG_INST/inst_fifo_gen/gconvfifo.rf/grf.rf/gntv_or_sync_fifo.mem/gbm.gbmg.gbmga.ngecc.bmg/inst_blk_mem_gen/gnbram.gnativebmg.native_blk_mem_gen/valid.cstr/ramloop[1].ram.r/prim_noinit.ram/DEVICE_7SERIES.NO_BMM_INFO.SDP.SIMPLE_PRIM36.ram/WEA[1] (clocked by clk_fpga_0). Large setup violations at the end of those stages might be difficult to fix during the post-placement implementation flow and could be the result of non-optimal XDC constraints or non-optimal design architecture
Related violations: <none>

TIMING-16#102 Warning
Large setup violation  
There is a large setup violation of -3.400 ns between pynqz2_i/dtpu/dtpu_core/inst/cu/cs_done_reg_replica/C (clocked by clk_fpga_1) and pynqz2_i/dtpu/axis_accelerator_ada/U0/XD_ADAPTER_CORE_I/XD_OUTPUT_ARGS_I/OARGS_GEN.OUTPUT_ARGS_GEN[0].S2S_GEN.OARG_S2S_I/SAME_WIDTH_GEN.FIFO_I/NEW_INTRO.BRAM_MEM_GEN.FIF_BMG_INST/inst_fifo_gen/gconvfifo.rf/grf.rf/gntv_or_sync_fifo.mem/gbm.gbmg.gbmga.ngecc.bmg/inst_blk_mem_gen/gnbram.gnativebmg.native_blk_mem_gen/valid.cstr/ramloop[0].ram.r/prim_noinit.ram/DEVICE_7SERIES.NO_BMM_INFO.SDP.SIMPLE_PRIM36.ram/WEA[0] (clocked by clk_fpga_0). Large setup violations at the end of those stages might be difficult to fix during the post-placement implementation flow and could be the result of non-optimal XDC constraints or non-optimal design architecture
Related violations: <none>

TIMING-16#103 Warning
Large setup violation  
There is a large setup violation of -3.400 ns between pynqz2_i/dtpu/dtpu_core/inst/cu/cs_done_reg_replica/C (clocked by clk_fpga_1) and pynqz2_i/dtpu/axis_accelerator_ada/U0/XD_ADAPTER_CORE_I/XD_OUTPUT_ARGS_I/OARGS_GEN.OUTPUT_ARGS_GEN[0].S2S_GEN.OARG_S2S_I/SAME_WIDTH_GEN.FIFO_I/NEW_INTRO.BRAM_MEM_GEN.FIF_BMG_INST/inst_fifo_gen/gconvfifo.rf/grf.rf/gntv_or_sync_fifo.mem/gbm.gbmg.gbmga.ngecc.bmg/inst_blk_mem_gen/gnbram.gnativebmg.native_blk_mem_gen/valid.cstr/ramloop[0].ram.r/prim_noinit.ram/DEVICE_7SERIES.NO_BMM_INFO.SDP.SIMPLE_PRIM36.ram/WEA[1] (clocked by clk_fpga_0). Large setup violations at the end of those stages might be difficult to fix during the post-placement implementation flow and could be the result of non-optimal XDC constraints or non-optimal design architecture
Related violations: <none>

TIMING-16#104 Warning
Large setup violation  
There is a large setup violation of -3.415 ns between pynqz2_i/dtpu/dtpu_core/inst/cu/cs_done_reg_replica/C (clocked by clk_fpga_1) and pynqz2_i/dtpu/axis_accelerator_ada/U0/XD_ADAPTER_CORE_I/XD_OUTPUT_ARGS_I/OARGS_GEN.OUTPUT_ARGS_GEN[0].S2S_GEN.OARG_S2S_I/SAME_WIDTH_GEN.FIFO_I/NEW_INTRO.BRAM_MEM_GEN.FIF_BMG_INST/inst_fifo_gen/gconvfifo.rf/grf.rf/gntv_or_sync_fifo.mem/gbm.gbmg.gbmga.ngecc.bmg/inst_blk_mem_gen/gnbram.gnativebmg.native_blk_mem_gen/valid.cstr/ramloop[3].ram.r/prim_noinit.ram/DEVICE_7SERIES.NO_BMM_INFO.SDP.SIMPLE_PRIM36.ram/WEA[1] (clocked by clk_fpga_0). Large setup violations at the end of those stages might be difficult to fix during the post-placement implementation flow and could be the result of non-optimal XDC constraints or non-optimal design architecture
Related violations: <none>

TIMING-16#105 Warning
Large setup violation  
There is a large setup violation of -3.416 ns between pynqz2_i/dtpu/dtpu_core/inst/cu/cs_done_reg_replica/C (clocked by clk_fpga_1) and pynqz2_i/dtpu/axis_accelerator_ada/U0/XD_ADAPTER_CORE_I/XD_OUTPUT_ARGS_I/OARGS_GEN.OUTPUT_ARGS_GEN[0].S2S_GEN.OARG_S2S_I/SAME_WIDTH_GEN.FIFO_I/NEW_INTRO.BRAM_MEM_GEN.FIF_BMG_INST/inst_fifo_gen/gconvfifo.rf/grf.rf/gntv_or_sync_fifo.mem/gbm.gbmg.gbmga.ngecc.bmg/inst_blk_mem_gen/gnbram.gnativebmg.native_blk_mem_gen/valid.cstr/ramloop[2].ram.r/prim_noinit.ram/DEVICE_7SERIES.NO_BMM_INFO.SDP.SIMPLE_PRIM36.ram/WEA[0] (clocked by clk_fpga_0). Large setup violations at the end of those stages might be difficult to fix during the post-placement implementation flow and could be the result of non-optimal XDC constraints or non-optimal design architecture
Related violations: <none>

TIMING-16#106 Warning
Large setup violation  
There is a large setup violation of -3.419 ns between pynqz2_i/dtpu/axis_accelerator_ada/U0/XD_ADAPTER_CORE_I/XD_INPUT_ARGS_I/IARGS_GEN.INPUT_ARGS_GEN[1].S2M_GEN.IARG_AP_S2M_I/MEM_CTRL_I/LINEAR_BANK_GEN.MEM_I/ARG_MEM_I/SAME_WIDTH_GEN.BANK_I/ONE_COL_GEN.MEM_BANK_GEN[0].BRAM_7_SERIES.bram.BRAM_I/CLKARDCLK (clocked by clk_fpga_0) and pynqz2_i/dtpu/dtpu_core/inst/engine/kernel/rows[0].columns[0].mult_i/U0/i_mult/gLUT.gLUT_speed.iLUT/NxM_mult.stage_1_add.stage_1_pipeline.s1_add_out_reg[0][0]/D (clocked by clk_fpga_1). Large setup violations at the end of those stages might be difficult to fix during the post-placement implementation flow and could be the result of non-optimal XDC constraints or non-optimal design architecture
Related violations: <none>

TIMING-16#107 Warning
Large setup violation  
There is a large setup violation of -3.428 ns between pynqz2_i/dtpu/dtpu_core/inst/cu/cs_done_reg_replica/C (clocked by clk_fpga_1) and pynqz2_i/dtpu/axis_accelerator_ada/U0/XD_ADAPTER_CORE_I/XD_OUTPUT_ARGS_I/OARGS_GEN.OUTPUT_ARGS_GEN[0].S2S_GEN.OARG_S2S_I/SAME_WIDTH_GEN.FIFO_I/NEW_INTRO.BRAM_MEM_GEN.FIF_BMG_INST/inst_fifo_gen/gconvfifo.rf/grf.rf/gntv_or_sync_fifo.mem/gbm.gbmg.gbmga.ngecc.bmg/inst_blk_mem_gen/gnbram.gnativebmg.native_blk_mem_gen/valid.cstr/ramloop[1].ram.r/prim_noinit.ram/DEVICE_7SERIES.NO_BMM_INFO.SDP.SIMPLE_PRIM36.ram/WEA[0] (clocked by clk_fpga_0). Large setup violations at the end of those stages might be difficult to fix during the post-placement implementation flow and could be the result of non-optimal XDC constraints or non-optimal design architecture
Related violations: <none>

TIMING-16#108 Warning
Large setup violation  
There is a large setup violation of -3.437 ns between pynqz2_i/dtpu/dtpu_core/inst/cu/cs_done_reg_replica/C (clocked by clk_fpga_1) and pynqz2_i/dtpu/axis_accelerator_ada/U0/XD_ADAPTER_CORE_I/XD_OUTPUT_ARGS_I/OARGS_GEN.OUTPUT_ARGS_GEN[0].S2S_GEN.OARG_S2S_I/SAME_WIDTH_GEN.FIFO_I/NEW_INTRO.BRAM_MEM_GEN.FIF_BMG_INST/inst_fifo_gen/gconvfifo.rf/grf.rf/gntv_or_sync_fifo.mem/gbm.gbmg.gbmga.ngecc.bmg/inst_blk_mem_gen/gnbram.gnativebmg.native_blk_mem_gen/valid.cstr/ramloop[3].ram.r/prim_noinit.ram/DEVICE_7SERIES.NO_BMM_INFO.SDP.SIMPLE_PRIM36.ram/WEA[0] (clocked by clk_fpga_0). Large setup violations at the end of those stages might be difficult to fix during the post-placement implementation flow and could be the result of non-optimal XDC constraints or non-optimal design architecture
Related violations: <none>

TIMING-16#109 Warning
Large setup violation  
There is a large setup violation of -3.497 ns between pynqz2_i/dtpu/axis_accelerator_ada/U0/XD_ADAPTER_CORE_I/XD_OUTPUT_ARGS_I/OARGS_GEN.OUTPUT_ARGS_GEN[0].S2S_GEN.OARG_S2S_I/SAME_WIDTH_GEN.tap_0_vld_reg/C (clocked by clk_fpga_0) and pynqz2_i/dtpu/dtpu_core/inst/cu/FSM_onehot_state_reg[7]/D (clocked by clk_fpga_1). Large setup violations at the end of those stages might be difficult to fix during the post-placement implementation flow and could be the result of non-optimal XDC constraints or non-optimal design architecture
Related violations: <none>

TIMING-16#110 Warning
Large setup violation  
There is a large setup violation of -3.596 ns between pynqz2_i/dtpu/axis_accelerator_ada/U0/XD_ADAPTER_CORE_I/XD_INPUT_ARGS_I/IARGS_GEN.INPUT_ARGS_GEN[1].S2M_GEN.IARG_AP_S2M_I/MEM_CTRL_I/LINEAR_BANK_GEN.MEM_I/ARG_MEM_I/SAME_WIDTH_GEN.BANK_I/ONE_COL_GEN.MEM_BANK_GEN[0].BRAM_7_SERIES.bram.BRAM_I/CLKARDCLK (clocked by clk_fpga_0) and pynqz2_i/dtpu/dtpu_core/inst/engine/kernel/rows[0].columns[0].mult_i/U0/i_mult/gLUT.gLUT_speed.iLUT/NxM_mult.stage_1_add.stage_1_pipeline.s1_add_out_reg[0][1]/D (clocked by clk_fpga_1). Large setup violations at the end of those stages might be difficult to fix during the post-placement implementation flow and could be the result of non-optimal XDC constraints or non-optimal design architecture
Related violations: <none>

TIMING-16#111 Warning
Large setup violation  
There is a large setup violation of -3.705 ns between pynqz2_i/dtpu/axis_accelerator_ada/U0/XD_ADAPTER_CORE_I/XD_INPUT_ARGS_I/IARGS_GEN.INPUT_ARGS_GEN[1].S2M_GEN.IARG_AP_S2M_I/MEM_CTRL_I/LINEAR_BANK_GEN.MEM_I/ARG_MEM_I/SAME_WIDTH_GEN.BANK_I/ONE_COL_GEN.MEM_BANK_GEN[0].BRAM_7_SERIES.bram.BRAM_I/CLKARDCLK (clocked by clk_fpga_0) and pynqz2_i/dtpu/dtpu_core/inst/cu/rows[0].columns[0].mult_i_i_1_replica_psdsp_1/D (clocked by clk_fpga_1). Large setup violations at the end of those stages might be difficult to fix during the post-placement implementation flow and could be the result of non-optimal XDC constraints or non-optimal design architecture
Related violations: <none>

TIMING-16#112 Warning
Large setup violation  
There is a large setup violation of -3.769 ns between pynqz2_i/dtpu/dtpu_core/inst/cu/cs_done_reg/C (clocked by clk_fpga_1) and pynqz2_i/dtpu/axis_accelerator_ada/U0/XD_ADAPTER_CORE_I/XD_OUTPUT_ARGS_I/OARGS_GEN.OUTPUT_ARGS_GEN[0].S2S_GEN.OARG_S2S_I/SAME_WIDTH_GEN.FIFO_I/NEW_INTRO.BRAM_MEM_GEN.FIF_BMG_INST/inst_fifo_gen/gconvfifo.rf/grf.rf/gntv_or_sync_fifo.mem/gbm.gbmg.gbmga.ngecc.bmg/inst_blk_mem_gen/gnbram.gnativebmg.native_blk_mem_gen/valid.cstr/ramloop[3].ram.r/prim_noinit.ram/DEVICE_7SERIES.NO_BMM_INFO.SDP.SIMPLE_PRIM36.ram/DIADI[13] (clocked by clk_fpga_0). Large setup violations at the end of those stages might be difficult to fix during the post-placement implementation flow and could be the result of non-optimal XDC constraints or non-optimal design architecture
Related violations: <none>

TIMING-18#1 Warning
Missing input or output delay  
An input delay is missing on reset_n relative to clock(s) clk_fpga_0
Related violations: <none>

TIMING-18#2 Warning
Missing input or output delay  
An output delay is missing on idle_signal relative to clock(s) clk_fpga_1
Related violations: <none>


