Copyright 1986-2019 Xilinx, Inc. All Rights Reserved.
------------------------------------------------------------------------------------------------------------------------------------
| Tool Version : Vivado v.2019.2 (lin64) Build 2708876 Wed Nov  6 21:39:14 MST 2019
| Date         : Mon Apr  6 18:37:16 2020
| Host         : fra running 64-bit Ubuntu 18.04.4 LTS
| Command      : report_drc -file pynqz2_wrapper_drc_routed.rpt -pb pynqz2_wrapper_drc_routed.pb -rpx pynqz2_wrapper_drc_routed.rpx
| Design       : pynqz2_wrapper
| Device       : xc7z020clg400-1
| Speed File   : -1
| Design State : Fully Routed
------------------------------------------------------------------------------------------------------------------------------------

Report DRC

Table of Contents
-----------------
1. REPORT SUMMARY
2. REPORT DETAILS

1. REPORT SUMMARY
-----------------
            Netlist: netlist
          Floorplan: design_1
      Design limits: <entire design considered>
           Ruledeck: default
             Max violations: <unlimited>
             Violations found: 86
+-----------+----------+-------------------------------------------------------------------+------------+
| Rule      | Severity | Description                                                       | Violations |
+-----------+----------+-------------------------------------------------------------------+------------+
| CHECK-3   | Warning  | Report rule limit reached                                         | 1          |
| REQP-1839 | Warning  | RAMB36 async control check                                        | 20         |
| RTSTAT-10 | Warning  | No routable loads                                                 | 1          |
| AVAL-4    | Advisory | enum_USE_DPORT_FALSE_enum_DREG_ADREG_0_connects_CED_CEAD_RSTD_GND | 56         |
| REQP-165  | Advisory | writefirst                                                        | 4          |
| REQP-181  | Advisory | writefirst                                                        | 4          |
+-----------+----------+-------------------------------------------------------------------+------------+

2. REPORT DETAILS
-----------------
CHECK-3#1 Warning
Report rule limit reached  
REQP-1839 rule limit reached: 20 violations have been found.
Related violations: <none>

REQP-1839#1 Warning
RAMB36 async control check  
The RAMB36E1 pynqz2_i/dtpu/axis_accelerator_ada/U0/XD_ADAPTER_CORE_I/XD_INPUT_ARGS_I/IARGS_GEN.INPUT_ARGS_GEN[1].S2M_GEN.IARG_AP_S2M_I/MEM_CTRL_I/LINEAR_BANK_GEN.MEM_I/ARG_MEM_I/SAME_WIDTH_GEN.BANK_I/ONE_COL_GEN.MEM_BANK_GEN[0].BRAM_7_SERIES.bram.BRAM_I has an input control pin pynqz2_i/dtpu/axis_accelerator_ada/U0/XD_ADAPTER_CORE_I/XD_INPUT_ARGS_I/IARGS_GEN.INPUT_ARGS_GEN[1].S2M_GEN.IARG_AP_S2M_I/MEM_CTRL_I/LINEAR_BANK_GEN.MEM_I/ARG_MEM_I/SAME_WIDTH_GEN.BANK_I/ONE_COL_GEN.MEM_BANK_GEN[0].BRAM_7_SERIES.bram.BRAM_I/ADDRARDADDR[14] (net: pynqz2_i/dtpu/axis_accelerator_ada/U0/XD_ADAPTER_CORE_I/XD_INPUT_ARGS_I/IARGS_GEN.INPUT_ARGS_GEN[1].S2M_GEN.IARG_AP_S2M_I/MEM_CTRL_I/LINEAR_BANK_GEN.MEM_I/ARG_MEM_I/SAME_WIDTH_GEN.BANK_I/ADDRARDADDR[11]) which is driven by a register (pynqz2_i/dtpu/axis_accelerator_ada/U0/XD_ADAPTER_CORE_I/XD_INPUT_ARGS_I/IARGS_GEN.INPUT_ARGS_GEN[1].S2M_GEN.IARG_AP_S2M_I/MEM_CTRL_I/NEW_INTRO.rd_pntr_reg[0]) that has an active asychronous set or reset. This may cause corruption of the memory contents and/or read values when the set/reset is asserted and is not analyzed by the default static timing analysis. It is suggested to eliminate the use of a set/reset to registers driving this RAMB pin or else use a synchronous reset in which the assertion of the reset is timed by default.
Related violations: <none>

REQP-1839#2 Warning
RAMB36 async control check  
The RAMB36E1 pynqz2_i/dtpu/axis_accelerator_ada/U0/XD_ADAPTER_CORE_I/XD_INPUT_ARGS_I/IARGS_GEN.INPUT_ARGS_GEN[1].S2M_GEN.IARG_AP_S2M_I/MEM_CTRL_I/LINEAR_BANK_GEN.MEM_I/ARG_MEM_I/SAME_WIDTH_GEN.BANK_I/ONE_COL_GEN.MEM_BANK_GEN[0].BRAM_7_SERIES.bram.BRAM_I has an input control pin pynqz2_i/dtpu/axis_accelerator_ada/U0/XD_ADAPTER_CORE_I/XD_INPUT_ARGS_I/IARGS_GEN.INPUT_ARGS_GEN[1].S2M_GEN.IARG_AP_S2M_I/MEM_CTRL_I/LINEAR_BANK_GEN.MEM_I/ARG_MEM_I/SAME_WIDTH_GEN.BANK_I/ONE_COL_GEN.MEM_BANK_GEN[0].BRAM_7_SERIES.bram.BRAM_I/ADDRBWRADDR[14] (net: pynqz2_i/dtpu/axis_accelerator_ada/U0/XD_ADAPTER_CORE_I/XD_INPUT_ARGS_I/IARGS_GEN.INPUT_ARGS_GEN[1].S2M_GEN.IARG_AP_S2M_I/MEM_CTRL_I/LINEAR_BANK_GEN.MEM_I/ARG_MEM_I/SAME_WIDTH_GEN.BANK_I/addr_b[11]) which is driven by a register (pynqz2_i/dtpu/axis_accelerator_ada/U0/XD_ADAPTER_CORE_I/XD_INPUT_ARGS_I/IARGS_GEN.INPUT_ARGS_GEN[1].S2M_GEN.IARG_AP_S2M_I/MEM_CTRL_I/NEW_INTRO.wr_pntr_reg[0]) that has an active asychronous set or reset. This may cause corruption of the memory contents and/or read values when the set/reset is asserted and is not analyzed by the default static timing analysis. It is suggested to eliminate the use of a set/reset to registers driving this RAMB pin or else use a synchronous reset in which the assertion of the reset is timed by default.
Related violations: <none>

REQP-1839#3 Warning
RAMB36 async control check  
The RAMB36E1 pynqz2_i/dtpu/axis_accelerator_ada/U0/XD_ADAPTER_CORE_I/XD_INPUT_ARGS_I/IARGS_GEN.INPUT_ARGS_GEN[1].S2M_GEN.IARG_AP_S2M_I/MEM_CTRL_I/LINEAR_BANK_GEN.MEM_I/ARG_MEM_I/SAME_WIDTH_GEN.BANK_I/ONE_COL_GEN.MEM_BANK_GEN[1].BRAM_7_SERIES.bram.BRAM_I has an input control pin pynqz2_i/dtpu/axis_accelerator_ada/U0/XD_ADAPTER_CORE_I/XD_INPUT_ARGS_I/IARGS_GEN.INPUT_ARGS_GEN[1].S2M_GEN.IARG_AP_S2M_I/MEM_CTRL_I/LINEAR_BANK_GEN.MEM_I/ARG_MEM_I/SAME_WIDTH_GEN.BANK_I/ONE_COL_GEN.MEM_BANK_GEN[1].BRAM_7_SERIES.bram.BRAM_I/ADDRARDADDR[14] (net: pynqz2_i/dtpu/axis_accelerator_ada/U0/XD_ADAPTER_CORE_I/XD_INPUT_ARGS_I/IARGS_GEN.INPUT_ARGS_GEN[1].S2M_GEN.IARG_AP_S2M_I/MEM_CTRL_I/LINEAR_BANK_GEN.MEM_I/ARG_MEM_I/SAME_WIDTH_GEN.BANK_I/ADDRARDADDR[11]) which is driven by a register (pynqz2_i/dtpu/axis_accelerator_ada/U0/XD_ADAPTER_CORE_I/XD_INPUT_ARGS_I/IARGS_GEN.INPUT_ARGS_GEN[1].S2M_GEN.IARG_AP_S2M_I/MEM_CTRL_I/NEW_INTRO.rd_pntr_reg[0]) that has an active asychronous set or reset. This may cause corruption of the memory contents and/or read values when the set/reset is asserted and is not analyzed by the default static timing analysis. It is suggested to eliminate the use of a set/reset to registers driving this RAMB pin or else use a synchronous reset in which the assertion of the reset is timed by default.
Related violations: <none>

REQP-1839#4 Warning
RAMB36 async control check  
The RAMB36E1 pynqz2_i/dtpu/axis_accelerator_ada/U0/XD_ADAPTER_CORE_I/XD_INPUT_ARGS_I/IARGS_GEN.INPUT_ARGS_GEN[1].S2M_GEN.IARG_AP_S2M_I/MEM_CTRL_I/LINEAR_BANK_GEN.MEM_I/ARG_MEM_I/SAME_WIDTH_GEN.BANK_I/ONE_COL_GEN.MEM_BANK_GEN[1].BRAM_7_SERIES.bram.BRAM_I has an input control pin pynqz2_i/dtpu/axis_accelerator_ada/U0/XD_ADAPTER_CORE_I/XD_INPUT_ARGS_I/IARGS_GEN.INPUT_ARGS_GEN[1].S2M_GEN.IARG_AP_S2M_I/MEM_CTRL_I/LINEAR_BANK_GEN.MEM_I/ARG_MEM_I/SAME_WIDTH_GEN.BANK_I/ONE_COL_GEN.MEM_BANK_GEN[1].BRAM_7_SERIES.bram.BRAM_I/ADDRBWRADDR[14] (net: pynqz2_i/dtpu/axis_accelerator_ada/U0/XD_ADAPTER_CORE_I/XD_INPUT_ARGS_I/IARGS_GEN.INPUT_ARGS_GEN[1].S2M_GEN.IARG_AP_S2M_I/MEM_CTRL_I/LINEAR_BANK_GEN.MEM_I/ARG_MEM_I/SAME_WIDTH_GEN.BANK_I/addr_b[11]) which is driven by a register (pynqz2_i/dtpu/axis_accelerator_ada/U0/XD_ADAPTER_CORE_I/XD_INPUT_ARGS_I/IARGS_GEN.INPUT_ARGS_GEN[1].S2M_GEN.IARG_AP_S2M_I/MEM_CTRL_I/NEW_INTRO.wr_pntr_reg[0]) that has an active asychronous set or reset. This may cause corruption of the memory contents and/or read values when the set/reset is asserted and is not analyzed by the default static timing analysis. It is suggested to eliminate the use of a set/reset to registers driving this RAMB pin or else use a synchronous reset in which the assertion of the reset is timed by default.
Related violations: <none>

REQP-1839#5 Warning
RAMB36 async control check  
The RAMB36E1 pynqz2_i/dtpu/axis_accelerator_ada/U0/XD_ADAPTER_CORE_I/XD_INPUT_ARGS_I/IARGS_GEN.INPUT_ARGS_GEN[1].S2M_GEN.IARG_AP_S2M_I/MEM_CTRL_I/LINEAR_BANK_GEN.MEM_I/ARG_MEM_I/SAME_WIDTH_GEN.BANK_I/ONE_COL_GEN.MEM_BANK_GEN[2].BRAM_7_SERIES.bram.BRAM_I has an input control pin pynqz2_i/dtpu/axis_accelerator_ada/U0/XD_ADAPTER_CORE_I/XD_INPUT_ARGS_I/IARGS_GEN.INPUT_ARGS_GEN[1].S2M_GEN.IARG_AP_S2M_I/MEM_CTRL_I/LINEAR_BANK_GEN.MEM_I/ARG_MEM_I/SAME_WIDTH_GEN.BANK_I/ONE_COL_GEN.MEM_BANK_GEN[2].BRAM_7_SERIES.bram.BRAM_I/ADDRARDADDR[14] (net: pynqz2_i/dtpu/axis_accelerator_ada/U0/XD_ADAPTER_CORE_I/XD_INPUT_ARGS_I/IARGS_GEN.INPUT_ARGS_GEN[1].S2M_GEN.IARG_AP_S2M_I/MEM_CTRL_I/LINEAR_BANK_GEN.MEM_I/ARG_MEM_I/SAME_WIDTH_GEN.BANK_I/ADDRARDADDR[11]) which is driven by a register (pynqz2_i/dtpu/axis_accelerator_ada/U0/XD_ADAPTER_CORE_I/XD_INPUT_ARGS_I/IARGS_GEN.INPUT_ARGS_GEN[1].S2M_GEN.IARG_AP_S2M_I/MEM_CTRL_I/NEW_INTRO.rd_pntr_reg[0]) that has an active asychronous set or reset. This may cause corruption of the memory contents and/or read values when the set/reset is asserted and is not analyzed by the default static timing analysis. It is suggested to eliminate the use of a set/reset to registers driving this RAMB pin or else use a synchronous reset in which the assertion of the reset is timed by default.
Related violations: <none>

REQP-1839#6 Warning
RAMB36 async control check  
The RAMB36E1 pynqz2_i/dtpu/axis_accelerator_ada/U0/XD_ADAPTER_CORE_I/XD_INPUT_ARGS_I/IARGS_GEN.INPUT_ARGS_GEN[1].S2M_GEN.IARG_AP_S2M_I/MEM_CTRL_I/LINEAR_BANK_GEN.MEM_I/ARG_MEM_I/SAME_WIDTH_GEN.BANK_I/ONE_COL_GEN.MEM_BANK_GEN[2].BRAM_7_SERIES.bram.BRAM_I has an input control pin pynqz2_i/dtpu/axis_accelerator_ada/U0/XD_ADAPTER_CORE_I/XD_INPUT_ARGS_I/IARGS_GEN.INPUT_ARGS_GEN[1].S2M_GEN.IARG_AP_S2M_I/MEM_CTRL_I/LINEAR_BANK_GEN.MEM_I/ARG_MEM_I/SAME_WIDTH_GEN.BANK_I/ONE_COL_GEN.MEM_BANK_GEN[2].BRAM_7_SERIES.bram.BRAM_I/ADDRBWRADDR[14] (net: pynqz2_i/dtpu/axis_accelerator_ada/U0/XD_ADAPTER_CORE_I/XD_INPUT_ARGS_I/IARGS_GEN.INPUT_ARGS_GEN[1].S2M_GEN.IARG_AP_S2M_I/MEM_CTRL_I/LINEAR_BANK_GEN.MEM_I/ARG_MEM_I/SAME_WIDTH_GEN.BANK_I/addr_b[11]) which is driven by a register (pynqz2_i/dtpu/axis_accelerator_ada/U0/XD_ADAPTER_CORE_I/XD_INPUT_ARGS_I/IARGS_GEN.INPUT_ARGS_GEN[1].S2M_GEN.IARG_AP_S2M_I/MEM_CTRL_I/NEW_INTRO.wr_pntr_reg[0]) that has an active asychronous set or reset. This may cause corruption of the memory contents and/or read values when the set/reset is asserted and is not analyzed by the default static timing analysis. It is suggested to eliminate the use of a set/reset to registers driving this RAMB pin or else use a synchronous reset in which the assertion of the reset is timed by default.
Related violations: <none>

REQP-1839#7 Warning
RAMB36 async control check  
The RAMB36E1 pynqz2_i/dtpu/axis_accelerator_ada/U0/XD_ADAPTER_CORE_I/XD_INPUT_ARGS_I/IARGS_GEN.INPUT_ARGS_GEN[1].S2M_GEN.IARG_AP_S2M_I/MEM_CTRL_I/LINEAR_BANK_GEN.MEM_I/ARG_MEM_I/SAME_WIDTH_GEN.BANK_I/ONE_COL_GEN.MEM_BANK_GEN[3].BRAM_7_SERIES.bram.BRAM_I has an input control pin pynqz2_i/dtpu/axis_accelerator_ada/U0/XD_ADAPTER_CORE_I/XD_INPUT_ARGS_I/IARGS_GEN.INPUT_ARGS_GEN[1].S2M_GEN.IARG_AP_S2M_I/MEM_CTRL_I/LINEAR_BANK_GEN.MEM_I/ARG_MEM_I/SAME_WIDTH_GEN.BANK_I/ONE_COL_GEN.MEM_BANK_GEN[3].BRAM_7_SERIES.bram.BRAM_I/ADDRARDADDR[14] (net: pynqz2_i/dtpu/axis_accelerator_ada/U0/XD_ADAPTER_CORE_I/XD_INPUT_ARGS_I/IARGS_GEN.INPUT_ARGS_GEN[1].S2M_GEN.IARG_AP_S2M_I/MEM_CTRL_I/LINEAR_BANK_GEN.MEM_I/ARG_MEM_I/SAME_WIDTH_GEN.BANK_I/ADDRARDADDR[11]) which is driven by a register (pynqz2_i/dtpu/axis_accelerator_ada/U0/XD_ADAPTER_CORE_I/XD_INPUT_ARGS_I/IARGS_GEN.INPUT_ARGS_GEN[1].S2M_GEN.IARG_AP_S2M_I/MEM_CTRL_I/NEW_INTRO.rd_pntr_reg[0]) that has an active asychronous set or reset. This may cause corruption of the memory contents and/or read values when the set/reset is asserted and is not analyzed by the default static timing analysis. It is suggested to eliminate the use of a set/reset to registers driving this RAMB pin or else use a synchronous reset in which the assertion of the reset is timed by default.
Related violations: <none>

REQP-1839#8 Warning
RAMB36 async control check  
The RAMB36E1 pynqz2_i/dtpu/axis_accelerator_ada/U0/XD_ADAPTER_CORE_I/XD_INPUT_ARGS_I/IARGS_GEN.INPUT_ARGS_GEN[1].S2M_GEN.IARG_AP_S2M_I/MEM_CTRL_I/LINEAR_BANK_GEN.MEM_I/ARG_MEM_I/SAME_WIDTH_GEN.BANK_I/ONE_COL_GEN.MEM_BANK_GEN[3].BRAM_7_SERIES.bram.BRAM_I has an input control pin pynqz2_i/dtpu/axis_accelerator_ada/U0/XD_ADAPTER_CORE_I/XD_INPUT_ARGS_I/IARGS_GEN.INPUT_ARGS_GEN[1].S2M_GEN.IARG_AP_S2M_I/MEM_CTRL_I/LINEAR_BANK_GEN.MEM_I/ARG_MEM_I/SAME_WIDTH_GEN.BANK_I/ONE_COL_GEN.MEM_BANK_GEN[3].BRAM_7_SERIES.bram.BRAM_I/ADDRBWRADDR[14] (net: pynqz2_i/dtpu/axis_accelerator_ada/U0/XD_ADAPTER_CORE_I/XD_INPUT_ARGS_I/IARGS_GEN.INPUT_ARGS_GEN[1].S2M_GEN.IARG_AP_S2M_I/MEM_CTRL_I/LINEAR_BANK_GEN.MEM_I/ARG_MEM_I/SAME_WIDTH_GEN.BANK_I/addr_b[11]) which is driven by a register (pynqz2_i/dtpu/axis_accelerator_ada/U0/XD_ADAPTER_CORE_I/XD_INPUT_ARGS_I/IARGS_GEN.INPUT_ARGS_GEN[1].S2M_GEN.IARG_AP_S2M_I/MEM_CTRL_I/NEW_INTRO.wr_pntr_reg[0]) that has an active asychronous set or reset. This may cause corruption of the memory contents and/or read values when the set/reset is asserted and is not analyzed by the default static timing analysis. It is suggested to eliminate the use of a set/reset to registers driving this RAMB pin or else use a synchronous reset in which the assertion of the reset is timed by default.
Related violations: <none>

REQP-1839#9 Warning
RAMB36 async control check  
The RAMB36E1 pynqz2_i/dtpu/axis_accelerator_ada/U0/XD_ADAPTER_CORE_I/XD_INPUT_ARGS_I/IARGS_GEN.INPUT_ARGS_GEN[1].S2M_GEN.IARG_AP_S2M_I/MEM_CTRL_I/LINEAR_BANK_GEN.MEM_I/ARG_MEM_I/SAME_WIDTH_GEN.BANK_I/ONE_COL_GEN.MEM_BANK_GEN[4].BRAM_7_SERIES.bram.BRAM_I has an input control pin pynqz2_i/dtpu/axis_accelerator_ada/U0/XD_ADAPTER_CORE_I/XD_INPUT_ARGS_I/IARGS_GEN.INPUT_ARGS_GEN[1].S2M_GEN.IARG_AP_S2M_I/MEM_CTRL_I/LINEAR_BANK_GEN.MEM_I/ARG_MEM_I/SAME_WIDTH_GEN.BANK_I/ONE_COL_GEN.MEM_BANK_GEN[4].BRAM_7_SERIES.bram.BRAM_I/ADDRARDADDR[14] (net: pynqz2_i/dtpu/axis_accelerator_ada/U0/XD_ADAPTER_CORE_I/XD_INPUT_ARGS_I/IARGS_GEN.INPUT_ARGS_GEN[1].S2M_GEN.IARG_AP_S2M_I/MEM_CTRL_I/LINEAR_BANK_GEN.MEM_I/ARG_MEM_I/SAME_WIDTH_GEN.BANK_I/ADDRARDADDR[11]) which is driven by a register (pynqz2_i/dtpu/axis_accelerator_ada/U0/XD_ADAPTER_CORE_I/XD_INPUT_ARGS_I/IARGS_GEN.INPUT_ARGS_GEN[1].S2M_GEN.IARG_AP_S2M_I/MEM_CTRL_I/NEW_INTRO.rd_pntr_reg[0]) that has an active asychronous set or reset. This may cause corruption of the memory contents and/or read values when the set/reset is asserted and is not analyzed by the default static timing analysis. It is suggested to eliminate the use of a set/reset to registers driving this RAMB pin or else use a synchronous reset in which the assertion of the reset is timed by default.
Related violations: <none>

REQP-1839#10 Warning
RAMB36 async control check  
The RAMB36E1 pynqz2_i/dtpu/axis_accelerator_ada/U0/XD_ADAPTER_CORE_I/XD_INPUT_ARGS_I/IARGS_GEN.INPUT_ARGS_GEN[1].S2M_GEN.IARG_AP_S2M_I/MEM_CTRL_I/LINEAR_BANK_GEN.MEM_I/ARG_MEM_I/SAME_WIDTH_GEN.BANK_I/ONE_COL_GEN.MEM_BANK_GEN[4].BRAM_7_SERIES.bram.BRAM_I has an input control pin pynqz2_i/dtpu/axis_accelerator_ada/U0/XD_ADAPTER_CORE_I/XD_INPUT_ARGS_I/IARGS_GEN.INPUT_ARGS_GEN[1].S2M_GEN.IARG_AP_S2M_I/MEM_CTRL_I/LINEAR_BANK_GEN.MEM_I/ARG_MEM_I/SAME_WIDTH_GEN.BANK_I/ONE_COL_GEN.MEM_BANK_GEN[4].BRAM_7_SERIES.bram.BRAM_I/ADDRBWRADDR[14] (net: pynqz2_i/dtpu/axis_accelerator_ada/U0/XD_ADAPTER_CORE_I/XD_INPUT_ARGS_I/IARGS_GEN.INPUT_ARGS_GEN[1].S2M_GEN.IARG_AP_S2M_I/MEM_CTRL_I/LINEAR_BANK_GEN.MEM_I/ARG_MEM_I/SAME_WIDTH_GEN.BANK_I/addr_b[11]) which is driven by a register (pynqz2_i/dtpu/axis_accelerator_ada/U0/XD_ADAPTER_CORE_I/XD_INPUT_ARGS_I/IARGS_GEN.INPUT_ARGS_GEN[1].S2M_GEN.IARG_AP_S2M_I/MEM_CTRL_I/NEW_INTRO.wr_pntr_reg[0]) that has an active asychronous set or reset. This may cause corruption of the memory contents and/or read values when the set/reset is asserted and is not analyzed by the default static timing analysis. It is suggested to eliminate the use of a set/reset to registers driving this RAMB pin or else use a synchronous reset in which the assertion of the reset is timed by default.
Related violations: <none>

REQP-1839#11 Warning
RAMB36 async control check  
The RAMB36E1 pynqz2_i/dtpu/axis_accelerator_ada/U0/XD_ADAPTER_CORE_I/XD_INPUT_ARGS_I/IARGS_GEN.INPUT_ARGS_GEN[1].S2M_GEN.IARG_AP_S2M_I/MEM_CTRL_I/LINEAR_BANK_GEN.MEM_I/ARG_MEM_I/SAME_WIDTH_GEN.BANK_I/ONE_COL_GEN.MEM_BANK_GEN[5].BRAM_7_SERIES.bram.BRAM_I has an input control pin pynqz2_i/dtpu/axis_accelerator_ada/U0/XD_ADAPTER_CORE_I/XD_INPUT_ARGS_I/IARGS_GEN.INPUT_ARGS_GEN[1].S2M_GEN.IARG_AP_S2M_I/MEM_CTRL_I/LINEAR_BANK_GEN.MEM_I/ARG_MEM_I/SAME_WIDTH_GEN.BANK_I/ONE_COL_GEN.MEM_BANK_GEN[5].BRAM_7_SERIES.bram.BRAM_I/ADDRARDADDR[14] (net: pynqz2_i/dtpu/axis_accelerator_ada/U0/XD_ADAPTER_CORE_I/XD_INPUT_ARGS_I/IARGS_GEN.INPUT_ARGS_GEN[1].S2M_GEN.IARG_AP_S2M_I/MEM_CTRL_I/LINEAR_BANK_GEN.MEM_I/ARG_MEM_I/SAME_WIDTH_GEN.BANK_I/ADDRARDADDR[11]) which is driven by a register (pynqz2_i/dtpu/axis_accelerator_ada/U0/XD_ADAPTER_CORE_I/XD_INPUT_ARGS_I/IARGS_GEN.INPUT_ARGS_GEN[1].S2M_GEN.IARG_AP_S2M_I/MEM_CTRL_I/NEW_INTRO.rd_pntr_reg[0]) that has an active asychronous set or reset. This may cause corruption of the memory contents and/or read values when the set/reset is asserted and is not analyzed by the default static timing analysis. It is suggested to eliminate the use of a set/reset to registers driving this RAMB pin or else use a synchronous reset in which the assertion of the reset is timed by default.
Related violations: <none>

REQP-1839#12 Warning
RAMB36 async control check  
The RAMB36E1 pynqz2_i/dtpu/axis_accelerator_ada/U0/XD_ADAPTER_CORE_I/XD_INPUT_ARGS_I/IARGS_GEN.INPUT_ARGS_GEN[1].S2M_GEN.IARG_AP_S2M_I/MEM_CTRL_I/LINEAR_BANK_GEN.MEM_I/ARG_MEM_I/SAME_WIDTH_GEN.BANK_I/ONE_COL_GEN.MEM_BANK_GEN[5].BRAM_7_SERIES.bram.BRAM_I has an input control pin pynqz2_i/dtpu/axis_accelerator_ada/U0/XD_ADAPTER_CORE_I/XD_INPUT_ARGS_I/IARGS_GEN.INPUT_ARGS_GEN[1].S2M_GEN.IARG_AP_S2M_I/MEM_CTRL_I/LINEAR_BANK_GEN.MEM_I/ARG_MEM_I/SAME_WIDTH_GEN.BANK_I/ONE_COL_GEN.MEM_BANK_GEN[5].BRAM_7_SERIES.bram.BRAM_I/ADDRBWRADDR[14] (net: pynqz2_i/dtpu/axis_accelerator_ada/U0/XD_ADAPTER_CORE_I/XD_INPUT_ARGS_I/IARGS_GEN.INPUT_ARGS_GEN[1].S2M_GEN.IARG_AP_S2M_I/MEM_CTRL_I/LINEAR_BANK_GEN.MEM_I/ARG_MEM_I/SAME_WIDTH_GEN.BANK_I/addr_b[11]) which is driven by a register (pynqz2_i/dtpu/axis_accelerator_ada/U0/XD_ADAPTER_CORE_I/XD_INPUT_ARGS_I/IARGS_GEN.INPUT_ARGS_GEN[1].S2M_GEN.IARG_AP_S2M_I/MEM_CTRL_I/NEW_INTRO.wr_pntr_reg[0]) that has an active asychronous set or reset. This may cause corruption of the memory contents and/or read values when the set/reset is asserted and is not analyzed by the default static timing analysis. It is suggested to eliminate the use of a set/reset to registers driving this RAMB pin or else use a synchronous reset in which the assertion of the reset is timed by default.
Related violations: <none>

REQP-1839#13 Warning
RAMB36 async control check  
The RAMB36E1 pynqz2_i/dtpu/axis_accelerator_ada/U0/XD_ADAPTER_CORE_I/XD_INPUT_ARGS_I/IARGS_GEN.INPUT_ARGS_GEN[1].S2M_GEN.IARG_AP_S2M_I/MEM_CTRL_I/LINEAR_BANK_GEN.MEM_I/ARG_MEM_I/SAME_WIDTH_GEN.BANK_I/ONE_COL_GEN.MEM_BANK_GEN[6].BRAM_7_SERIES.bram.BRAM_I has an input control pin pynqz2_i/dtpu/axis_accelerator_ada/U0/XD_ADAPTER_CORE_I/XD_INPUT_ARGS_I/IARGS_GEN.INPUT_ARGS_GEN[1].S2M_GEN.IARG_AP_S2M_I/MEM_CTRL_I/LINEAR_BANK_GEN.MEM_I/ARG_MEM_I/SAME_WIDTH_GEN.BANK_I/ONE_COL_GEN.MEM_BANK_GEN[6].BRAM_7_SERIES.bram.BRAM_I/ADDRARDADDR[14] (net: pynqz2_i/dtpu/axis_accelerator_ada/U0/XD_ADAPTER_CORE_I/XD_INPUT_ARGS_I/IARGS_GEN.INPUT_ARGS_GEN[1].S2M_GEN.IARG_AP_S2M_I/MEM_CTRL_I/LINEAR_BANK_GEN.MEM_I/ARG_MEM_I/SAME_WIDTH_GEN.BANK_I/ADDRARDADDR[11]) which is driven by a register (pynqz2_i/dtpu/axis_accelerator_ada/U0/XD_ADAPTER_CORE_I/XD_INPUT_ARGS_I/IARGS_GEN.INPUT_ARGS_GEN[1].S2M_GEN.IARG_AP_S2M_I/MEM_CTRL_I/NEW_INTRO.rd_pntr_reg[0]) that has an active asychronous set or reset. This may cause corruption of the memory contents and/or read values when the set/reset is asserted and is not analyzed by the default static timing analysis. It is suggested to eliminate the use of a set/reset to registers driving this RAMB pin or else use a synchronous reset in which the assertion of the reset is timed by default.
Related violations: <none>

REQP-1839#14 Warning
RAMB36 async control check  
The RAMB36E1 pynqz2_i/dtpu/axis_accelerator_ada/U0/XD_ADAPTER_CORE_I/XD_INPUT_ARGS_I/IARGS_GEN.INPUT_ARGS_GEN[1].S2M_GEN.IARG_AP_S2M_I/MEM_CTRL_I/LINEAR_BANK_GEN.MEM_I/ARG_MEM_I/SAME_WIDTH_GEN.BANK_I/ONE_COL_GEN.MEM_BANK_GEN[6].BRAM_7_SERIES.bram.BRAM_I has an input control pin pynqz2_i/dtpu/axis_accelerator_ada/U0/XD_ADAPTER_CORE_I/XD_INPUT_ARGS_I/IARGS_GEN.INPUT_ARGS_GEN[1].S2M_GEN.IARG_AP_S2M_I/MEM_CTRL_I/LINEAR_BANK_GEN.MEM_I/ARG_MEM_I/SAME_WIDTH_GEN.BANK_I/ONE_COL_GEN.MEM_BANK_GEN[6].BRAM_7_SERIES.bram.BRAM_I/ADDRBWRADDR[14] (net: pynqz2_i/dtpu/axis_accelerator_ada/U0/XD_ADAPTER_CORE_I/XD_INPUT_ARGS_I/IARGS_GEN.INPUT_ARGS_GEN[1].S2M_GEN.IARG_AP_S2M_I/MEM_CTRL_I/LINEAR_BANK_GEN.MEM_I/ARG_MEM_I/SAME_WIDTH_GEN.BANK_I/addr_b[11]) which is driven by a register (pynqz2_i/dtpu/axis_accelerator_ada/U0/XD_ADAPTER_CORE_I/XD_INPUT_ARGS_I/IARGS_GEN.INPUT_ARGS_GEN[1].S2M_GEN.IARG_AP_S2M_I/MEM_CTRL_I/NEW_INTRO.wr_pntr_reg[0]) that has an active asychronous set or reset. This may cause corruption of the memory contents and/or read values when the set/reset is asserted and is not analyzed by the default static timing analysis. It is suggested to eliminate the use of a set/reset to registers driving this RAMB pin or else use a synchronous reset in which the assertion of the reset is timed by default.
Related violations: <none>

REQP-1839#15 Warning
RAMB36 async control check  
The RAMB36E1 pynqz2_i/dtpu/axis_accelerator_ada/U0/XD_ADAPTER_CORE_I/XD_INPUT_ARGS_I/IARGS_GEN.INPUT_ARGS_GEN[1].S2M_GEN.IARG_AP_S2M_I/MEM_CTRL_I/LINEAR_BANK_GEN.MEM_I/ARG_MEM_I/SAME_WIDTH_GEN.BANK_I/ONE_COL_GEN.MEM_BANK_GEN[7].BRAM_7_SERIES.bram.BRAM_I has an input control pin pynqz2_i/dtpu/axis_accelerator_ada/U0/XD_ADAPTER_CORE_I/XD_INPUT_ARGS_I/IARGS_GEN.INPUT_ARGS_GEN[1].S2M_GEN.IARG_AP_S2M_I/MEM_CTRL_I/LINEAR_BANK_GEN.MEM_I/ARG_MEM_I/SAME_WIDTH_GEN.BANK_I/ONE_COL_GEN.MEM_BANK_GEN[7].BRAM_7_SERIES.bram.BRAM_I/ADDRARDADDR[14] (net: pynqz2_i/dtpu/axis_accelerator_ada/U0/XD_ADAPTER_CORE_I/XD_INPUT_ARGS_I/IARGS_GEN.INPUT_ARGS_GEN[1].S2M_GEN.IARG_AP_S2M_I/MEM_CTRL_I/LINEAR_BANK_GEN.MEM_I/ARG_MEM_I/SAME_WIDTH_GEN.BANK_I/ADDRARDADDR[11]) which is driven by a register (pynqz2_i/dtpu/axis_accelerator_ada/U0/XD_ADAPTER_CORE_I/XD_INPUT_ARGS_I/IARGS_GEN.INPUT_ARGS_GEN[1].S2M_GEN.IARG_AP_S2M_I/MEM_CTRL_I/NEW_INTRO.rd_pntr_reg[0]) that has an active asychronous set or reset. This may cause corruption of the memory contents and/or read values when the set/reset is asserted and is not analyzed by the default static timing analysis. It is suggested to eliminate the use of a set/reset to registers driving this RAMB pin or else use a synchronous reset in which the assertion of the reset is timed by default.
Related violations: <none>

REQP-1839#16 Warning
RAMB36 async control check  
The RAMB36E1 pynqz2_i/dtpu/axis_accelerator_ada/U0/XD_ADAPTER_CORE_I/XD_INPUT_ARGS_I/IARGS_GEN.INPUT_ARGS_GEN[1].S2M_GEN.IARG_AP_S2M_I/MEM_CTRL_I/LINEAR_BANK_GEN.MEM_I/ARG_MEM_I/SAME_WIDTH_GEN.BANK_I/ONE_COL_GEN.MEM_BANK_GEN[7].BRAM_7_SERIES.bram.BRAM_I has an input control pin pynqz2_i/dtpu/axis_accelerator_ada/U0/XD_ADAPTER_CORE_I/XD_INPUT_ARGS_I/IARGS_GEN.INPUT_ARGS_GEN[1].S2M_GEN.IARG_AP_S2M_I/MEM_CTRL_I/LINEAR_BANK_GEN.MEM_I/ARG_MEM_I/SAME_WIDTH_GEN.BANK_I/ONE_COL_GEN.MEM_BANK_GEN[7].BRAM_7_SERIES.bram.BRAM_I/ADDRBWRADDR[14] (net: pynqz2_i/dtpu/axis_accelerator_ada/U0/XD_ADAPTER_CORE_I/XD_INPUT_ARGS_I/IARGS_GEN.INPUT_ARGS_GEN[1].S2M_GEN.IARG_AP_S2M_I/MEM_CTRL_I/LINEAR_BANK_GEN.MEM_I/ARG_MEM_I/SAME_WIDTH_GEN.BANK_I/addr_b[11]) which is driven by a register (pynqz2_i/dtpu/axis_accelerator_ada/U0/XD_ADAPTER_CORE_I/XD_INPUT_ARGS_I/IARGS_GEN.INPUT_ARGS_GEN[1].S2M_GEN.IARG_AP_S2M_I/MEM_CTRL_I/NEW_INTRO.wr_pntr_reg[0]) that has an active asychronous set or reset. This may cause corruption of the memory contents and/or read values when the set/reset is asserted and is not analyzed by the default static timing analysis. It is suggested to eliminate the use of a set/reset to registers driving this RAMB pin or else use a synchronous reset in which the assertion of the reset is timed by default.
Related violations: <none>

REQP-1839#17 Warning
RAMB36 async control check  
The RAMB36E1 pynqz2_i/dtpu/axis_accelerator_ada/U0/XD_ADAPTER_CORE_I/XD_INPUT_ARGS_I/IARGS_GEN.INPUT_ARGS_GEN[2].S2S_GEN.IARG_AP_S2S_I/SAME_WIDTH_GEN.FIFO_I/NEW_INTRO.BRAM_MEM_GEN.FIF_BMG_INST/inst_fifo_gen/gconvfifo.rf/grf.rf/gntv_or_sync_fifo.mem/gbm.gbmg.gbmga.ngecc.bmg/inst_blk_mem_gen/gnbram.gnativebmg.native_blk_mem_gen/valid.cstr/ramloop[0].ram.r/prim_noinit.ram/DEVICE_7SERIES.NO_BMM_INFO.SDP.SIMPLE_PRIM36.ram has an input control pin pynqz2_i/dtpu/axis_accelerator_ada/U0/XD_ADAPTER_CORE_I/XD_INPUT_ARGS_I/IARGS_GEN.INPUT_ARGS_GEN[2].S2S_GEN.IARG_AP_S2S_I/SAME_WIDTH_GEN.FIFO_I/NEW_INTRO.BRAM_MEM_GEN.FIF_BMG_INST/inst_fifo_gen/gconvfifo.rf/grf.rf/gntv_or_sync_fifo.mem/gbm.gbmg.gbmga.ngecc.bmg/inst_blk_mem_gen/gnbram.gnativebmg.native_blk_mem_gen/valid.cstr/ramloop[0].ram.r/prim_noinit.ram/DEVICE_7SERIES.NO_BMM_INFO.SDP.SIMPLE_PRIM36.ram/ADDRARDADDR[11] (net: pynqz2_i/dtpu/axis_accelerator_ada/U0/XD_ADAPTER_CORE_I/XD_INPUT_ARGS_I/IARGS_GEN.INPUT_ARGS_GEN[2].S2S_GEN.IARG_AP_S2S_I/SAME_WIDTH_GEN.FIFO_I/NEW_INTRO.BRAM_MEM_GEN.FIF_BMG_INST/inst_fifo_gen/gconvfifo.rf/grf.rf/gntv_or_sync_fifo.mem/gbm.gbmg.gbmga.ngecc.bmg/inst_blk_mem_gen/gnbram.gnativebmg.native_blk_mem_gen/valid.cstr/ramloop[0].ram.r/prim_noinit.ram/DEVICE_7SERIES.NO_BMM_INFO.SDP.SIMPLE_PRIM36.ram_0[7]) which is driven by a register (pynqz2_i/dtpu/axis_accelerator_ada/U0/XD_ADAPTER_CORE_I/XD_INPUT_ARGS_I/IARGS_GEN.INPUT_ARGS_GEN[2].S2S_GEN.IARG_AP_S2S_I/SAME_WIDTH_GEN.FIFO_I/NEW_INTRO.BRAM_MEM_GEN.FIF_BMG_INST/inst_fifo_gen/gconvfifo.rf/grf.rf/gntv_or_sync_fifo.gl0.wr/wpntr/gic0.gc0.count_d2_reg[7]) that has an active asychronous set or reset. This may cause corruption of the memory contents and/or read values when the set/reset is asserted and is not analyzed by the default static timing analysis. It is suggested to eliminate the use of a set/reset to registers driving this RAMB pin or else use a synchronous reset in which the assertion of the reset is timed by default.
Related violations: <none>

REQP-1839#18 Warning
RAMB36 async control check  
The RAMB36E1 pynqz2_i/dtpu/axis_accelerator_ada/U0/XD_ADAPTER_CORE_I/XD_INPUT_ARGS_I/IARGS_GEN.INPUT_ARGS_GEN[2].S2S_GEN.IARG_AP_S2S_I/SAME_WIDTH_GEN.FIFO_I/NEW_INTRO.BRAM_MEM_GEN.FIF_BMG_INST/inst_fifo_gen/gconvfifo.rf/grf.rf/gntv_or_sync_fifo.mem/gbm.gbmg.gbmga.ngecc.bmg/inst_blk_mem_gen/gnbram.gnativebmg.native_blk_mem_gen/valid.cstr/ramloop[0].ram.r/prim_noinit.ram/DEVICE_7SERIES.NO_BMM_INFO.SDP.SIMPLE_PRIM36.ram has an input control pin pynqz2_i/dtpu/axis_accelerator_ada/U0/XD_ADAPTER_CORE_I/XD_INPUT_ARGS_I/IARGS_GEN.INPUT_ARGS_GEN[2].S2S_GEN.IARG_AP_S2S_I/SAME_WIDTH_GEN.FIFO_I/NEW_INTRO.BRAM_MEM_GEN.FIF_BMG_INST/inst_fifo_gen/gconvfifo.rf/grf.rf/gntv_or_sync_fifo.mem/gbm.gbmg.gbmga.ngecc.bmg/inst_blk_mem_gen/gnbram.gnativebmg.native_blk_mem_gen/valid.cstr/ramloop[0].ram.r/prim_noinit.ram/DEVICE_7SERIES.NO_BMM_INFO.SDP.SIMPLE_PRIM36.ram/ADDRARDADDR[12] (net: pynqz2_i/dtpu/axis_accelerator_ada/U0/XD_ADAPTER_CORE_I/XD_INPUT_ARGS_I/IARGS_GEN.INPUT_ARGS_GEN[2].S2S_GEN.IARG_AP_S2S_I/SAME_WIDTH_GEN.FIFO_I/NEW_INTRO.BRAM_MEM_GEN.FIF_BMG_INST/inst_fifo_gen/gconvfifo.rf/grf.rf/gntv_or_sync_fifo.mem/gbm.gbmg.gbmga.ngecc.bmg/inst_blk_mem_gen/gnbram.gnativebmg.native_blk_mem_gen/valid.cstr/ramloop[0].ram.r/prim_noinit.ram/DEVICE_7SERIES.NO_BMM_INFO.SDP.SIMPLE_PRIM36.ram_0[8]) which is driven by a register (pynqz2_i/dtpu/axis_accelerator_ada/U0/XD_ADAPTER_CORE_I/XD_INPUT_ARGS_I/IARGS_GEN.INPUT_ARGS_GEN[2].S2S_GEN.IARG_AP_S2S_I/SAME_WIDTH_GEN.FIFO_I/NEW_INTRO.BRAM_MEM_GEN.FIF_BMG_INST/inst_fifo_gen/gconvfifo.rf/grf.rf/gntv_or_sync_fifo.gl0.wr/wpntr/gic0.gc0.count_d2_reg[8]) that has an active asychronous set or reset. This may cause corruption of the memory contents and/or read values when the set/reset is asserted and is not analyzed by the default static timing analysis. It is suggested to eliminate the use of a set/reset to registers driving this RAMB pin or else use a synchronous reset in which the assertion of the reset is timed by default.
Related violations: <none>

REQP-1839#19 Warning
RAMB36 async control check  
The RAMB36E1 pynqz2_i/dtpu/axis_accelerator_ada/U0/XD_ADAPTER_CORE_I/XD_INPUT_ARGS_I/IARGS_GEN.INPUT_ARGS_GEN[2].S2S_GEN.IARG_AP_S2S_I/SAME_WIDTH_GEN.FIFO_I/NEW_INTRO.BRAM_MEM_GEN.FIF_BMG_INST/inst_fifo_gen/gconvfifo.rf/grf.rf/gntv_or_sync_fifo.mem/gbm.gbmg.gbmga.ngecc.bmg/inst_blk_mem_gen/gnbram.gnativebmg.native_blk_mem_gen/valid.cstr/ramloop[0].ram.r/prim_noinit.ram/DEVICE_7SERIES.NO_BMM_INFO.SDP.SIMPLE_PRIM36.ram has an input control pin pynqz2_i/dtpu/axis_accelerator_ada/U0/XD_ADAPTER_CORE_I/XD_INPUT_ARGS_I/IARGS_GEN.INPUT_ARGS_GEN[2].S2S_GEN.IARG_AP_S2S_I/SAME_WIDTH_GEN.FIFO_I/NEW_INTRO.BRAM_MEM_GEN.FIF_BMG_INST/inst_fifo_gen/gconvfifo.rf/grf.rf/gntv_or_sync_fifo.mem/gbm.gbmg.gbmga.ngecc.bmg/inst_blk_mem_gen/gnbram.gnativebmg.native_blk_mem_gen/valid.cstr/ramloop[0].ram.r/prim_noinit.ram/DEVICE_7SERIES.NO_BMM_INFO.SDP.SIMPLE_PRIM36.ram/ADDRARDADDR[13] (net: pynqz2_i/dtpu/axis_accelerator_ada/U0/XD_ADAPTER_CORE_I/XD_INPUT_ARGS_I/IARGS_GEN.INPUT_ARGS_GEN[2].S2S_GEN.IARG_AP_S2S_I/SAME_WIDTH_GEN.FIFO_I/NEW_INTRO.BRAM_MEM_GEN.FIF_BMG_INST/inst_fifo_gen/gconvfifo.rf/grf.rf/gntv_or_sync_fifo.mem/gbm.gbmg.gbmga.ngecc.bmg/inst_blk_mem_gen/gnbram.gnativebmg.native_blk_mem_gen/valid.cstr/ramloop[0].ram.r/prim_noinit.ram/DEVICE_7SERIES.NO_BMM_INFO.SDP.SIMPLE_PRIM36.ram_0[9]) which is driven by a register (pynqz2_i/dtpu/axis_accelerator_ada/U0/XD_ADAPTER_CORE_I/XD_INPUT_ARGS_I/IARGS_GEN.INPUT_ARGS_GEN[2].S2S_GEN.IARG_AP_S2S_I/SAME_WIDTH_GEN.FIFO_I/NEW_INTRO.BRAM_MEM_GEN.FIF_BMG_INST/inst_fifo_gen/gconvfifo.rf/grf.rf/gntv_or_sync_fifo.gl0.wr/wpntr/gic0.gc0.count_d2_reg[9]) that has an active asychronous set or reset. This may cause corruption of the memory contents and/or read values when the set/reset is asserted and is not analyzed by the default static timing analysis. It is suggested to eliminate the use of a set/reset to registers driving this RAMB pin or else use a synchronous reset in which the assertion of the reset is timed by default.
Related violations: <none>

REQP-1839#20 Warning
RAMB36 async control check  
The RAMB36E1 pynqz2_i/dtpu/axis_accelerator_ada/U0/XD_ADAPTER_CORE_I/XD_INPUT_ARGS_I/IARGS_GEN.INPUT_ARGS_GEN[2].S2S_GEN.IARG_AP_S2S_I/SAME_WIDTH_GEN.FIFO_I/NEW_INTRO.BRAM_MEM_GEN.FIF_BMG_INST/inst_fifo_gen/gconvfifo.rf/grf.rf/gntv_or_sync_fifo.mem/gbm.gbmg.gbmga.ngecc.bmg/inst_blk_mem_gen/gnbram.gnativebmg.native_blk_mem_gen/valid.cstr/ramloop[0].ram.r/prim_noinit.ram/DEVICE_7SERIES.NO_BMM_INFO.SDP.SIMPLE_PRIM36.ram has an input control pin pynqz2_i/dtpu/axis_accelerator_ada/U0/XD_ADAPTER_CORE_I/XD_INPUT_ARGS_I/IARGS_GEN.INPUT_ARGS_GEN[2].S2S_GEN.IARG_AP_S2S_I/SAME_WIDTH_GEN.FIFO_I/NEW_INTRO.BRAM_MEM_GEN.FIF_BMG_INST/inst_fifo_gen/gconvfifo.rf/grf.rf/gntv_or_sync_fifo.mem/gbm.gbmg.gbmga.ngecc.bmg/inst_blk_mem_gen/gnbram.gnativebmg.native_blk_mem_gen/valid.cstr/ramloop[0].ram.r/prim_noinit.ram/DEVICE_7SERIES.NO_BMM_INFO.SDP.SIMPLE_PRIM36.ram/ADDRARDADDR[14] (net: pynqz2_i/dtpu/axis_accelerator_ada/U0/XD_ADAPTER_CORE_I/XD_INPUT_ARGS_I/IARGS_GEN.INPUT_ARGS_GEN[2].S2S_GEN.IARG_AP_S2S_I/SAME_WIDTH_GEN.FIFO_I/NEW_INTRO.BRAM_MEM_GEN.FIF_BMG_INST/inst_fifo_gen/gconvfifo.rf/grf.rf/gntv_or_sync_fifo.mem/gbm.gbmg.gbmga.ngecc.bmg/inst_blk_mem_gen/gnbram.gnativebmg.native_blk_mem_gen/valid.cstr/ramloop[0].ram.r/prim_noinit.ram/DEVICE_7SERIES.NO_BMM_INFO.SDP.SIMPLE_PRIM36.ram_0[10]) which is driven by a register (pynqz2_i/dtpu/axis_accelerator_ada/U0/XD_ADAPTER_CORE_I/XD_INPUT_ARGS_I/IARGS_GEN.INPUT_ARGS_GEN[2].S2S_GEN.IARG_AP_S2S_I/SAME_WIDTH_GEN.FIFO_I/NEW_INTRO.BRAM_MEM_GEN.FIF_BMG_INST/inst_fifo_gen/gconvfifo.rf/grf.rf/gntv_or_sync_fifo.gl0.wr/wpntr/gic0.gc0.count_d2_reg[10]) that has an active asychronous set or reset. This may cause corruption of the memory contents and/or read values when the set/reset is asserted and is not analyzed by the default static timing analysis. It is suggested to eliminate the use of a set/reset to registers driving this RAMB pin or else use a synchronous reset in which the assertion of the reset is timed by default.
Related violations: <none>

RTSTAT-10#1 Warning
No routable loads  
10 net(s) have no routable loads. The problem bus(es) and/or net(s) are pynqz2_i/dtpu/axis_accelerator_ada/U0/XD_ADAPTER_CORE_I/XD_INPUT_ARGS_I/IARGS_GEN.INPUT_ARGS_GEN[2].S2S_GEN.IARG_AP_S2S_I/SAME_WIDTH_GEN.FIFO_I/NEW_INTRO.BRAM_MEM_GEN.FIF_BMG_INST/inst_fifo_gen/gconvfifo.rf/grf.rf/gntv_or_sync_fifo.gl0.rd/gr1.gr1_int.rfwft/aempty_fwft_i, pynqz2_i/dtpu/axis_accelerator_ada/U0/XD_ADAPTER_CORE_I/XD_OUTPUT_ARGS_I/OARGS_GEN.OUTPUT_ARGS_GEN[0].S2S_GEN.OARG_S2S_I/SAME_WIDTH_GEN.FIFO_I/NEW_INTRO.BRAM_MEM_GEN.FIF_BMG_INST/inst_fifo_gen/gconvfifo.rf/grf.rf/gntv_or_sync_fifo.gl0.rd/gr1.gr1_int.rfwft/aempty_fwft_i, pynqz2_i/dtpu/axis_accelerator_ada/U0/XD_ADAPTER_CORE_I/XD_SYNC_I/COMMAND_FIFO_NEW/FIF_DMG_INST/inst_fifo_gen/gconvfifo.rf/grf.rf/gntv_or_sync_fifo.gl0.rd/gr1.gr1_int.rfwft/aempty_fwft_i, pynqz2_i/dtpu/axis_accelerator_ada/U0/XD_ADAPTER_CORE_I/XD_INPUT_ARGS_I/IARGS_GEN.INPUT_ARGS_GEN[2].S2S_GEN.IARG_AP_S2S_I/SAME_WIDTH_GEN.FIFO_I/NEW_INTRO.BRAM_MEM_GEN.FIF_BMG_INST/inst_fifo_gen/gconvfifo.rf/grf.rf/gntv_or_sync_fifo.gl0.rd/gras.rsts/ram_empty_i, pynqz2_i/dtpu/axis_accelerator_ada/U0/XD_ADAPTER_CORE_I/XD_OUTPUT_ARGS_I/OARGS_GEN.OUTPUT_ARGS_GEN[0].S2S_GEN.OARG_S2S_I/SAME_WIDTH_GEN.FIFO_I/NEW_INTRO.BRAM_MEM_GEN.FIF_BMG_INST/inst_fifo_gen/gconvfifo.rf/grf.rf/gntv_or_sync_fifo.gl0.rd/gras.rsts/ram_empty_i, pynqz2_i/dtpu/axis_accelerator_ada/U0/XD_ADAPTER_CORE_I/XD_SYNC_I/COMMAND_FIFO_NEW/FIF_DMG_INST/inst_fifo_gen/gconvfifo.rf/grf.rf/gntv_or_sync_fifo.gl0.rd/gras.rsts/ram_empty_i, pynqz2_i/dtpu/axis_accelerator_ada/U0/XD_ADAPTER_CORE_I/XD_SYNC_I/COMMAND_FIFO_NEW/FIF_DMG_INST/inst_fifo_gen/gconvfifo.rf/grf.rf/gntv_or_sync_fifo.gl0.wr/gwas.wsts/ram_full_i, pynqz2_i/dtpu/axis_accelerator_ada/U0/XD_ADAPTER_CORE_I/XD_INPUT_ARGS_I/IARGS_GEN.INPUT_ARGS_GEN[2].S2S_GEN.IARG_AP_S2S_I/SAME_WIDTH_GEN.FIFO_I/NEW_INTRO.BRAM_MEM_GEN.FIF_BMG_INST/inst_fifo_gen/gconvfifo.rf/grf.rf/gntv_or_sync_fifo.gl0.rd/gr1.gr1_int.rfwft/user_valid, pynqz2_i/dtpu/axis_accelerator_ada/U0/XD_ADAPTER_CORE_I/XD_OUTPUT_ARGS_I/OARGS_GEN.OUTPUT_ARGS_GEN[0].S2S_GEN.OARG_S2S_I/SAME_WIDTH_GEN.FIFO_I/NEW_INTRO.BRAM_MEM_GEN.FIF_BMG_INST/inst_fifo_gen/gconvfifo.rf/grf.rf/gntv_or_sync_fifo.gl0.rd/gr1.gr1_int.rfwft/user_valid, pynqz2_i/dtpu/axis_accelerator_ada/U0/XD_ADAPTER_CORE_I/XD_SYNC_I/COMMAND_FIFO_NEW/FIF_DMG_INST/inst_fifo_gen/gconvfifo.rf/grf.rf/gntv_or_sync_fifo.gl0.rd/gr1.gr1_int.rfwft/user_valid.
Related violations: <none>

AVAL-4#1 Advisory
enum_USE_DPORT_FALSE_enum_DREG_ADREG_0_connects_CED_CEAD_RSTD_GND  
pynqz2_i/dtpu/dtpu_core/inst/engine/kernel/rows[0].columns[1].mac_i_j/mac/U0/i_synth/device_supports_dsp.use_multadd_dsp/dsp48_multadd.multadd_usecase_inst/i_synth_option.i_synth_model/opt_vx7.i_uniwrap/i_primitive: DSP48E1 is not using the D port (USE_DPORT = FALSE). For improved power characteristics, set DREG and ADREG to '1', tie CED, CEAD, and RSTD to logic '0'.
Related violations: <none>

AVAL-4#2 Advisory
enum_USE_DPORT_FALSE_enum_DREG_ADREG_0_connects_CED_CEAD_RSTD_GND  
pynqz2_i/dtpu/dtpu_core/inst/engine/kernel/rows[0].columns[2].mac_i_j/mac/U0/i_synth/device_supports_dsp.use_multadd_dsp/dsp48_multadd.multadd_usecase_inst/i_synth_option.i_synth_model/opt_vx7.i_uniwrap/i_primitive: DSP48E1 is not using the D port (USE_DPORT = FALSE). For improved power characteristics, set DREG and ADREG to '1', tie CED, CEAD, and RSTD to logic '0'.
Related violations: <none>

AVAL-4#3 Advisory
enum_USE_DPORT_FALSE_enum_DREG_ADREG_0_connects_CED_CEAD_RSTD_GND  
pynqz2_i/dtpu/dtpu_core/inst/engine/kernel/rows[0].columns[3].mac_i_j/mac/U0/i_synth/device_supports_dsp.use_multadd_dsp/dsp48_multadd.multadd_usecase_inst/i_synth_option.i_synth_model/opt_vx7.i_uniwrap/i_primitive: DSP48E1 is not using the D port (USE_DPORT = FALSE). For improved power characteristics, set DREG and ADREG to '1', tie CED, CEAD, and RSTD to logic '0'.
Related violations: <none>

AVAL-4#4 Advisory
enum_USE_DPORT_FALSE_enum_DREG_ADREG_0_connects_CED_CEAD_RSTD_GND  
pynqz2_i/dtpu/dtpu_core/inst/engine/kernel/rows[0].columns[4].mac_i_j/mac/U0/i_synth/device_supports_dsp.use_multadd_dsp/dsp48_multadd.multadd_usecase_inst/i_synth_option.i_synth_model/opt_vx7.i_uniwrap/i_primitive: DSP48E1 is not using the D port (USE_DPORT = FALSE). For improved power characteristics, set DREG and ADREG to '1', tie CED, CEAD, and RSTD to logic '0'.
Related violations: <none>

AVAL-4#5 Advisory
enum_USE_DPORT_FALSE_enum_DREG_ADREG_0_connects_CED_CEAD_RSTD_GND  
pynqz2_i/dtpu/dtpu_core/inst/engine/kernel/rows[0].columns[5].mac_i_j/mac/U0/i_synth/device_supports_dsp.use_multadd_dsp/dsp48_multadd.multadd_usecase_inst/i_synth_option.i_synth_model/opt_vx7.i_uniwrap/i_primitive: DSP48E1 is not using the D port (USE_DPORT = FALSE). For improved power characteristics, set DREG and ADREG to '1', tie CED, CEAD, and RSTD to logic '0'.
Related violations: <none>

AVAL-4#6 Advisory
enum_USE_DPORT_FALSE_enum_DREG_ADREG_0_connects_CED_CEAD_RSTD_GND  
pynqz2_i/dtpu/dtpu_core/inst/engine/kernel/rows[0].columns[6].mac_i_j/mac/U0/i_synth/device_supports_dsp.use_multadd_dsp/dsp48_multadd.multadd_usecase_inst/i_synth_option.i_synth_model/opt_vx7.i_uniwrap/i_primitive: DSP48E1 is not using the D port (USE_DPORT = FALSE). For improved power characteristics, set DREG and ADREG to '1', tie CED, CEAD, and RSTD to logic '0'.
Related violations: <none>

AVAL-4#7 Advisory
enum_USE_DPORT_FALSE_enum_DREG_ADREG_0_connects_CED_CEAD_RSTD_GND  
pynqz2_i/dtpu/dtpu_core/inst/engine/kernel/rows[0].columns[7].mac_i_j/mac/U0/i_synth/device_supports_dsp.use_multadd_dsp/dsp48_multadd.multadd_usecase_inst/i_synth_option.i_synth_model/opt_vx7.i_uniwrap/i_primitive: DSP48E1 is not using the D port (USE_DPORT = FALSE). For improved power characteristics, set DREG and ADREG to '1', tie CED, CEAD, and RSTD to logic '0'.
Related violations: <none>

AVAL-4#8 Advisory
enum_USE_DPORT_FALSE_enum_DREG_ADREG_0_connects_CED_CEAD_RSTD_GND  
pynqz2_i/dtpu/dtpu_core/inst/engine/kernel/rows[1].columns[1].mac_i_j/mac/U0/i_synth/device_supports_dsp.use_multadd_dsp/dsp48_multadd.multadd_usecase_inst/i_synth_option.i_synth_model/opt_vx7.i_uniwrap/i_primitive: DSP48E1 is not using the D port (USE_DPORT = FALSE). For improved power characteristics, set DREG and ADREG to '1', tie CED, CEAD, and RSTD to logic '0'.
Related violations: <none>

AVAL-4#9 Advisory
enum_USE_DPORT_FALSE_enum_DREG_ADREG_0_connects_CED_CEAD_RSTD_GND  
pynqz2_i/dtpu/dtpu_core/inst/engine/kernel/rows[1].columns[2].mac_i_j/mac/U0/i_synth/device_supports_dsp.use_multadd_dsp/dsp48_multadd.multadd_usecase_inst/i_synth_option.i_synth_model/opt_vx7.i_uniwrap/i_primitive: DSP48E1 is not using the D port (USE_DPORT = FALSE). For improved power characteristics, set DREG and ADREG to '1', tie CED, CEAD, and RSTD to logic '0'.
Related violations: <none>

AVAL-4#10 Advisory
enum_USE_DPORT_FALSE_enum_DREG_ADREG_0_connects_CED_CEAD_RSTD_GND  
pynqz2_i/dtpu/dtpu_core/inst/engine/kernel/rows[1].columns[3].mac_i_j/mac/U0/i_synth/device_supports_dsp.use_multadd_dsp/dsp48_multadd.multadd_usecase_inst/i_synth_option.i_synth_model/opt_vx7.i_uniwrap/i_primitive: DSP48E1 is not using the D port (USE_DPORT = FALSE). For improved power characteristics, set DREG and ADREG to '1', tie CED, CEAD, and RSTD to logic '0'.
Related violations: <none>

AVAL-4#11 Advisory
enum_USE_DPORT_FALSE_enum_DREG_ADREG_0_connects_CED_CEAD_RSTD_GND  
pynqz2_i/dtpu/dtpu_core/inst/engine/kernel/rows[1].columns[4].mac_i_j/mac/U0/i_synth/device_supports_dsp.use_multadd_dsp/dsp48_multadd.multadd_usecase_inst/i_synth_option.i_synth_model/opt_vx7.i_uniwrap/i_primitive: DSP48E1 is not using the D port (USE_DPORT = FALSE). For improved power characteristics, set DREG and ADREG to '1', tie CED, CEAD, and RSTD to logic '0'.
Related violations: <none>

AVAL-4#12 Advisory
enum_USE_DPORT_FALSE_enum_DREG_ADREG_0_connects_CED_CEAD_RSTD_GND  
pynqz2_i/dtpu/dtpu_core/inst/engine/kernel/rows[1].columns[5].mac_i_j/mac/U0/i_synth/device_supports_dsp.use_multadd_dsp/dsp48_multadd.multadd_usecase_inst/i_synth_option.i_synth_model/opt_vx7.i_uniwrap/i_primitive: DSP48E1 is not using the D port (USE_DPORT = FALSE). For improved power characteristics, set DREG and ADREG to '1', tie CED, CEAD, and RSTD to logic '0'.
Related violations: <none>

AVAL-4#13 Advisory
enum_USE_DPORT_FALSE_enum_DREG_ADREG_0_connects_CED_CEAD_RSTD_GND  
pynqz2_i/dtpu/dtpu_core/inst/engine/kernel/rows[1].columns[6].mac_i_j/mac/U0/i_synth/device_supports_dsp.use_multadd_dsp/dsp48_multadd.multadd_usecase_inst/i_synth_option.i_synth_model/opt_vx7.i_uniwrap/i_primitive: DSP48E1 is not using the D port (USE_DPORT = FALSE). For improved power characteristics, set DREG and ADREG to '1', tie CED, CEAD, and RSTD to logic '0'.
Related violations: <none>

AVAL-4#14 Advisory
enum_USE_DPORT_FALSE_enum_DREG_ADREG_0_connects_CED_CEAD_RSTD_GND  
pynqz2_i/dtpu/dtpu_core/inst/engine/kernel/rows[1].columns[7].mac_i_j/mac/U0/i_synth/device_supports_dsp.use_multadd_dsp/dsp48_multadd.multadd_usecase_inst/i_synth_option.i_synth_model/opt_vx7.i_uniwrap/i_primitive: DSP48E1 is not using the D port (USE_DPORT = FALSE). For improved power characteristics, set DREG and ADREG to '1', tie CED, CEAD, and RSTD to logic '0'.
Related violations: <none>

AVAL-4#15 Advisory
enum_USE_DPORT_FALSE_enum_DREG_ADREG_0_connects_CED_CEAD_RSTD_GND  
pynqz2_i/dtpu/dtpu_core/inst/engine/kernel/rows[2].columns[1].mac_i_j/mac/U0/i_synth/device_supports_dsp.use_multadd_dsp/dsp48_multadd.multadd_usecase_inst/i_synth_option.i_synth_model/opt_vx7.i_uniwrap/i_primitive: DSP48E1 is not using the D port (USE_DPORT = FALSE). For improved power characteristics, set DREG and ADREG to '1', tie CED, CEAD, and RSTD to logic '0'.
Related violations: <none>

AVAL-4#16 Advisory
enum_USE_DPORT_FALSE_enum_DREG_ADREG_0_connects_CED_CEAD_RSTD_GND  
pynqz2_i/dtpu/dtpu_core/inst/engine/kernel/rows[2].columns[2].mac_i_j/mac/U0/i_synth/device_supports_dsp.use_multadd_dsp/dsp48_multadd.multadd_usecase_inst/i_synth_option.i_synth_model/opt_vx7.i_uniwrap/i_primitive: DSP48E1 is not using the D port (USE_DPORT = FALSE). For improved power characteristics, set DREG and ADREG to '1', tie CED, CEAD, and RSTD to logic '0'.
Related violations: <none>

AVAL-4#17 Advisory
enum_USE_DPORT_FALSE_enum_DREG_ADREG_0_connects_CED_CEAD_RSTD_GND  
pynqz2_i/dtpu/dtpu_core/inst/engine/kernel/rows[2].columns[3].mac_i_j/mac/U0/i_synth/device_supports_dsp.use_multadd_dsp/dsp48_multadd.multadd_usecase_inst/i_synth_option.i_synth_model/opt_vx7.i_uniwrap/i_primitive: DSP48E1 is not using the D port (USE_DPORT = FALSE). For improved power characteristics, set DREG and ADREG to '1', tie CED, CEAD, and RSTD to logic '0'.
Related violations: <none>

AVAL-4#18 Advisory
enum_USE_DPORT_FALSE_enum_DREG_ADREG_0_connects_CED_CEAD_RSTD_GND  
pynqz2_i/dtpu/dtpu_core/inst/engine/kernel/rows[2].columns[4].mac_i_j/mac/U0/i_synth/device_supports_dsp.use_multadd_dsp/dsp48_multadd.multadd_usecase_inst/i_synth_option.i_synth_model/opt_vx7.i_uniwrap/i_primitive: DSP48E1 is not using the D port (USE_DPORT = FALSE). For improved power characteristics, set DREG and ADREG to '1', tie CED, CEAD, and RSTD to logic '0'.
Related violations: <none>

AVAL-4#19 Advisory
enum_USE_DPORT_FALSE_enum_DREG_ADREG_0_connects_CED_CEAD_RSTD_GND  
pynqz2_i/dtpu/dtpu_core/inst/engine/kernel/rows[2].columns[5].mac_i_j/mac/U0/i_synth/device_supports_dsp.use_multadd_dsp/dsp48_multadd.multadd_usecase_inst/i_synth_option.i_synth_model/opt_vx7.i_uniwrap/i_primitive: DSP48E1 is not using the D port (USE_DPORT = FALSE). For improved power characteristics, set DREG and ADREG to '1', tie CED, CEAD, and RSTD to logic '0'.
Related violations: <none>

AVAL-4#20 Advisory
enum_USE_DPORT_FALSE_enum_DREG_ADREG_0_connects_CED_CEAD_RSTD_GND  
pynqz2_i/dtpu/dtpu_core/inst/engine/kernel/rows[2].columns[6].mac_i_j/mac/U0/i_synth/device_supports_dsp.use_multadd_dsp/dsp48_multadd.multadd_usecase_inst/i_synth_option.i_synth_model/opt_vx7.i_uniwrap/i_primitive: DSP48E1 is not using the D port (USE_DPORT = FALSE). For improved power characteristics, set DREG and ADREG to '1', tie CED, CEAD, and RSTD to logic '0'.
Related violations: <none>

AVAL-4#21 Advisory
enum_USE_DPORT_FALSE_enum_DREG_ADREG_0_connects_CED_CEAD_RSTD_GND  
pynqz2_i/dtpu/dtpu_core/inst/engine/kernel/rows[2].columns[7].mac_i_j/mac/U0/i_synth/device_supports_dsp.use_multadd_dsp/dsp48_multadd.multadd_usecase_inst/i_synth_option.i_synth_model/opt_vx7.i_uniwrap/i_primitive: DSP48E1 is not using the D port (USE_DPORT = FALSE). For improved power characteristics, set DREG and ADREG to '1', tie CED, CEAD, and RSTD to logic '0'.
Related violations: <none>

AVAL-4#22 Advisory
enum_USE_DPORT_FALSE_enum_DREG_ADREG_0_connects_CED_CEAD_RSTD_GND  
pynqz2_i/dtpu/dtpu_core/inst/engine/kernel/rows[3].columns[1].mac_i_j/mac/U0/i_synth/device_supports_dsp.use_multadd_dsp/dsp48_multadd.multadd_usecase_inst/i_synth_option.i_synth_model/opt_vx7.i_uniwrap/i_primitive: DSP48E1 is not using the D port (USE_DPORT = FALSE). For improved power characteristics, set DREG and ADREG to '1', tie CED, CEAD, and RSTD to logic '0'.
Related violations: <none>

AVAL-4#23 Advisory
enum_USE_DPORT_FALSE_enum_DREG_ADREG_0_connects_CED_CEAD_RSTD_GND  
pynqz2_i/dtpu/dtpu_core/inst/engine/kernel/rows[3].columns[2].mac_i_j/mac/U0/i_synth/device_supports_dsp.use_multadd_dsp/dsp48_multadd.multadd_usecase_inst/i_synth_option.i_synth_model/opt_vx7.i_uniwrap/i_primitive: DSP48E1 is not using the D port (USE_DPORT = FALSE). For improved power characteristics, set DREG and ADREG to '1', tie CED, CEAD, and RSTD to logic '0'.
Related violations: <none>

AVAL-4#24 Advisory
enum_USE_DPORT_FALSE_enum_DREG_ADREG_0_connects_CED_CEAD_RSTD_GND  
pynqz2_i/dtpu/dtpu_core/inst/engine/kernel/rows[3].columns[3].mac_i_j/mac/U0/i_synth/device_supports_dsp.use_multadd_dsp/dsp48_multadd.multadd_usecase_inst/i_synth_option.i_synth_model/opt_vx7.i_uniwrap/i_primitive: DSP48E1 is not using the D port (USE_DPORT = FALSE). For improved power characteristics, set DREG and ADREG to '1', tie CED, CEAD, and RSTD to logic '0'.
Related violations: <none>

AVAL-4#25 Advisory
enum_USE_DPORT_FALSE_enum_DREG_ADREG_0_connects_CED_CEAD_RSTD_GND  
pynqz2_i/dtpu/dtpu_core/inst/engine/kernel/rows[3].columns[4].mac_i_j/mac/U0/i_synth/device_supports_dsp.use_multadd_dsp/dsp48_multadd.multadd_usecase_inst/i_synth_option.i_synth_model/opt_vx7.i_uniwrap/i_primitive: DSP48E1 is not using the D port (USE_DPORT = FALSE). For improved power characteristics, set DREG and ADREG to '1', tie CED, CEAD, and RSTD to logic '0'.
Related violations: <none>

AVAL-4#26 Advisory
enum_USE_DPORT_FALSE_enum_DREG_ADREG_0_connects_CED_CEAD_RSTD_GND  
pynqz2_i/dtpu/dtpu_core/inst/engine/kernel/rows[3].columns[5].mac_i_j/mac/U0/i_synth/device_supports_dsp.use_multadd_dsp/dsp48_multadd.multadd_usecase_inst/i_synth_option.i_synth_model/opt_vx7.i_uniwrap/i_primitive: DSP48E1 is not using the D port (USE_DPORT = FALSE). For improved power characteristics, set DREG and ADREG to '1', tie CED, CEAD, and RSTD to logic '0'.
Related violations: <none>

AVAL-4#27 Advisory
enum_USE_DPORT_FALSE_enum_DREG_ADREG_0_connects_CED_CEAD_RSTD_GND  
pynqz2_i/dtpu/dtpu_core/inst/engine/kernel/rows[3].columns[6].mac_i_j/mac/U0/i_synth/device_supports_dsp.use_multadd_dsp/dsp48_multadd.multadd_usecase_inst/i_synth_option.i_synth_model/opt_vx7.i_uniwrap/i_primitive: DSP48E1 is not using the D port (USE_DPORT = FALSE). For improved power characteristics, set DREG and ADREG to '1', tie CED, CEAD, and RSTD to logic '0'.
Related violations: <none>

AVAL-4#28 Advisory
enum_USE_DPORT_FALSE_enum_DREG_ADREG_0_connects_CED_CEAD_RSTD_GND  
pynqz2_i/dtpu/dtpu_core/inst/engine/kernel/rows[3].columns[7].mac_i_j/mac/U0/i_synth/device_supports_dsp.use_multadd_dsp/dsp48_multadd.multadd_usecase_inst/i_synth_option.i_synth_model/opt_vx7.i_uniwrap/i_primitive: DSP48E1 is not using the D port (USE_DPORT = FALSE). For improved power characteristics, set DREG and ADREG to '1', tie CED, CEAD, and RSTD to logic '0'.
Related violations: <none>

AVAL-4#29 Advisory
enum_USE_DPORT_FALSE_enum_DREG_ADREG_0_connects_CED_CEAD_RSTD_GND  
pynqz2_i/dtpu/dtpu_core/inst/engine/kernel/rows[4].columns[1].mac_i_j/mac/U0/i_synth/device_supports_dsp.use_multadd_dsp/dsp48_multadd.multadd_usecase_inst/i_synth_option.i_synth_model/opt_vx7.i_uniwrap/i_primitive: DSP48E1 is not using the D port (USE_DPORT = FALSE). For improved power characteristics, set DREG and ADREG to '1', tie CED, CEAD, and RSTD to logic '0'.
Related violations: <none>

AVAL-4#30 Advisory
enum_USE_DPORT_FALSE_enum_DREG_ADREG_0_connects_CED_CEAD_RSTD_GND  
pynqz2_i/dtpu/dtpu_core/inst/engine/kernel/rows[4].columns[2].mac_i_j/mac/U0/i_synth/device_supports_dsp.use_multadd_dsp/dsp48_multadd.multadd_usecase_inst/i_synth_option.i_synth_model/opt_vx7.i_uniwrap/i_primitive: DSP48E1 is not using the D port (USE_DPORT = FALSE). For improved power characteristics, set DREG and ADREG to '1', tie CED, CEAD, and RSTD to logic '0'.
Related violations: <none>

AVAL-4#31 Advisory
enum_USE_DPORT_FALSE_enum_DREG_ADREG_0_connects_CED_CEAD_RSTD_GND  
pynqz2_i/dtpu/dtpu_core/inst/engine/kernel/rows[4].columns[3].mac_i_j/mac/U0/i_synth/device_supports_dsp.use_multadd_dsp/dsp48_multadd.multadd_usecase_inst/i_synth_option.i_synth_model/opt_vx7.i_uniwrap/i_primitive: DSP48E1 is not using the D port (USE_DPORT = FALSE). For improved power characteristics, set DREG and ADREG to '1', tie CED, CEAD, and RSTD to logic '0'.
Related violations: <none>

AVAL-4#32 Advisory
enum_USE_DPORT_FALSE_enum_DREG_ADREG_0_connects_CED_CEAD_RSTD_GND  
pynqz2_i/dtpu/dtpu_core/inst/engine/kernel/rows[4].columns[4].mac_i_j/mac/U0/i_synth/device_supports_dsp.use_multadd_dsp/dsp48_multadd.multadd_usecase_inst/i_synth_option.i_synth_model/opt_vx7.i_uniwrap/i_primitive: DSP48E1 is not using the D port (USE_DPORT = FALSE). For improved power characteristics, set DREG and ADREG to '1', tie CED, CEAD, and RSTD to logic '0'.
Related violations: <none>

AVAL-4#33 Advisory
enum_USE_DPORT_FALSE_enum_DREG_ADREG_0_connects_CED_CEAD_RSTD_GND  
pynqz2_i/dtpu/dtpu_core/inst/engine/kernel/rows[4].columns[5].mac_i_j/mac/U0/i_synth/device_supports_dsp.use_multadd_dsp/dsp48_multadd.multadd_usecase_inst/i_synth_option.i_synth_model/opt_vx7.i_uniwrap/i_primitive: DSP48E1 is not using the D port (USE_DPORT = FALSE). For improved power characteristics, set DREG and ADREG to '1', tie CED, CEAD, and RSTD to logic '0'.
Related violations: <none>

AVAL-4#34 Advisory
enum_USE_DPORT_FALSE_enum_DREG_ADREG_0_connects_CED_CEAD_RSTD_GND  
pynqz2_i/dtpu/dtpu_core/inst/engine/kernel/rows[4].columns[6].mac_i_j/mac/U0/i_synth/device_supports_dsp.use_multadd_dsp/dsp48_multadd.multadd_usecase_inst/i_synth_option.i_synth_model/opt_vx7.i_uniwrap/i_primitive: DSP48E1 is not using the D port (USE_DPORT = FALSE). For improved power characteristics, set DREG and ADREG to '1', tie CED, CEAD, and RSTD to logic '0'.
Related violations: <none>

AVAL-4#35 Advisory
enum_USE_DPORT_FALSE_enum_DREG_ADREG_0_connects_CED_CEAD_RSTD_GND  
pynqz2_i/dtpu/dtpu_core/inst/engine/kernel/rows[4].columns[7].mac_i_j/mac/U0/i_synth/device_supports_dsp.use_multadd_dsp/dsp48_multadd.multadd_usecase_inst/i_synth_option.i_synth_model/opt_vx7.i_uniwrap/i_primitive: DSP48E1 is not using the D port (USE_DPORT = FALSE). For improved power characteristics, set DREG and ADREG to '1', tie CED, CEAD, and RSTD to logic '0'.
Related violations: <none>

AVAL-4#36 Advisory
enum_USE_DPORT_FALSE_enum_DREG_ADREG_0_connects_CED_CEAD_RSTD_GND  
pynqz2_i/dtpu/dtpu_core/inst/engine/kernel/rows[5].columns[1].mac_i_j/mac/U0/i_synth/device_supports_dsp.use_multadd_dsp/dsp48_multadd.multadd_usecase_inst/i_synth_option.i_synth_model/opt_vx7.i_uniwrap/i_primitive: DSP48E1 is not using the D port (USE_DPORT = FALSE). For improved power characteristics, set DREG and ADREG to '1', tie CED, CEAD, and RSTD to logic '0'.
Related violations: <none>

AVAL-4#37 Advisory
enum_USE_DPORT_FALSE_enum_DREG_ADREG_0_connects_CED_CEAD_RSTD_GND  
pynqz2_i/dtpu/dtpu_core/inst/engine/kernel/rows[5].columns[2].mac_i_j/mac/U0/i_synth/device_supports_dsp.use_multadd_dsp/dsp48_multadd.multadd_usecase_inst/i_synth_option.i_synth_model/opt_vx7.i_uniwrap/i_primitive: DSP48E1 is not using the D port (USE_DPORT = FALSE). For improved power characteristics, set DREG and ADREG to '1', tie CED, CEAD, and RSTD to logic '0'.
Related violations: <none>

AVAL-4#38 Advisory
enum_USE_DPORT_FALSE_enum_DREG_ADREG_0_connects_CED_CEAD_RSTD_GND  
pynqz2_i/dtpu/dtpu_core/inst/engine/kernel/rows[5].columns[3].mac_i_j/mac/U0/i_synth/device_supports_dsp.use_multadd_dsp/dsp48_multadd.multadd_usecase_inst/i_synth_option.i_synth_model/opt_vx7.i_uniwrap/i_primitive: DSP48E1 is not using the D port (USE_DPORT = FALSE). For improved power characteristics, set DREG and ADREG to '1', tie CED, CEAD, and RSTD to logic '0'.
Related violations: <none>

AVAL-4#39 Advisory
enum_USE_DPORT_FALSE_enum_DREG_ADREG_0_connects_CED_CEAD_RSTD_GND  
pynqz2_i/dtpu/dtpu_core/inst/engine/kernel/rows[5].columns[4].mac_i_j/mac/U0/i_synth/device_supports_dsp.use_multadd_dsp/dsp48_multadd.multadd_usecase_inst/i_synth_option.i_synth_model/opt_vx7.i_uniwrap/i_primitive: DSP48E1 is not using the D port (USE_DPORT = FALSE). For improved power characteristics, set DREG and ADREG to '1', tie CED, CEAD, and RSTD to logic '0'.
Related violations: <none>

AVAL-4#40 Advisory
enum_USE_DPORT_FALSE_enum_DREG_ADREG_0_connects_CED_CEAD_RSTD_GND  
pynqz2_i/dtpu/dtpu_core/inst/engine/kernel/rows[5].columns[5].mac_i_j/mac/U0/i_synth/device_supports_dsp.use_multadd_dsp/dsp48_multadd.multadd_usecase_inst/i_synth_option.i_synth_model/opt_vx7.i_uniwrap/i_primitive: DSP48E1 is not using the D port (USE_DPORT = FALSE). For improved power characteristics, set DREG and ADREG to '1', tie CED, CEAD, and RSTD to logic '0'.
Related violations: <none>

AVAL-4#41 Advisory
enum_USE_DPORT_FALSE_enum_DREG_ADREG_0_connects_CED_CEAD_RSTD_GND  
pynqz2_i/dtpu/dtpu_core/inst/engine/kernel/rows[5].columns[6].mac_i_j/mac/U0/i_synth/device_supports_dsp.use_multadd_dsp/dsp48_multadd.multadd_usecase_inst/i_synth_option.i_synth_model/opt_vx7.i_uniwrap/i_primitive: DSP48E1 is not using the D port (USE_DPORT = FALSE). For improved power characteristics, set DREG and ADREG to '1', tie CED, CEAD, and RSTD to logic '0'.
Related violations: <none>

AVAL-4#42 Advisory
enum_USE_DPORT_FALSE_enum_DREG_ADREG_0_connects_CED_CEAD_RSTD_GND  
pynqz2_i/dtpu/dtpu_core/inst/engine/kernel/rows[5].columns[7].mac_i_j/mac/U0/i_synth/device_supports_dsp.use_multadd_dsp/dsp48_multadd.multadd_usecase_inst/i_synth_option.i_synth_model/opt_vx7.i_uniwrap/i_primitive: DSP48E1 is not using the D port (USE_DPORT = FALSE). For improved power characteristics, set DREG and ADREG to '1', tie CED, CEAD, and RSTD to logic '0'.
Related violations: <none>

AVAL-4#43 Advisory
enum_USE_DPORT_FALSE_enum_DREG_ADREG_0_connects_CED_CEAD_RSTD_GND  
pynqz2_i/dtpu/dtpu_core/inst/engine/kernel/rows[6].columns[1].mac_i_j/mac/U0/i_synth/device_supports_dsp.use_multadd_dsp/dsp48_multadd.multadd_usecase_inst/i_synth_option.i_synth_model/opt_vx7.i_uniwrap/i_primitive: DSP48E1 is not using the D port (USE_DPORT = FALSE). For improved power characteristics, set DREG and ADREG to '1', tie CED, CEAD, and RSTD to logic '0'.
Related violations: <none>

AVAL-4#44 Advisory
enum_USE_DPORT_FALSE_enum_DREG_ADREG_0_connects_CED_CEAD_RSTD_GND  
pynqz2_i/dtpu/dtpu_core/inst/engine/kernel/rows[6].columns[2].mac_i_j/mac/U0/i_synth/device_supports_dsp.use_multadd_dsp/dsp48_multadd.multadd_usecase_inst/i_synth_option.i_synth_model/opt_vx7.i_uniwrap/i_primitive: DSP48E1 is not using the D port (USE_DPORT = FALSE). For improved power characteristics, set DREG and ADREG to '1', tie CED, CEAD, and RSTD to logic '0'.
Related violations: <none>

AVAL-4#45 Advisory
enum_USE_DPORT_FALSE_enum_DREG_ADREG_0_connects_CED_CEAD_RSTD_GND  
pynqz2_i/dtpu/dtpu_core/inst/engine/kernel/rows[6].columns[3].mac_i_j/mac/U0/i_synth/device_supports_dsp.use_multadd_dsp/dsp48_multadd.multadd_usecase_inst/i_synth_option.i_synth_model/opt_vx7.i_uniwrap/i_primitive: DSP48E1 is not using the D port (USE_DPORT = FALSE). For improved power characteristics, set DREG and ADREG to '1', tie CED, CEAD, and RSTD to logic '0'.
Related violations: <none>

AVAL-4#46 Advisory
enum_USE_DPORT_FALSE_enum_DREG_ADREG_0_connects_CED_CEAD_RSTD_GND  
pynqz2_i/dtpu/dtpu_core/inst/engine/kernel/rows[6].columns[4].mac_i_j/mac/U0/i_synth/device_supports_dsp.use_multadd_dsp/dsp48_multadd.multadd_usecase_inst/i_synth_option.i_synth_model/opt_vx7.i_uniwrap/i_primitive: DSP48E1 is not using the D port (USE_DPORT = FALSE). For improved power characteristics, set DREG and ADREG to '1', tie CED, CEAD, and RSTD to logic '0'.
Related violations: <none>

AVAL-4#47 Advisory
enum_USE_DPORT_FALSE_enum_DREG_ADREG_0_connects_CED_CEAD_RSTD_GND  
pynqz2_i/dtpu/dtpu_core/inst/engine/kernel/rows[6].columns[5].mac_i_j/mac/U0/i_synth/device_supports_dsp.use_multadd_dsp/dsp48_multadd.multadd_usecase_inst/i_synth_option.i_synth_model/opt_vx7.i_uniwrap/i_primitive: DSP48E1 is not using the D port (USE_DPORT = FALSE). For improved power characteristics, set DREG and ADREG to '1', tie CED, CEAD, and RSTD to logic '0'.
Related violations: <none>

AVAL-4#48 Advisory
enum_USE_DPORT_FALSE_enum_DREG_ADREG_0_connects_CED_CEAD_RSTD_GND  
pynqz2_i/dtpu/dtpu_core/inst/engine/kernel/rows[6].columns[6].mac_i_j/mac/U0/i_synth/device_supports_dsp.use_multadd_dsp/dsp48_multadd.multadd_usecase_inst/i_synth_option.i_synth_model/opt_vx7.i_uniwrap/i_primitive: DSP48E1 is not using the D port (USE_DPORT = FALSE). For improved power characteristics, set DREG and ADREG to '1', tie CED, CEAD, and RSTD to logic '0'.
Related violations: <none>

AVAL-4#49 Advisory
enum_USE_DPORT_FALSE_enum_DREG_ADREG_0_connects_CED_CEAD_RSTD_GND  
pynqz2_i/dtpu/dtpu_core/inst/engine/kernel/rows[6].columns[7].mac_i_j/mac/U0/i_synth/device_supports_dsp.use_multadd_dsp/dsp48_multadd.multadd_usecase_inst/i_synth_option.i_synth_model/opt_vx7.i_uniwrap/i_primitive: DSP48E1 is not using the D port (USE_DPORT = FALSE). For improved power characteristics, set DREG and ADREG to '1', tie CED, CEAD, and RSTD to logic '0'.
Related violations: <none>

AVAL-4#50 Advisory
enum_USE_DPORT_FALSE_enum_DREG_ADREG_0_connects_CED_CEAD_RSTD_GND  
pynqz2_i/dtpu/dtpu_core/inst/engine/kernel/rows[7].columns[1].mac_i_j/mac/U0/i_synth/device_supports_dsp.use_multadd_dsp/dsp48_multadd.multadd_usecase_inst/i_synth_option.i_synth_model/opt_vx7.i_uniwrap/i_primitive: DSP48E1 is not using the D port (USE_DPORT = FALSE). For improved power characteristics, set DREG and ADREG to '1', tie CED, CEAD, and RSTD to logic '0'.
Related violations: <none>

AVAL-4#51 Advisory
enum_USE_DPORT_FALSE_enum_DREG_ADREG_0_connects_CED_CEAD_RSTD_GND  
pynqz2_i/dtpu/dtpu_core/inst/engine/kernel/rows[7].columns[2].mac_i_j/mac/U0/i_synth/device_supports_dsp.use_multadd_dsp/dsp48_multadd.multadd_usecase_inst/i_synth_option.i_synth_model/opt_vx7.i_uniwrap/i_primitive: DSP48E1 is not using the D port (USE_DPORT = FALSE). For improved power characteristics, set DREG and ADREG to '1', tie CED, CEAD, and RSTD to logic '0'.
Related violations: <none>

AVAL-4#52 Advisory
enum_USE_DPORT_FALSE_enum_DREG_ADREG_0_connects_CED_CEAD_RSTD_GND  
pynqz2_i/dtpu/dtpu_core/inst/engine/kernel/rows[7].columns[3].mac_i_j/mac/U0/i_synth/device_supports_dsp.use_multadd_dsp/dsp48_multadd.multadd_usecase_inst/i_synth_option.i_synth_model/opt_vx7.i_uniwrap/i_primitive: DSP48E1 is not using the D port (USE_DPORT = FALSE). For improved power characteristics, set DREG and ADREG to '1', tie CED, CEAD, and RSTD to logic '0'.
Related violations: <none>

AVAL-4#53 Advisory
enum_USE_DPORT_FALSE_enum_DREG_ADREG_0_connects_CED_CEAD_RSTD_GND  
pynqz2_i/dtpu/dtpu_core/inst/engine/kernel/rows[7].columns[4].mac_i_j/mac/U0/i_synth/device_supports_dsp.use_multadd_dsp/dsp48_multadd.multadd_usecase_inst/i_synth_option.i_synth_model/opt_vx7.i_uniwrap/i_primitive: DSP48E1 is not using the D port (USE_DPORT = FALSE). For improved power characteristics, set DREG and ADREG to '1', tie CED, CEAD, and RSTD to logic '0'.
Related violations: <none>

AVAL-4#54 Advisory
enum_USE_DPORT_FALSE_enum_DREG_ADREG_0_connects_CED_CEAD_RSTD_GND  
pynqz2_i/dtpu/dtpu_core/inst/engine/kernel/rows[7].columns[5].mac_i_j/mac/U0/i_synth/device_supports_dsp.use_multadd_dsp/dsp48_multadd.multadd_usecase_inst/i_synth_option.i_synth_model/opt_vx7.i_uniwrap/i_primitive: DSP48E1 is not using the D port (USE_DPORT = FALSE). For improved power characteristics, set DREG and ADREG to '1', tie CED, CEAD, and RSTD to logic '0'.
Related violations: <none>

AVAL-4#55 Advisory
enum_USE_DPORT_FALSE_enum_DREG_ADREG_0_connects_CED_CEAD_RSTD_GND  
pynqz2_i/dtpu/dtpu_core/inst/engine/kernel/rows[7].columns[6].mac_i_j/mac/U0/i_synth/device_supports_dsp.use_multadd_dsp/dsp48_multadd.multadd_usecase_inst/i_synth_option.i_synth_model/opt_vx7.i_uniwrap/i_primitive: DSP48E1 is not using the D port (USE_DPORT = FALSE). For improved power characteristics, set DREG and ADREG to '1', tie CED, CEAD, and RSTD to logic '0'.
Related violations: <none>

AVAL-4#56 Advisory
enum_USE_DPORT_FALSE_enum_DREG_ADREG_0_connects_CED_CEAD_RSTD_GND  
pynqz2_i/dtpu/dtpu_core/inst/engine/kernel/rows[7].columns[7].mac_i_j/mac/U0/i_synth/device_supports_dsp.use_multadd_dsp/dsp48_multadd.multadd_usecase_inst/i_synth_option.i_synth_model/opt_vx7.i_uniwrap/i_primitive: DSP48E1 is not using the D port (USE_DPORT = FALSE). For improved power characteristics, set DREG and ADREG to '1', tie CED, CEAD, and RSTD to logic '0'.
Related violations: <none>

REQP-165#1 Advisory
writefirst  
Synchronous clocking is detected for BRAM (pynqz2_i/axi_dma_csr_mem/U0/I_PRMRY_DATAMOVER/GEN_MM2S_FULL.I_MM2S_FULL_WRAPPER/GEN_INCLUDE_MM2S_SF.I_RD_SF/I_DATA_FIFO/BLK_MEM.I_SYNC_FIFOGEN_FIFO/xpm_fifo_instance.xpm_fifo_sync_inst/xpm_fifo_base_inst/gen_sdpram.xpm_memory_base_inst/gen_wr_a.gen_word_narrow.mem_reg_1) in SDP mode with WRITE_FIRST write-mode. This is the preferred mode for best power characteristics, however it may exhibit address collisions if the same address appears on both read and write ports resulting in unknown or corrupted read data. It is suggested to confirm via simulation that an address collision never occurs and if so it is suggested to try and avoid this situation. If address collisions cannot be avoided, the write-mode may be set to READ_FIRST which guarantees that the read data is the prior contents of the memory at the cost of additional power in the design. See the FPGA Memory Resources User Guide for additional information.
Related violations: <none>

REQP-165#2 Advisory
writefirst  
Synchronous clocking is detected for BRAM (pynqz2_i/axi_dma_infifo/U0/I_PRMRY_DATAMOVER/GEN_MM2S_FULL.I_MM2S_FULL_WRAPPER/GEN_INCLUDE_MM2S_SF.I_RD_SF/I_DATA_FIFO/BLK_MEM.I_SYNC_FIFOGEN_FIFO/xpm_fifo_instance.xpm_fifo_sync_inst/xpm_fifo_base_inst/gen_sdpram.xpm_memory_base_inst/gen_wr_a.gen_word_narrow.mem_reg_1) in SDP mode with WRITE_FIRST write-mode. This is the preferred mode for best power characteristics, however it may exhibit address collisions if the same address appears on both read and write ports resulting in unknown or corrupted read data. It is suggested to confirm via simulation that an address collision never occurs and if so it is suggested to try and avoid this situation. If address collisions cannot be avoided, the write-mode may be set to READ_FIRST which guarantees that the read data is the prior contents of the memory at the cost of additional power in the design. See the FPGA Memory Resources User Guide for additional information.
Related violations: <none>

REQP-165#3 Advisory
writefirst  
Synchronous clocking is detected for BRAM (pynqz2_i/axi_dma_infifo/U0/I_PRMRY_DATAMOVER/GEN_S2MM_FULL.I_S2MM_FULL_WRAPPER/GEN_ENABLE_INDET_BTT_SF.I_INDET_BTT/I_DATA_FIFO/BLK_MEM.I_SYNC_FIFOGEN_FIFO/xpm_fifo_instance.xpm_fifo_sync_inst/xpm_fifo_base_inst/gen_sdpram.xpm_memory_base_inst/gen_wr_a.gen_word_narrow.mem_reg_1) in SDP mode with WRITE_FIRST write-mode. This is the preferred mode for best power characteristics, however it may exhibit address collisions if the same address appears on both read and write ports resulting in unknown or corrupted read data. It is suggested to confirm via simulation that an address collision never occurs and if so it is suggested to try and avoid this situation. If address collisions cannot be avoided, the write-mode may be set to READ_FIRST which guarantees that the read data is the prior contents of the memory at the cost of additional power in the design. See the FPGA Memory Resources User Guide for additional information.
Related violations: <none>

REQP-165#4 Advisory
writefirst  
Synchronous clocking is detected for BRAM (pynqz2_i/axi_dma_weight_mem/U0/I_PRMRY_DATAMOVER/GEN_MM2S_FULL.I_MM2S_FULL_WRAPPER/GEN_INCLUDE_MM2S_SF.I_RD_SF/I_DATA_FIFO/BLK_MEM.I_SYNC_FIFOGEN_FIFO/xpm_fifo_instance.xpm_fifo_sync_inst/xpm_fifo_base_inst/gen_sdpram.xpm_memory_base_inst/gen_wr_a.gen_word_narrow.mem_reg_1) in SDP mode with WRITE_FIRST write-mode. This is the preferred mode for best power characteristics, however it may exhibit address collisions if the same address appears on both read and write ports resulting in unknown or corrupted read data. It is suggested to confirm via simulation that an address collision never occurs and if so it is suggested to try and avoid this situation. If address collisions cannot be avoided, the write-mode may be set to READ_FIRST which guarantees that the read data is the prior contents of the memory at the cost of additional power in the design. See the FPGA Memory Resources User Guide for additional information.
Related violations: <none>

REQP-181#1 Advisory
writefirst  
Synchronous clocking is detected for BRAM (pynqz2_i/axi_dma_csr_mem/U0/I_PRMRY_DATAMOVER/GEN_MM2S_FULL.I_MM2S_FULL_WRAPPER/GEN_INCLUDE_MM2S_SF.I_RD_SF/I_DATA_FIFO/BLK_MEM.I_SYNC_FIFOGEN_FIFO/xpm_fifo_instance.xpm_fifo_sync_inst/xpm_fifo_base_inst/gen_sdpram.xpm_memory_base_inst/gen_wr_a.gen_word_narrow.mem_reg_0) in SDP mode with WRITE_FIRST write-mode. This is the preferred mode for best power characteristics, however it may exhibit address collisions if the same address appears on both read and write ports resulting in unknown or corrupted read data. It is suggested to confirm via simulation that an address collision never occurs and if so it is suggested to try and avoid this situation. If address collisions cannot be avoided, the write-mode may be set to READ_FIRST which guarantees that the read data is the prior contents of the memory at the cost of additional power in the design. See the FPGA Memory Resources User Guide for additional information.
Related violations: <none>

REQP-181#2 Advisory
writefirst  
Synchronous clocking is detected for BRAM (pynqz2_i/axi_dma_infifo/U0/I_PRMRY_DATAMOVER/GEN_MM2S_FULL.I_MM2S_FULL_WRAPPER/GEN_INCLUDE_MM2S_SF.I_RD_SF/I_DATA_FIFO/BLK_MEM.I_SYNC_FIFOGEN_FIFO/xpm_fifo_instance.xpm_fifo_sync_inst/xpm_fifo_base_inst/gen_sdpram.xpm_memory_base_inst/gen_wr_a.gen_word_narrow.mem_reg_0) in SDP mode with WRITE_FIRST write-mode. This is the preferred mode for best power characteristics, however it may exhibit address collisions if the same address appears on both read and write ports resulting in unknown or corrupted read data. It is suggested to confirm via simulation that an address collision never occurs and if so it is suggested to try and avoid this situation. If address collisions cannot be avoided, the write-mode may be set to READ_FIRST which guarantees that the read data is the prior contents of the memory at the cost of additional power in the design. See the FPGA Memory Resources User Guide for additional information.
Related violations: <none>

REQP-181#3 Advisory
writefirst  
Synchronous clocking is detected for BRAM (pynqz2_i/axi_dma_infifo/U0/I_PRMRY_DATAMOVER/GEN_S2MM_FULL.I_S2MM_FULL_WRAPPER/GEN_ENABLE_INDET_BTT_SF.I_INDET_BTT/I_DATA_FIFO/BLK_MEM.I_SYNC_FIFOGEN_FIFO/xpm_fifo_instance.xpm_fifo_sync_inst/xpm_fifo_base_inst/gen_sdpram.xpm_memory_base_inst/gen_wr_a.gen_word_narrow.mem_reg_0) in SDP mode with WRITE_FIRST write-mode. This is the preferred mode for best power characteristics, however it may exhibit address collisions if the same address appears on both read and write ports resulting in unknown or corrupted read data. It is suggested to confirm via simulation that an address collision never occurs and if so it is suggested to try and avoid this situation. If address collisions cannot be avoided, the write-mode may be set to READ_FIRST which guarantees that the read data is the prior contents of the memory at the cost of additional power in the design. See the FPGA Memory Resources User Guide for additional information.
Related violations: <none>

REQP-181#4 Advisory
writefirst  
Synchronous clocking is detected for BRAM (pynqz2_i/axi_dma_weight_mem/U0/I_PRMRY_DATAMOVER/GEN_MM2S_FULL.I_MM2S_FULL_WRAPPER/GEN_INCLUDE_MM2S_SF.I_RD_SF/I_DATA_FIFO/BLK_MEM.I_SYNC_FIFOGEN_FIFO/xpm_fifo_instance.xpm_fifo_sync_inst/xpm_fifo_base_inst/gen_sdpram.xpm_memory_base_inst/gen_wr_a.gen_word_narrow.mem_reg_0) in SDP mode with WRITE_FIRST write-mode. This is the preferred mode for best power characteristics, however it may exhibit address collisions if the same address appears on both read and write ports resulting in unknown or corrupted read data. It is suggested to confirm via simulation that an address collision never occurs and if so it is suggested to try and avoid this situation. If address collisions cannot be avoided, the write-mode may be set to READ_FIRST which guarantees that the read data is the prior contents of the memory at the cost of additional power in the design. See the FPGA Memory Resources User Guide for additional information.
Related violations: <none>


