
*** Running vivado
    with args -log pynqz2_wrapper.vdi -applog -m64 -product Vivado -messageDb vivado.pb -mode batch -source pynqz2_wrapper.tcl -notrace


****** Vivado v2019.2 (64-bit)
  **** SW Build 2708876 on Wed Nov  6 21:39:14 MST 2019
  **** IP Build 2700528 on Thu Nov  7 00:09:20 MST 2019
    ** Copyright 1986-2019 Xilinx, Inc. All Rights Reserved.

source pynqz2_wrapper.tcl -notrace
add_files: Time (s): cpu = 00:00:05 ; elapsed = 00:00:06 . Memory (MB): peak = 1658.539 ; gain = 184.090 ; free physical = 3449 ; free virtual = 13860
Command: link_design -top pynqz2_wrapper -part xc7z020clg400-1
Design is defaulting to srcset: sources_1
Design is defaulting to constrset: constrs_1
INFO: [Device 21-403] Loading part xc7z020clg400-1
Netlist sorting complete. Time (s): cpu = 00:00:00.59 ; elapsed = 00:00:00.59 . Memory (MB): peak = 1816.996 ; gain = 0.000 ; free physical = 3123 ; free virtual = 13540
INFO: [Netlist 29-17] Analyzing 775 Unisim elements for replacement
INFO: [Netlist 29-28] Unisim Transformation completed in 0 CPU seconds
INFO: [Project 1-479] Netlist was created with Vivado 2019.2
INFO: [Project 1-570] Preparing netlist for logic optimization
Parsing XDC File [/media/fra/DATA/uni/2019-2020/thesis/cogitantium/dtpu/pynq_vivado/pynqz2.srcs/sources_1/bd/pynqz2/ip/pynqz2_ps7_0/pynqz2_ps7_0.xdc] for cell 'pynqz2_i/ps7/inst'
Finished Parsing XDC File [/media/fra/DATA/uni/2019-2020/thesis/cogitantium/dtpu/pynq_vivado/pynqz2.srcs/sources_1/bd/pynqz2/ip/pynqz2_ps7_0/pynqz2_ps7_0.xdc] for cell 'pynqz2_i/ps7/inst'
Parsing XDC File [/media/fra/DATA/uni/2019-2020/thesis/cogitantium/dtpu/pynq_vivado/pynqz2.srcs/sources_1/bd/pynqz2/ip/pynqz2_rst_ps7_30M_0/pynqz2_rst_ps7_30M_0_board.xdc] for cell 'pynqz2_i/rst_ps7_30M/U0'
Finished Parsing XDC File [/media/fra/DATA/uni/2019-2020/thesis/cogitantium/dtpu/pynq_vivado/pynqz2.srcs/sources_1/bd/pynqz2/ip/pynqz2_rst_ps7_30M_0/pynqz2_rst_ps7_30M_0_board.xdc] for cell 'pynqz2_i/rst_ps7_30M/U0'
Parsing XDC File [/media/fra/DATA/uni/2019-2020/thesis/cogitantium/dtpu/pynq_vivado/pynqz2.srcs/sources_1/bd/pynqz2/ip/pynqz2_rst_ps7_30M_0/pynqz2_rst_ps7_30M_0.xdc] for cell 'pynqz2_i/rst_ps7_30M/U0'
Finished Parsing XDC File [/media/fra/DATA/uni/2019-2020/thesis/cogitantium/dtpu/pynq_vivado/pynqz2.srcs/sources_1/bd/pynqz2/ip/pynqz2_rst_ps7_30M_0/pynqz2_rst_ps7_30M_0.xdc] for cell 'pynqz2_i/rst_ps7_30M/U0'
Parsing XDC File [/media/fra/DATA/uni/2019-2020/thesis/cogitantium/dtpu/pynq_vivado/pynqz2.srcs/sources_1/bd/pynqz2/ip/pynqz2_axis_accelerator_ada_0_0/pynqz2_axis_accelerator_ada_0_0_xdc.xdc] for cell 'pynqz2_i/dtpu/axis_accelerator_ada/U0'
WARNING: [Vivado_Tcl 4-921] Waiver ID 'CDC-11' -to list should not be empty. [/media/fra/DATA/uni/2019-2020/thesis/cogitantium/dtpu/pynq_vivado/pynqz2.srcs/sources_1/bd/pynqz2/ip/pynqz2_axis_accelerator_ada_0_0/pynqz2_axis_accelerator_ada_0_0_xdc.xdc:72]
Finished Parsing XDC File [/media/fra/DATA/uni/2019-2020/thesis/cogitantium/dtpu/pynq_vivado/pynqz2.srcs/sources_1/bd/pynqz2/ip/pynqz2_axis_accelerator_ada_0_0/pynqz2_axis_accelerator_ada_0_0_xdc.xdc] for cell 'pynqz2_i/dtpu/axis_accelerator_ada/U0'
Parsing XDC File [/media/fra/DATA/uni/2019-2020/thesis/cogitantium/dtpu/pynq_vivado/pynqz2.srcs/sources_1/bd/pynqz2/ip/pynqz2_axi_dma_0_1/pynqz2_axi_dma_0_1.xdc] for cell 'pynqz2_i/axi_dma_infifo/U0'
WARNING: [Vivado_Tcl 4-921] Waiver ID 'CDC-1' -to list should not be empty. [/media/fra/DATA/uni/2019-2020/thesis/cogitantium/dtpu/pynq_vivado/pynqz2.srcs/sources_1/bd/pynqz2/ip/pynqz2_axi_dma_0_1/pynqz2_axi_dma_0_1.xdc:52]
WARNING: [Vivado_Tcl 4-921] Waiver ID 'CDC-1' -to list should not be empty. [/media/fra/DATA/uni/2019-2020/thesis/cogitantium/dtpu/pynq_vivado/pynqz2.srcs/sources_1/bd/pynqz2/ip/pynqz2_axi_dma_0_1/pynqz2_axi_dma_0_1.xdc:56]
WARNING: [Vivado_Tcl 4-919] Waiver ID 'CDC-1' -from list should not be empty. [/media/fra/DATA/uni/2019-2020/thesis/cogitantium/dtpu/pynq_vivado/pynqz2.srcs/sources_1/bd/pynqz2/ip/pynqz2_axi_dma_0_1/pynqz2_axi_dma_0_1.xdc:61]
Finished Parsing XDC File [/media/fra/DATA/uni/2019-2020/thesis/cogitantium/dtpu/pynq_vivado/pynqz2.srcs/sources_1/bd/pynqz2/ip/pynqz2_axi_dma_0_1/pynqz2_axi_dma_0_1.xdc] for cell 'pynqz2_i/axi_dma_infifo/U0'
Parsing XDC File [/media/fra/DATA/uni/2019-2020/thesis/cogitantium/dtpu/pynq_vivado/pynqz2.srcs/sources_1/bd/pynqz2/ip/pynqz2_axi_dma_0_2/pynqz2_axi_dma_0_2.xdc] for cell 'pynqz2_i/axi_dma_weight_mem/U0'
WARNING: [Vivado_Tcl 4-921] Waiver ID 'CDC-1' -to list should not be empty. [/media/fra/DATA/uni/2019-2020/thesis/cogitantium/dtpu/pynq_vivado/pynqz2.srcs/sources_1/bd/pynqz2/ip/pynqz2_axi_dma_0_2/pynqz2_axi_dma_0_2.xdc:52]
WARNING: [Vivado_Tcl 4-921] Waiver ID 'CDC-1' -to list should not be empty. [/media/fra/DATA/uni/2019-2020/thesis/cogitantium/dtpu/pynq_vivado/pynqz2.srcs/sources_1/bd/pynqz2/ip/pynqz2_axi_dma_0_2/pynqz2_axi_dma_0_2.xdc:56]
WARNING: [Vivado_Tcl 4-919] Waiver ID 'CDC-1' -from list should not be empty. [/media/fra/DATA/uni/2019-2020/thesis/cogitantium/dtpu/pynq_vivado/pynqz2.srcs/sources_1/bd/pynqz2/ip/pynqz2_axi_dma_0_2/pynqz2_axi_dma_0_2.xdc:61]
Finished Parsing XDC File [/media/fra/DATA/uni/2019-2020/thesis/cogitantium/dtpu/pynq_vivado/pynqz2.srcs/sources_1/bd/pynqz2/ip/pynqz2_axi_dma_0_2/pynqz2_axi_dma_0_2.xdc] for cell 'pynqz2_i/axi_dma_weight_mem/U0'
Parsing XDC File [/media/fra/DATA/uni/2019-2020/thesis/cogitantium/dtpu/pynq_vivado/pynqz2.srcs/sources_1/bd/pynqz2/ip/pynqz2_axi_intc_0_0/pynqz2_axi_intc_0_0.xdc] for cell 'pynqz2_i/axi_intc/U0'
Finished Parsing XDC File [/media/fra/DATA/uni/2019-2020/thesis/cogitantium/dtpu/pynq_vivado/pynqz2.srcs/sources_1/bd/pynqz2/ip/pynqz2_axi_intc_0_0/pynqz2_axi_intc_0_0.xdc] for cell 'pynqz2_i/axi_intc/U0'
Parsing XDC File [/media/fra/DATA/uni/2019-2020/thesis/cogitantium/dtpu/pynq_vivado/pynqz2.srcs/sources_1/bd/pynqz2/ip/pynqz2_axi_dma_0_3/pynqz2_axi_dma_0_3.xdc] for cell 'pynqz2_i/axi_dma_csr_mem/U0'
WARNING: [Vivado_Tcl 4-921] Waiver ID 'CDC-1' -to list should not be empty. [/media/fra/DATA/uni/2019-2020/thesis/cogitantium/dtpu/pynq_vivado/pynqz2.srcs/sources_1/bd/pynqz2/ip/pynqz2_axi_dma_0_3/pynqz2_axi_dma_0_3.xdc:52]
WARNING: [Vivado_Tcl 4-921] Waiver ID 'CDC-1' -to list should not be empty. [/media/fra/DATA/uni/2019-2020/thesis/cogitantium/dtpu/pynq_vivado/pynqz2.srcs/sources_1/bd/pynqz2/ip/pynqz2_axi_dma_0_3/pynqz2_axi_dma_0_3.xdc:56]
WARNING: [Vivado_Tcl 4-919] Waiver ID 'CDC-1' -from list should not be empty. [/media/fra/DATA/uni/2019-2020/thesis/cogitantium/dtpu/pynq_vivado/pynqz2.srcs/sources_1/bd/pynqz2/ip/pynqz2_axi_dma_0_3/pynqz2_axi_dma_0_3.xdc:61]
Finished Parsing XDC File [/media/fra/DATA/uni/2019-2020/thesis/cogitantium/dtpu/pynq_vivado/pynqz2.srcs/sources_1/bd/pynqz2/ip/pynqz2_axi_dma_0_3/pynqz2_axi_dma_0_3.xdc] for cell 'pynqz2_i/axi_dma_csr_mem/U0'
Parsing XDC File [/media/fra/DATA/uni/2019-2020/thesis/cogitantium/dtpu/pynq_vivado/pynqz2.srcs/sources_1/bd/pynqz2/ip/pynqz2_smartconnect_0_0/bd_0/ip/ip_1/bd_7d7d_psr_aclk_0_board.xdc] for cell 'pynqz2_i/smartconnect_0/inst/clk_map/psr_aclk/U0'
Finished Parsing XDC File [/media/fra/DATA/uni/2019-2020/thesis/cogitantium/dtpu/pynq_vivado/pynqz2.srcs/sources_1/bd/pynqz2/ip/pynqz2_smartconnect_0_0/bd_0/ip/ip_1/bd_7d7d_psr_aclk_0_board.xdc] for cell 'pynqz2_i/smartconnect_0/inst/clk_map/psr_aclk/U0'
Parsing XDC File [/media/fra/DATA/uni/2019-2020/thesis/cogitantium/dtpu/pynq_vivado/pynqz2.srcs/sources_1/bd/pynqz2/ip/pynqz2_smartconnect_0_0/bd_0/ip/ip_1/bd_7d7d_psr_aclk_0.xdc] for cell 'pynqz2_i/smartconnect_0/inst/clk_map/psr_aclk/U0'
Finished Parsing XDC File [/media/fra/DATA/uni/2019-2020/thesis/cogitantium/dtpu/pynq_vivado/pynqz2.srcs/sources_1/bd/pynqz2/ip/pynqz2_smartconnect_0_0/bd_0/ip/ip_1/bd_7d7d_psr_aclk_0.xdc] for cell 'pynqz2_i/smartconnect_0/inst/clk_map/psr_aclk/U0'
Parsing XDC File [/media/fra/DATA/uni/2019-2020/thesis/cogitantium/dtpu/pynq_vivado/pynqz2.srcs/sources_1/bd/pynqz2/ip/pynqz2_monitor_0_3/pynqz2_monitor_0.xdc] for cell 'pynqz2_i/monitor/inst'
Finished Parsing XDC File [/media/fra/DATA/uni/2019-2020/thesis/cogitantium/dtpu/pynq_vivado/pynqz2.srcs/sources_1/bd/pynqz2/ip/pynqz2_monitor_0_3/pynqz2_monitor_0.xdc] for cell 'pynqz2_i/monitor/inst'
Parsing XDC File [/media/fra/DATA/uni/2019-2020/thesis/cogitantium/board_documentation/pynq-z2_v1.0.xdc]
Finished Parsing XDC File [/media/fra/DATA/uni/2019-2020/thesis/cogitantium/board_documentation/pynq-z2_v1.0.xdc]
Parsing XDC File [/media/fra/DATA/uni/2019-2020/thesis/cogitantium/dtpu/pynq_vivado/pynqz2.srcs/sources_1/bd/pynqz2/ip/pynqz2_axis_accelerator_ada_0_0/pynqz2_axis_accelerator_ada_0_0_xdc_clocks.xdc] for cell 'pynqz2_i/dtpu/axis_accelerator_ada/U0'
INFO: [Timing 38-35] Done setting XDC timing constraints. [/media/fra/DATA/uni/2019-2020/thesis/cogitantium/dtpu/pynq_vivado/pynqz2.srcs/sources_1/bd/pynqz2/ip/pynqz2_axis_accelerator_ada_0_0/pynqz2_axis_accelerator_ada_0_0_xdc_clocks.xdc:55]
get_clocks: Time (s): cpu = 00:00:10 ; elapsed = 00:00:10 . Memory (MB): peak = 2572.047 ; gain = 571.727 ; free physical = 2554 ; free virtual = 12971
Finished Parsing XDC File [/media/fra/DATA/uni/2019-2020/thesis/cogitantium/dtpu/pynq_vivado/pynqz2.srcs/sources_1/bd/pynqz2/ip/pynqz2_axis_accelerator_ada_0_0/pynqz2_axis_accelerator_ada_0_0_xdc_clocks.xdc] for cell 'pynqz2_i/dtpu/axis_accelerator_ada/U0'
Parsing XDC File [/media/fra/DATA/uni/2019-2020/thesis/cogitantium/dtpu/pynq_vivado/pynqz2.srcs/sources_1/bd/pynqz2/ip/pynqz2_axi_dma_0_1/pynqz2_axi_dma_0_1_clocks.xdc] for cell 'pynqz2_i/axi_dma_infifo/U0'
Finished Parsing XDC File [/media/fra/DATA/uni/2019-2020/thesis/cogitantium/dtpu/pynq_vivado/pynqz2.srcs/sources_1/bd/pynqz2/ip/pynqz2_axi_dma_0_1/pynqz2_axi_dma_0_1_clocks.xdc] for cell 'pynqz2_i/axi_dma_infifo/U0'
Parsing XDC File [/media/fra/DATA/uni/2019-2020/thesis/cogitantium/dtpu/pynq_vivado/pynqz2.srcs/sources_1/bd/pynqz2/ip/pynqz2_axi_dma_0_2/pynqz2_axi_dma_0_2_clocks.xdc] for cell 'pynqz2_i/axi_dma_weight_mem/U0'
Finished Parsing XDC File [/media/fra/DATA/uni/2019-2020/thesis/cogitantium/dtpu/pynq_vivado/pynqz2.srcs/sources_1/bd/pynqz2/ip/pynqz2_axi_dma_0_2/pynqz2_axi_dma_0_2_clocks.xdc] for cell 'pynqz2_i/axi_dma_weight_mem/U0'
Parsing XDC File [/media/fra/DATA/uni/2019-2020/thesis/cogitantium/dtpu/pynq_vivado/pynqz2.srcs/sources_1/bd/pynqz2/ip/pynqz2_axi_intc_0_0/pynqz2_axi_intc_0_0_clocks.xdc] for cell 'pynqz2_i/axi_intc/U0'
Finished Parsing XDC File [/media/fra/DATA/uni/2019-2020/thesis/cogitantium/dtpu/pynq_vivado/pynqz2.srcs/sources_1/bd/pynqz2/ip/pynqz2_axi_intc_0_0/pynqz2_axi_intc_0_0_clocks.xdc] for cell 'pynqz2_i/axi_intc/U0'
Parsing XDC File [/media/fra/DATA/uni/2019-2020/thesis/cogitantium/dtpu/pynq_vivado/pynqz2.srcs/sources_1/bd/pynqz2/ip/pynqz2_axi_dma_0_3/pynqz2_axi_dma_0_3_clocks.xdc] for cell 'pynqz2_i/axi_dma_csr_mem/U0'
Finished Parsing XDC File [/media/fra/DATA/uni/2019-2020/thesis/cogitantium/dtpu/pynq_vivado/pynqz2.srcs/sources_1/bd/pynqz2/ip/pynqz2_axi_dma_0_3/pynqz2_axi_dma_0_3_clocks.xdc] for cell 'pynqz2_i/axi_dma_csr_mem/U0'
Sourcing Tcl File [/home/fra/Desktop/Vivado/2019.2/data/ip/xpm/xpm_fifo/tcl/xpm_fifo_rst.tcl] for cell 'pynqz2_i/axi_dma_infifo/U0/I_PRMRY_DATAMOVER/GEN_MM2S_FULL.I_MM2S_FULL_WRAPPER/GEN_INCLUDE_MM2S_SF.I_RD_SF/I_DATA_FIFO/BLK_MEM.I_SYNC_FIFOGEN_FIFO/xpm_fifo_instance.xpm_fifo_sync_inst'
Finished Sourcing Tcl File [/home/fra/Desktop/Vivado/2019.2/data/ip/xpm/xpm_fifo/tcl/xpm_fifo_rst.tcl] for cell 'pynqz2_i/axi_dma_infifo/U0/I_PRMRY_DATAMOVER/GEN_MM2S_FULL.I_MM2S_FULL_WRAPPER/GEN_INCLUDE_MM2S_SF.I_RD_SF/I_DATA_FIFO/BLK_MEM.I_SYNC_FIFOGEN_FIFO/xpm_fifo_instance.xpm_fifo_sync_inst'
Sourcing Tcl File [/home/fra/Desktop/Vivado/2019.2/data/ip/xpm/xpm_fifo/tcl/xpm_fifo_rst.tcl] for cell 'pynqz2_i/axi_dma_weight_mem/U0/I_PRMRY_DATAMOVER/GEN_MM2S_FULL.I_MM2S_FULL_WRAPPER/GEN_INCLUDE_MM2S_SF.I_RD_SF/I_DATA_FIFO/BLK_MEM.I_SYNC_FIFOGEN_FIFO/xpm_fifo_instance.xpm_fifo_sync_inst'
Finished Sourcing Tcl File [/home/fra/Desktop/Vivado/2019.2/data/ip/xpm/xpm_fifo/tcl/xpm_fifo_rst.tcl] for cell 'pynqz2_i/axi_dma_weight_mem/U0/I_PRMRY_DATAMOVER/GEN_MM2S_FULL.I_MM2S_FULL_WRAPPER/GEN_INCLUDE_MM2S_SF.I_RD_SF/I_DATA_FIFO/BLK_MEM.I_SYNC_FIFOGEN_FIFO/xpm_fifo_instance.xpm_fifo_sync_inst'
Sourcing Tcl File [/home/fra/Desktop/Vivado/2019.2/data/ip/xpm/xpm_fifo/tcl/xpm_fifo_rst.tcl] for cell 'pynqz2_i/axi_dma_csr_mem/U0/I_PRMRY_DATAMOVER/GEN_MM2S_FULL.I_MM2S_FULL_WRAPPER/GEN_INCLUDE_MM2S_SF.I_RD_SF/I_DATA_FIFO/BLK_MEM.I_SYNC_FIFOGEN_FIFO/xpm_fifo_instance.xpm_fifo_sync_inst'
Finished Sourcing Tcl File [/home/fra/Desktop/Vivado/2019.2/data/ip/xpm/xpm_fifo/tcl/xpm_fifo_rst.tcl] for cell 'pynqz2_i/axi_dma_csr_mem/U0/I_PRMRY_DATAMOVER/GEN_MM2S_FULL.I_MM2S_FULL_WRAPPER/GEN_INCLUDE_MM2S_SF.I_RD_SF/I_DATA_FIFO/BLK_MEM.I_SYNC_FIFOGEN_FIFO/xpm_fifo_instance.xpm_fifo_sync_inst'
Sourcing Tcl File [/home/fra/Desktop/Vivado/2019.2/data/ip/xpm/xpm_fifo/tcl/xpm_fifo_rst.tcl] for cell 'pynqz2_i/axi_dma_infifo/U0/I_PRMRY_DATAMOVER/GEN_S2MM_FULL.I_S2MM_FULL_WRAPPER/GEN_ENABLE_INDET_BTT_SF.I_INDET_BTT/I_XD_FIFO/NON_BLK_MEM.I_SYNC_FIFOGEN_FIFO/xpm_fifo_instance.xpm_fifo_sync_inst'
Finished Sourcing Tcl File [/home/fra/Desktop/Vivado/2019.2/data/ip/xpm/xpm_fifo/tcl/xpm_fifo_rst.tcl] for cell 'pynqz2_i/axi_dma_infifo/U0/I_PRMRY_DATAMOVER/GEN_S2MM_FULL.I_S2MM_FULL_WRAPPER/GEN_ENABLE_INDET_BTT_SF.I_INDET_BTT/I_XD_FIFO/NON_BLK_MEM.I_SYNC_FIFOGEN_FIFO/xpm_fifo_instance.xpm_fifo_sync_inst'
Sourcing Tcl File [/home/fra/Desktop/Vivado/2019.2/data/ip/xpm/xpm_fifo/tcl/xpm_fifo_rst.tcl] for cell 'pynqz2_i/axi_dma_infifo/U0/I_PRMRY_DATAMOVER/GEN_S2MM_FULL.I_S2MM_FULL_WRAPPER/GEN_ENABLE_INDET_BTT_SF.I_INDET_BTT/I_DATA_FIFO/BLK_MEM.I_SYNC_FIFOGEN_FIFO/xpm_fifo_instance.xpm_fifo_sync_inst'
Finished Sourcing Tcl File [/home/fra/Desktop/Vivado/2019.2/data/ip/xpm/xpm_fifo/tcl/xpm_fifo_rst.tcl] for cell 'pynqz2_i/axi_dma_infifo/U0/I_PRMRY_DATAMOVER/GEN_S2MM_FULL.I_S2MM_FULL_WRAPPER/GEN_ENABLE_INDET_BTT_SF.I_INDET_BTT/I_DATA_FIFO/BLK_MEM.I_SYNC_FIFOGEN_FIFO/xpm_fifo_instance.xpm_fifo_sync_inst'
Sourcing Tcl File [/home/fra/Desktop/Vivado/2019.2/data/ip/xpm/xpm_memory/tcl/xpm_memory_xdc.tcl] for cell 'pynqz2_i/smartconnect_0/inst/m00_nodes/m00_ar_node/inst/inst_mi_handler/gen_normal_area.gen_node_prog_full.inst_node_prog_full/gen_xpm_memory_fifo.inst_fifo/gen_mem_rep[0].inst_xpm_memory'
Finished Sourcing Tcl File [/home/fra/Desktop/Vivado/2019.2/data/ip/xpm/xpm_memory/tcl/xpm_memory_xdc.tcl] for cell 'pynqz2_i/smartconnect_0/inst/m00_nodes/m00_ar_node/inst/inst_mi_handler/gen_normal_area.gen_node_prog_full.inst_node_prog_full/gen_xpm_memory_fifo.inst_fifo/gen_mem_rep[0].inst_xpm_memory'
Sourcing Tcl File [/home/fra/Desktop/Vivado/2019.2/data/ip/xpm/xpm_memory/tcl/xpm_memory_xdc.tcl] for cell 'pynqz2_i/smartconnect_0/inst/s00_nodes/s00_r_node/inst/inst_mi_handler/gen_normal_area.gen_node_prog_full.inst_node_prog_full/gen_xpm_memory_fifo.inst_fifo/gen_mem_rep[0].inst_xpm_memory'
Finished Sourcing Tcl File [/home/fra/Desktop/Vivado/2019.2/data/ip/xpm/xpm_memory/tcl/xpm_memory_xdc.tcl] for cell 'pynqz2_i/smartconnect_0/inst/s00_nodes/s00_r_node/inst/inst_mi_handler/gen_normal_area.gen_node_prog_full.inst_node_prog_full/gen_xpm_memory_fifo.inst_fifo/gen_mem_rep[0].inst_xpm_memory'
Sourcing Tcl File [/home/fra/Desktop/Vivado/2019.2/data/ip/xpm/xpm_memory/tcl/xpm_memory_xdc.tcl] for cell 'pynqz2_i/smartconnect_0/inst/m00_nodes/m00_w_node/inst/inst_mi_handler/gen_normal_area.gen_node_prog_full.inst_node_prog_full/gen_xpm_memory_fifo.inst_fifo/gen_mem_rep[0].inst_xpm_memory'
Finished Sourcing Tcl File [/home/fra/Desktop/Vivado/2019.2/data/ip/xpm/xpm_memory/tcl/xpm_memory_xdc.tcl] for cell 'pynqz2_i/smartconnect_0/inst/m00_nodes/m00_w_node/inst/inst_mi_handler/gen_normal_area.gen_node_prog_full.inst_node_prog_full/gen_xpm_memory_fifo.inst_fifo/gen_mem_rep[0].inst_xpm_memory'
Sourcing Tcl File [/home/fra/Desktop/Vivado/2019.2/data/ip/xpm/xpm_memory/tcl/xpm_memory_xdc.tcl] for cell 'pynqz2_i/smartconnect_0/inst/m00_nodes/m00_aw_node/inst/inst_mi_handler/gen_normal_area.gen_node_prog_full.inst_node_prog_full/gen_xpm_memory_fifo.inst_fifo/gen_mem_rep[0].inst_xpm_memory'
Finished Sourcing Tcl File [/home/fra/Desktop/Vivado/2019.2/data/ip/xpm/xpm_memory/tcl/xpm_memory_xdc.tcl] for cell 'pynqz2_i/smartconnect_0/inst/m00_nodes/m00_aw_node/inst/inst_mi_handler/gen_normal_area.gen_node_prog_full.inst_node_prog_full/gen_xpm_memory_fifo.inst_fifo/gen_mem_rep[0].inst_xpm_memory'
Sourcing Tcl File [/home/fra/Desktop/Vivado/2019.2/data/ip/xpm/xpm_memory/tcl/xpm_memory_xdc.tcl] for cell 'pynqz2_i/smartconnect_0/inst/s03_nodes/s03_r_node/inst/inst_mi_handler/gen_normal_area.gen_node_prog_full.inst_node_prog_full/gen_xpm_memory_fifo.inst_fifo/gen_mem_rep[0].inst_xpm_memory'
Finished Sourcing Tcl File [/home/fra/Desktop/Vivado/2019.2/data/ip/xpm/xpm_memory/tcl/xpm_memory_xdc.tcl] for cell 'pynqz2_i/smartconnect_0/inst/s03_nodes/s03_r_node/inst/inst_mi_handler/gen_normal_area.gen_node_prog_full.inst_node_prog_full/gen_xpm_memory_fifo.inst_fifo/gen_mem_rep[0].inst_xpm_memory'
Sourcing Tcl File [/home/fra/Desktop/Vivado/2019.2/data/ip/xpm/xpm_memory/tcl/xpm_memory_xdc.tcl] for cell 'pynqz2_i/smartconnect_0/inst/s02_nodes/s02_b_node/inst/inst_mi_handler/gen_normal_area.gen_node_prog_full.inst_node_prog_full/gen_xpm_memory_fifo.inst_fifo/gen_mem_rep[0].inst_xpm_memory'
Finished Sourcing Tcl File [/home/fra/Desktop/Vivado/2019.2/data/ip/xpm/xpm_memory/tcl/xpm_memory_xdc.tcl] for cell 'pynqz2_i/smartconnect_0/inst/s02_nodes/s02_b_node/inst/inst_mi_handler/gen_normal_area.gen_node_prog_full.inst_node_prog_full/gen_xpm_memory_fifo.inst_fifo/gen_mem_rep[0].inst_xpm_memory'
Sourcing Tcl File [/home/fra/Desktop/Vivado/2019.2/data/ip/xpm/xpm_memory/tcl/xpm_memory_xdc.tcl] for cell 'pynqz2_i/smartconnect_0/inst/s01_nodes/s01_r_node/inst/inst_mi_handler/gen_normal_area.gen_node_prog_full.inst_node_prog_full/gen_xpm_memory_fifo.inst_fifo/gen_mem_rep[0].inst_xpm_memory'
Finished Sourcing Tcl File [/home/fra/Desktop/Vivado/2019.2/data/ip/xpm/xpm_memory/tcl/xpm_memory_xdc.tcl] for cell 'pynqz2_i/smartconnect_0/inst/s01_nodes/s01_r_node/inst/inst_mi_handler/gen_normal_area.gen_node_prog_full.inst_node_prog_full/gen_xpm_memory_fifo.inst_fifo/gen_mem_rep[0].inst_xpm_memory'
Sourcing Tcl File [/home/fra/Desktop/Vivado/2019.2/data/ip/xpm/xpm_memory/tcl/xpm_memory_xdc.tcl] for cell 'pynqz2_i/smartconnect_0/inst/m00_nodes/m00_ar_node/inst/inst_mi_handler/gen_normal_area.inst_fifo_node_payld/gen_xpm_memory_fifo.inst_fifo/gen_mem_rep[0].inst_xpm_memory'
Finished Sourcing Tcl File [/home/fra/Desktop/Vivado/2019.2/data/ip/xpm/xpm_memory/tcl/xpm_memory_xdc.tcl] for cell 'pynqz2_i/smartconnect_0/inst/m00_nodes/m00_ar_node/inst/inst_mi_handler/gen_normal_area.inst_fifo_node_payld/gen_xpm_memory_fifo.inst_fifo/gen_mem_rep[0].inst_xpm_memory'
Sourcing Tcl File [/home/fra/Desktop/Vivado/2019.2/data/ip/xpm/xpm_memory/tcl/xpm_memory_xdc.tcl] for cell 'pynqz2_i/smartconnect_0/inst/m00_nodes/m00_aw_node/inst/inst_mi_handler/gen_normal_area.inst_fifo_node_payld/gen_xpm_memory_fifo.inst_fifo/gen_mem_rep[0].inst_xpm_memory'
Finished Sourcing Tcl File [/home/fra/Desktop/Vivado/2019.2/data/ip/xpm/xpm_memory/tcl/xpm_memory_xdc.tcl] for cell 'pynqz2_i/smartconnect_0/inst/m00_nodes/m00_aw_node/inst/inst_mi_handler/gen_normal_area.inst_fifo_node_payld/gen_xpm_memory_fifo.inst_fifo/gen_mem_rep[0].inst_xpm_memory'
Sourcing Tcl File [/home/fra/Desktop/Vivado/2019.2/data/ip/xpm/xpm_memory/tcl/xpm_memory_xdc.tcl] for cell 'pynqz2_i/smartconnect_0/inst/m00_nodes/m00_b_node/inst/inst_mi_handler/gen_normal_area.gen_fifo_req.inst_fifo_req/gen_xpm_memory_fifo.inst_fifo/gen_mem_rep[0].inst_xpm_memory'
Finished Sourcing Tcl File [/home/fra/Desktop/Vivado/2019.2/data/ip/xpm/xpm_memory/tcl/xpm_memory_xdc.tcl] for cell 'pynqz2_i/smartconnect_0/inst/m00_nodes/m00_b_node/inst/inst_mi_handler/gen_normal_area.gen_fifo_req.inst_fifo_req/gen_xpm_memory_fifo.inst_fifo/gen_mem_rep[0].inst_xpm_memory'
Sourcing Tcl File [/home/fra/Desktop/Vivado/2019.2/data/ip/xpm/xpm_memory/tcl/xpm_memory_xdc.tcl] for cell 'pynqz2_i/smartconnect_0/inst/s02_nodes/s02_w_node/inst/inst_mi_handler/gen_normal_area.inst_fifo_node_payld/gen_xpm_memory_fifo.inst_fifo/gen_mem_rep[0].inst_xpm_memory'
Finished Sourcing Tcl File [/home/fra/Desktop/Vivado/2019.2/data/ip/xpm/xpm_memory/tcl/xpm_memory_xdc.tcl] for cell 'pynqz2_i/smartconnect_0/inst/s02_nodes/s02_w_node/inst/inst_mi_handler/gen_normal_area.inst_fifo_node_payld/gen_xpm_memory_fifo.inst_fifo/gen_mem_rep[0].inst_xpm_memory'
Sourcing Tcl File [/home/fra/Desktop/Vivado/2019.2/data/ip/xpm/xpm_memory/tcl/xpm_memory_xdc.tcl] for cell 'pynqz2_i/smartconnect_0/inst/m00_nodes/m00_r_node/inst/inst_mi_handler/gen_normal_area.gen_fifo_req.inst_fifo_req/gen_xpm_memory_fifo.inst_fifo/gen_mem_rep[0].inst_xpm_memory'
Finished Sourcing Tcl File [/home/fra/Desktop/Vivado/2019.2/data/ip/xpm/xpm_memory/tcl/xpm_memory_xdc.tcl] for cell 'pynqz2_i/smartconnect_0/inst/m00_nodes/m00_r_node/inst/inst_mi_handler/gen_normal_area.gen_fifo_req.inst_fifo_req/gen_xpm_memory_fifo.inst_fifo/gen_mem_rep[0].inst_xpm_memory'
Sourcing Tcl File [/home/fra/Desktop/Vivado/2019.2/data/ip/xpm/xpm_memory/tcl/xpm_memory_xdc.tcl] for cell 'pynqz2_i/smartconnect_0/inst/m00_nodes/m00_b_node/inst/inst_mi_handler/gen_normal_area.inst_fifo_node_payld/gen_xpm_memory_fifo.inst_fifo/gen_mem_rep[0].inst_xpm_memory'
Finished Sourcing Tcl File [/home/fra/Desktop/Vivado/2019.2/data/ip/xpm/xpm_memory/tcl/xpm_memory_xdc.tcl] for cell 'pynqz2_i/smartconnect_0/inst/m00_nodes/m00_b_node/inst/inst_mi_handler/gen_normal_area.inst_fifo_node_payld/gen_xpm_memory_fifo.inst_fifo/gen_mem_rep[0].inst_xpm_memory'
Sourcing Tcl File [/home/fra/Desktop/Vivado/2019.2/data/ip/xpm/xpm_memory/tcl/xpm_memory_xdc.tcl] for cell 'pynqz2_i/smartconnect_0/inst/m00_nodes/m00_r_node/inst/inst_mi_handler/gen_normal_area.inst_fifo_node_payld/gen_xpm_memory_fifo.inst_fifo/gen_mem_rep[0].inst_xpm_memory'
Finished Sourcing Tcl File [/home/fra/Desktop/Vivado/2019.2/data/ip/xpm/xpm_memory/tcl/xpm_memory_xdc.tcl] for cell 'pynqz2_i/smartconnect_0/inst/m00_nodes/m00_r_node/inst/inst_mi_handler/gen_normal_area.inst_fifo_node_payld/gen_xpm_memory_fifo.inst_fifo/gen_mem_rep[0].inst_xpm_memory'
Sourcing Tcl File [/home/fra/Desktop/Vivado/2019.2/data/ip/xpm/xpm_memory/tcl/xpm_memory_xdc.tcl] for cell 'pynqz2_i/smartconnect_0/inst/m00_nodes/m00_w_node/inst/inst_si_handler/gen_si_handler.gen_request_fifos.gen_req_fifo[0].inst_req_fifo/gen_xpm_memory_fifo.inst_fifo/gen_mem_rep[0].inst_xpm_memory'
Finished Sourcing Tcl File [/home/fra/Desktop/Vivado/2019.2/data/ip/xpm/xpm_memory/tcl/xpm_memory_xdc.tcl] for cell 'pynqz2_i/smartconnect_0/inst/m00_nodes/m00_w_node/inst/inst_si_handler/gen_si_handler.gen_request_fifos.gen_req_fifo[0].inst_req_fifo/gen_xpm_memory_fifo.inst_fifo/gen_mem_rep[0].inst_xpm_memory'
Sourcing Tcl File [/home/fra/Desktop/Vivado/2019.2/data/ip/xpm/xpm_memory/tcl/xpm_memory_xdc.tcl] for cell 'pynqz2_i/smartconnect_0/inst/m00_nodes/m00_w_node/inst/inst_si_handler/gen_si_handler.gen_request_fifos.gen_req_fifo[3].inst_req_fifo/gen_xpm_memory_fifo.inst_fifo/gen_mem_rep[0].inst_xpm_memory'
Finished Sourcing Tcl File [/home/fra/Desktop/Vivado/2019.2/data/ip/xpm/xpm_memory/tcl/xpm_memory_xdc.tcl] for cell 'pynqz2_i/smartconnect_0/inst/m00_nodes/m00_w_node/inst/inst_si_handler/gen_si_handler.gen_request_fifos.gen_req_fifo[3].inst_req_fifo/gen_xpm_memory_fifo.inst_fifo/gen_mem_rep[0].inst_xpm_memory'
Sourcing Tcl File [/home/fra/Desktop/Vivado/2019.2/data/ip/xpm/xpm_memory/tcl/xpm_memory_xdc.tcl] for cell 'pynqz2_i/smartconnect_0/inst/m00_nodes/m00_w_node/inst/inst_si_handler/gen_si_handler.gen_request_fifos.gen_req_fifo[2].inst_req_fifo/gen_xpm_memory_fifo.inst_fifo/gen_mem_rep[0].inst_xpm_memory'
Finished Sourcing Tcl File [/home/fra/Desktop/Vivado/2019.2/data/ip/xpm/xpm_memory/tcl/xpm_memory_xdc.tcl] for cell 'pynqz2_i/smartconnect_0/inst/m00_nodes/m00_w_node/inst/inst_si_handler/gen_si_handler.gen_request_fifos.gen_req_fifo[2].inst_req_fifo/gen_xpm_memory_fifo.inst_fifo/gen_mem_rep[0].inst_xpm_memory'
Sourcing Tcl File [/home/fra/Desktop/Vivado/2019.2/data/ip/xpm/xpm_memory/tcl/xpm_memory_xdc.tcl] for cell 'pynqz2_i/smartconnect_0/inst/m00_nodes/m00_w_node/inst/inst_si_handler/gen_si_handler.gen_request_fifos.gen_req_fifo[1].inst_req_fifo/gen_xpm_memory_fifo.inst_fifo/gen_mem_rep[0].inst_xpm_memory'
Finished Sourcing Tcl File [/home/fra/Desktop/Vivado/2019.2/data/ip/xpm/xpm_memory/tcl/xpm_memory_xdc.tcl] for cell 'pynqz2_i/smartconnect_0/inst/m00_nodes/m00_w_node/inst/inst_si_handler/gen_si_handler.gen_request_fifos.gen_req_fifo[1].inst_req_fifo/gen_xpm_memory_fifo.inst_fifo/gen_mem_rep[0].inst_xpm_memory'
Sourcing Tcl File [/home/fra/Desktop/Vivado/2019.2/data/ip/xpm/xpm_memory/tcl/xpm_memory_xdc.tcl] for cell 'pynqz2_i/smartconnect_0/inst/m00_nodes/m00_w_node/inst/inst_mi_handler/gen_normal_area.inst_fifo_node_payld/gen_xpm_memory_fifo.inst_fifo/gen_mem_rep[0].inst_xpm_memory'
Finished Sourcing Tcl File [/home/fra/Desktop/Vivado/2019.2/data/ip/xpm/xpm_memory/tcl/xpm_memory_xdc.tcl] for cell 'pynqz2_i/smartconnect_0/inst/m00_nodes/m00_w_node/inst/inst_mi_handler/gen_normal_area.inst_fifo_node_payld/gen_xpm_memory_fifo.inst_fifo/gen_mem_rep[0].inst_xpm_memory'
Sourcing Tcl File [/home/fra/Desktop/Vivado/2019.2/data/ip/xpm/xpm_memory/tcl/xpm_memory_xdc.tcl] for cell 'pynqz2_i/smartconnect_0/inst/s00_nodes/s00_ar_node/inst/inst_mi_handler/gen_normal_area.gen_fifo_req.inst_fifo_req/gen_xpm_memory_fifo.inst_fifo/gen_mem_rep[0].inst_xpm_memory'
Finished Sourcing Tcl File [/home/fra/Desktop/Vivado/2019.2/data/ip/xpm/xpm_memory/tcl/xpm_memory_xdc.tcl] for cell 'pynqz2_i/smartconnect_0/inst/s00_nodes/s00_ar_node/inst/inst_mi_handler/gen_normal_area.gen_fifo_req.inst_fifo_req/gen_xpm_memory_fifo.inst_fifo/gen_mem_rep[0].inst_xpm_memory'
Sourcing Tcl File [/home/fra/Desktop/Vivado/2019.2/data/ip/xpm/xpm_memory/tcl/xpm_memory_xdc.tcl] for cell 'pynqz2_i/smartconnect_0/inst/s03_nodes/s03_ar_node/inst/inst_mi_handler/gen_normal_area.gen_fifo_req.inst_fifo_req/gen_xpm_memory_fifo.inst_fifo/gen_mem_rep[0].inst_xpm_memory'
Finished Sourcing Tcl File [/home/fra/Desktop/Vivado/2019.2/data/ip/xpm/xpm_memory/tcl/xpm_memory_xdc.tcl] for cell 'pynqz2_i/smartconnect_0/inst/s03_nodes/s03_ar_node/inst/inst_mi_handler/gen_normal_area.gen_fifo_req.inst_fifo_req/gen_xpm_memory_fifo.inst_fifo/gen_mem_rep[0].inst_xpm_memory'
Sourcing Tcl File [/home/fra/Desktop/Vivado/2019.2/data/ip/xpm/xpm_memory/tcl/xpm_memory_xdc.tcl] for cell 'pynqz2_i/smartconnect_0/inst/s02_nodes/s02_w_node/inst/inst_mi_handler/gen_normal_area.gen_fifo_req.inst_fifo_req/gen_xpm_memory_fifo.inst_fifo/gen_mem_rep[0].inst_xpm_memory'
Finished Sourcing Tcl File [/home/fra/Desktop/Vivado/2019.2/data/ip/xpm/xpm_memory/tcl/xpm_memory_xdc.tcl] for cell 'pynqz2_i/smartconnect_0/inst/s02_nodes/s02_w_node/inst/inst_mi_handler/gen_normal_area.gen_fifo_req.inst_fifo_req/gen_xpm_memory_fifo.inst_fifo/gen_mem_rep[0].inst_xpm_memory'
Sourcing Tcl File [/home/fra/Desktop/Vivado/2019.2/data/ip/xpm/xpm_memory/tcl/xpm_memory_xdc.tcl] for cell 'pynqz2_i/smartconnect_0/inst/s02_nodes/s02_aw_node/inst/inst_mi_handler/gen_normal_area.gen_fifo_req.inst_fifo_req/gen_xpm_memory_fifo.inst_fifo/gen_mem_rep[0].inst_xpm_memory'
Finished Sourcing Tcl File [/home/fra/Desktop/Vivado/2019.2/data/ip/xpm/xpm_memory/tcl/xpm_memory_xdc.tcl] for cell 'pynqz2_i/smartconnect_0/inst/s02_nodes/s02_aw_node/inst/inst_mi_handler/gen_normal_area.gen_fifo_req.inst_fifo_req/gen_xpm_memory_fifo.inst_fifo/gen_mem_rep[0].inst_xpm_memory'
Sourcing Tcl File [/home/fra/Desktop/Vivado/2019.2/data/ip/xpm/xpm_memory/tcl/xpm_memory_xdc.tcl] for cell 'pynqz2_i/smartconnect_0/inst/s01_nodes/s01_ar_node/inst/inst_mi_handler/gen_normal_area.gen_fifo_req.inst_fifo_req/gen_xpm_memory_fifo.inst_fifo/gen_mem_rep[0].inst_xpm_memory'
Finished Sourcing Tcl File [/home/fra/Desktop/Vivado/2019.2/data/ip/xpm/xpm_memory/tcl/xpm_memory_xdc.tcl] for cell 'pynqz2_i/smartconnect_0/inst/s01_nodes/s01_ar_node/inst/inst_mi_handler/gen_normal_area.gen_fifo_req.inst_fifo_req/gen_xpm_memory_fifo.inst_fifo/gen_mem_rep[0].inst_xpm_memory'
Sourcing Tcl File [/home/fra/Desktop/Vivado/2019.2/data/ip/xpm/xpm_memory/tcl/xpm_memory_xdc.tcl] for cell 'pynqz2_i/smartconnect_0/inst/s00_nodes/s00_ar_node/inst/inst_mi_handler/gen_normal_area.inst_fifo_node_payld/gen_xpm_memory_fifo.inst_fifo/gen_mem_rep[0].inst_xpm_memory'
Finished Sourcing Tcl File [/home/fra/Desktop/Vivado/2019.2/data/ip/xpm/xpm_memory/tcl/xpm_memory_xdc.tcl] for cell 'pynqz2_i/smartconnect_0/inst/s00_nodes/s00_ar_node/inst/inst_mi_handler/gen_normal_area.inst_fifo_node_payld/gen_xpm_memory_fifo.inst_fifo/gen_mem_rep[0].inst_xpm_memory'
Sourcing Tcl File [/home/fra/Desktop/Vivado/2019.2/data/ip/xpm/xpm_memory/tcl/xpm_memory_xdc.tcl] for cell 'pynqz2_i/smartconnect_0/inst/s03_nodes/s03_ar_node/inst/inst_mi_handler/gen_normal_area.inst_fifo_node_payld/gen_xpm_memory_fifo.inst_fifo/gen_mem_rep[0].inst_xpm_memory'
Finished Sourcing Tcl File [/home/fra/Desktop/Vivado/2019.2/data/ip/xpm/xpm_memory/tcl/xpm_memory_xdc.tcl] for cell 'pynqz2_i/smartconnect_0/inst/s03_nodes/s03_ar_node/inst/inst_mi_handler/gen_normal_area.inst_fifo_node_payld/gen_xpm_memory_fifo.inst_fifo/gen_mem_rep[0].inst_xpm_memory'
Sourcing Tcl File [/home/fra/Desktop/Vivado/2019.2/data/ip/xpm/xpm_memory/tcl/xpm_memory_xdc.tcl] for cell 'pynqz2_i/smartconnect_0/inst/s02_nodes/s02_aw_node/inst/inst_mi_handler/gen_normal_area.inst_fifo_node_payld/gen_xpm_memory_fifo.inst_fifo/gen_mem_rep[0].inst_xpm_memory'
Finished Sourcing Tcl File [/home/fra/Desktop/Vivado/2019.2/data/ip/xpm/xpm_memory/tcl/xpm_memory_xdc.tcl] for cell 'pynqz2_i/smartconnect_0/inst/s02_nodes/s02_aw_node/inst/inst_mi_handler/gen_normal_area.inst_fifo_node_payld/gen_xpm_memory_fifo.inst_fifo/gen_mem_rep[0].inst_xpm_memory'
Sourcing Tcl File [/home/fra/Desktop/Vivado/2019.2/data/ip/xpm/xpm_memory/tcl/xpm_memory_xdc.tcl] for cell 'pynqz2_i/smartconnect_0/inst/s01_nodes/s01_ar_node/inst/inst_mi_handler/gen_normal_area.inst_fifo_node_payld/gen_xpm_memory_fifo.inst_fifo/gen_mem_rep[0].inst_xpm_memory'
Finished Sourcing Tcl File [/home/fra/Desktop/Vivado/2019.2/data/ip/xpm/xpm_memory/tcl/xpm_memory_xdc.tcl] for cell 'pynqz2_i/smartconnect_0/inst/s01_nodes/s01_ar_node/inst/inst_mi_handler/gen_normal_area.inst_fifo_node_payld/gen_xpm_memory_fifo.inst_fifo/gen_mem_rep[0].inst_xpm_memory'
Sourcing Tcl File [/home/fra/Desktop/Vivado/2019.2/data/ip/xpm/xpm_memory/tcl/xpm_memory_xdc.tcl] for cell 'pynqz2_i/smartconnect_0/inst/s00_nodes/s00_r_node/inst/inst_mi_handler/gen_normal_area.inst_fifo_node_payld/gen_xpm_memory_fifo.inst_fifo/gen_mem_rep[0].inst_xpm_memory'
Finished Sourcing Tcl File [/home/fra/Desktop/Vivado/2019.2/data/ip/xpm/xpm_memory/tcl/xpm_memory_xdc.tcl] for cell 'pynqz2_i/smartconnect_0/inst/s00_nodes/s00_r_node/inst/inst_mi_handler/gen_normal_area.inst_fifo_node_payld/gen_xpm_memory_fifo.inst_fifo/gen_mem_rep[0].inst_xpm_memory'
Sourcing Tcl File [/home/fra/Desktop/Vivado/2019.2/data/ip/xpm/xpm_memory/tcl/xpm_memory_xdc.tcl] for cell 'pynqz2_i/smartconnect_0/inst/s03_nodes/s03_r_node/inst/inst_mi_handler/gen_normal_area.inst_fifo_node_payld/gen_xpm_memory_fifo.inst_fifo/gen_mem_rep[0].inst_xpm_memory'
Finished Sourcing Tcl File [/home/fra/Desktop/Vivado/2019.2/data/ip/xpm/xpm_memory/tcl/xpm_memory_xdc.tcl] for cell 'pynqz2_i/smartconnect_0/inst/s03_nodes/s03_r_node/inst/inst_mi_handler/gen_normal_area.inst_fifo_node_payld/gen_xpm_memory_fifo.inst_fifo/gen_mem_rep[0].inst_xpm_memory'
Sourcing Tcl File [/home/fra/Desktop/Vivado/2019.2/data/ip/xpm/xpm_memory/tcl/xpm_memory_xdc.tcl] for cell 'pynqz2_i/smartconnect_0/inst/s01_nodes/s01_r_node/inst/inst_mi_handler/gen_normal_area.inst_fifo_node_payld/gen_xpm_memory_fifo.inst_fifo/gen_mem_rep[0].inst_xpm_memory'
Finished Sourcing Tcl File [/home/fra/Desktop/Vivado/2019.2/data/ip/xpm/xpm_memory/tcl/xpm_memory_xdc.tcl] for cell 'pynqz2_i/smartconnect_0/inst/s01_nodes/s01_r_node/inst/inst_mi_handler/gen_normal_area.inst_fifo_node_payld/gen_xpm_memory_fifo.inst_fifo/gen_mem_rep[0].inst_xpm_memory'
Sourcing Tcl File [/home/fra/Desktop/Vivado/2019.2/data/ip/xpm/xpm_memory/tcl/xpm_memory_xdc.tcl] for cell 'pynqz2_i/smartconnect_0/inst/s02_nodes/s02_b_node/inst/inst_mi_handler/gen_normal_area.inst_fifo_node_payld/gen_xpm_memory_fifo.inst_fifo/gen_mem_rep[0].inst_xpm_memory'
Finished Sourcing Tcl File [/home/fra/Desktop/Vivado/2019.2/data/ip/xpm/xpm_memory/tcl/xpm_memory_xdc.tcl] for cell 'pynqz2_i/smartconnect_0/inst/s02_nodes/s02_b_node/inst/inst_mi_handler/gen_normal_area.inst_fifo_node_payld/gen_xpm_memory_fifo.inst_fifo/gen_mem_rep[0].inst_xpm_memory'
INFO: [Opt 31-138] Pushed 0 inverter(s) to 0 load pin(s).
Netlist sorting complete. Time (s): cpu = 00:00:00.01 ; elapsed = 00:00:00.01 . Memory (MB): peak = 2772.145 ; gain = 0.000 ; free physical = 2582 ; free virtual = 13001
INFO: [Project 1-111] Unisim Transformation Summary:
  A total of 298 instances were transformed.
  RAM16X1D => RAM32X1D (RAMD32(x2)): 4 instances
  RAM32M => RAM32M (RAMD32(x6), RAMS32(x2)): 287 instances
  RAM32X1D => RAM32X1D (RAMD32(x2)): 7 instances

8 Infos, 10 Warnings, 0 Critical Warnings and 0 Errors encountered.
link_design completed successfully
link_design: Time (s): cpu = 00:00:29 ; elapsed = 00:00:35 . Memory (MB): peak = 2772.145 ; gain = 1113.605 ; free physical = 2582 ; free virtual = 13001
Command: opt_design
Attempting to get a license for feature 'Implementation' and/or device 'xc7z020'
INFO: [Common 17-349] Got license for feature 'Implementation' and/or device 'xc7z020'
Running DRC as a precondition to command opt_design

Starting DRC Task
INFO: [DRC 23-27] Running DRC with 8 threads
INFO: [Project 1-461] DRC finished with 0 Errors
INFO: [Project 1-462] Please refer to the DRC report (report_drc) for more information.

Time (s): cpu = 00:00:02 ; elapsed = 00:00:01 . Memory (MB): peak = 2772.145 ; gain = 0.000 ; free physical = 2574 ; free virtual = 12994

Starting Cache Timing Information Task
INFO: [Timing 38-35] Done setting XDC timing constraints.
Ending Cache Timing Information Task | Checksum: 20f67c74a

Time (s): cpu = 00:00:03 ; elapsed = 00:00:01 . Memory (MB): peak = 2772.145 ; gain = 0.000 ; free physical = 2549 ; free virtual = 12968

Starting Logic Optimization Task

Phase 1 Retarget
INFO: [Opt 31-138] Pushed 23 inverter(s) to 92 load pin(s).
INFO: [Opt 31-49] Retargeted 0 cell(s).
Phase 1 Retarget | Checksum: 12d7e002f

Time (s): cpu = 00:00:03 ; elapsed = 00:00:02 . Memory (MB): peak = 2772.145 ; gain = 0.000 ; free physical = 2416 ; free virtual = 12835
INFO: [Opt 31-389] Phase Retarget created 199 cells and removed 374 cells
INFO: [Opt 31-1021] In phase Retarget, 49 netlist objects are constrained preventing optimization. Please run opt_design with -debug_log to get more detail. 

Phase 2 Constant propagation
INFO: [Opt 31-138] Pushed 0 inverter(s) to 0 load pin(s).
Phase 2 Constant propagation | Checksum: 18e0836a9

Time (s): cpu = 00:00:03 ; elapsed = 00:00:02 . Memory (MB): peak = 2772.145 ; gain = 0.000 ; free physical = 2416 ; free virtual = 12836
INFO: [Opt 31-389] Phase Constant propagation created 50 cells and removed 464 cells
INFO: [Opt 31-1021] In phase Constant propagation, 56 netlist objects are constrained preventing optimization. Please run opt_design with -debug_log to get more detail. 

Phase 3 Sweep
Phase 3 Sweep | Checksum: 13ab8a314

Time (s): cpu = 00:00:07 ; elapsed = 00:00:06 . Memory (MB): peak = 2772.145 ; gain = 0.000 ; free physical = 2420 ; free virtual = 12839
INFO: [Opt 31-389] Phase Sweep created 0 cells and removed 3358 cells
INFO: [Opt 31-1021] In phase Sweep, 142 netlist objects are constrained preventing optimization. Please run opt_design with -debug_log to get more detail. 

Phase 4 BUFG optimization
INFO: [Opt 31-194] Inserted BUFG pynqz2_i/ps7/inst/FCLK_CLK0_BUFG_inst to drive 13111 load(s) on clock net pynqz2_i/ps7/inst/FCLK_CLK0_BUFG
INFO: [Opt 31-193] Inserted 1 BUFG(s) on clock nets
INFO: [Opt 31-1112] Starts optimizing BUFG(s) with a common MMCM/DPLL/XPLL driver.
INFO: [Opt 31-1112] Starts optimizing BUFG(s) with a common driver.
INFO: [Opt 31-1092] Phase BUFG optimization transformed 0 BUFG(s) to MBUFG(s).
Phase 4 BUFG optimization | Checksum: 12eb7df0d

Time (s): cpu = 00:00:08 ; elapsed = 00:00:06 . Memory (MB): peak = 2772.145 ; gain = 0.000 ; free physical = 2420 ; free virtual = 12840
INFO: [Opt 31-662] Phase BUFG optimization created 1 cells of which 1 are BUFGs and removed 0 cells.

Phase 5 Shift Register Optimization
INFO: [Opt 31-1064] SRL Remap converted 0 SRLs to 0 registers and converted 0 registers of register chains to 0 SRLs
Phase 5 Shift Register Optimization | Checksum: 12eb7df0d

Time (s): cpu = 00:00:08 ; elapsed = 00:00:07 . Memory (MB): peak = 2772.145 ; gain = 0.000 ; free physical = 2420 ; free virtual = 12840
INFO: [Opt 31-389] Phase Shift Register Optimization created 0 cells and removed 0 cells

Phase 6 Post Processing Netlist
Phase 6 Post Processing Netlist | Checksum: 165409e01

Time (s): cpu = 00:00:08 ; elapsed = 00:00:07 . Memory (MB): peak = 2772.145 ; gain = 0.000 ; free physical = 2421 ; free virtual = 12840
INFO: [Opt 31-389] Phase Post Processing Netlist created 0 cells and removed 1 cells
INFO: [Opt 31-1021] In phase Post Processing Netlist, 52 netlist objects are constrained preventing optimization. Please run opt_design with -debug_log to get more detail. 
Opt_design Change Summary
=========================


-------------------------------------------------------------------------------------------------------------------------
|  Phase                        |  #Cells created  |  #Cells Removed  |  #Constrained objects preventing optimizations  |
-------------------------------------------------------------------------------------------------------------------------
|  Retarget                     |             199  |             374  |                                             49  |
|  Constant propagation         |              50  |             464  |                                             56  |
|  Sweep                        |               0  |            3358  |                                            142  |
|  BUFG optimization            |               1  |               0  |                                              0  |
|  Shift Register Optimization  |               0  |               0  |                                              0  |
|  Post Processing Netlist      |               0  |               1  |                                             52  |
-------------------------------------------------------------------------------------------------------------------------



Starting Connectivity Check Task

Time (s): cpu = 00:00:00.05 ; elapsed = 00:00:00.05 . Memory (MB): peak = 2772.145 ; gain = 0.000 ; free physical = 2420 ; free virtual = 12840
Ending Logic Optimization Task | Checksum: 211563de0

Time (s): cpu = 00:00:10 ; elapsed = 00:00:08 . Memory (MB): peak = 2772.145 ; gain = 0.000 ; free physical = 2420 ; free virtual = 12840

Starting Power Optimization Task
INFO: [Pwropt 34-132] Skipping clock gating for clocks with a period < 2.00 ns.
INFO: [Timing 38-35] Done setting XDC timing constraints.
INFO: [Pwropt 34-9] Applying IDT optimizations ...
INFO: [Pwropt 34-10] Applying ODC optimizations ...
INFO: [Physopt 32-619] Estimated Timing Summary | WNS=2.162 | TNS=0.000 |
Running Vector-less Activity Propagation...

Finished Running Vector-less Activity Propagation


Starting PowerOpt Patch Enables Task
INFO: [Pwropt 34-162] WRITE_MODE attribute of 8 BRAM(s) out of a total of 24 has been updated to save power. Run report_power_opt to get a complete listing of the BRAMs updated.
INFO: [Pwropt 34-201] Structural ODC has moved 4 WE to EN ports
Number of BRAM Ports augmented: 12 newly gated: 4 Total Ports: 48
Ending PowerOpt Patch Enables Task | Checksum: 1223218da

Time (s): cpu = 00:00:00.19 ; elapsed = 00:00:00.19 . Memory (MB): peak = 3179.738 ; gain = 0.000 ; free physical = 2372 ; free virtual = 12792
Ending Power Optimization Task | Checksum: 1223218da

Time (s): cpu = 00:00:19 ; elapsed = 00:00:07 . Memory (MB): peak = 3179.738 ; gain = 407.594 ; free physical = 2391 ; free virtual = 12810

Starting Final Cleanup Task
Ending Final Cleanup Task | Checksum: 1223218da

Time (s): cpu = 00:00:00 ; elapsed = 00:00:00 . Memory (MB): peak = 3179.738 ; gain = 0.000 ; free physical = 2391 ; free virtual = 12810

Starting Netlist Obfuscation Task
Netlist sorting complete. Time (s): cpu = 00:00:00.02 ; elapsed = 00:00:00.02 . Memory (MB): peak = 3179.738 ; gain = 0.000 ; free physical = 2391 ; free virtual = 12810
Ending Netlist Obfuscation Task | Checksum: 18f51e497

Time (s): cpu = 00:00:00.02 ; elapsed = 00:00:00.02 . Memory (MB): peak = 3179.738 ; gain = 0.000 ; free physical = 2391 ; free virtual = 12810
INFO: [Common 17-83] Releasing license: Implementation
40 Infos, 10 Warnings, 0 Critical Warnings and 0 Errors encountered.
opt_design completed successfully
opt_design: Time (s): cpu = 00:00:36 ; elapsed = 00:00:20 . Memory (MB): peak = 3179.738 ; gain = 407.594 ; free physical = 2391 ; free virtual = 12810
INFO: [Timing 38-35] Done setting XDC timing constraints.
Netlist sorting complete. Time (s): cpu = 00:00:00 ; elapsed = 00:00:00 . Memory (MB): peak = 3179.738 ; gain = 0.000 ; free physical = 2377 ; free virtual = 12797
INFO: [Timing 38-480] Writing timing data to binary archive.
Writing placer database...
Writing XDEF routing.
Writing XDEF routing logical nets.
Writing XDEF routing special nets.
Write XDEF Complete: Time (s): cpu = 00:00:00.28 ; elapsed = 00:00:00.08 . Memory (MB): peak = 3179.738 ; gain = 0.000 ; free physical = 2361 ; free virtual = 12788
INFO: [Common 17-1381] The checkpoint '/media/fra/DATA/uni/2019-2020/thesis/cogitantium/dtpu/pynq_vivado/pynqz2.runs/impl_1/pynqz2_wrapper_opt.dcp' has been generated.
write_checkpoint: Time (s): cpu = 00:00:11 ; elapsed = 00:00:07 . Memory (MB): peak = 3179.738 ; gain = 0.000 ; free physical = 2340 ; free virtual = 12792
INFO: [runtcl-4] Executing : report_drc -file pynqz2_wrapper_drc_opted.rpt -pb pynqz2_wrapper_drc_opted.pb -rpx pynqz2_wrapper_drc_opted.rpx
Command: report_drc -file pynqz2_wrapper_drc_opted.rpt -pb pynqz2_wrapper_drc_opted.pb -rpx pynqz2_wrapper_drc_opted.rpx
INFO: [IP_Flow 19-1839] IP Catalog is up to date.
INFO: [DRC 23-27] Running DRC with 8 threads
INFO: [Coretcl 2-168] The results of DRC are in file /media/fra/DATA/uni/2019-2020/thesis/cogitantium/dtpu/pynq_vivado/pynqz2.runs/impl_1/pynqz2_wrapper_drc_opted.rpt.
report_drc completed successfully
Command: read_checkpoint -auto_incremental -incremental /media/fra/DATA/uni/2019-2020/thesis/cogitantium/dtpu/pynq_vivado/pynqz2.srcs/utils_1/imports/impl_1/pynqz2_wrapper_routed.dcp
INFO: [Vivado 12-8268] Incremental flow is being run with directive 'RuntimeOptimized'. This will override place_design, post-place phys_opt_design and route_design directives being called.

Starting Incremental read checkpoint Task

Phase 1 Process Reference Checkpoint Netlist
INFO: [Netlist 29-17] Analyzing 597 Unisim elements for replacement
INFO: [Netlist 29-28] Unisim Transformation completed in 0 CPU seconds

Time (s): cpu = 00:00:04 ; elapsed = 00:00:06 . Memory (MB): peak = 3179.738 ; gain = 0.000 ; free physical = 2261 ; free virtual = 12714

Phase 2 Initialization
Netlist sorting complete. Time (s): cpu = 00:00:00.01 ; elapsed = 00:00:00 . Memory (MB): peak = 3179.738 ; gain = 0.000 ; free physical = 2279 ; free virtual = 12732
Netlist sorting complete. Time (s): cpu = 00:00:00.01 ; elapsed = 00:00:00.01 . Memory (MB): peak = 3179.738 ; gain = 0.000 ; free physical = 2279 ; free virtual = 12732

Time (s): cpu = 00:00:05 ; elapsed = 00:00:07 . Memory (MB): peak = 3179.738 ; gain = 0.000 ; free physical = 2279 ; free virtual = 12732

Phase 3 Replay Physical Synthesis Transforms
INFO: [Physopt 32-721] Multithreading enabled for phys_opt_design using a maximum of 8 CPUs
INFO: [Physopt 32-81] Processed net pynqz2_i/dtpu/dtpu_core/inst/engine/pipeline_reg_delayer_input_columns[7].incremental_step[6].del_input_register_j/synch_input_data[7]_0[1]. Replicated 3 times.
INFO: [Vivado_Tcl 4-521] iPhys_opt_design summary: tried 1 changes and 1 changes are successfully applied

Time (s): cpu = 00:00:07 ; elapsed = 00:00:08 . Memory (MB): peak = 3179.738 ; gain = 0.000 ; free physical = 2277 ; free virtual = 12730
INFO: [Physopt 32-721] Multithreading enabled for phys_opt_design using a maximum of 8 CPUs

Phase 4 Build Reuse DB
Reading placer database...
Read XDEF File: Time (s): cpu = 00:00:03 ; elapsed = 00:00:03 . Memory (MB): peak = 3179.738 ; gain = 0.000 ; free physical = 2247 ; free virtual = 12706
Finished XDEF File Restore: Time (s): cpu = 00:00:05 ; elapsed = 00:00:05 . Memory (MB): peak = 3179.738 ; gain = 0.000 ; free physical = 2247 ; free virtual = 12705
INFO: [Designutils 20-2297] Reference Design: /media/fra/DATA/uni/2019-2020/thesis/cogitantium/dtpu/pynq_vivado/pynqz2.srcs/utils_1/imports/impl_1/pynqz2_wrapper_routed.dcp, Summary | WNS = -0.169 | WHS = 0.000 | State = POST_PLACE_PHYSOPT |

Time (s): cpu = 00:00:20 ; elapsed = 00:00:17 . Memory (MB): peak = 3179.738 ; gain = 0.000 ; free physical = 2217 ; free virtual = 12675

Phase 5 Checking legality
Phase 5 Checking legality | Checksum: 117fa810f

Time (s): cpu = 00:00:22 ; elapsed = 00:00:19 . Memory (MB): peak = 3179.738 ; gain = 0.000 ; free physical = 2168 ; free virtual = 12627

Phase 6 Reporting

Incremental Implementation Information

Table of Contents
-----------------
1. Reuse Summary
2. Reference Checkpoint Information
3. Comparison with Reference Run
4. Non Reuse Information

1. Reuse Summary
----------------

+-------+----------------------+--------------------+--------------------+--------+
|  Type | Matched % (of Total) | Reuse % (of Total) | Fixed % (of Total) |  Total |
+-------+----------------------+--------------------+--------------------+--------+
| Cells |               100.00 |             100.00 |               0.55 |  24469 |
| Nets  |               100.00 |             100.00 |               0.00 |  17145 |
| Pins  |                    - |             100.00 |                  - | 103187 |
| Ports |               100.00 |             100.00 |             100.00 |    136 |
+-------+----------------------+--------------------+--------------------+--------+


2. Reference Checkpoint Information
-----------------------------------

+----------------+--------------------------------------------------------------------------------------------------------------------------------+
| DCP Location:  | /media/fra/DATA/uni/2019-2020/thesis/cogitantium/dtpu/pynq_vivado/pynqz2.srcs/utils_1/imports/impl_1/pynqz2_wrapper_routed.dcp |
+----------------+--------------------------------------------------------------------------------------------------------------------------------+


+--------------------------------+----------------------------+
|         DCP Information        |            Value           |
+--------------------------------+----------------------------+
| Vivado Version                 |                     2019.2 |
| DCP State                      |                 POST_PLACE |
| Recorded WNS                   |                     -0.169 |
| Recorded WHS                   |                      0.000 |
| Reference Speed File Version   | PRODUCTION 1.11 2014-09-11 |
| Incremental Speed File Version | PRODUCTION 1.11 2014-09-11 |
+--------------------------------+----------------------------+
* Recorded WNS/WHS timing numbers are estimated timing numbers. They may vary slightly from sign-off timing numbers.


3. Comparison with Reference Run
--------------------------------

+-----------------+---------------------------+---------------------------+---------------------------+
|                 |          WNS(ns)          |  Runtime(elapsed)(hh:mm)  |    Runtime(cpu)(hh:mm)    |
+-----------------+-------------+-------------+-------------+-------------+-------------+-------------+
|      Stage      |  Reference  | Incremental |  Reference  | Incremental |  Reference  | Incremental |
+-----------------+-------------+-------------+-------------+-------------+-------------+-------------+
| synth_design    |             |             |       00:06 |       00:06 |       00:06 |       00:06 |
| opt_design      |             |             |     < 1 min |     < 1 min |     < 1 min |     < 1 min |
| read_checkpoint |             |             |     < 1 min |             |     < 1 min |             |
+-----------------+-------------+-------------+-------------+-------------+-------------+-------------+


4. Non Reuse Information
------------------------

+-----------------------+------+
|          Type         |   %  |
+-----------------------+------+
| Non-Reused Cells      | 0.00 |
| Partially reused nets | 0.00 |
| Non-Reused nets       | 0.00 |
| Non-Reused Ports      | 0.00 |
+-----------------------+------+



Time (s): cpu = 00:00:22 ; elapsed = 00:00:20 . Memory (MB): peak = 3179.738 ; gain = 0.000 ; free physical = 2212 ; free virtual = 12670

Time (s): cpu = 00:00:22 ; elapsed = 00:00:20 . Memory (MB): peak = 3179.738 ; gain = 0.000 ; free physical = 2213 ; free virtual = 12672
read_checkpoint: Time (s): cpu = 00:00:22 ; elapsed = 00:00:20 . Memory (MB): peak = 3179.738 ; gain = 0.000 ; free physical = 2213 ; free virtual = 12672
INFO: [Vivado_Tcl 4-115] Reporting incremental reuse summary using design-checkpoint file '/media/fra/DATA/uni/2019-2020/thesis/cogitantium/dtpu/pynq_vivado/pynqz2.srcs/utils_1/imports/impl_1/pynqz2_wrapper_routed.dcp'

Starting Report Incremental Reuse Task

Time (s): cpu = 00:00:00.38 ; elapsed = 00:00:00.41 . Memory (MB): peak = 3179.738 ; gain = 0.000 ; free physical = 2213 ; free virtual = 12672
report_incremental_reuse: Time (s): cpu = 00:00:00.38 ; elapsed = 00:00:00.42 . Memory (MB): peak = 3179.738 ; gain = 0.000 ; free physical = 2213 ; free virtual = 12672
Command: place_design
Attempting to get a license for feature 'Implementation' and/or device 'xc7z020'
INFO: [Common 17-349] Got license for feature 'Implementation' and/or device 'xc7z020'

Starting Incremental Placer Task
INFO: [Vivado_Tcl 4-24] Running Incremental Placer flow for unplaced cells using reference design-checkpoint '/media/fra/DATA/uni/2019-2020/thesis/cogitantium/dtpu/pynq_vivado/pynqz2.srcs/utils_1/imports/impl_1/pynqz2_wrapper_routed.dcp'.
INFO: [Place 46-42] Incremental Compile is being run in High Reuse Mode.
INFO: [Place 46-44] place_design is using directive Default with target WNS of -0.169 ns.
INFO: [Place 30-281] No place-able instance is found; design doesn't contain any instance or all instances are placed

Reference - Incremental Comparison Summary

1. Comparison with Reference Run
--------------------------------

+-----------------+---------------------------+---------------------------+---------------------------+
|                 |          WNS(ns)          |  Runtime(elapsed)(hh:mm)  |    Runtime(cpu)(hh:mm)    |
+-----------------+-------------+-------------+-------------+-------------+-------------+-------------+
|      Stage      |  Reference  | Incremental |  Reference  | Incremental |  Reference  | Incremental |
+-----------------+-------------+-------------+-------------+-------------+-------------+-------------+
| synth_design    |             |             |       00:06 |       00:06 |       00:06 |       00:06 |
| opt_design      |             |             |     < 1 min |     < 1 min |     < 1 min |     < 1 min |
| read_checkpoint |             |             |     < 1 min |     < 1 min |     < 1 min |     < 1 min |
| place_design    |       0.410 |      -0.169 |     < 1 min |     < 1 min |     < 1 min |     < 1 min |
+-----------------+-------------+-------------+-------------+-------------+-------------+-------------+


Ending Incremental Placer Task | Checksum: 117fa810f

Time (s): cpu = 00:00:00.13 ; elapsed = 00:00:00.14 . Memory (MB): peak = 3179.738 ; gain = 0.000 ; free physical = 2212 ; free virtual = 12671
INFO: [Common 17-83] Releasing license: Implementation
62 Infos, 10 Warnings, 0 Critical Warnings and 0 Errors encountered.
place_design completed successfully
Netlist sorting complete. Time (s): cpu = 00:00:00.01 ; elapsed = 00:00:00.01 . Memory (MB): peak = 3179.738 ; gain = 0.000 ; free physical = 2212 ; free virtual = 12671
INFO: [Timing 38-480] Writing timing data to binary archive.
Writing placer database...
Writing XDEF routing.
Writing XDEF routing logical nets.
Writing XDEF routing special nets.
Write XDEF Complete: Time (s): cpu = 00:00:06 ; elapsed = 00:00:02 . Memory (MB): peak = 3179.738 ; gain = 0.000 ; free physical = 2111 ; free virtual = 12656
INFO: [Common 17-1381] The checkpoint '/media/fra/DATA/uni/2019-2020/thesis/cogitantium/dtpu/pynq_vivado/pynqz2.runs/impl_1/pynqz2_wrapper_placed.dcp' has been generated.
write_checkpoint: Time (s): cpu = 00:00:12 ; elapsed = 00:00:07 . Memory (MB): peak = 3179.738 ; gain = 0.000 ; free physical = 2141 ; free virtual = 12672
INFO: [runtcl-4] Executing : report_io -file pynqz2_wrapper_io_placed.rpt
report_io: Time (s): cpu = 00:00:00.12 ; elapsed = 00:00:00.16 . Memory (MB): peak = 3179.738 ; gain = 0.000 ; free physical = 2128 ; free virtual = 12659
INFO: [runtcl-4] Executing : report_utilization -file pynqz2_wrapper_utilization_placed.rpt -pb pynqz2_wrapper_utilization_placed.pb
INFO: [runtcl-4] Executing : report_control_sets -verbose -file pynqz2_wrapper_control_sets_placed.rpt
report_control_sets: Time (s): cpu = 00:00:00.12 ; elapsed = 00:00:00.17 . Memory (MB): peak = 3179.738 ; gain = 0.000 ; free physical = 2134 ; free virtual = 12666
Command: phys_opt_design
Attempting to get a license for feature 'Implementation' and/or device 'xc7z020'
INFO: [Common 17-349] Got license for feature 'Implementation' and/or device 'xc7z020'
INFO: [Vivado_Tcl 4-383] Design worst setup slack (WNS) is greater than or equal to -0.169 ns. Skipping all physical synthesis optimizations.
INFO: [Vivado_Tcl 4-232] No setup violation found. The netlist was not modified.

Reference - Incremental Comparison Summary

1. Comparison with Reference Run
--------------------------------

+-----------------+---------------------------+---------------------------+---------------------------+
|                 |          WNS(ns)          |  Runtime(elapsed)(hh:mm)  |    Runtime(cpu)(hh:mm)    |
+-----------------+-------------+-------------+-------------+-------------+-------------+-------------+
|      Stage      |  Reference  | Incremental |  Reference  | Incremental |  Reference  | Incremental |
+-----------------+-------------+-------------+-------------+-------------+-------------+-------------+
| synth_design    |             |             |       00:06 |       00:06 |       00:06 |       00:06 |
| opt_design      |             |             |     < 1 min |     < 1 min |     < 1 min |     < 1 min |
| read_checkpoint |             |             |     < 1 min |     < 1 min |     < 1 min |     < 1 min |
| place_design    |       0.410 |      -0.169 |     < 1 min |     < 1 min |     < 1 min |     < 1 min |
| phys_opt_design |      -0.169 |             |     < 1 min |             |     < 1 min |             |
+-----------------+-------------+-------------+-------------+-------------+-------------+-------------+


INFO: [Common 17-83] Releasing license: Implementation
71 Infos, 10 Warnings, 0 Critical Warnings and 0 Errors encountered.
phys_opt_design completed successfully
Netlist sorting complete. Time (s): cpu = 00:00:00 ; elapsed = 00:00:00 . Memory (MB): peak = 3179.738 ; gain = 0.000 ; free physical = 2121 ; free virtual = 12653
INFO: [Timing 38-480] Writing timing data to binary archive.
Writing placer database...
Writing XDEF routing.
Writing XDEF routing logical nets.
Writing XDEF routing special nets.
Write XDEF Complete: Time (s): cpu = 00:00:06 ; elapsed = 00:00:02 . Memory (MB): peak = 3179.738 ; gain = 0.000 ; free physical = 2014 ; free virtual = 12632
INFO: [Common 17-1381] The checkpoint '/media/fra/DATA/uni/2019-2020/thesis/cogitantium/dtpu/pynq_vivado/pynqz2.runs/impl_1/pynqz2_wrapper_physopt.dcp' has been generated.
write_checkpoint: Time (s): cpu = 00:00:12 ; elapsed = 00:00:07 . Memory (MB): peak = 3179.738 ; gain = 0.000 ; free physical = 2043 ; free virtual = 12648
Command: route_design
Attempting to get a license for feature 'Implementation' and/or device 'xc7z020'
INFO: [Common 17-349] Got license for feature 'Implementation' and/or device 'xc7z020'
INFO: [DRC 23-27] Running DRC with 8 threads
INFO: [Vivado_Tcl 4-198] DRC finished with 0 Errors
INFO: [Vivado_Tcl 4-199] Please refer to the DRC report (report_drc) for more information.
Running DRC as a precondition to command route_design
INFO: [DRC 23-27] Running DRC with 8 threads
INFO: [Vivado_Tcl 4-198] DRC finished with 0 Errors
INFO: [Vivado_Tcl 4-199] Please refer to the DRC report (report_drc) for more information.


Starting Routing Task
INFO: [Route 35-254] Multithreading enabled for route_design using a maximum of 8 CPUs
Checksum: PlaceDB: c62134bb ConstDB: 0 ShapeSum: 51d94c54 RouteDB: bbce64f4

Phase 1 Build RT Design
Phase 1 Build RT Design | Checksum: deb7c31f

Time (s): cpu = 00:00:21 ; elapsed = 00:00:15 . Memory (MB): peak = 3179.738 ; gain = 0.000 ; free physical = 1896 ; free virtual = 12500
Post Restoration Checksum: NetGraph: de4c1811 NumContArr: db0c18fd Constraints: 0 Timing: 0

Phase 2 Router Initialization

Phase 2.1 Create Timer
Phase 2.1 Create Timer | Checksum: 1b958310e

Time (s): cpu = 00:00:22 ; elapsed = 00:00:16 . Memory (MB): peak = 3179.738 ; gain = 0.000 ; free physical = 1872 ; free virtual = 12477

Phase 2.2 Fix Topology Constraints
Phase 2.2 Fix Topology Constraints | Checksum: 1b958310e

Time (s): cpu = 00:00:22 ; elapsed = 00:00:16 . Memory (MB): peak = 3179.738 ; gain = 0.000 ; free physical = 1836 ; free virtual = 12441

Phase 2.3 Pre Route Cleanup
Phase 2.3 Pre Route Cleanup | Checksum: 1b958310e

Time (s): cpu = 00:00:22 ; elapsed = 00:00:16 . Memory (MB): peak = 3179.738 ; gain = 0.000 ; free physical = 1836 ; free virtual = 12441

Phase 2.4 Timing Verification

Phase 2.4.1 Update Timing
Phase 2.4.1 Update Timing | Checksum: c2eb66df

Time (s): cpu = 00:00:35 ; elapsed = 00:00:20 . Memory (MB): peak = 3179.738 ; gain = 0.000 ; free physical = 1831 ; free virtual = 12435
INFO: [Route 35-416] Intermediate Timing Summary | WNS=0.816  | TNS=0.000  | WHS=0.011  | THS=0.000  |

Phase 2.4 Timing Verification | Checksum: c2eb66df

Time (s): cpu = 00:00:36 ; elapsed = 00:00:20 . Memory (MB): peak = 3179.738 ; gain = 0.000 ; free physical = 1831 ; free virtual = 12435
INFO: [Route 35-61] The design met the timing requirement.

Phase 2.5 Route finalize

Router Utilization Summary
  Global Vertical Routing Utilization    = 3.68955 %
  Global Horizontal Routing Utilization  = 5.4367 %
  Routable Net Status*
  *Does not include unroutable nets such as driverless and loadless.
  Run report_route_status for detailed report.
  Number of Failed Nets               = 0
    (Failed Nets is the sum of unrouted and partially routed nets)
  Number of Unrouted Nets             = 0
  Number of Partially Routed Nets     = 0
  Number of Node Overlaps             = 0

Phase 2.5 Route finalize | Checksum: c2eb66df

Time (s): cpu = 00:00:36 ; elapsed = 00:00:20 . Memory (MB): peak = 3179.738 ; gain = 0.000 ; free physical = 1831 ; free virtual = 12435

Phase 2.6 Verifying routed nets

 Verification completed successfully
Phase 2.6 Verifying routed nets | Checksum: c2eb66df

Time (s): cpu = 00:00:36 ; elapsed = 00:00:20 . Memory (MB): peak = 3179.738 ; gain = 0.000 ; free physical = 1828 ; free virtual = 12432

Phase 2.7 Depositing Routes
Phase 2.7 Depositing Routes | Checksum: c2eb66df

Time (s): cpu = 00:00:37 ; elapsed = 00:00:21 . Memory (MB): peak = 3179.738 ; gain = 0.000 ; free physical = 1829 ; free virtual = 12433
Phase 2 Router Initialization | Checksum: c2eb66df

Time (s): cpu = 00:00:37 ; elapsed = 00:00:21 . Memory (MB): peak = 3179.738 ; gain = 0.000 ; free physical = 1829 ; free virtual = 12433

Phase 3 Post Router Timing

Phase 3.1 Update Timing
Phase 3.1 Update Timing | Checksum: c7b334e4

Time (s): cpu = 00:00:42 ; elapsed = 00:00:23 . Memory (MB): peak = 3179.738 ; gain = 0.000 ; free physical = 1826 ; free virtual = 12430
INFO: [Route 35-57] Estimated Timing Summary | WNS=0.816  | TNS=0.000  | WHS=0.012  | THS=0.000  |

INFO: [Route 35-327] The final timing numbers are based on the router estimated timing analysis. For a complete and accurate timing signoff, please run report_timing_summary.
Phase 3 Post Router Timing | Checksum: c7b334e4

Time (s): cpu = 00:00:42 ; elapsed = 00:00:23 . Memory (MB): peak = 3179.738 ; gain = 0.000 ; free physical = 1826 ; free virtual = 12430
INFO: [Route 35-16] Router Completed Successfully

Time (s): cpu = 00:00:42 ; elapsed = 00:00:23 . Memory (MB): peak = 3179.738 ; gain = 0.000 ; free physical = 1862 ; free virtual = 12466

Routing Is Done.
INFO: [Common 17-83] Releasing license: Implementation
87 Infos, 10 Warnings, 0 Critical Warnings and 0 Errors encountered.
route_design completed successfully
route_design: Time (s): cpu = 00:00:47 ; elapsed = 00:00:25 . Memory (MB): peak = 3179.738 ; gain = 0.000 ; free physical = 1862 ; free virtual = 12466
Netlist sorting complete. Time (s): cpu = 00:00:00.01 ; elapsed = 00:00:00 . Memory (MB): peak = 3179.738 ; gain = 0.000 ; free physical = 1862 ; free virtual = 12467
INFO: [Timing 38-480] Writing timing data to binary archive.
Writing placer database...
Writing XDEF routing.
Writing XDEF routing logical nets.
Writing XDEF routing special nets.
Write XDEF Complete: Time (s): cpu = 00:00:06 ; elapsed = 00:00:02 . Memory (MB): peak = 3179.738 ; gain = 0.000 ; free physical = 1760 ; free virtual = 12451
INFO: [Common 17-1381] The checkpoint '/media/fra/DATA/uni/2019-2020/thesis/cogitantium/dtpu/pynq_vivado/pynqz2.runs/impl_1/pynqz2_wrapper_routed.dcp' has been generated.
write_checkpoint: Time (s): cpu = 00:00:13 ; elapsed = 00:00:08 . Memory (MB): peak = 3179.738 ; gain = 0.000 ; free physical = 1788 ; free virtual = 12464
INFO: [runtcl-4] Executing : report_drc -file pynqz2_wrapper_drc_routed.rpt -pb pynqz2_wrapper_drc_routed.pb -rpx pynqz2_wrapper_drc_routed.rpx
Command: report_drc -file pynqz2_wrapper_drc_routed.rpt -pb pynqz2_wrapper_drc_routed.pb -rpx pynqz2_wrapper_drc_routed.rpx
INFO: [IP_Flow 19-1839] IP Catalog is up to date.
INFO: [DRC 23-27] Running DRC with 8 threads
INFO: [Coretcl 2-168] The results of DRC are in file /media/fra/DATA/uni/2019-2020/thesis/cogitantium/dtpu/pynq_vivado/pynqz2.runs/impl_1/pynqz2_wrapper_drc_routed.rpt.
report_drc completed successfully
INFO: [runtcl-4] Executing : report_methodology -file pynqz2_wrapper_methodology_drc_routed.rpt -pb pynqz2_wrapper_methodology_drc_routed.pb -rpx pynqz2_wrapper_methodology_drc_routed.rpx
Command: report_methodology -file pynqz2_wrapper_methodology_drc_routed.rpt -pb pynqz2_wrapper_methodology_drc_routed.pb -rpx pynqz2_wrapper_methodology_drc_routed.rpx
INFO: [Timing 38-35] Done setting XDC timing constraints.
INFO: [DRC 23-133] Running Methodology with 8 threads
INFO: [Coretcl 2-1520] The results of Report Methodology are in file /media/fra/DATA/uni/2019-2020/thesis/cogitantium/dtpu/pynq_vivado/pynqz2.runs/impl_1/pynqz2_wrapper_methodology_drc_routed.rpt.
report_methodology completed successfully
report_methodology: Time (s): cpu = 00:00:23 ; elapsed = 00:00:06 . Memory (MB): peak = 3252.871 ; gain = 24.129 ; free physical = 1769 ; free virtual = 12447
INFO: [runtcl-4] Executing : report_power -file pynqz2_wrapper_power_routed.rpt -pb pynqz2_wrapper_power_summary_routed.pb -rpx pynqz2_wrapper_power_routed.rpx
Command: report_power -file pynqz2_wrapper_power_routed.rpt -pb pynqz2_wrapper_power_summary_routed.pb -rpx pynqz2_wrapper_power_routed.rpx
INFO: [Timing 38-35] Done setting XDC timing constraints.
Running Vector-less Activity Propagation...

Finished Running Vector-less Activity Propagation
WARNING: [Power 33-332] Found switching activity that implies high-fanout reset nets being asserted for excessive periods of time which may result in inaccurate power analysis.
Resolution: To review and fix problems, please run Power Constraints Advisor in the GUI from Tools > Power Constraints Advisor or run report_power with the -advisory option to generate a text report.
99 Infos, 11 Warnings, 0 Critical Warnings and 0 Errors encountered.
report_power completed successfully
INFO: [runtcl-4] Executing : report_route_status -file pynqz2_wrapper_route_status.rpt -pb pynqz2_wrapper_route_status.pb
INFO: [runtcl-4] Executing : report_timing_summary -max_paths 10 -file pynqz2_wrapper_timing_summary_routed.rpt -pb pynqz2_wrapper_timing_summary_routed.pb -rpx pynqz2_wrapper_timing_summary_routed.rpx -warn_on_violation 
INFO: [Timing 38-91] UpdateTimingParams: Speed grade: -1, Delay Type: min_max.
INFO: [Timing 38-191] Multithreading enabled for timing update using a maximum of 8 CPUs
INFO: [runtcl-4] Executing : report_incremental_reuse -file pynqz2_wrapper_incremental_reuse_routed.rpt
INFO: [Vivado_Tcl 4-115] Reporting incremental reuse summary using design-checkpoint file '/media/fra/DATA/uni/2019-2020/thesis/cogitantium/dtpu/pynq_vivado/pynqz2.srcs/utils_1/imports/impl_1/pynqz2_wrapper_routed.dcp'

Starting Report Incremental Reuse Task

Time (s): cpu = 00:00:00.34 ; elapsed = 00:00:00.41 . Memory (MB): peak = 3324.906 ; gain = 0.000 ; free physical = 1710 ; free virtual = 12413
report_incremental_reuse: Time (s): cpu = 00:00:00.34 ; elapsed = 00:00:00.41 . Memory (MB): peak = 3324.906 ; gain = 0.000 ; free physical = 1710 ; free virtual = 12413
INFO: [runtcl-4] Executing : report_clock_utilization -file pynqz2_wrapper_clock_utilization_routed.rpt
INFO: [runtcl-4] Executing : report_bus_skew -warn_on_violation -file pynqz2_wrapper_bus_skew_routed.rpt -pb pynqz2_wrapper_bus_skew_routed.pb -rpx pynqz2_wrapper_bus_skew_routed.rpx
INFO: [Timing 38-91] UpdateTimingParams: Speed grade: -1, Delay Type: min_max.
INFO: [Timing 38-191] Multithreading enabled for timing update using a maximum of 8 CPUs
INFO: [Common 17-206] Exiting Vivado at Mon Apr  6 18:37:30 2020...
